warning: variable does not need to be mutable
    --> transpiler/src/codegen.rs:5814:13
     |
5814 |         let mut flush = |buf: &mut String, out: &mut Vec<String>| {
     |             ----^^^^^
     |             |
     |             help: remove this `mut`
     |
     = note: `#[warn(unused_mut)]` (part of `#[warn(unused)]`) on by default

warning: variable does not need to be mutable
     --> transpiler/src/codegen.rs:25711:21
      |
25711 |                 let mut inner = self.new_inner_for_block();
      |                     ----^^^^^
      |                     |
      |                     help: remove this `mut`

warning: variable does not need to be mutable
     --> transpiler/src/codegen.rs:25726:21
      |
25726 |                 let mut inner = self.new_inner_for_block();
      |                     ----^^^^^
      |                     |
      |                     help: remove this `mut`

warning: unused variable: `scrutinee_expr`
     --> transpiler/src/codegen.rs:29271:9
      |
29271 |         scrutinee_expr: &syn::Expr,
      |         ^^^^^^^^^^^^^^ help: if this is intentional, prefix it with an underscore: `_scrutinee_expr`
      |
      = note: `#[warn(unused_variables)]` (part of `#[warn(unused)]`) on by default

warning: variable does not need to be mutable
     --> transpiler/src/codegen.rs:42321:21
      |
42321 |                 let mut inner = self.new_inner_for_block();
      |                     ----^^^^^
      |                     |
      |                     help: remove this `mut`

warning: unused variable: `expected_ty`
     --> transpiler/src/codegen.rs:44268:9
      |
44268 |         expected_ty: Option<&syn::Type>,
      |         ^^^^^^^^^^^ help: if this is intentional, prefix it with an underscore: `_expected_ty`

warning: field `0` is never read
  --> transpiler/src/cmake.rs:86:11
   |
86 |     Table(toml::value::Table),
   |     ----- ^^^^^^^^^^^^^^^^^^
   |     |
   |     field in this variant
   |
   = note: `#[warn(dead_code)]` (part of `#[warn(unused)]`) on by default
help: consider changing the field to be of unit type to suppress this warning while preserving the field numbering, or remove the field
   |
86 -     Table(toml::value::Table),
86 +     Table(()),
   |

warning: struct `OptionSomeNoneExprCollector` is never constructed
   --> transpiler/src/codegen.rs:369:8
    |
369 | struct OptionSomeNoneExprCollector {
    |        ^^^^^^^^^^^^^^^^^^^^^^^^^^^

warning: method `saw_both` is never used
   --> transpiler/src/codegen.rs:375:8
    |
374 | impl OptionSomeNoneExprCollector {
    | -------------------------------- method in this implementation
375 |     fn saw_both(&self) -> bool {
    |        ^^^^^^^^

warning: multiple associated items are never used
     --> transpiler/src/codegen.rs:5951:8
      |
  930 | impl CodeGen {
      | ------------ associated items in this implementation
...
 5951 |     fn has_forward_decl_items(items: &[syn::Item]) -> bool {
      |        ^^^^^^^^^^^^^^^^^^^^^^
...
10280 |     fn escape_cpp_qualified_name(path: &str) -> String {
      |        ^^^^^^^^^^^^^^^^^^^^^^^^^
...
23303 |     fn extract_tuple_struct_bindings(
      |        ^^^^^^^^^^^^^^^^^^^^^^^^^^^^^
...
26959 |     fn tuple_pattern_elem_supports_value_match(&self, pat: &syn::Pat) -> bool {
      |        ^^^^^^^^^^^^^^^^^^^^^^^^^^^^^^^^^^^^^^^
...
29395 |     fn if_let_unwrap_binding_should_preserve_reference(
      |        ^^^^^^^^^^^^^^^^^^^^^^^^^^^^^^^^^^^^^^^^^^^^^^^
...
38245 |     fn receiver_is_hashmap_like_expr(&self, receiver: &syn::Expr) -> bool {
      |        ^^^^^^^^^^^^^^^^^^^^^^^^^^^^^
...
41640 |     fn lookup_unique_c_like_owner_with_method(&self, method_name: &str) -> Option<String> {
      |        ^^^^^^^^^^^^^^^^^^^^^^^^^^^^^^^^^^^^^^
...
44696 |     fn block_contains_option_some_and_none_exprs(&self, block: &syn::Block) -> bool {
      |        ^^^^^^^^^^^^^^^^^^^^^^^^^^^^^^^^^^^^^^^^^
...
45142 |     fn option_inner_needs_typed_make_optional(&self, inner_ty: &syn::Type) -> bool {
      |        ^^^^^^^^^^^^^^^^^^^^^^^^^^^^^^^^^^^^^^
...
53563 |     fn emit_stmt_to_string_with_expected(
      |        ^^^^^^^^^^^^^^^^^^^^^^^^^^^^^^^^^

warning: field `src_path` is never read
  --> transpiler/src/metadata.rs:10:9
   |
 7 | pub struct CrateTarget {
   |            ----------- field in this struct
...
10 |     pub src_path: PathBuf,
   |         ^^^^^^^^
   |
   = note: `CrateTarget` has derived impls for the traits `Clone` and `Debug`, but these are intentionally ignored during dead code analysis

warning: function `discover_local_path_dependencies` is never used
   --> transpiler/src/metadata.rs:492:8
    |
492 | pub fn discover_local_path_dependencies(
    |        ^^^^^^^^^^^^^^^^^^^^^^^^^^^^^^^^

warning: function `transpile` is never used
   --> transpiler/src/transpile.rs:255:8
    |
255 | pub fn transpile(rust_source: &str, module_name: Option<&str>) -> Result<String, String> {
    |        ^^^^^^^^^

warning: function `transpile_with_type_map` is never used
   --> transpiler/src/transpile.rs:260:8
    |
260 | pub fn transpile_with_type_map(
    |        ^^^^^^^^^^^^^^^^^^^^^^^

warning: function `transpile_with_type_map_and_extension_hints` is never used
   --> transpiler/src/transpile.rs:275:8
    |
275 | pub fn transpile_with_type_map_and_extension_hints(
    |        ^^^^^^^^^^^^^^^^^^^^^^^^^^^^^^^^^^^^^^^^^^^

warning: function `transpile_full` is never used
   --> transpiler/src/transpile.rs:310:8
    |
310 | pub fn transpile_full(
    |        ^^^^^^^^^^^^^^

warning: `rusty-cpp-transpiler` (bin "rusty-cpp-transpiler") generated 16 warnings (run `cargo fix --bin "rusty-cpp-transpiler" -p rusty-cpp-transpiler` to apply 6 suggestions)
    Finished `dev` profile [unoptimized + debuginfo] target(s) in 0.10s
     Running `target/debug/rusty-cpp-transpiler parity-test --manifest-path tests/transpile_tests/toml/crates/toml/Cargo.toml --stop-after transpile --work-dir .rusty-parity-matrix-debug/toml --keep-work-dir`
╔═══════════════════════════════════════════════════╗
║  Parity Test: toml
╚═══════════════════════════════════════════════════╝

Stage A: Running cargo test (baseline)...
  Baseline: PASS (saved to /home/shuai/git/rusty-cpp/.rusty-parity-matrix-debug/toml/baseline.txt)
Discovering targets...
  Skipping target 'decode' (Example): not test-capable
  Skipping target 'enum_external' (Example): not test-capable
  Skipping target 'toml2json' (Example): not test-capable
  Package: toml
  Target: toml (Lib) → module toml
  Target: compliance (Test) → module compliance
  Target: decoder (Test) → module decoder
  Target: decoder_compliance (Test) → module decoder_compliance
  Target: encoder (Test) → module encoder
  Target: encoder_compliance (Test) → module encoder_compliance
  Target: encoder_pretty_compliance (Test) → module encoder_pretty_compliance
  Target: serde (Test) → module serde
  Target: testsuite (Test) → module testsuite
  Skipping target 'bench' (Bench): not test-capable
  Skipping target 'insert_unique_unchecked' (Bench): not test-capable
  Skipping target 'set_ops' (Bench): not test-capable
  Skipping target 'with_capacity' (Bench): not test-capable
  Skipping target 'build-script-build' (Other("custom-build")): not test-capable
  Skipping target 'bench' (Bench): not test-capable
  Skipping target 'faststring' (Bench): not test-capable
  Skipping target 'arithmetic' (Example): not test-capable
  Skipping target 'c_expression' (Example): not test-capable
  Skipping target 'css' (Example): not test-capable
  Skipping target 'custom_error' (Example): not test-capable
  Skipping target 'http' (Example): not test-capable
  Skipping target 'ini' (Example): not test-capable
  Skipping target 'iterator' (Example): not test-capable
  Skipping target 'json' (Example): not test-capable
  Skipping target 'json_iterator' (Example): not test-capable
  Skipping target 'ndjson' (Example): not test-capable
  Skipping target 's_expression' (Example): not test-capable
  Skipping target 'string' (Example): not test-capable
  Skipping target 'arithmetic' (Bench): not test-capable
  Skipping target 'c_expression' (Bench): not test-capable
  Skipping target 'http' (Bench): not test-capable
  Skipping target 'ini' (Bench): not test-capable
  Skipping target 'json' (Bench): not test-capable
  Dependencies:
    equivalent (/home/shuai/.cargo/registry/src/index.crates.io-1949cf8c6b5b557f/equivalent-1.0.2/Cargo.toml) → module equivalent [registry]
    hashbrown (/home/shuai/.cargo/registry/src/index.crates.io-1949cf8c6b5b557f/hashbrown-0.16.1/Cargo.toml) → module hashbrown [registry]
    serde_core (/home/shuai/.cargo/registry/src/index.crates.io-1949cf8c6b5b557f/serde_core-1.0.228/Cargo.toml) → module serde_core [registry]
    indexmap (/home/shuai/.cargo/registry/src/index.crates.io-1949cf8c6b5b557f/indexmap-2.13.0/Cargo.toml) → module indexmap [registry]
    serde_spanned (/home/shuai/git/rusty-cpp/tests/transpile_tests/toml/crates/serde_spanned/Cargo.toml) → module serde_spanned
    toml_datetime (/home/shuai/git/rusty-cpp/tests/transpile_tests/toml/crates/toml_datetime/Cargo.toml) → module toml_datetime
    memchr (/home/shuai/.cargo/registry/src/index.crates.io-1949cf8c6b5b557f/memchr-2.8.0/Cargo.toml) → module memchr [registry]
    winnow (/home/shuai/.cargo/registry/src/index.crates.io-1949cf8c6b5b557f/winnow-1.0.0/Cargo.toml) → module winnow [registry]
    toml_parser (/home/shuai/git/rusty-cpp/tests/transpile_tests/toml/crates/toml_parser/Cargo.toml) → module toml_parser
    toml_writer (/home/shuai/git/rusty-cpp/tests/transpile_tests/toml/crates/toml_writer/Cargo.toml) → module toml_writer

Stage B: Running cargo expand per target...
  dep equivalent (--lib): 112 lines → /home/shuai/git/rusty-cpp/.rusty-parity-matrix-debug/toml/deps/equivalent/expanded.rs
  dep hashbrown (--lib): 15587 lines → /home/shuai/git/rusty-cpp/.rusty-parity-matrix-debug/toml/deps/hashbrown/expanded.rs
  dep serde_core (--lib): 38463 lines → /home/shuai/git/rusty-cpp/.rusty-parity-matrix-debug/toml/deps/serde_core/expanded.rs
  dep indexmap (--lib): 8774 lines → /home/shuai/git/rusty-cpp/.rusty-parity-matrix-debug/toml/deps/indexmap/expanded.rs
  dep serde_spanned (--lib): 359 lines → /home/shuai/git/rusty-cpp/.rusty-parity-matrix-debug/toml/deps/serde_spanned/expanded.rs
  dep toml_datetime (--lib): 1185 lines → /home/shuai/git/rusty-cpp/.rusty-parity-matrix-debug/toml/deps/toml_datetime/expanded.rs
  dep memchr (--lib): 11040 lines → /home/shuai/git/rusty-cpp/.rusty-parity-matrix-debug/toml/deps/memchr/expanded.rs
  dep winnow (--lib): 18341 lines → /home/shuai/git/rusty-cpp/.rusty-parity-matrix-debug/toml/deps/winnow/expanded.rs
  dep toml_parser (--lib): 6006 lines → /home/shuai/git/rusty-cpp/.rusty-parity-matrix-debug/toml/deps/toml_parser/expanded.rs
  dep toml_writer (--lib): 1585 lines → /home/shuai/git/rusty-cpp/.rusty-parity-matrix-debug/toml/deps/toml_writer/expanded.rs
  toml (--lib --tests): 11053 lines → /home/shuai/git/rusty-cpp/.rusty-parity-matrix-debug/toml/targets/toml/expanded.rs
  compliance (--test compliance): 4692 lines → /home/shuai/git/rusty-cpp/.rusty-parity-matrix-debug/toml/targets/compliance/expanded.rs
  decoder (--test decoder): 138 lines → /home/shuai/git/rusty-cpp/.rusty-parity-matrix-debug/toml/targets/decoder/expanded.rs
  decoder_compliance (--test decoder_compliance): 190 lines → /home/shuai/git/rusty-cpp/.rusty-parity-matrix-debug/toml/targets/decoder_compliance/expanded.rs
  encoder (--test encoder): 152 lines → /home/shuai/git/rusty-cpp/.rusty-parity-matrix-debug/toml/targets/encoder/expanded.rs
  encoder_compliance (--test encoder_compliance): 312 lines → /home/shuai/git/rusty-cpp/.rusty-parity-matrix-debug/toml/targets/encoder_compliance/expanded.rs
  encoder_pretty_compliance (--test encoder_pretty_compliance): 289 lines → /home/shuai/git/rusty-cpp/.rusty-parity-matrix-debug/toml/targets/encoder_pretty_compliance/expanded.rs
  serde (--test serde): 60108 lines → /home/shuai/git/rusty-cpp/.rusty-parity-matrix-debug/toml/targets/serde/expanded.rs
  testsuite (--test testsuite): 2542 lines → /home/shuai/git/rusty-cpp/.rusty-parity-matrix-debug/toml/targets/testsuite/expanded.rs
  Pruned unused registry dependencies: equivalent, hashbrown, indexmap, memchr, winnow
Stage C: Transpiling to C++...
[module-deps] crate_root -> []
[module-deps] macros -> []
[module-deps] lib -> []
[module-deps] de -> ["__private", "de", "lib", "private"]
[module-deps] ser -> ["format", "lib", "ser"]
[module-deps] format -> ["lib"]
[module-deps] private -> ["lib"]
[module-deps] __private -> []
[module-deps] __private228 -> ["private"]
[module-deps] crate_root -> []
[module-deps] macros -> []
[module-deps] lib -> []
[module-deps] de -> ["__private", "de", "lib", "private"]
[module-deps] ser -> ["format", "lib", "ser"]
[module-deps] format -> ["lib"]
[module-deps] private -> ["lib"]
[module-deps] __private -> []
[module-deps] __private228 -> ["private"]
  dep serde_core (serde_core): 10732 lines → /home/shuai/git/rusty-cpp/.rusty-parity-matrix-debug/toml/deps/serde_core/serde_core.cppm
  dep serde_spanned (serde_spanned): 1649 lines → /home/shuai/git/rusty-cpp/.rusty-parity-matrix-debug/toml/deps/serde_spanned/serde_spanned.cppm
  dep toml_datetime (toml_datetime): 2234 lines → /home/shuai/git/rusty-cpp/.rusty-parity-matrix-debug/toml/deps/toml_datetime/toml_datetime.cppm
[module-deps] macros -> []
[module-deps] error -> ["error", "source"]
[module-deps] source -> ["decoder", "lexer", "source"]
[module-deps] decoder -> ["error", "lexer", "source"]
[module-deps] lexer -> ["source"]
[module-deps] parser -> ["decoder", "error", "lexer", "source"]
[module-deps] macros -> []
[module-deps] error -> ["error", "source"]
[module-deps] source -> ["decoder", "lexer", "source"]
[module-deps] decoder -> ["error", "lexer", "source"]
[module-deps] lexer -> ["source"]
[module-deps] parser -> ["decoder", "error", "lexer", "source"]
  dep toml_parser (toml_parser): 6364 lines → /home/shuai/git/rusty-cpp/.rusty-parity-matrix-debug/toml/deps/toml_parser/toml_parser.cppm
  dep toml_writer (toml_writer): 2723 lines → /home/shuai/git/rusty-cpp/.rusty-parity-matrix-debug/toml/deps/toml_writer/toml_writer.cppm
[module-deps] alloc_prelude -> []
[module-deps] map -> []
[module-deps] value -> ["alloc_prelude", "de", "ser", "table", "value"]
[module-deps] de -> ["alloc_prelude", "de", "map", "table", "value"]
[module-deps] ser -> ["alloc_prelude", "map", "ser", "table", "value"]
[module-deps] macros -> ["alloc_prelude", "value"]
[module-deps] table -> ["alloc_prelude", "de", "map", "ser", "table", "value"]
[module-deps] alloc_prelude -> []
[module-deps] map -> []
[module-deps] value -> ["alloc_prelude", "de", "ser", "table", "value"]
[module-deps] de -> ["alloc_prelude", "de", "map", "table", "value"]
[module-deps] ser -> ["alloc_prelude", "map", "ser", "table", "value"]
[module-deps] macros -> ["alloc_prelude", "value"]
[module-deps] table -> ["alloc_prelude", "de", "map", "ser", "table", "value"]
[module-deps] array -> ["dearray", "devalue", "inline_table", "prelude", "value"]
[module-deps] dearray -> ["devalue"]
[module-deps] detable -> ["devalue"]
[module-deps] devalue -> ["dearray", "detable"]
[module-deps] document -> ["array", "detable", "devalue", "key", "prelude", "value"]
[module-deps] inline_table -> ["array", "detable", "devalue", "key", "prelude", "value"]
[module-deps] key -> ["devalue", "prelude"]
[module-deps] value -> ["array", "devalue", "inline_table", "prelude", "value"]
[module-deps] prelude -> []
[module-deps] array -> ["dearray", "devalue", "inline_table", "prelude", "value"]
[module-deps] dearray -> ["devalue"]
[module-deps] detable -> ["devalue"]
[module-deps] devalue -> ["dearray", "detable"]
[module-deps] document -> ["array", "detable", "devalue", "key", "prelude", "value"]
[module-deps] inline_table -> ["array", "detable", "devalue", "key", "prelude", "value"]
[module-deps] key -> ["devalue", "prelude"]
[module-deps] value -> ["array", "devalue", "inline_table", "prelude", "value"]
[module-deps] prelude -> []
[module-deps] array -> ["dearray", "devalue", "inline_table", "prelude", "value"]
[module-deps] dearray -> ["devalue"]
[module-deps] detable -> ["devalue"]
[module-deps] devalue -> ["dearray", "detable"]
[module-deps] document -> ["array", "detable", "devalue", "key", "prelude", "value"]
[module-deps] inline_table -> ["array", "detable", "devalue", "key", "prelude", "value"]
[module-deps] key -> ["devalue", "prelude"]
[module-deps] value -> ["array", "devalue", "inline_table", "prelude", "value"]
[module-deps] prelude -> []
[module-deps] array -> ["dearray", "devalue", "inline_table", "prelude", "value"]
[module-deps] dearray -> ["devalue"]
[module-deps] detable -> ["devalue"]
[module-deps] devalue -> ["dearray", "detable"]
[module-deps] document -> ["array", "detable", "devalue", "key", "prelude", "value"]
[module-deps] inline_table -> ["array", "detable", "devalue", "key", "prelude", "value"]
[module-deps] key -> ["devalue", "prelude"]
[module-deps] value -> ["array", "devalue", "inline_table", "prelude", "value"]
[module-deps] prelude -> []
  toml: 10667 lines → /home/shuai/git/rusty-cpp/.rusty-parity-matrix-debug/toml/targets/toml/toml.cppm
  compliance: 4250 lines → /home/shuai/git/rusty-cpp/.rusty-parity-matrix-debug/toml/targets/compliance/compliance.cppm
  decoder: 1525 lines → /home/shuai/git/rusty-cpp/.rusty-parity-matrix-debug/toml/targets/decoder/decoder.cppm
  decoder_compliance: 1567 lines → /home/shuai/git/rusty-cpp/.rusty-parity-matrix-debug/toml/targets/decoder_compliance/decoder_compliance.cppm
  encoder: 1543 lines → /home/shuai/git/rusty-cpp/.rusty-parity-matrix-debug/toml/targets/encoder/encoder.cppm
  encoder_compliance: 1656 lines → /home/shuai/git/rusty-cpp/.rusty-parity-matrix-debug/toml/targets/encoder_compliance/encoder_compliance.cppm
  encoder_pretty_compliance: 1648 lines → /home/shuai/git/rusty-cpp/.rusty-parity-matrix-debug/toml/targets/encoder_pretty_compliance/encoder_pretty_compliance.cppm
  serde: 16924 lines → /home/shuai/git/rusty-cpp/.rusty-parity-matrix-debug/toml/targets/serde/serde.cppm
  testsuite: 2447 lines → /home/shuai/git/rusty-cpp/.rusty-parity-matrix-debug/toml/targets/testsuite/testsuite.cppm

Stopped after transpile stage.
