  tests_all_cases PASSED
  tests_bits_cases PASSED
  tests_complement_cases PASSED
  tests_contains_cases PASSED
  tests_difference_cases PASSED
  tests_empty_cases PASSED
  tests_eq_cases PASSED
  tests_extend_cases PASSED
  tests_extend_external_cases PASSED
  tests_flags_cases PASSED
  tests_flags_external_cases PASSED
  tests_fmt_cases PASSED
  tests_from_bits_cases PASSED
  tests_from_bits_retain_cases PASSED
  tests_from_bits_truncate_cases PASSED
  tests_from_name_cases PASSED
  tests_insert_cases PASSED
  tests_intersection_cases PASSED
  tests_intersects_cases PASSED
  tests_is_all_cases PASSED
  tests_is_empty_cases PASSED
  tests_iter_collect_cases PASSED
  tests_iter_iter_cases PASSED
  tests_iter_iter_names_cases PASSED
  tests_iter_roundtrip PASSED
  tests_parser_from_str_invalid PASSED
  tests_parser_from_str_strict_invalid PASSED
  tests_parser_from_str_strict_valid PASSED
  tests_parser_from_str_truncate_valid PASSED
  tests_parser_from_str_valid PASSED
  tests_parser_roundtrip PASSED
  tests_parser_roundtrip_strict PASSED
  tests_parser_roundtrip_truncate PASSED
  tests_parser_to_writer_cases PASSED
  tests_parser_to_writer_strict_cases PASSED
  tests_parser_to_writer_truncate_cases PASSED
  tests_remove_cases PASSED
  tests_symmetric_difference_cases PASSED
  tests_union_cases PASSED

Results: 39 passed, 0 failed

