warning: variable does not need to be mutable
    --> transpiler/src/codegen.rs:7368:13
     |
7368 |         let mut flush = |buf: &mut String, out: &mut Vec<String>| {
     |             ----^^^^^
     |             |
     |             help: remove this `mut`
     |
     = note: `#[warn(unused_mut)]` (part of `#[warn(unused)]`) on by default

warning: unused variable: `expected_owner`
     --> transpiler/src/codegen.rs:11621:13
      |
11621 |         let expected_owner = match expected_inner {
      |             ^^^^^^^^^^^^^^ help: if this is intentional, prefix it with an underscore: `_expected_owner`
      |
      = note: `#[warn(unused_variables)]` (part of `#[warn(unused)]`) on by default

warning: variable does not need to be mutable
     --> transpiler/src/codegen.rs:25140:13
      |
25140 |         let mut block_profile_mark = |label: &str| {
      |             ----^^^^^^^^^^^^^^^^^^
      |             |
      |             help: remove this `mut`

warning: variable does not need to be mutable
     --> transpiler/src/codegen.rs:29786:21
      |
29786 |                 let mut inner = self.new_inner_for_block();
      |                     ----^^^^^
      |                     |
      |                     help: remove this `mut`

warning: variable does not need to be mutable
     --> transpiler/src/codegen.rs:29801:21
      |
29801 |                 let mut inner = self.new_inner_for_block();
      |                     ----^^^^^
      |                     |
      |                     help: remove this `mut`

warning: unused variable: `scrutinee_expr`
     --> transpiler/src/codegen.rs:33917:9
      |
33917 |         scrutinee_expr: &syn::Expr,
      |         ^^^^^^^^^^^^^^ help: if this is intentional, prefix it with an underscore: `_scrutinee_expr`

warning: variable does not need to be mutable
     --> transpiler/src/codegen.rs:48462:21
      |
48462 |                 let mut inner = self.new_inner_for_block();
      |                     ----^^^^^
      |                     |
      |                     help: remove this `mut`

warning: unused variable: `expected_ty`
     --> transpiler/src/codegen.rs:50457:9
      |
50457 |         expected_ty: Option<&syn::Type>,
      |         ^^^^^^^^^^^ help: if this is intentional, prefix it with an underscore: `_expected_ty`

warning: value assigned to `joined` is never read
     --> transpiler/src/codegen.rs:63009:26
      |
63009 |         let mut joined = segments.join("::");
      |                          ^^^^^^^^^^^^^^^^^^^
      |
      = help: maybe it is overwritten before being read?
      = note: `#[warn(unused_assignments)]` (part of `#[warn(unused)]`) on by default

warning: value assigned to `joined` is never read
     --> transpiler/src/codegen.rs:63022:9
      |
63022 |         joined = segments.join("::");
      |         ^^^^^^
      |
      = help: maybe it is overwritten before being read?

warning: field `0` is never read
  --> transpiler/src/cmake.rs:86:11
   |
86 |     Table(toml::value::Table),
   |     ----- ^^^^^^^^^^^^^^^^^^
   |     |
   |     field in this variant
   |
   = note: `#[warn(dead_code)]` (part of `#[warn(unused)]`) on by default
help: consider changing the field to be of unit type to suppress this warning while preserving the field numbering, or remove the field
   |
86 -     Table(toml::value::Table),
86 +     Table(()),
   |

warning: struct `OptionSomeNoneExprCollector` is never constructed
   --> transpiler/src/codegen.rs:369:8
    |
369 | struct OptionSomeNoneExprCollector {
    |        ^^^^^^^^^^^^^^^^^^^^^^^^^^^

warning: method `saw_both` is never used
   --> transpiler/src/codegen.rs:375:8
    |
374 | impl OptionSomeNoneExprCollector {
    | -------------------------------- method in this implementation
375 |     fn saw_both(&self) -> bool {
    |        ^^^^^^^^

warning: multiple associated items are never used
     --> transpiler/src/codegen.rs:6187:8
      |
  970 | impl CodeGen {
      | ------------ associated items in this implementation
...
 6187 |     fn module_concrete_type_decl_count_recursive(m: &syn::ItemMod) -> usize {
      |        ^^^^^^^^^^^^^^^^^^^^^^^^^^^^^^^^^^^^^^^^^
...
 7400 |     fn cpp_spelling_mentions_import_alias(&self, spelling: &str) -> bool {
      |        ^^^^^^^^^^^^^^^^^^^^^^^^^^^^^^^^^^
...
 7456 |     fn forward_decl_signature_mentions_unqualified_scope_import_name(
      |        ^^^^^^^^^^^^^^^^^^^^^^^^^^^^^^^^^^^^^^^^^^^^^^^^^^^^^^^^^^^^^
...
 7511 |     fn has_forward_decl_items(items: &[syn::Item]) -> bool {
      |        ^^^^^^^^^^^^^^^^^^^^^^
...
 8447 |     fn resolve_unique_scope_import_binding_path_any_scope(&self, local_name: &str) -> Option<String> {
      |        ^^^^^^^^^^^^^^^^^^^^^^^^^^^^^^^^^^^^^^^^^^^^^^^^^^
...
12539 |     fn escape_cpp_qualified_name(path: &str) -> String {
      |        ^^^^^^^^^^^^^^^^^^^^^^^^^
...
14506 |     fn map_variant_ctor_param_type(&self, ty: &syn::Type, ctor_name: &str) -> String {
      |        ^^^^^^^^^^^^^^^^^^^^^^^^^^^
...
27179 |     fn extract_tuple_struct_bindings(
      |        ^^^^^^^^^^^^^^^^^^^^^^^^^^^^^
...
31204 |     fn tuple_pattern_elem_supports_value_match(&self, pat: &syn::Pat) -> bool {
      |        ^^^^^^^^^^^^^^^^^^^^^^^^^^^^^^^^^^^^^^^
...
34041 |     fn if_let_unwrap_binding_should_preserve_reference(
      |        ^^^^^^^^^^^^^^^^^^^^^^^^^^^^^^^^^^^^^^^^^^^^^^^
...
43640 |     fn receiver_is_hashmap_like_expr(&self, receiver: &syn::Expr) -> bool {
      |        ^^^^^^^^^^^^^^^^^^^^^^^^^^^^^
...
50885 |     fn block_contains_option_some_and_none_exprs(&self, block: &syn::Block) -> bool {
      |        ^^^^^^^^^^^^^^^^^^^^^^^^^^^^^^^^^^^^^^^^^
...
51331 |     fn option_inner_needs_typed_make_optional(&self, inner_ty: &syn::Type) -> bool {
      |        ^^^^^^^^^^^^^^^^^^^^^^^^^^^^^^^^^^^^^^
...
60911 |     fn emit_stmt_to_string_with_expected(
      |        ^^^^^^^^^^^^^^^^^^^^^^^^^^^^^^^^^

warning: field `src_path` is never read
  --> transpiler/src/metadata.rs:10:9
   |
 7 | pub struct CrateTarget {
   |            ----------- field in this struct
...
10 |     pub src_path: PathBuf,
   |         ^^^^^^^^
   |
   = note: `CrateTarget` has derived impls for the traits `Clone` and `Debug`, but these are intentionally ignored during dead code analysis

warning: function `discover_local_path_dependencies` is never used
   --> transpiler/src/metadata.rs:514:8
    |
514 | pub fn discover_local_path_dependencies(
    |        ^^^^^^^^^^^^^^^^^^^^^^^^^^^^^^^^

warning: function `transpile` is never used
   --> transpiler/src/transpile.rs:255:8
    |
255 | pub fn transpile(rust_source: &str, module_name: Option<&str>) -> Result<String, String> {
    |        ^^^^^^^^^

warning: function `transpile_with_type_map` is never used
   --> transpiler/src/transpile.rs:260:8
    |
260 | pub fn transpile_with_type_map(
    |        ^^^^^^^^^^^^^^^^^^^^^^^

warning: function `transpile_with_type_map_and_extension_hints` is never used
   --> transpiler/src/transpile.rs:275:8
    |
275 | pub fn transpile_with_type_map_and_extension_hints(
    |        ^^^^^^^^^^^^^^^^^^^^^^^^^^^^^^^^^^^^^^^^^^^

warning: function `transpile_full` is never used
   --> transpiler/src/transpile.rs:310:8
    |
310 | pub fn transpile_full(
    |        ^^^^^^^^^^^^^^

╔═══════════════════════════════════════════════════╗
║  Parity Test: itertools
╚═══════════════════════════════════════════════════╝

Stage A: Running cargo test (baseline)...
  Baseline retry: detected workspace mismatch from in-place cargo test.
  Baseline retry: cargo test --manifest-path /home/shuai/git/rusty-cpp/Cargo.toml -p itertools
  Baseline retry: cargo test --manifest-path /home/shuai/git/rusty-cpp/.rusty-parity-matrix-nontoml/itertools/baseline_source_manifest/Cargo.toml
  Baseline: PASS (saved to /home/shuai/git/rusty-cpp/.rusty-parity-matrix-nontoml/itertools/baseline.txt)
Discovering targets...
  Metadata retry: detected workspace mismatch from in-place cargo metadata.
  Metadata retry: cargo metadata --manifest-path /home/shuai/git/rusty-cpp/Cargo.toml -p itertools
  Metadata retry: cargo metadata --manifest-path /home/shuai/git/rusty-cpp/.rusty-parity-matrix-nontoml/itertools/metadata_source_manifest/Cargo.toml
  Skipping target 'iris' (Example): not test-capable
  Skipping target 'bench1' (Bench): not test-capable
  Skipping target 'combinations' (Bench): not test-capable
  Skipping target 'combinations_with_replacement' (Bench): not test-capable
  Skipping target 'fold_specialization' (Bench): not test-capable
  Skipping target 'k_smallest' (Bench): not test-capable
  Skipping target 'powerset' (Bench): not test-capable
  Skipping target 'specializations' (Bench): not test-capable
  Skipping target 'tree_reduce' (Bench): not test-capable
  Skipping target 'tuple_combinations' (Bench): not test-capable
  Skipping target 'tuples' (Bench): not test-capable
  Package: itertools
  Target: itertools (Lib) → module itertools
  Target: adaptors_no_collect (Test) → module adaptors_no_collect
  Target: flatten_ok (Test) → module flatten_ok
  Target: laziness (Test) → module laziness
  Target: macros_hygiene (Test) → module macros_hygiene
  Target: merge_join (Test) → module merge_join
  Target: peeking_take_while (Test) → module peeking_take_while
  Target: quick (Test) → module quick
  Target: specializations (Test) → module specializations
  Target: test_core (Test) → module test_core
  Target: test_std (Test) → module test_std
  Target: tuples (Test) → module tuples
  Target: zip (Test) → module zip
  Dependency metadata retry: detected workspace mismatch.
  Dependency metadata retry: cargo metadata --manifest-path /home/shuai/git/rusty-cpp/Cargo.toml -p itertools
  Dependency metadata retry: detected workspace mismatch.
  Dependency metadata retry: cargo metadata --manifest-path /home/shuai/git/rusty-cpp/Cargo.toml -p itertools
  Dependencies:
    either (/home/shuai/.cargo/registry/src/index.crates.io-1949cf8c6b5b557f/either-1.15.0/Cargo.toml) → module either [registry] (flags: --no-default-features)

Stage B: Running cargo expand per target...
  dep either (--lib): 1787 lines → /home/shuai/git/rusty-cpp/.rusty-parity-matrix-nontoml/itertools/deps/either/expanded.rs
  Expand retry: detected workspace mismatch from in-place cargo expand.
  Expand retry: cargo expand --manifest-path /home/shuai/git/rusty-cpp/Cargo.toml -p itertools
  Expand retry: cargo expand --manifest-path /home/shuai/git/rusty-cpp/.rusty-parity-matrix-nontoml/itertools/expand_source_manifest/Cargo.toml
  itertools (--lib --tests): 21058 lines → /home/shuai/git/rusty-cpp/.rusty-parity-matrix-nontoml/itertools/targets/itertools/expanded.rs
  Expand retry: detected workspace mismatch from in-place cargo expand.
  Expand retry: cargo expand --manifest-path /home/shuai/git/rusty-cpp/Cargo.toml -p itertools
  Warning: cargo expand failed for target 'adaptors_no_collect': thread 'main' (1574121) panicked at src/tools/cargo/src/cargo/core/resolver/features.rs:325:13:
  Expand retry: detected workspace mismatch from in-place cargo expand.
  Expand retry: cargo expand --manifest-path /home/shuai/git/rusty-cpp/Cargo.toml -p itertools
  Warning: cargo expand failed for target 'flatten_ok': thread 'main' (1574283) panicked at src/tools/cargo/src/cargo/core/resolver/features.rs:325:13:
  Expand retry: detected workspace mismatch from in-place cargo expand.
  Expand retry: cargo expand --manifest-path /home/shuai/git/rusty-cpp/Cargo.toml -p itertools
  Warning: cargo expand failed for target 'laziness': thread 'main' (1574426) panicked at src/tools/cargo/src/cargo/core/resolver/features.rs:325:13:
  Expand retry: detected workspace mismatch from in-place cargo expand.
  Expand retry: cargo expand --manifest-path /home/shuai/git/rusty-cpp/Cargo.toml -p itertools
  Warning: cargo expand failed for target 'macros_hygiene': thread 'main' (1574569) panicked at src/tools/cargo/src/cargo/core/resolver/features.rs:325:13:
  Expand retry: detected workspace mismatch from in-place cargo expand.
  Expand retry: cargo expand --manifest-path /home/shuai/git/rusty-cpp/Cargo.toml -p itertools
  Warning: cargo expand failed for target 'merge_join': thread 'main' (1574715) panicked at src/tools/cargo/src/cargo/core/resolver/features.rs:325:13:
  Expand retry: detected workspace mismatch from in-place cargo expand.
  Expand retry: cargo expand --manifest-path /home/shuai/git/rusty-cpp/Cargo.toml -p itertools
  Warning: cargo expand failed for target 'peeking_take_while': thread 'main' (1574858) panicked at src/tools/cargo/src/cargo/core/resolver/features.rs:325:13:
  Expand retry: detected workspace mismatch from in-place cargo expand.
  Expand retry: cargo expand --manifest-path /home/shuai/git/rusty-cpp/Cargo.toml -p itertools
  Warning: cargo expand failed for target 'quick': thread 'main' (1575002) panicked at src/tools/cargo/src/cargo/core/resolver/features.rs:325:13:
  Expand retry: detected workspace mismatch from in-place cargo expand.
  Expand retry: cargo expand --manifest-path /home/shuai/git/rusty-cpp/Cargo.toml -p itertools
  Warning: cargo expand failed for target 'specializations': thread 'main' (1575146) panicked at src/tools/cargo/src/cargo/core/resolver/features.rs:325:13:
  Expand retry: detected workspace mismatch from in-place cargo expand.
  Expand retry: cargo expand --manifest-path /home/shuai/git/rusty-cpp/Cargo.toml -p itertools
  Warning: cargo expand failed for target 'test_core': thread 'main' (1575295) panicked at src/tools/cargo/src/cargo/core/resolver/features.rs:325:13:
  Expand retry: detected workspace mismatch from in-place cargo expand.
  Expand retry: cargo expand --manifest-path /home/shuai/git/rusty-cpp/Cargo.toml -p itertools
  Warning: cargo expand failed for target 'test_std': thread 'main' (1575441) panicked at src/tools/cargo/src/cargo/core/resolver/features.rs:325:13:
  Expand retry: detected workspace mismatch from in-place cargo expand.
  Expand retry: cargo expand --manifest-path /home/shuai/git/rusty-cpp/Cargo.toml -p itertools
  Warning: cargo expand failed for target 'tuples': thread 'main' (1575584) panicked at src/tools/cargo/src/cargo/core/resolver/features.rs:325:13:
  Expand retry: detected workspace mismatch from in-place cargo expand.
  Expand retry: cargo expand --manifest-path /home/shuai/git/rusty-cpp/Cargo.toml -p itertools
  Warning: cargo expand failed for target 'zip': thread 'main' (1575729) panicked at src/tools/cargo/src/cargo/core/resolver/features.rs:325:13:
Stage C: Transpiling to C++...
  dep either (either): 2136 lines → /home/shuai/git/rusty-cpp/.rusty-parity-matrix-nontoml/itertools/deps/either/either.cppm
  itertools: 13159 lines → /home/shuai/git/rusty-cpp/.rusty-parity-matrix-nontoml/itertools/targets/itertools/itertools.cppm
Stage D: Building with C++ compiler...
  Generated runner: /home/shuai/git/rusty-cpp/.rusty-parity-matrix-nontoml/itertools/runner.cpp (6 tests discovered)
  Build FAILED — see /home/shuai/git/rusty-cpp/.rusty-parity-matrix-nontoml/itertools/build.log
    /home/shuai/git/rusty-cpp/.rusty-parity-matrix-nontoml/itertools/runner.cpp: In lambda function:
    /home/shuai/git/rusty-cpp/.rusty-parity-matrix-nontoml/itertools/runner.cpp:4260:9: error: statement-expressions are not allowed outside functions nor in template-argument lists
     4260 | return (({ auto&& _m = it.next(); std::optional<std::remove_cvref_t<decltype(([&]() -> decltype(auto) { auto _mv = _m.unwrap();
          |         ^
    /home/shuai/git/rusty-cpp/.rusty-parity-matrix-nontoml/itertools/runner.cpp: In lambda function:
    /home/shuai/git/rusty-cpp/.rusty-parity-matrix-nontoml/itertools/runner.cpp:7562:426: error: ‘new_’ was not declared in this scope
     7562 |             return [&]() { auto&& _m = peek; if (_m.is_some()) { auto&& _mv0 = _m.unwrap(); auto&& item = rusty::detail::deref_if_pointer(_mv0); return item.take(); } if (_m.is_some()) { auto&& _mv1 = std::as_const(_m).unwrap(); if (_mv1.is_none()) { return ({ auto&& _m = iter.next(); std::optional<std::remove_cvref_t<std::remove_cvref_t<decltype(([&]() { rusty::detail::deref_if_pointer_like(peek) = rusty::Some(std::move(new_));
          |                                                                                                                                                                                                                                                                                                                                                                                                                                          ^~~~
    /home/shuai/git/rusty-cpp/.rusty-parity-matrix-nontoml/itertools/runner.cpp:7562:426: note: suggested alternatives:
    /home/shuai/git/rusty-cpp/.rusty-parity-matrix-nontoml/itertools/runner.cpp:2350:41: note:   ‘groupbylazy::new_’
     2350 |     ChunkBy<K, typename J::IntoIter, F> new_(J iter, F f);
          |                                         ^~~~
    /home/shuai/git/rusty-cpp/.rusty-parity-matrix-nontoml/itertools/runner.cpp:2758:20: note:   ‘grouping_map::new_’
     2758 |     GroupingMap<I> new_(I iter);
          |                    ^~~~
    /home/shuai/git/rusty-cpp/.rusty-parity-matrix-nontoml/itertools/runner.cpp:2700:32: note:   ‘tee::new_’
     2700 |     std::tuple<Tee<I>, Tee<I>> new_(I iter);
          |                                ^~~~
    /home/shuai/git/rusty-cpp/.rusty-parity-matrix-nontoml/itertools/runner.cpp: In lambda function:
    /home/shuai/git/rusty-cpp/.rusty-parity-matrix-nontoml/itertools/runner.cpp:8081:391: error: template argument 1 is invalid
Parity test error: C++ compilation failed
