/home/shuai/git/rusty-cpp/.rusty-parity-matrix-nontoml-current/once_cell/runner.cpp: In lambda function:
/home/shuai/git/rusty-cpp/.rusty-parity-matrix-nontoml-current/once_cell/runner.cpp:2657:104: warning: no return statement in function returning non-void [-Wreturn-type]
 2657 | O.init([&]() -> std::tuple<> { [&]() -> std::tuple<> { rusty::panicking::panic("explicit panic"); }(); });
      |                                                                                                        ^
/home/shuai/git/rusty-cpp/.rusty-parity-matrix-nontoml-current/once_cell/runner.cpp: In lambda function:
/home/shuai/git/rusty-cpp/.rusty-parity-matrix-nontoml-current/once_cell/runner.cpp:2678:104: warning: no return statement in function returning non-void [-Wreturn-type]
 2678 | O.init([&]() -> std::tuple<> { [&]() -> std::tuple<> { rusty::panicking::panic("explicit panic"); }(); });
      |                                                                                                        ^
/home/shuai/git/rusty-cpp/.rusty-parity-matrix-nontoml-current/once_cell/runner.cpp: In lambda function:
/home/shuai/git/rusty-cpp/.rusty-parity-matrix-nontoml-current/once_cell/runner.cpp:3321:1: warning: no return statement in function returning non-void [-Wreturn-type]
 3321 | });
      | ^
/home/shuai/git/rusty-cpp/.rusty-parity-matrix-nontoml-current/once_cell/runner.cpp: In function ‘void unsync_once_cell::once_cell_drop()’:
/home/shuai/git/rusty-cpp/.rusty-parity-matrix-nontoml-current/once_cell/runner.cpp:3432:70: warning: comparison of integer expressions of different signedness: ‘long unsigned int’ and ‘int’ [-Wsign-compare]
 3432 |                 if (!(rusty::detail::deref_if_pointer_like(left_val) == rusty::detail::deref_if_pointer_like(right_val))) {
      |                       ~~~~~~~~~~~~~~~~~~~~~~~~~~~~~~~~~~~~~~~~~~~~~~~^~~~~~~~~~~~~~~~~~~~~~~~~~~~~~~~~~~~~~~~~~~~~~~~~~
/home/shuai/git/rusty-cpp/.rusty-parity-matrix-nontoml-current/once_cell/runner.cpp:3450:70: warning: comparison of integer expressions of different signedness: ‘long unsigned int’ and ‘int’ [-Wsign-compare]
 3450 |                 if (!(rusty::detail::deref_if_pointer_like(left_val) == rusty::detail::deref_if_pointer_like(right_val))) {
      |                       ~~~~~~~~~~~~~~~~~~~~~~~~~~~~~~~~~~~~~~~~~~~~~~~^~~~~~~~~~~~~~~~~~~~~~~~~~~~~~~~~~~~~~~~~~~~~~~~~~
/home/shuai/git/rusty-cpp/.rusty-parity-matrix-nontoml-current/once_cell/runner.cpp: In lambda function:
/home/shuai/git/rusty-cpp/.rusty-parity-matrix-nontoml-current/once_cell/runner.cpp:3849:1: warning: no return statement in function returning non-void [-Wreturn-type]
 3849 | });
      | ^
/home/shuai/git/rusty-cpp/.rusty-parity-matrix-nontoml-current/once_cell/runner.cpp: In instantiation of ‘sync_once_cell::once_cell_drop()::<lambda(auto:70&&)> [with auto:70 = rusty::thread::Scope&]’:
/usr/include/c++/14/type_traits:2655:26:   required by substitution of ‘template<class _Fn, class ... _Args> static std::__result_of_success<decltype (declval<_Fn>()((declval<_Args>)()...)), std::__invoke_other> std::__result_of_other_impl::_S_test(int) [with _Fn = sync_once_cell::once_cell_drop()::<lambda(auto:70&&)>; _Args = {rusty::thread::Scope&}]’
 2655 |       std::declval<_Fn>()(std::declval<_Args>()...)
      |       ~~~~~~~~~~~~~~~~~~~^~~~~~~~~~~~~~~~~~~~~~~~~~
/usr/include/c++/14/type_traits:2666:60:   required from ‘struct std::__result_of_impl<false, false, sync_once_cell::once_cell_drop()::<lambda(auto:70&&)>, rusty::thread::Scope&>’
 2666 |       using type = decltype(_S_test<_Functor, _ArgTypes...>(0));
      |                             ~~~~~~~~~~~~~~~~~~~~~~~~~~~~~~~^~~
/usr/include/c++/14/type_traits:3174:12:   recursively required by substitution of ‘template<class _Result, class _Ret> struct std::__is_invocable_impl<_Result, _Ret, true, std::__void_t<typename _CTp::type> > [with _Result = std::__invoke_result<sync_once_cell::once_cell_drop()::<lambda(auto:70&&)>, rusty::thread::Scope&>; _Ret = void]’
 3174 |     struct is_invocable
      |            ^~~~~~~~~~~~
/usr/include/c++/14/type_traits:3174:12:   required from ‘struct std::is_invocable<sync_once_cell::once_cell_drop()::<lambda(auto:70&&)>, rusty::thread::Scope&>’
/usr/include/c++/14/type_traits:3538:71:   required from ‘constexpr const bool std::is_invocable_v<sync_once_cell::once_cell_drop()::<lambda(auto:70&&)>, rusty::thread::Scope&>’
 3538 |   inline constexpr bool is_invocable_v = is_invocable<_Fn, _Args...>::value;
      |                                                                       ^~~~~
/usr/include/c++/14/concepts:360:25:   required by substitution of ‘template<class F>  requires  invocable<F, rusty::thread::Scope&> void rusty::thread::scope(F&&) [with F = sync_once_cell::once_cell_drop()::<lambda(auto:70&&)>]’
  360 |     concept invocable = is_invocable_v<_Fn, _Args...>;
      |                         ^~~~~~~~~~~~~~~~~~~~~~~~~~~~~
/home/shuai/git/rusty-cpp/.rusty-parity-matrix-nontoml-current/once_cell/runner.cpp:3973:14:   required from here
 3973 |         scope([&](auto&& s) {
      |         ~~~~~^~~~~~~~~~~~~~~~
 3974 | s.spawn([&]() {
      | ~~~~~~~~~~~~~~~
 3975 | x.get_or_init([&]() -> Dropper { return Dropper{}; });
      | ~~~~~~~~~~~~~~~~~~~~~~~~~~~~~~~~~~~~~~~~~~~~~~~~~~~~~~
 3976 | {
      | ~             
 3977 |     auto&& _m0_tmp = DROP_CNT.load(rusty::sync::atomic::Ordering::SeqCst);
      |     ~~~~~~~~~~~~~~~~~~~~~~~~~~~~~~~~~~~~~~~~~~~~~~~~~~~~~~~~~~~~~~~~~~~~~~
 3978 |     auto _m0 = &_m0_tmp;
      |     ~~~~~~~~~~~~~~~~~~~~
 3979 |     auto&& _m1_tmp = static_cast<int32_t>(0);
      |     ~~~~~~~~~~~~~~~~~~~~~~~~~~~~~~~~~~~~~~~~~
 3980 |     auto _m1 = &_m1_tmp;
      |     ~~~~~~~~~~~~~~~~~~~~
 3981 |     auto _m_tuple = std::make_tuple(_m0, _m1);
      |     ~~~~~~~~~~~~~~~~~~~~~~~~~~~~~~~~~~~~~~~~~~
 3982 |     bool _m_matched = false;
      |     ~~~~~~~~~~~~~~~~~~~~~~~~
 3983 |     if (!_m_matched) {
      |     ~~~~~~~~~~~~~~~~~~
 3984 |         auto&& left_val = rusty::detail::deref_if_pointer(std::get<0>(rusty::detail::deref_if_pointer(_m_tuple)));
      |         ~~~~~~~~~~~~~~~~~~~~~~~~~~~~~~~~~~~~~~~~~~~~~~~~~~~~~~~~~~~~~~~~~~~~~~~~~~~~~~~~~~~~~~~~~~~~~~~~~~~~~~~~~~
 3985 |         auto&& right_val = rusty::detail::deref_if_pointer(std::get<1>(rusty::detail::deref_if_pointer(_m_tuple)));
      |         ~~~~~~~~~~~~~~~~~~~~~~~~~~~~~~~~~~~~~~~~~~~~~~~~~~~~~~~~~~~~~~~~~~~~~~~~~~~~~~~~~~~~~~~~~~~~~~~~~~~~~~~~~~~
 3986 |         if (!(rusty::detail::deref_if_pointer_like(left_val) == rusty::detail::deref_if_pointer_like(right_val))) {
      |         ~~~~~~~~~~~~~~~~~~~~~~~~~~~~~~~~~~~~~~~~~~~~~~~~~~~~~~~~~~~~~~~~~~~~~~~~~~~~~~~~~~~~~~~~~~~~~~~~~~~~~~~~~~~
 3987 |             const auto kind = rusty::panicking::AssertKind::Eq;
      |             ~~~~~~~~~~~~~~~~~~~~~~~~~~~~~~~~~~~~~~~~~~~~~~~~~~~
 3988 |             rusty::panicking::assert_failed(std::move(kind), rusty::detail::deref_if_pointer_like(left_val), rusty::detail::deref_if_pointer_like(right_val), rusty::None);
      |             ~~~~~~~~~~~~~~~~~~~~~~~~~~~~~~~~~~~~~~~~~~~~~~~~~~~~~~~~~~~~~~~~~~~~~~~~~~~~~~~~~~~~~~~~~~~~~~~~~~~~~~~~~~~~~~~~~~~~~~~~~~~~~~~~~~~~~~~~~~~~~~~~~~~~~~~~~~~~~~~
 3989 |         }
      |         ~     
 3990 |         _m_matched = true;
      |         ~~~~~~~~~~~~~~~~~~
 3991 |     }
      |     ~         
 3992 | }
      | ~             
 3993 | rusty::mem::drop(std::move(x));
      | ~~~~~~~~~~~~~~~~~~~~~~~~~~~~~~~
 3994 | });
      | ~~~           
 3995 | });
      | ~~            
/home/shuai/git/rusty-cpp/.rusty-parity-matrix-nontoml-current/once_cell/runner.cpp:3986:62: warning: comparison of integer expressions of different signedness: ‘long unsigned int’ and ‘int’ [-Wsign-compare]
 3986 |         if (!(rusty::detail::deref_if_pointer_like(left_val) == rusty::detail::deref_if_pointer_like(right_val))) {
      |              ~~~~~~~~~~~~~~~~~~~~~~~~~~~~~~~~~~~~~~~~~~~~~~~~^~~~~~~~~~~~~~~~~~~~~~~~~~~~~~~~~~~~~~~~~~~~~~~~~~~
/home/shuai/git/rusty-cpp/.rusty-parity-matrix-nontoml-current/once_cell/runner.cpp: In function ‘void sync_once_cell::once_cell_drop()’:
/home/shuai/git/rusty-cpp/.rusty-parity-matrix-nontoml-current/once_cell/runner.cpp:4006:70: warning: comparison of integer expressions of different signedness: ‘long unsigned int’ and ‘int’ [-Wsign-compare]
 4006 |                 if (!(rusty::detail::deref_if_pointer_like(left_val) == rusty::detail::deref_if_pointer_like(right_val))) {
      |                       ~~~~~~~~~~~~~~~~~~~~~~~~~~~~~~~~~~~~~~~~~~~~~~~^~~~~~~~~~~~~~~~~~~~~~~~~~~~~~~~~~~~~~~~~~~~~~~~~~
/home/shuai/git/rusty-cpp/.rusty-parity-matrix-nontoml-current/once_cell/runner.cpp: In function ‘void unsync_lazy::lazy_get_mut()’:
/home/shuai/git/rusty-cpp/.rusty-parity-matrix-nontoml-current/once_cell/runner.cpp:4868:70: warning: comparison of integer expressions of different signedness: ‘unsigned int’ and ‘int’ [-Wsign-compare]
 4868 |                 if (!(rusty::detail::deref_if_pointer_like(left_val) == rusty::detail::deref_if_pointer_like(right_val))) {
      |                       ~~~~~~~~~~~~~~~~~~~~~~~~~~~~~~~~~~~~~~~~~~~~~~~^~~~~~~~~~~~~~~~~~~~~~~~~~~~~~~~~~~~~~~~~~~~~~~~~~
/home/shuai/git/rusty-cpp/.rusty-parity-matrix-nontoml-current/once_cell/runner.cpp:4904:70: warning: comparison of integer expressions of different signedness: ‘unsigned int’ and ‘int’ [-Wsign-compare]
 4904 |                 if (!(rusty::detail::deref_if_pointer_like(left_val) == rusty::detail::deref_if_pointer_like(right_val))) {
      |                       ~~~~~~~~~~~~~~~~~~~~~~~~~~~~~~~~~~~~~~~~~~~~~~~^~~~~~~~~~~~~~~~~~~~~~~~~~~~~~~~~~~~~~~~~~~~~~~~~~
/home/shuai/git/rusty-cpp/.rusty-parity-matrix-nontoml-current/once_cell/runner.cpp: In function ‘void unsync_lazy::lazy_default()’:
/home/shuai/git/rusty-cpp/.rusty-parity-matrix-nontoml-current/once_cell/runner.cpp:4952:70: warning: comparison of integer expressions of different signedness: ‘long unsigned int’ and ‘int’ [-Wsign-compare]
 4952 |                 if (!(rusty::detail::deref_if_pointer_like(left_val) == rusty::detail::deref_if_pointer_like(right_val))) {
      |                       ~~~~~~~~~~~~~~~~~~~~~~~~~~~~~~~~~~~~~~~~~~~~~~~^~~~~~~~~~~~~~~~~~~~~~~~~~~~~~~~~~~~~~~~~~~~~~~~~~
/home/shuai/git/rusty-cpp/.rusty-parity-matrix-nontoml-current/once_cell/runner.cpp:4986:70: warning: comparison of integer expressions of different signedness: ‘long unsigned int’ and ‘int’ [-Wsign-compare]
 4986 |                 if (!(rusty::detail::deref_if_pointer_like(left_val) == rusty::detail::deref_if_pointer_like(right_val))) {
      |                       ~~~~~~~~~~~~~~~~~~~~~~~~~~~~~~~~~~~~~~~~~~~~~~~^~~~~~~~~~~~~~~~~~~~~~~~~~~~~~~~~~~~~~~~~~~~~~~~~~
/home/shuai/git/rusty-cpp/.rusty-parity-matrix-nontoml-current/once_cell/runner.cpp:5021:70: warning: comparison of integer expressions of different signedness: ‘long unsigned int’ and ‘int’ [-Wsign-compare]
 5021 |                 if (!(rusty::detail::deref_if_pointer_like(left_val) == rusty::detail::deref_if_pointer_like(right_val))) {
      |                       ~~~~~~~~~~~~~~~~~~~~~~~~~~~~~~~~~~~~~~~~~~~~~~~^~~~~~~~~~~~~~~~~~~~~~~~~~~~~~~~~~~~~~~~~~~~~~~~~~
/home/shuai/git/rusty-cpp/.rusty-parity-matrix-nontoml-current/once_cell/runner.cpp: In lambda function:
/home/shuai/git/rusty-cpp/.rusty-parity-matrix-nontoml-current/once_cell/runner.cpp:5031:132: warning: no return statement in function returning non-void [-Wreturn-type]
 5031 |         auto l = unsync::Lazy<int32_t>::new_([&]() -> int32_t { [&]() -> int32_t { rusty::panicking::panic("explicit panic"); }(); });
      |                                                                                                                                    ^
/home/shuai/git/rusty-cpp/.rusty-parity-matrix-nontoml-current/once_cell/runner.cpp: In lambda function:
/home/shuai/git/rusty-cpp/.rusty-parity-matrix-nontoml-current/once_cell/runner.cpp:5047:1: warning: no return statement in function returning non-void [-Wreturn-type]
 5047 | });
      | ^
/home/shuai/git/rusty-cpp/.rusty-parity-matrix-nontoml-current/once_cell/runner.cpp: In function ‘void sync_lazy::lazy_new()’:
/home/shuai/git/rusty-cpp/.rusty-parity-matrix-nontoml-current/once_cell/runner.cpp:5138:70: warning: comparison of integer expressions of different signedness: ‘long unsigned int’ and ‘int’ [-Wsign-compare]
 5138 |                 if (!(rusty::detail::deref_if_pointer_like(left_val) == rusty::detail::deref_if_pointer_like(right_val))) {
      |                       ~~~~~~~~~~~~~~~~~~~~~~~~~~~~~~~~~~~~~~~~~~~~~~~^~~~~~~~~~~~~~~~~~~~~~~~~~~~~~~~~~~~~~~~~~~~~~~~~~
/home/shuai/git/rusty-cpp/.rusty-parity-matrix-nontoml-current/once_cell/runner.cpp: In instantiation of ‘sync_lazy::lazy_new()::<lambda(auto:78&&)> [with auto:78 = rusty::thread::Scope&]’:
/usr/include/c++/14/type_traits:2655:26:   required by substitution of ‘template<class _Fn, class ... _Args> static std::__result_of_success<decltype (declval<_Fn>()((declval<_Args>)()...)), std::__invoke_other> std::__result_of_other_impl::_S_test(int) [with _Fn = sync_lazy::lazy_new()::<lambda(auto:78&&)>; _Args = {rusty::thread::Scope&}]’
 2655 |       std::declval<_Fn>()(std::declval<_Args>()...)
      |       ~~~~~~~~~~~~~~~~~~~^~~~~~~~~~~~~~~~~~~~~~~~~~
/usr/include/c++/14/type_traits:2666:60:   required from ‘struct std::__result_of_impl<false, false, sync_lazy::lazy_new()::<lambda(auto:78&&)>, rusty::thread::Scope&>’
 2666 |       using type = decltype(_S_test<_Functor, _ArgTypes...>(0));
      |                             ~~~~~~~~~~~~~~~~~~~~~~~~~~~~~~~^~~
/usr/include/c++/14/type_traits:3174:12:   recursively required by substitution of ‘template<class _Result, class _Ret> struct std::__is_invocable_impl<_Result, _Ret, true, std::__void_t<typename _CTp::type> > [with _Result = std::__invoke_result<sync_lazy::lazy_new()::<lambda(auto:78&&)>, rusty::thread::Scope&>; _Ret = void]’
 3174 |     struct is_invocable
      |            ^~~~~~~~~~~~
/usr/include/c++/14/type_traits:3174:12:   required from ‘struct std::is_invocable<sync_lazy::lazy_new()::<lambda(auto:78&&)>, rusty::thread::Scope&>’
/usr/include/c++/14/type_traits:3538:71:   required from ‘constexpr const bool std::is_invocable_v<sync_lazy::lazy_new()::<lambda(auto:78&&)>, rusty::thread::Scope&>’
 3538 |   inline constexpr bool is_invocable_v = is_invocable<_Fn, _Args...>::value;
      |                                                                       ^~~~~
/usr/include/c++/14/concepts:360:25:   required by substitution of ‘template<class F>  requires  invocable<F, rusty::thread::Scope&> void rusty::thread::scope(F&&) [with F = sync_lazy::lazy_new()::<lambda(auto:78&&)>]’
  360 |     concept invocable = is_invocable_v<_Fn, _Args...>;
      |                         ^~~~~~~~~~~~~~~~~~~~~~~~~~~~~
/home/shuai/git/rusty-cpp/.rusty-parity-matrix-nontoml-current/once_cell/runner.cpp:5145:14:   required from here
 5145 |         scope([&](auto&& s) {
      |         ~~~~~^~~~~~~~~~~~~~~~
 5146 | s.spawn([&]() {
      | ~~~~~~~~~~~~~~~
 5147 | const auto y = *(x) - 30;
      | ~~~~~~~~~~~~~~~~~~~~~~~~~
 5148 | {
      | ~             
 5149 |     auto _m0 = &y;
      |     ~~~~~~~~~~~~~~
 5150 |     auto&& _m1_tmp = static_cast<int32_t>(62);
      |     ~~~~~~~~~~~~~~~~~~~~~~~~~~~~~~~~~~~~~~~~~~
 5151 |     auto _m1 = &_m1_tmp;
      |     ~~~~~~~~~~~~~~~~~~~~
 5152 |     auto _m_tuple = std::make_tuple(_m0, _m1);
      |     ~~~~~~~~~~~~~~~~~~~~~~~~~~~~~~~~~~~~~~~~~~
 5153 |     bool _m_matched = false;
      |     ~~~~~~~~~~~~~~~~~~~~~~~~
 5154 |     if (!_m_matched) {
      |     ~~~~~~~~~~~~~~~~~~
 5155 |         auto&& left_val = rusty::detail::deref_if_pointer(std::get<0>(rusty::detail::deref_if_pointer(_m_tuple)));
      |         ~~~~~~~~~~~~~~~~~~~~~~~~~~~~~~~~~~~~~~~~~~~~~~~~~~~~~~~~~~~~~~~~~~~~~~~~~~~~~~~~~~~~~~~~~~~~~~~~~~~~~~~~~~
 5156 |         auto&& right_val = rusty::detail::deref_if_pointer(std::get<1>(rusty::detail::deref_if_pointer(_m_tuple)));
      |         ~~~~~~~~~~~~~~~~~~~~~~~~~~~~~~~~~~~~~~~~~~~~~~~~~~~~~~~~~~~~~~~~~~~~~~~~~~~~~~~~~~~~~~~~~~~~~~~~~~~~~~~~~~~
 5157 |         if (!(rusty::detail::deref_if_pointer_like(left_val) == rusty::detail::deref_if_pointer_like(right_val))) {
      |         ~~~~~~~~~~~~~~~~~~~~~~~~~~~~~~~~~~~~~~~~~~~~~~~~~~~~~~~~~~~~~~~~~~~~~~~~~~~~~~~~~~~~~~~~~~~~~~~~~~~~~~~~~~~
 5158 |             const auto kind = rusty::panicking::AssertKind::Eq;
      |             ~~~~~~~~~~~~~~~~~~~~~~~~~~~~~~~~~~~~~~~~~~~~~~~~~~~
 5159 |             rusty::panicking::assert_failed(std::move(kind), rusty::detail::deref_if_pointer_like(left_val), rusty::detail::deref_if_pointer_like(right_val), rusty::None);
      |             ~~~~~~~~~~~~~~~~~~~~~~~~~~~~~~~~~~~~~~~~~~~~~~~~~~~~~~~~~~~~~~~~~~~~~~~~~~~~~~~~~~~~~~~~~~~~~~~~~~~~~~~~~~~~~~~~~~~~~~~~~~~~~~~~~~~~~~~~~~~~~~~~~~~~~~~~~~~~~~~
 5160 |         }
      |         ~     
 5161 |         _m_matched = true;
      |         ~~~~~~~~~~~~~~~~~~
 5162 |     }
      |     ~         
 5163 | }
      | ~             
 5164 | {
      | ~             
 5165 |     auto&& _m0_tmp = called.load(rusty::sync::atomic::Ordering::SeqCst);
      |     ~~~~~~~~~~~~~~~~~~~~~~~~~~~~~~~~~~~~~~~~~~~~~~~~~~~~~~~~~~~~~~~~~~~~
 5166 |     auto _m0 = &_m0_tmp;
      |     ~~~~~~~~~~~~~~~~~~~~
 5167 |     auto&& _m1_tmp = static_cast<int32_t>(1);
      |     ~~~~~~~~~~~~~~~~~~~~~~~~~~~~~~~~~~~~~~~~~
 5168 |     auto _m1 = &_m1_tmp;
      |     ~~~~~~~~~~~~~~~~~~~~
 5169 |     auto _m_tuple = std::make_tuple(_m0, _m1);
      |     ~~~~~~~~~~~~~~~~~~~~~~~~~~~~~~~~~~~~~~~~~~
 5170 |     bool _m_matched = false;
      |     ~~~~~~~~~~~~~~~~~~~~~~~~
 5171 |     if (!_m_matched) {
      |     ~~~~~~~~~~~~~~~~~~
 5172 |         auto&& left_val = rusty::detail::deref_if_pointer(std::get<0>(rusty::detail::deref_if_pointer(_m_tuple)));
      |         ~~~~~~~~~~~~~~~~~~~~~~~~~~~~~~~~~~~~~~~~~~~~~~~~~~~~~~~~~~~~~~~~~~~~~~~~~~~~~~~~~~~~~~~~~~~~~~~~~~~~~~~~~~
 5173 |         auto&& right_val = rusty::detail::deref_if_pointer(std::get<1>(rusty::detail::deref_if_pointer(_m_tuple)));
      |         ~~~~~~~~~~~~~~~~~~~~~~~~~~~~~~~~~~~~~~~~~~~~~~~~~~~~~~~~~~~~~~~~~~~~~~~~~~~~~~~~~~~~~~~~~~~~~~~~~~~~~~~~~~~
 5174 |         if (!(rusty::detail::deref_if_pointer_like(left_val) == rusty::detail::deref_if_pointer_like(right_val))) {
      |         ~~~~~~~~~~~~~~~~~~~~~~~~~~~~~~~~~~~~~~~~~~~~~~~~~~~~~~~~~~~~~~~~~~~~~~~~~~~~~~~~~~~~~~~~~~~~~~~~~~~~~~~~~~~
 5175 |             const auto kind = rusty::panicking::AssertKind::Eq;
      |             ~~~~~~~~~~~~~~~~~~~~~~~~~~~~~~~~~~~~~~~~~~~~~~~~~~~
 5176 |             rusty::panicking::assert_failed(std::move(kind), rusty::detail::deref_if_pointer_like(left_val), rusty::detail::deref_if_pointer_like(right_val), rusty::None);
      |             ~~~~~~~~~~~~~~~~~~~~~~~~~~~~~~~~~~~~~~~~~~~~~~~~~~~~~~~~~~~~~~~~~~~~~~~~~~~~~~~~~~~~~~~~~~~~~~~~~~~~~~~~~~~~~~~~~~~~~~~~~~~~~~~~~~~~~~~~~~~~~~~~~~~~~~~~~~~~~~~
 5177 |         }
      |         ~     
 5178 |         _m_matched = true;
      |         ~~~~~~~~~~~~~~~~~~
 5179 |     }
      |     ~         
 5180 | }
      | ~             
 5181 | });
      | ~~~           
 5182 | });
      | ~~            
/home/shuai/git/rusty-cpp/.rusty-parity-matrix-nontoml-current/once_cell/runner.cpp:5174:62: warning: comparison of integer expressions of different signedness: ‘long unsigned int’ and ‘int’ [-Wsign-compare]
 5174 |         if (!(rusty::detail::deref_if_pointer_like(left_val) == rusty::detail::deref_if_pointer_like(right_val))) {
      |              ~~~~~~~~~~~~~~~~~~~~~~~~~~~~~~~~~~~~~~~~~~~~~~~~^~~~~~~~~~~~~~~~~~~~~~~~~~~~~~~~~~~~~~~~~~~~~~~~~~~
/home/shuai/git/rusty-cpp/.rusty-parity-matrix-nontoml-current/once_cell/runner.cpp:5210:70: warning: comparison of integer expressions of different signedness: ‘long unsigned int’ and ‘int’ [-Wsign-compare]
 5210 |                 if (!(rusty::detail::deref_if_pointer_like(left_val) == rusty::detail::deref_if_pointer_like(right_val))) {
      |                       ~~~~~~~~~~~~~~~~~~~~~~~~~~~~~~~~~~~~~~~~~~~~~~~^~~~~~~~~~~~~~~~~~~~~~~~~~~~~~~~~~~~~~~~~~~~~~~~~~
/home/shuai/git/rusty-cpp/.rusty-parity-matrix-nontoml-current/once_cell/runner.cpp: In function ‘void sync_lazy::lazy_deref_mut()’:
/home/shuai/git/rusty-cpp/.rusty-parity-matrix-nontoml-current/once_cell/runner.cpp:5235:70: warning: comparison of integer expressions of different signedness: ‘long unsigned int’ and ‘int’ [-Wsign-compare]
 5235 |                 if (!(rusty::detail::deref_if_pointer_like(left_val) == rusty::detail::deref_if_pointer_like(right_val))) {
      |                       ~~~~~~~~~~~~~~~~~~~~~~~~~~~~~~~~~~~~~~~~~~~~~~~^~~~~~~~~~~~~~~~~~~~~~~~~~~~~~~~~~~~~~~~~~~~~~~~~~
/home/shuai/git/rusty-cpp/.rusty-parity-matrix-nontoml-current/once_cell/runner.cpp:5269:70: warning: comparison of integer expressions of different signedness: ‘long unsigned int’ and ‘int’ [-Wsign-compare]
 5269 |                 if (!(rusty::detail::deref_if_pointer_like(left_val) == rusty::detail::deref_if_pointer_like(right_val))) {
      |                       ~~~~~~~~~~~~~~~~~~~~~~~~~~~~~~~~~~~~~~~~~~~~~~~^~~~~~~~~~~~~~~~~~~~~~~~~~~~~~~~~~~~~~~~~~~~~~~~~~
/home/shuai/git/rusty-cpp/.rusty-parity-matrix-nontoml-current/once_cell/runner.cpp:5304:70: warning: comparison of integer expressions of different signedness: ‘long unsigned int’ and ‘int’ [-Wsign-compare]
 5304 |                 if (!(rusty::detail::deref_if_pointer_like(left_val) == rusty::detail::deref_if_pointer_like(right_val))) {
      |                       ~~~~~~~~~~~~~~~~~~~~~~~~~~~~~~~~~~~~~~~~~~~~~~~^~~~~~~~~~~~~~~~~~~~~~~~~~~~~~~~~~~~~~~~~~~~~~~~~~
/home/shuai/git/rusty-cpp/.rusty-parity-matrix-nontoml-current/once_cell/runner.cpp: In function ‘void sync_lazy::lazy_get_mut()’:
/home/shuai/git/rusty-cpp/.rusty-parity-matrix-nontoml-current/once_cell/runner.cpp:5424:70: warning: comparison of integer expressions of different signedness: ‘unsigned int’ and ‘int’ [-Wsign-compare]
 5424 |                 if (!(rusty::detail::deref_if_pointer_like(left_val) == rusty::detail::deref_if_pointer_like(right_val))) {
      |                       ~~~~~~~~~~~~~~~~~~~~~~~~~~~~~~~~~~~~~~~~~~~~~~~^~~~~~~~~~~~~~~~~~~~~~~~~~~~~~~~~~~~~~~~~~~~~~~~~~
/home/shuai/git/rusty-cpp/.rusty-parity-matrix-nontoml-current/once_cell/runner.cpp:5460:70: warning: comparison of integer expressions of different signedness: ‘unsigned int’ and ‘int’ [-Wsign-compare]
 5460 |                 if (!(rusty::detail::deref_if_pointer_like(left_val) == rusty::detail::deref_if_pointer_like(right_val))) {
      |                       ~~~~~~~~~~~~~~~~~~~~~~~~~~~~~~~~~~~~~~~~~~~~~~~^~~~~~~~~~~~~~~~~~~~~~~~~~~~~~~~~~~~~~~~~~~~~~~~~~
/home/shuai/git/rusty-cpp/.rusty-parity-matrix-nontoml-current/once_cell/runner.cpp: In function ‘void sync_lazy::lazy_default()’:
/home/shuai/git/rusty-cpp/.rusty-parity-matrix-nontoml-current/once_cell/runner.cpp:5508:70: warning: comparison of integer expressions of different signedness: ‘long unsigned int’ and ‘int’ [-Wsign-compare]
 5508 |                 if (!(rusty::detail::deref_if_pointer_like(left_val) == rusty::detail::deref_if_pointer_like(right_val))) {
      |                       ~~~~~~~~~~~~~~~~~~~~~~~~~~~~~~~~~~~~~~~~~~~~~~~^~~~~~~~~~~~~~~~~~~~~~~~~~~~~~~~~~~~~~~~~~~~~~~~~~
/home/shuai/git/rusty-cpp/.rusty-parity-matrix-nontoml-current/once_cell/runner.cpp:5542:70: warning: comparison of integer expressions of different signedness: ‘long unsigned int’ and ‘int’ [-Wsign-compare]
 5542 |                 if (!(rusty::detail::deref_if_pointer_like(left_val) == rusty::detail::deref_if_pointer_like(right_val))) {
      |                       ~~~~~~~~~~~~~~~~~~~~~~~~~~~~~~~~~~~~~~~~~~~~~~~^~~~~~~~~~~~~~~~~~~~~~~~~~~~~~~~~~~~~~~~~~~~~~~~~~
/home/shuai/git/rusty-cpp/.rusty-parity-matrix-nontoml-current/once_cell/runner.cpp:5577:70: warning: comparison of integer expressions of different signedness: ‘long unsigned int’ and ‘int’ [-Wsign-compare]
 5577 |                 if (!(rusty::detail::deref_if_pointer_like(left_val) == rusty::detail::deref_if_pointer_like(right_val))) {
      |                       ~~~~~~~~~~~~~~~~~~~~~~~~~~~~~~~~~~~~~~~~~~~~~~~^~~~~~~~~~~~~~~~~~~~~~~~~~~~~~~~~~~~~~~~~~~~~~~~~~
/home/shuai/git/rusty-cpp/.rusty-parity-matrix-nontoml-current/once_cell/runner.cpp: In lambda function:
/home/shuai/git/rusty-cpp/.rusty-parity-matrix-nontoml-current/once_cell/runner.cpp:5665:130: warning: no return statement in function returning non-void [-Wreturn-type]
 5665 |         auto l = sync::Lazy<int32_t>::new_([&]() -> int32_t { [&]() -> int32_t { rusty::panicking::panic("explicit panic"); }(); });
      |                                                                                                                                  ^
/home/shuai/git/rusty-cpp/.rusty-parity-matrix-nontoml-current/once_cell/runner.cpp: In lambda function:
/home/shuai/git/rusty-cpp/.rusty-parity-matrix-nontoml-current/once_cell/runner.cpp:5681:1: warning: no return statement in function returning non-void [-Wreturn-type]
 5681 | });
      | ^
/home/shuai/git/rusty-cpp/.rusty-parity-matrix-nontoml-current/once_cell/runner.cpp: In instantiation of ‘race::once_non_zero_usize_smoke_test()::<lambda(auto:80&&)> [with auto:80 = rusty::thread::Scope&]’:
/usr/include/c++/14/type_traits:2655:26:   required by substitution of ‘template<class _Fn, class ... _Args> static std::__result_of_success<decltype (declval<_Fn>()((declval<_Args>)()...)), std::__invoke_other> std::__result_of_other_impl::_S_test(int) [with _Fn = race::once_non_zero_usize_smoke_test()::<lambda(auto:80&&)>; _Args = {rusty::thread::Scope&}]’
 2655 |       std::declval<_Fn>()(std::declval<_Args>()...)
      |       ~~~~~~~~~~~~~~~~~~~^~~~~~~~~~~~~~~~~~~~~~~~~~
/usr/include/c++/14/type_traits:2666:60:   required from ‘struct std::__result_of_impl<false, false, race::once_non_zero_usize_smoke_test()::<lambda(auto:80&&)>, rusty::thread::Scope&>’
 2666 |       using type = decltype(_S_test<_Functor, _ArgTypes...>(0));
      |                             ~~~~~~~~~~~~~~~~~~~~~~~~~~~~~~~^~~
/usr/include/c++/14/type_traits:3174:12:   recursively required by substitution of ‘template<class _Result, class _Ret> struct std::__is_invocable_impl<_Result, _Ret, true, std::__void_t<typename _CTp::type> > [with _Result = std::__invoke_result<race::once_non_zero_usize_smoke_test()::<lambda(auto:80&&)>, rusty::thread::Scope&>; _Ret = void]’
 3174 |     struct is_invocable
      |            ^~~~~~~~~~~~
/usr/include/c++/14/type_traits:3174:12:   required from ‘struct std::is_invocable<race::once_non_zero_usize_smoke_test()::<lambda(auto:80&&)>, rusty::thread::Scope&>’
/usr/include/c++/14/type_traits:3538:71:   required from ‘constexpr const bool std::is_invocable_v<race::once_non_zero_usize_smoke_test()::<lambda(auto:80&&)>, rusty::thread::Scope&>’
 3538 |   inline constexpr bool is_invocable_v = is_invocable<_Fn, _Args...>::value;
      |                                                                       ^~~~~
/usr/include/c++/14/concepts:360:25:   required by substitution of ‘template<class F>  requires  invocable<F, rusty::thread::Scope&> void rusty::thread::scope(F&&) [with F = race::once_non_zero_usize_smoke_test()::<lambda(auto:80&&)>]’
  360 |     concept invocable = is_invocable_v<_Fn, _Args...>;
      |                         ^~~~~~~~~~~~~~~~~~~~~~~~~~~~~
/home/shuai/git/rusty-cpp/.rusty-parity-matrix-nontoml-current/once_cell/runner.cpp:5761:14:   required from here
 5761 |         scope([&](auto&& s) {
      |         ~~~~~^~~~~~~~~~~~~~~~
 5762 | s.spawn([&]() {
      | ~~~~~~~~~~~~~~~
 5763 | {
      | ~             
 5764 |     auto&& _m0_tmp = cell.get_or_init([&]() {
      |     ~~~~~~~~~~~~~~~~~~~~~~~~~~~~~~~~~~~~~~~~~
 5765 | cnt.fetch_add(1, rusty::sync::atomic::Ordering::SeqCst);
      | ~~~~~~~~~~~~~~~~~~~~~~~~~~~~~~~~~~~~~~~~~~~~~~~~~~~~~~~~
 5766 | return val;
      | ~~~~~~~~~~~   
 5767 | });
      | ~~~           
 5768 |     auto _m0 = &_m0_tmp;
      |     ~~~~~~~~~~~~~~~~~~~~
 5769 |     auto _m1 = &val;
      |     ~~~~~~~~~~~~~~~~
 5770 |     auto _m_tuple = std::make_tuple(_m0, _m1);
      |     ~~~~~~~~~~~~~~~~~~~~~~~~~~~~~~~~~~~~~~~~~~
 5771 |     bool _m_matched = false;
      |     ~~~~~~~~~~~~~~~~~~~~~~~~
 5772 |     if (!_m_matched) {
      |     ~~~~~~~~~~~~~~~~~~
 5773 |         auto&& left_val = rusty::detail::deref_if_pointer(std::get<0>(rusty::detail::deref_if_pointer(_m_tuple)));
      |         ~~~~~~~~~~~~~~~~~~~~~~~~~~~~~~~~~~~~~~~~~~~~~~~~~~~~~~~~~~~~~~~~~~~~~~~~~~~~~~~~~~~~~~~~~~~~~~~~~~~~~~~~~~
 5774 |         auto&& right_val = rusty::detail::deref_if_pointer(std::get<1>(rusty::detail::deref_if_pointer(_m_tuple)));
      |         ~~~~~~~~~~~~~~~~~~~~~~~~~~~~~~~~~~~~~~~~~~~~~~~~~~~~~~~~~~~~~~~~~~~~~~~~~~~~~~~~~~~~~~~~~~~~~~~~~~~~~~~~~~~
 5775 |         if (!(rusty::detail::deref_if_pointer_like(left_val) == rusty::detail::deref_if_pointer_like(right_val))) {
      |         ~~~~~~~~~~~~~~~~~~~~~~~~~~~~~~~~~~~~~~~~~~~~~~~~~~~~~~~~~~~~~~~~~~~~~~~~~~~~~~~~~~~~~~~~~~~~~~~~~~~~~~~~~~~
 5776 |             const auto kind = rusty::panicking::AssertKind::Eq;
      |             ~~~~~~~~~~~~~~~~~~~~~~~~~~~~~~~~~~~~~~~~~~~~~~~~~~~
 5777 |             rusty::panicking::assert_failed(std::move(kind), rusty::detail::deref_if_pointer_like(left_val), rusty::detail::deref_if_pointer_like(right_val), rusty::None);
      |             ~~~~~~~~~~~~~~~~~~~~~~~~~~~~~~~~~~~~~~~~~~~~~~~~~~~~~~~~~~~~~~~~~~~~~~~~~~~~~~~~~~~~~~~~~~~~~~~~~~~~~~~~~~~~~~~~~~~~~~~~~~~~~~~~~~~~~~~~~~~~~~~~~~~~~~~~~~~~~~~
 5778 |         }
      |         ~     
 5779 |         _m_matched = true;
      |         ~~~~~~~~~~~~~~~~~~
 5780 |     }
      |     ~         
 5781 | }
      | ~             
 5782 | {
      | ~             
 5783 |     auto&& _m0_tmp = cnt.load(rusty::sync::atomic::Ordering::SeqCst);
      |     ~~~~~~~~~~~~~~~~~~~~~~~~~~~~~~~~~~~~~~~~~~~~~~~~~~~~~~~~~~~~~~~~~
 5784 |     auto _m0 = &_m0_tmp;
      |     ~~~~~~~~~~~~~~~~~~~~
 5785 |     auto&& _m1_tmp = static_cast<int32_t>(1);
      |     ~~~~~~~~~~~~~~~~~~~~~~~~~~~~~~~~~~~~~~~~~
 5786 |     auto _m1 = &_m1_tmp;
      |     ~~~~~~~~~~~~~~~~~~~~
 5787 |     auto _m_tuple = std::make_tuple(_m0, _m1);
      |     ~~~~~~~~~~~~~~~~~~~~~~~~~~~~~~~~~~~~~~~~~~
 5788 |     bool _m_matched = false;
      |     ~~~~~~~~~~~~~~~~~~~~~~~~
 5789 |     if (!_m_matched) {
      |     ~~~~~~~~~~~~~~~~~~
 5790 |         auto&& left_val = rusty::detail::deref_if_pointer(std::get<0>(rusty::detail::deref_if_pointer(_m_tuple)));
      |         ~~~~~~~~~~~~~~~~~~~~~~~~~~~~~~~~~~~~~~~~~~~~~~~~~~~~~~~~~~~~~~~~~~~~~~~~~~~~~~~~~~~~~~~~~~~~~~~~~~~~~~~~~~
 5791 |         auto&& right_val = rusty::detail::deref_if_pointer(std::get<1>(rusty::detail::deref_if_pointer(_m_tuple)));
      |         ~~~~~~~~~~~~~~~~~~~~~~~~~~~~~~~~~~~~~~~~~~~~~~~~~~~~~~~~~~~~~~~~~~~~~~~~~~~~~~~~~~~~~~~~~~~~~~~~~~~~~~~~~~~
 5792 |         if (!(rusty::detail::deref_if_pointer_like(left_val) == rusty::detail::deref_if_pointer_like(right_val))) {
      |         ~~~~~~~~~~~~~~~~~~~~~~~~~~~~~~~~~~~~~~~~~~~~~~~~~~~~~~~~~~~~~~~~~~~~~~~~~~~~~~~~~~~~~~~~~~~~~~~~~~~~~~~~~~~
 5793 |             const auto kind = rusty::panicking::AssertKind::Eq;
      |             ~~~~~~~~~~~~~~~~~~~~~~~~~~~~~~~~~~~~~~~~~~~~~~~~~~~
 5794 |             rusty::panicking::assert_failed(std::move(kind), rusty::detail::deref_if_pointer_like(left_val), rusty::detail::deref_if_pointer_like(right_val), rusty::None);
      |             ~~~~~~~~~~~~~~~~~~~~~~~~~~~~~~~~~~~~~~~~~~~~~~~~~~~~~~~~~~~~~~~~~~~~~~~~~~~~~~~~~~~~~~~~~~~~~~~~~~~~~~~~~~~~~~~~~~~~~~~~~~~~~~~~~~~~~~~~~~~~~~~~~~~~~~~~~~~~~~~
 5795 |         }
      |         ~     
 5796 |         _m_matched = true;
      |         ~~~~~~~~~~~~~~~~~~
 5797 |     }
      |     ~         
 5798 | }
      | ~             
 5799 | {
      | ~             
 5800 |     auto&& _m0_tmp = cell.get_or_init([&]() {
      |     ~~~~~~~~~~~~~~~~~~~~~~~~~~~~~~~~~~~~~~~~~
 5801 | cnt.fetch_add(1, rusty::sync::atomic::Ordering::SeqCst);
      | ~~~~~~~~~~~~~~~~~~~~~~~~~~~~~~~~~~~~~~~~~~~~~~~~~~~~~~~~
 5802 | return val;
      | ~~~~~~~~~~~   
 5803 | });
      | ~~~           
 5804 |     auto _m0 = &_m0_tmp;
      |     ~~~~~~~~~~~~~~~~~~~~
 5805 |     auto _m1 = &val;
      |     ~~~~~~~~~~~~~~~~
 5806 |     auto _m_tuple = std::make_tuple(_m0, _m1);
      |     ~~~~~~~~~~~~~~~~~~~~~~~~~~~~~~~~~~~~~~~~~~
 5807 |     bool _m_matched = false;
      |     ~~~~~~~~~~~~~~~~~~~~~~~~
 5808 |     if (!_m_matched) {
      |     ~~~~~~~~~~~~~~~~~~
 5809 |         auto&& left_val = rusty::detail::deref_if_pointer(std::get<0>(rusty::detail::deref_if_pointer(_m_tuple)));
      |         ~~~~~~~~~~~~~~~~~~~~~~~~~~~~~~~~~~~~~~~~~~~~~~~~~~~~~~~~~~~~~~~~~~~~~~~~~~~~~~~~~~~~~~~~~~~~~~~~~~~~~~~~~~
 5810 |         auto&& right_val = rusty::detail::deref_if_pointer(std::get<1>(rusty::detail::deref_if_pointer(_m_tuple)));
      |         ~~~~~~~~~~~~~~~~~~~~~~~~~~~~~~~~~~~~~~~~~~~~~~~~~~~~~~~~~~~~~~~~~~~~~~~~~~~~~~~~~~~~~~~~~~~~~~~~~~~~~~~~~~~
 5811 |         if (!(rusty::detail::deref_if_pointer_like(left_val) == rusty::detail::deref_if_pointer_like(right_val))) {
      |         ~~~~~~~~~~~~~~~~~~~~~~~~~~~~~~~~~~~~~~~~~~~~~~~~~~~~~~~~~~~~~~~~~~~~~~~~~~~~~~~~~~~~~~~~~~~~~~~~~~~~~~~~~~~
 5812 |             const auto kind = rusty::panicking::AssertKind::Eq;
      |             ~~~~~~~~~~~~~~~~~~~~~~~~~~~~~~~~~~~~~~~~~~~~~~~~~~~
 5813 |             rusty::panicking::assert_failed(std::move(kind), rusty::detail::deref_if_pointer_like(left_val), rusty::detail::deref_if_pointer_like(right_val), rusty::None);
      |             ~~~~~~~~~~~~~~~~~~~~~~~~~~~~~~~~~~~~~~~~~~~~~~~~~~~~~~~~~~~~~~~~~~~~~~~~~~~~~~~~~~~~~~~~~~~~~~~~~~~~~~~~~~~~~~~~~~~~~~~~~~~~~~~~~~~~~~~~~~~~~~~~~~~~~~~~~~~~~~~
 5814 |         }
      |         ~     
 5815 |         _m_matched = true;
      |         ~~~~~~~~~~~~~~~~~~
 5816 |     }
      |     ~         
 5817 | }
      | ~             
 5818 | {
      | ~             
 5819 |     auto&& _m0_tmp = cnt.load(rusty::sync::atomic::Ordering::SeqCst);
      |     ~~~~~~~~~~~~~~~~~~~~~~~~~~~~~~~~~~~~~~~~~~~~~~~~~~~~~~~~~~~~~~~~~
 5820 |     auto _m0 = &_m0_tmp;
      |     ~~~~~~~~~~~~~~~~~~~~
 5821 |     auto&& _m1_tmp = static_cast<int32_t>(1);
      |     ~~~~~~~~~~~~~~~~~~~~~~~~~~~~~~~~~~~~~~~~~
 5822 |     auto _m1 = &_m1_tmp;
      |     ~~~~~~~~~~~~~~~~~~~~
 5823 |     auto _m_tuple = std::make_tuple(_m0, _m1);
      |     ~~~~~~~~~~~~~~~~~~~~~~~~~~~~~~~~~~~~~~~~~~
 5824 |     bool _m_matched = false;
      |     ~~~~~~~~~~~~~~~~~~~~~~~~
 5825 |     if (!_m_matched) {
      |     ~~~~~~~~~~~~~~~~~~
 5826 |         auto&& left_val = rusty::detail::deref_if_pointer(std::get<0>(rusty::detail::deref_if_pointer(_m_tuple)));
      |         ~~~~~~~~~~~~~~~~~~~~~~~~~~~~~~~~~~~~~~~~~~~~~~~~~~~~~~~~~~~~~~~~~~~~~~~~~~~~~~~~~~~~~~~~~~~~~~~~~~~~~~~~~~
 5827 |         auto&& right_val = rusty::detail::deref_if_pointer(std::get<1>(rusty::detail::deref_if_pointer(_m_tuple)));
      |         ~~~~~~~~~~~~~~~~~~~~~~~~~~~~~~~~~~~~~~~~~~~~~~~~~~~~~~~~~~~~~~~~~~~~~~~~~~~~~~~~~~~~~~~~~~~~~~~~~~~~~~~~~~~
 5828 |         if (!(rusty::detail::deref_if_pointer_like(left_val) == rusty::detail::deref_if_pointer_like(right_val))) {
      |         ~~~~~~~~~~~~~~~~~~~~~~~~~~~~~~~~~~~~~~~~~~~~~~~~~~~~~~~~~~~~~~~~~~~~~~~~~~~~~~~~~~~~~~~~~~~~~~~~~~~~~~~~~~~
 5829 |             const auto kind = rusty::panicking::AssertKind::Eq;
      |             ~~~~~~~~~~~~~~~~~~~~~~~~~~~~~~~~~~~~~~~~~~~~~~~~~~~
 5830 |             rusty::panicking::assert_failed(std::move(kind), rusty::detail::deref_if_pointer_like(left_val), rusty::detail::deref_if_pointer_like(right_val), rusty::None);
      |             ~~~~~~~~~~~~~~~~~~~~~~~~~~~~~~~~~~~~~~~~~~~~~~~~~~~~~~~~~~~~~~~~~~~~~~~~~~~~~~~~~~~~~~~~~~~~~~~~~~~~~~~~~~~~~~~~~~~~~~~~~~~~~~~~~~~~~~~~~~~~~~~~~~~~~~~~~~~~~~~
 5831 |         }
      |         ~     
 5832 |         _m_matched = true;
      |         ~~~~~~~~~~~~~~~~~~
 5833 |     }
      |     ~         
 5834 | }
      | ~             
 5835 | });
      | ~~~           
 5836 | });
      | ~~            
/home/shuai/git/rusty-cpp/.rusty-parity-matrix-nontoml-current/once_cell/runner.cpp:5792:62: warning: comparison of integer expressions of different signedness: ‘long unsigned int’ and ‘int’ [-Wsign-compare]
 5792 |         if (!(rusty::detail::deref_if_pointer_like(left_val) == rusty::detail::deref_if_pointer_like(right_val))) {
      |              ~~~~~~~~~~~~~~~~~~~~~~~~~~~~~~~~~~~~~~~~~~~~~~~~^~~~~~~~~~~~~~~~~~~~~~~~~~~~~~~~~~~~~~~~~~~~~~~~~~~
/home/shuai/git/rusty-cpp/.rusty-parity-matrix-nontoml-current/once_cell/runner.cpp:5828:62: warning: comparison of integer expressions of different signedness: ‘long unsigned int’ and ‘int’ [-Wsign-compare]
 5828 |         if (!(rusty::detail::deref_if_pointer_like(left_val) == rusty::detail::deref_if_pointer_like(right_val))) {
      |              ~~~~~~~~~~~~~~~~~~~~~~~~~~~~~~~~~~~~~~~~~~~~~~~~^~~~~~~~~~~~~~~~~~~~~~~~~~~~~~~~~~~~~~~~~~~~~~~~~~~
/home/shuai/git/rusty-cpp/.rusty-parity-matrix-nontoml-current/once_cell/runner.cpp: In function ‘void race::once_non_zero_usize_smoke_test()’:
/home/shuai/git/rusty-cpp/.rusty-parity-matrix-nontoml-current/once_cell/runner.cpp:5864:70: warning: comparison of integer expressions of different signedness: ‘long unsigned int’ and ‘int’ [-Wsign-compare]
 5864 |                 if (!(rusty::detail::deref_if_pointer_like(left_val) == rusty::detail::deref_if_pointer_like(right_val))) {
      |                       ~~~~~~~~~~~~~~~~~~~~~~~~~~~~~~~~~~~~~~~~~~~~~~~^~~~~~~~~~~~~~~~~~~~~~~~~~~~~~~~~~~~~~~~~~~~~~~~~~
/home/shuai/git/rusty-cpp/.rusty-parity-matrix-nontoml-current/once_cell/runner.cpp: In instantiation of ‘race::once_bool_smoke_test()::<lambda(auto:82&&)> [with auto:82 = rusty::thread::Scope&]’:
/usr/include/c++/14/type_traits:2655:26:   required by substitution of ‘template<class _Fn, class ... _Args> static std::__result_of_success<decltype (declval<_Fn>()((declval<_Args>)()...)), std::__invoke_other> std::__result_of_other_impl::_S_test(int) [with _Fn = race::once_bool_smoke_test()::<lambda(auto:82&&)>; _Args = {rusty::thread::Scope&}]’
 2655 |       std::declval<_Fn>()(std::declval<_Args>()...)
      |       ~~~~~~~~~~~~~~~~~~~^~~~~~~~~~~~~~~~~~~~~~~~~~
/usr/include/c++/14/type_traits:2666:60:   required from ‘struct std::__result_of_impl<false, false, race::once_bool_smoke_test()::<lambda(auto:82&&)>, rusty::thread::Scope&>’
 2666 |       using type = decltype(_S_test<_Functor, _ArgTypes...>(0));
      |                             ~~~~~~~~~~~~~~~~~~~~~~~~~~~~~~~^~~
/usr/include/c++/14/type_traits:3174:12:   recursively required by substitution of ‘template<class _Result, class _Ret> struct std::__is_invocable_impl<_Result, _Ret, true, std::__void_t<typename _CTp::type> > [with _Result = std::__invoke_result<race::once_bool_smoke_test()::<lambda(auto:82&&)>, rusty::thread::Scope&>; _Ret = void]’
 3174 |     struct is_invocable
      |            ^~~~~~~~~~~~
/usr/include/c++/14/type_traits:3174:12:   required from ‘struct std::is_invocable<race::once_bool_smoke_test()::<lambda(auto:82&&)>, rusty::thread::Scope&>’
/usr/include/c++/14/type_traits:3538:71:   required from ‘constexpr const bool std::is_invocable_v<race::once_bool_smoke_test()::<lambda(auto:82&&)>, rusty::thread::Scope&>’
 3538 |   inline constexpr bool is_invocable_v = is_invocable<_Fn, _Args...>::value;
      |                                                                       ^~~~~
/usr/include/c++/14/concepts:360:25:   required by substitution of ‘template<class F>  requires  invocable<F, rusty::thread::Scope&> void rusty::thread::scope(F&&) [with F = race::once_bool_smoke_test()::<lambda(auto:82&&)>]’
  360 |     concept invocable = is_invocable_v<_Fn, _Args...>;
      |                         ^~~~~~~~~~~~~~~~~~~~~~~~~~~~~
/home/shuai/git/rusty-cpp/.rusty-parity-matrix-nontoml-current/once_cell/runner.cpp:5996:14:   required from here
 5996 |         scope([&](auto&& s) {
      |         ~~~~~^~~~~~~~~~~~~~~~
 5997 | s.spawn([&]() {
      | ~~~~~~~~~~~~~~~
 5998 | {
      | ~             
 5999 |     auto&& _m0_tmp = cell.get_or_init([&]() {
      |     ~~~~~~~~~~~~~~~~~~~~~~~~~~~~~~~~~~~~~~~~~
 6000 | cnt.fetch_add(1, rusty::sync::atomic::Ordering::SeqCst);
      | ~~~~~~~~~~~~~~~~~~~~~~~~~~~~~~~~~~~~~~~~~~~~~~~~~~~~~~~~
 6001 | return false;
      | ~~~~~~~~~~~~~ 
 6002 | });
      | ~~~           
 6003 |     auto _m0 = &_m0_tmp;
      |     ~~~~~~~~~~~~~~~~~~~~
 6004 |     auto&& _m1_tmp = false;
      |     ~~~~~~~~~~~~~~~~~~~~~~~
 6005 |     auto _m1 = &_m1_tmp;
      |     ~~~~~~~~~~~~~~~~~~~~
 6006 |     auto _m_tuple = std::make_tuple(_m0, _m1);
      |     ~~~~~~~~~~~~~~~~~~~~~~~~~~~~~~~~~~~~~~~~~~
 6007 |     bool _m_matched = false;
      |     ~~~~~~~~~~~~~~~~~~~~~~~~
 6008 |     if (!_m_matched) {
      |     ~~~~~~~~~~~~~~~~~~
 6009 |         auto&& left_val = rusty::detail::deref_if_pointer(std::get<0>(rusty::detail::deref_if_pointer(_m_tuple)));
      |         ~~~~~~~~~~~~~~~~~~~~~~~~~~~~~~~~~~~~~~~~~~~~~~~~~~~~~~~~~~~~~~~~~~~~~~~~~~~~~~~~~~~~~~~~~~~~~~~~~~~~~~~~~~
 6010 |         auto&& right_val = rusty::detail::deref_if_pointer(std::get<1>(rusty::detail::deref_if_pointer(_m_tuple)));
      |         ~~~~~~~~~~~~~~~~~~~~~~~~~~~~~~~~~~~~~~~~~~~~~~~~~~~~~~~~~~~~~~~~~~~~~~~~~~~~~~~~~~~~~~~~~~~~~~~~~~~~~~~~~~~
 6011 |         if (!(rusty::detail::deref_if_pointer_like(left_val) == rusty::detail::deref_if_pointer_like(right_val))) {
      |         ~~~~~~~~~~~~~~~~~~~~~~~~~~~~~~~~~~~~~~~~~~~~~~~~~~~~~~~~~~~~~~~~~~~~~~~~~~~~~~~~~~~~~~~~~~~~~~~~~~~~~~~~~~~
 6012 |             const auto kind = rusty::panicking::AssertKind::Eq;
      |             ~~~~~~~~~~~~~~~~~~~~~~~~~~~~~~~~~~~~~~~~~~~~~~~~~~~
 6013 |             rusty::panicking::assert_failed(std::move(kind), rusty::detail::deref_if_pointer_like(left_val), rusty::detail::deref_if_pointer_like(right_val), rusty::None);
      |             ~~~~~~~~~~~~~~~~~~~~~~~~~~~~~~~~~~~~~~~~~~~~~~~~~~~~~~~~~~~~~~~~~~~~~~~~~~~~~~~~~~~~~~~~~~~~~~~~~~~~~~~~~~~~~~~~~~~~~~~~~~~~~~~~~~~~~~~~~~~~~~~~~~~~~~~~~~~~~~~
 6014 |         }
      |         ~     
 6015 |         _m_matched = true;
      |         ~~~~~~~~~~~~~~~~~~
 6016 |     }
      |     ~         
 6017 | }
      | ~             
 6018 | {
      | ~             
 6019 |     auto&& _m0_tmp = cnt.load(rusty::sync::atomic::Ordering::SeqCst);
      |     ~~~~~~~~~~~~~~~~~~~~~~~~~~~~~~~~~~~~~~~~~~~~~~~~~~~~~~~~~~~~~~~~~
 6020 |     auto _m0 = &_m0_tmp;
      |     ~~~~~~~~~~~~~~~~~~~~
 6021 |     auto&& _m1_tmp = static_cast<int32_t>(1);
      |     ~~~~~~~~~~~~~~~~~~~~~~~~~~~~~~~~~~~~~~~~~
 6022 |     auto _m1 = &_m1_tmp;
      |     ~~~~~~~~~~~~~~~~~~~~
 6023 |     auto _m_tuple = std::make_tuple(_m0, _m1);
      |     ~~~~~~~~~~~~~~~~~~~~~~~~~~~~~~~~~~~~~~~~~~
 6024 |     bool _m_matched = false;
      |     ~~~~~~~~~~~~~~~~~~~~~~~~
 6025 |     if (!_m_matched) {
      |     ~~~~~~~~~~~~~~~~~~
 6026 |         auto&& left_val = rusty::detail::deref_if_pointer(std::get<0>(rusty::detail::deref_if_pointer(_m_tuple)));
      |         ~~~~~~~~~~~~~~~~~~~~~~~~~~~~~~~~~~~~~~~~~~~~~~~~~~~~~~~~~~~~~~~~~~~~~~~~~~~~~~~~~~~~~~~~~~~~~~~~~~~~~~~~~~
 6027 |         auto&& right_val = rusty::detail::deref_if_pointer(std::get<1>(rusty::detail::deref_if_pointer(_m_tuple)));
      |         ~~~~~~~~~~~~~~~~~~~~~~~~~~~~~~~~~~~~~~~~~~~~~~~~~~~~~~~~~~~~~~~~~~~~~~~~~~~~~~~~~~~~~~~~~~~~~~~~~~~~~~~~~~~
 6028 |         if (!(rusty::detail::deref_if_pointer_like(left_val) == rusty::detail::deref_if_pointer_like(right_val))) {
      |         ~~~~~~~~~~~~~~~~~~~~~~~~~~~~~~~~~~~~~~~~~~~~~~~~~~~~~~~~~~~~~~~~~~~~~~~~~~~~~~~~~~~~~~~~~~~~~~~~~~~~~~~~~~~
 6029 |             const auto kind = rusty::panicking::AssertKind::Eq;
      |             ~~~~~~~~~~~~~~~~~~~~~~~~~~~~~~~~~~~~~~~~~~~~~~~~~~~
 6030 |             rusty::panicking::assert_failed(std::move(kind), rusty::detail::deref_if_pointer_like(left_val), rusty::detail::deref_if_pointer_like(right_val), rusty::None);
      |             ~~~~~~~~~~~~~~~~~~~~~~~~~~~~~~~~~~~~~~~~~~~~~~~~~~~~~~~~~~~~~~~~~~~~~~~~~~~~~~~~~~~~~~~~~~~~~~~~~~~~~~~~~~~~~~~~~~~~~~~~~~~~~~~~~~~~~~~~~~~~~~~~~~~~~~~~~~~~~~~
 6031 |         }
      |         ~     
 6032 |         _m_matched = true;
      |         ~~~~~~~~~~~~~~~~~~
 6033 |     }
      |     ~         
 6034 | }
      | ~             
 6035 | {
      | ~             
 6036 |     auto&& _m0_tmp = cell.get_or_init([&]() {
      |     ~~~~~~~~~~~~~~~~~~~~~~~~~~~~~~~~~~~~~~~~~
 6037 | cnt.fetch_add(1, rusty::sync::atomic::Ordering::SeqCst);
      | ~~~~~~~~~~~~~~~~~~~~~~~~~~~~~~~~~~~~~~~~~~~~~~~~~~~~~~~~
 6038 | return false;
      | ~~~~~~~~~~~~~ 
 6039 | });
      | ~~~           
 6040 |     auto _m0 = &_m0_tmp;
      |     ~~~~~~~~~~~~~~~~~~~~
 6041 |     auto&& _m1_tmp = false;
      |     ~~~~~~~~~~~~~~~~~~~~~~~
 6042 |     auto _m1 = &_m1_tmp;
      |     ~~~~~~~~~~~~~~~~~~~~
 6043 |     auto _m_tuple = std::make_tuple(_m0, _m1);
      |     ~~~~~~~~~~~~~~~~~~~~~~~~~~~~~~~~~~~~~~~~~~
 6044 |     bool _m_matched = false;
      |     ~~~~~~~~~~~~~~~~~~~~~~~~
 6045 |     if (!_m_matched) {
      |     ~~~~~~~~~~~~~~~~~~
 6046 |         auto&& left_val = rusty::detail::deref_if_pointer(std::get<0>(rusty::detail::deref_if_pointer(_m_tuple)));
      |         ~~~~~~~~~~~~~~~~~~~~~~~~~~~~~~~~~~~~~~~~~~~~~~~~~~~~~~~~~~~~~~~~~~~~~~~~~~~~~~~~~~~~~~~~~~~~~~~~~~~~~~~~~~
 6047 |         auto&& right_val = rusty::detail::deref_if_pointer(std::get<1>(rusty::detail::deref_if_pointer(_m_tuple)));
      |         ~~~~~~~~~~~~~~~~~~~~~~~~~~~~~~~~~~~~~~~~~~~~~~~~~~~~~~~~~~~~~~~~~~~~~~~~~~~~~~~~~~~~~~~~~~~~~~~~~~~~~~~~~~~
 6048 |         if (!(rusty::detail::deref_if_pointer_like(left_val) == rusty::detail::deref_if_pointer_like(right_val))) {
      |         ~~~~~~~~~~~~~~~~~~~~~~~~~~~~~~~~~~~~~~~~~~~~~~~~~~~~~~~~~~~~~~~~~~~~~~~~~~~~~~~~~~~~~~~~~~~~~~~~~~~~~~~~~~~
 6049 |             const auto kind = rusty::panicking::AssertKind::Eq;
      |             ~~~~~~~~~~~~~~~~~~~~~~~~~~~~~~~~~~~~~~~~~~~~~~~~~~~
 6050 |             rusty::panicking::assert_failed(std::move(kind), rusty::detail::deref_if_pointer_like(left_val), rusty::detail::deref_if_pointer_like(right_val), rusty::None);
      |             ~~~~~~~~~~~~~~~~~~~~~~~~~~~~~~~~~~~~~~~~~~~~~~~~~~~~~~~~~~~~~~~~~~~~~~~~~~~~~~~~~~~~~~~~~~~~~~~~~~~~~~~~~~~~~~~~~~~~~~~~~~~~~~~~~~~~~~~~~~~~~~~~~~~~~~~~~~~~~~~
 6051 |         }
      |         ~     
 6052 |         _m_matched = true;
      |         ~~~~~~~~~~~~~~~~~~
 6053 |     }
      |     ~         
 6054 | }
      | ~             
 6055 | {
      | ~             
 6056 |     auto&& _m0_tmp = cnt.load(rusty::sync::atomic::Ordering::SeqCst);
      |     ~~~~~~~~~~~~~~~~~~~~~~~~~~~~~~~~~~~~~~~~~~~~~~~~~~~~~~~~~~~~~~~~~
 6057 |     auto _m0 = &_m0_tmp;
      |     ~~~~~~~~~~~~~~~~~~~~
 6058 |     auto&& _m1_tmp = static_cast<int32_t>(1);
      |     ~~~~~~~~~~~~~~~~~~~~~~~~~~~~~~~~~~~~~~~~~
 6059 |     auto _m1 = &_m1_tmp;
      |     ~~~~~~~~~~~~~~~~~~~~
 6060 |     auto _m_tuple = std::make_tuple(_m0, _m1);
      |     ~~~~~~~~~~~~~~~~~~~~~~~~~~~~~~~~~~~~~~~~~~
 6061 |     bool _m_matched = false;
      |     ~~~~~~~~~~~~~~~~~~~~~~~~
 6062 |     if (!_m_matched) {
      |     ~~~~~~~~~~~~~~~~~~
 6063 |         auto&& left_val = rusty::detail::deref_if_pointer(std::get<0>(rusty::detail::deref_if_pointer(_m_tuple)));
      |         ~~~~~~~~~~~~~~~~~~~~~~~~~~~~~~~~~~~~~~~~~~~~~~~~~~~~~~~~~~~~~~~~~~~~~~~~~~~~~~~~~~~~~~~~~~~~~~~~~~~~~~~~~~
 6064 |         auto&& right_val = rusty::detail::deref_if_pointer(std::get<1>(rusty::detail::deref_if_pointer(_m_tuple)));
      |         ~~~~~~~~~~~~~~~~~~~~~~~~~~~~~~~~~~~~~~~~~~~~~~~~~~~~~~~~~~~~~~~~~~~~~~~~~~~~~~~~~~~~~~~~~~~~~~~~~~~~~~~~~~~
 6065 |         if (!(rusty::detail::deref_if_pointer_like(left_val) == rusty::detail::deref_if_pointer_like(right_val))) {
      |         ~~~~~~~~~~~~~~~~~~~~~~~~~~~~~~~~~~~~~~~~~~~~~~~~~~~~~~~~~~~~~~~~~~~~~~~~~~~~~~~~~~~~~~~~~~~~~~~~~~~~~~~~~~~
 6066 |             const auto kind = rusty::panicking::AssertKind::Eq;
      |             ~~~~~~~~~~~~~~~~~~~~~~~~~~~~~~~~~~~~~~~~~~~~~~~~~~~
 6067 |             rusty::panicking::assert_failed(std::move(kind), rusty::detail::deref_if_pointer_like(left_val), rusty::detail::deref_if_pointer_like(right_val), rusty::None);
      |             ~~~~~~~~~~~~~~~~~~~~~~~~~~~~~~~~~~~~~~~~~~~~~~~~~~~~~~~~~~~~~~~~~~~~~~~~~~~~~~~~~~~~~~~~~~~~~~~~~~~~~~~~~~~~~~~~~~~~~~~~~~~~~~~~~~~~~~~~~~~~~~~~~~~~~~~~~~~~~~~
 6068 |         }
      |         ~     
 6069 |         _m_matched = true;
      |         ~~~~~~~~~~~~~~~~~~
 6070 |     }
      |     ~         
 6071 | }
      | ~             
 6072 | });
      | ~~~           
 6073 | });
      | ~~            
/home/shuai/git/rusty-cpp/.rusty-parity-matrix-nontoml-current/once_cell/runner.cpp:6028:62: warning: comparison of integer expressions of different signedness: ‘long unsigned int’ and ‘int’ [-Wsign-compare]
 6028 |         if (!(rusty::detail::deref_if_pointer_like(left_val) == rusty::detail::deref_if_pointer_like(right_val))) {
      |              ~~~~~~~~~~~~~~~~~~~~~~~~~~~~~~~~~~~~~~~~~~~~~~~~^~~~~~~~~~~~~~~~~~~~~~~~~~~~~~~~~~~~~~~~~~~~~~~~~~~
/home/shuai/git/rusty-cpp/.rusty-parity-matrix-nontoml-current/once_cell/runner.cpp:6065:62: warning: comparison of integer expressions of different signedness: ‘long unsigned int’ and ‘int’ [-Wsign-compare]
 6065 |         if (!(rusty::detail::deref_if_pointer_like(left_val) == rusty::detail::deref_if_pointer_like(right_val))) {
      |              ~~~~~~~~~~~~~~~~~~~~~~~~~~~~~~~~~~~~~~~~~~~~~~~~^~~~~~~~~~~~~~~~~~~~~~~~~~~~~~~~~~~~~~~~~~~~~~~~~~~
/home/shuai/git/rusty-cpp/.rusty-parity-matrix-nontoml-current/once_cell/runner.cpp: In function ‘void race::once_bool_smoke_test()’:
/home/shuai/git/rusty-cpp/.rusty-parity-matrix-nontoml-current/once_cell/runner.cpp:6101:70: warning: comparison of integer expressions of different signedness: ‘long unsigned int’ and ‘int’ [-Wsign-compare]
 6101 |                 if (!(rusty::detail::deref_if_pointer_like(left_val) == rusty::detail::deref_if_pointer_like(right_val))) {
      |                       ~~~~~~~~~~~~~~~~~~~~~~~~~~~~~~~~~~~~~~~~~~~~~~~^~~~~~~~~~~~~~~~~~~~~~~~~~~~~~~~~~~~~~~~~~~~~~~~~~
/home/shuai/git/rusty-cpp/.rusty-parity-matrix-nontoml-current/once_cell/runner.cpp: In instantiation of ‘race::once_ref_smoke_test()::<lambda(auto:83&&)> [with auto:83 = rusty::thread::Scope&]’:
/usr/include/c++/14/type_traits:2655:26:   required by substitution of ‘template<class _Fn, class ... _Args> static std::__result_of_success<decltype (declval<_Fn>()((declval<_Args>)()...)), std::__invoke_other> std::__result_of_other_impl::_S_test(int) [with _Fn = race::once_ref_smoke_test()::<lambda(auto:83&&)>; _Args = {rusty::thread::Scope&}]’
 2655 |       std::declval<_Fn>()(std::declval<_Args>()...)
      |       ~~~~~~~~~~~~~~~~~~~^~~~~~~~~~~~~~~~~~~~~~~~~~
/usr/include/c++/14/type_traits:2666:60:   required from ‘struct std::__result_of_impl<false, false, race::once_ref_smoke_test()::<lambda(auto:83&&)>, rusty::thread::Scope&>’
 2666 |       using type = decltype(_S_test<_Functor, _ArgTypes...>(0));
      |                             ~~~~~~~~~~~~~~~~~~~~~~~~~~~~~~~^~~
/usr/include/c++/14/type_traits:3174:12:   recursively required by substitution of ‘template<class _Result, class _Ret> struct std::__is_invocable_impl<_Result, _Ret, true, std::__void_t<typename _CTp::type> > [with _Result = std::__invoke_result<race::once_ref_smoke_test()::<lambda(auto:83&&)>, rusty::thread::Scope&>; _Ret = void]’
 3174 |     struct is_invocable
      |            ^~~~~~~~~~~~
/usr/include/c++/14/type_traits:3174:12:   required from ‘struct std::is_invocable<race::once_ref_smoke_test()::<lambda(auto:83&&)>, rusty::thread::Scope&>’
/usr/include/c++/14/type_traits:3538:71:   required from ‘constexpr const bool std::is_invocable_v<race::once_ref_smoke_test()::<lambda(auto:83&&)>, rusty::thread::Scope&>’
 3538 |   inline constexpr bool is_invocable_v = is_invocable<_Fn, _Args...>::value;
      |                                                                       ^~~~~
/usr/include/c++/14/concepts:360:25:   required by substitution of ‘template<class F>  requires  invocable<F, rusty::thread::Scope&> void rusty::thread::scope(F&&) [with F = race::once_ref_smoke_test()::<lambda(auto:83&&)>]’
  360 |     concept invocable = is_invocable_v<_Fn, _Args...>;
      |                         ^~~~~~~~~~~~~~~~~~~~~~~~~~~~~
/home/shuai/git/rusty-cpp/.rusty-parity-matrix-nontoml-current/once_cell/runner.cpp:6213:14:   required from here
 6213 |         scope([&](auto&& s) {
      |         ~~~~~^~~~~~~~~~~~~~~~
 6214 | s.spawn([&]() {
      | ~~~~~~~~~~~~~~~
 6215 | {
      | ~             
 6216 |     auto&& _m0_tmp = cell.get_or_init([&]() -> std::string_view {
      |     ~~~~~~~~~~~~~~~~~~~~~~~~~~~~~~~~~~~~~~~~~~~~~~~~~~~~~~~~~~~~~
 6217 | cnt.fetch_add(1, rusty::sync::atomic::Ordering::SeqCst);
      | ~~~~~~~~~~~~~~~~~~~~~~~~~~~~~~~~~~~~~~~~~~~~~~~~~~~~~~~~
 6218 | return std::string_view("false");
      | ~~~~~~~~~~~~~~~~~~~~~~~~~~~~~~~~~
 6219 | });
      | ~~~           
 6220 |     auto _m0 = &_m0_tmp;
      |     ~~~~~~~~~~~~~~~~~~~~
 6221 |     auto&& _m1_tmp = std::string_view("false");
      |     ~~~~~~~~~~~~~~~~~~~~~~~~~~~~~~~~~~~~~~~~~~~
 6222 |     auto _m1 = &_m1_tmp;
      |     ~~~~~~~~~~~~~~~~~~~~
 6223 |     auto _m_tuple = std::make_tuple(_m0, _m1);
      |     ~~~~~~~~~~~~~~~~~~~~~~~~~~~~~~~~~~~~~~~~~~
 6224 |     bool _m_matched = false;
      |     ~~~~~~~~~~~~~~~~~~~~~~~~
 6225 |     if (!_m_matched) {
      |     ~~~~~~~~~~~~~~~~~~
 6226 |         auto&& left_val = rusty::detail::deref_if_pointer(std::get<0>(rusty::detail::deref_if_pointer(_m_tuple)));
      |         ~~~~~~~~~~~~~~~~~~~~~~~~~~~~~~~~~~~~~~~~~~~~~~~~~~~~~~~~~~~~~~~~~~~~~~~~~~~~~~~~~~~~~~~~~~~~~~~~~~~~~~~~~~
 6227 |         auto&& right_val = rusty::detail::deref_if_pointer(std::get<1>(rusty::detail::deref_if_pointer(_m_tuple)));
      |         ~~~~~~~~~~~~~~~~~~~~~~~~~~~~~~~~~~~~~~~~~~~~~~~~~~~~~~~~~~~~~~~~~~~~~~~~~~~~~~~~~~~~~~~~~~~~~~~~~~~~~~~~~~~
 6228 |         if (!(rusty::detail::deref_if_pointer_like(left_val) == rusty::detail::deref_if_pointer_like(right_val))) {
      |         ~~~~~~~~~~~~~~~~~~~~~~~~~~~~~~~~~~~~~~~~~~~~~~~~~~~~~~~~~~~~~~~~~~~~~~~~~~~~~~~~~~~~~~~~~~~~~~~~~~~~~~~~~~~
 6229 |             const auto kind = rusty::panicking::AssertKind::Eq;
      |             ~~~~~~~~~~~~~~~~~~~~~~~~~~~~~~~~~~~~~~~~~~~~~~~~~~~
 6230 |             rusty::panicking::assert_failed(std::move(kind), rusty::detail::deref_if_pointer_like(left_val), rusty::detail::deref_if_pointer_like(right_val), rusty::None);
      |             ~~~~~~~~~~~~~~~~~~~~~~~~~~~~~~~~~~~~~~~~~~~~~~~~~~~~~~~~~~~~~~~~~~~~~~~~~~~~~~~~~~~~~~~~~~~~~~~~~~~~~~~~~~~~~~~~~~~~~~~~~~~~~~~~~~~~~~~~~~~~~~~~~~~~~~~~~~~~~~~
 6231 |         }
      |         ~     
 6232 |         _m_matched = true;
      |         ~~~~~~~~~~~~~~~~~~
 6233 |     }
      |     ~         
 6234 | }
      | ~             
 6235 | {
      | ~             
 6236 |     auto&& _m0_tmp = cnt.load(rusty::sync::atomic::Ordering::SeqCst);
      |     ~~~~~~~~~~~~~~~~~~~~~~~~~~~~~~~~~~~~~~~~~~~~~~~~~~~~~~~~~~~~~~~~~
 6237 |     auto _m0 = &_m0_tmp;
      |     ~~~~~~~~~~~~~~~~~~~~
 6238 |     auto&& _m1_tmp = static_cast<int32_t>(1);
      |     ~~~~~~~~~~~~~~~~~~~~~~~~~~~~~~~~~~~~~~~~~
 6239 |     auto _m1 = &_m1_tmp;
      |     ~~~~~~~~~~~~~~~~~~~~
 6240 |     auto _m_tuple = std::make_tuple(_m0, _m1);
      |     ~~~~~~~~~~~~~~~~~~~~~~~~~~~~~~~~~~~~~~~~~~
 6241 |     bool _m_matched = false;
      |     ~~~~~~~~~~~~~~~~~~~~~~~~
 6242 |     if (!_m_matched) {
      |     ~~~~~~~~~~~~~~~~~~
 6243 |         auto&& left_val = rusty::detail::deref_if_pointer(std::get<0>(rusty::detail::deref_if_pointer(_m_tuple)));
      |         ~~~~~~~~~~~~~~~~~~~~~~~~~~~~~~~~~~~~~~~~~~~~~~~~~~~~~~~~~~~~~~~~~~~~~~~~~~~~~~~~~~~~~~~~~~~~~~~~~~~~~~~~~~
 6244 |         auto&& right_val = rusty::detail::deref_if_pointer(std::get<1>(rusty::detail::deref_if_pointer(_m_tuple)));
      |         ~~~~~~~~~~~~~~~~~~~~~~~~~~~~~~~~~~~~~~~~~~~~~~~~~~~~~~~~~~~~~~~~~~~~~~~~~~~~~~~~~~~~~~~~~~~~~~~~~~~~~~~~~~~
 6245 |         if (!(rusty::detail::deref_if_pointer_like(left_val) == rusty::detail::deref_if_pointer_like(right_val))) {
      |         ~~~~~~~~~~~~~~~~~~~~~~~~~~~~~~~~~~~~~~~~~~~~~~~~~~~~~~~~~~~~~~~~~~~~~~~~~~~~~~~~~~~~~~~~~~~~~~~~~~~~~~~~~~~
 6246 |             const auto kind = rusty::panicking::AssertKind::Eq;
      |             ~~~~~~~~~~~~~~~~~~~~~~~~~~~~~~~~~~~~~~~~~~~~~~~~~~~
 6247 |             rusty::panicking::assert_failed(std::move(kind), rusty::detail::deref_if_pointer_like(left_val), rusty::detail::deref_if_pointer_like(right_val), rusty::None);
      |             ~~~~~~~~~~~~~~~~~~~~~~~~~~~~~~~~~~~~~~~~~~~~~~~~~~~~~~~~~~~~~~~~~~~~~~~~~~~~~~~~~~~~~~~~~~~~~~~~~~~~~~~~~~~~~~~~~~~~~~~~~~~~~~~~~~~~~~~~~~~~~~~~~~~~~~~~~~~~~~~
 6248 |         }
      |         ~     
 6249 |         _m_matched = true;
      |         ~~~~~~~~~~~~~~~~~~
 6250 |     }
      |     ~         
 6251 | }
      | ~             
 6252 | {
      | ~             
 6253 |     auto&& _m0_tmp = cell.get_or_init([&]() -> std::string_view {
      |     ~~~~~~~~~~~~~~~~~~~~~~~~~~~~~~~~~~~~~~~~~~~~~~~~~~~~~~~~~~~~~
 6254 | cnt.fetch_add(1, rusty::sync::atomic::Ordering::SeqCst);
      | ~~~~~~~~~~~~~~~~~~~~~~~~~~~~~~~~~~~~~~~~~~~~~~~~~~~~~~~~
 6255 | return std::string_view("false");
      | ~~~~~~~~~~~~~~~~~~~~~~~~~~~~~~~~~
 6256 | });
      | ~~~           
 6257 |     auto _m0 = &_m0_tmp;
      |     ~~~~~~~~~~~~~~~~~~~~
 6258 |     auto&& _m1_tmp = std::string_view("false");
      |     ~~~~~~~~~~~~~~~~~~~~~~~~~~~~~~~~~~~~~~~~~~~
 6259 |     auto _m1 = &_m1_tmp;
      |     ~~~~~~~~~~~~~~~~~~~~
 6260 |     auto _m_tuple = std::make_tuple(_m0, _m1);
      |     ~~~~~~~~~~~~~~~~~~~~~~~~~~~~~~~~~~~~~~~~~~
 6261 |     bool _m_matched = false;
      |     ~~~~~~~~~~~~~~~~~~~~~~~~
 6262 |     if (!_m_matched) {
      |     ~~~~~~~~~~~~~~~~~~
 6263 |         auto&& left_val = rusty::detail::deref_if_pointer(std::get<0>(rusty::detail::deref_if_pointer(_m_tuple)));
      |         ~~~~~~~~~~~~~~~~~~~~~~~~~~~~~~~~~~~~~~~~~~~~~~~~~~~~~~~~~~~~~~~~~~~~~~~~~~~~~~~~~~~~~~~~~~~~~~~~~~~~~~~~~~
 6264 |         auto&& right_val = rusty::detail::deref_if_pointer(std::get<1>(rusty::detail::deref_if_pointer(_m_tuple)));
      |         ~~~~~~~~~~~~~~~~~~~~~~~~~~~~~~~~~~~~~~~~~~~~~~~~~~~~~~~~~~~~~~~~~~~~~~~~~~~~~~~~~~~~~~~~~~~~~~~~~~~~~~~~~~~
 6265 |         if (!(rusty::detail::deref_if_pointer_like(left_val) == rusty::detail::deref_if_pointer_like(right_val))) {
      |         ~~~~~~~~~~~~~~~~~~~~~~~~~~~~~~~~~~~~~~~~~~~~~~~~~~~~~~~~~~~~~~~~~~~~~~~~~~~~~~~~~~~~~~~~~~~~~~~~~~~~~~~~~~~
 6266 |             const auto kind = rusty::panicking::AssertKind::Eq;
      |             ~~~~~~~~~~~~~~~~~~~~~~~~~~~~~~~~~~~~~~~~~~~~~~~~~~~
 6267 |             rusty::panicking::assert_failed(std::move(kind), rusty::detail::deref_if_pointer_like(left_val), rusty::detail::deref_if_pointer_like(right_val), rusty::None);
      |             ~~~~~~~~~~~~~~~~~~~~~~~~~~~~~~~~~~~~~~~~~~~~~~~~~~~~~~~~~~~~~~~~~~~~~~~~~~~~~~~~~~~~~~~~~~~~~~~~~~~~~~~~~~~~~~~~~~~~~~~~~~~~~~~~~~~~~~~~~~~~~~~~~~~~~~~~~~~~~~~
 6268 |         }
      |         ~     
 6269 |         _m_matched = true;
      |         ~~~~~~~~~~~~~~~~~~
 6270 |     }
      |     ~         
 6271 | }
      | ~             
 6272 | {
      | ~             
 6273 |     auto&& _m0_tmp = cnt.load(rusty::sync::atomic::Ordering::SeqCst);
      |     ~~~~~~~~~~~~~~~~~~~~~~~~~~~~~~~~~~~~~~~~~~~~~~~~~~~~~~~~~~~~~~~~~
 6274 |     auto _m0 = &_m0_tmp;
      |     ~~~~~~~~~~~~~~~~~~~~
 6275 |     auto&& _m1_tmp = static_cast<int32_t>(1);
      |     ~~~~~~~~~~~~~~~~~~~~~~~~~~~~~~~~~~~~~~~~~
 6276 |     auto _m1 = &_m1_tmp;
      |     ~~~~~~~~~~~~~~~~~~~~
 6277 |     auto _m_tuple = std::make_tuple(_m0, _m1);
      |     ~~~~~~~~~~~~~~~~~~~~~~~~~~~~~~~~~~~~~~~~~~
 6278 |     bool _m_matched = false;
      |     ~~~~~~~~~~~~~~~~~~~~~~~~
 6279 |     if (!_m_matched) {
      |     ~~~~~~~~~~~~~~~~~~
 6280 |         auto&& left_val = rusty::detail::deref_if_pointer(std::get<0>(rusty::detail::deref_if_pointer(_m_tuple)));
      |         ~~~~~~~~~~~~~~~~~~~~~~~~~~~~~~~~~~~~~~~~~~~~~~~~~~~~~~~~~~~~~~~~~~~~~~~~~~~~~~~~~~~~~~~~~~~~~~~~~~~~~~~~~~
 6281 |         auto&& right_val = rusty::detail::deref_if_pointer(std::get<1>(rusty::detail::deref_if_pointer(_m_tuple)));
      |         ~~~~~~~~~~~~~~~~~~~~~~~~~~~~~~~~~~~~~~~~~~~~~~~~~~~~~~~~~~~~~~~~~~~~~~~~~~~~~~~~~~~~~~~~~~~~~~~~~~~~~~~~~~~
 6282 |         if (!(rusty::detail::deref_if_pointer_like(left_val) == rusty::detail::deref_if_pointer_like(right_val))) {
      |         ~~~~~~~~~~~~~~~~~~~~~~~~~~~~~~~~~~~~~~~~~~~~~~~~~~~~~~~~~~~~~~~~~~~~~~~~~~~~~~~~~~~~~~~~~~~~~~~~~~~~~~~~~~~
 6283 |             const auto kind = rusty::panicking::AssertKind::Eq;
      |             ~~~~~~~~~~~~~~~~~~~~~~~~~~~~~~~~~~~~~~~~~~~~~~~~~~~
 6284 |             rusty::panicking::assert_failed(std::move(kind), rusty::detail::deref_if_pointer_like(left_val), rusty::detail::deref_if_pointer_like(right_val), rusty::None);
      |             ~~~~~~~~~~~~~~~~~~~~~~~~~~~~~~~~~~~~~~~~~~~~~~~~~~~~~~~~~~~~~~~~~~~~~~~~~~~~~~~~~~~~~~~~~~~~~~~~~~~~~~~~~~~~~~~~~~~~~~~~~~~~~~~~~~~~~~~~~~~~~~~~~~~~~~~~~~~~~~~
 6285 |         }
      |         ~     
 6286 |         _m_matched = true;
      |         ~~~~~~~~~~~~~~~~~~
 6287 |     }
      |     ~         
 6288 | }
      | ~             
 6289 | });
      | ~~~           
 6290 | });
      | ~~            
/home/shuai/git/rusty-cpp/.rusty-parity-matrix-nontoml-current/once_cell/runner.cpp:6245:62: warning: comparison of integer expressions of different signedness: ‘long unsigned int’ and ‘int’ [-Wsign-compare]
 6245 |         if (!(rusty::detail::deref_if_pointer_like(left_val) == rusty::detail::deref_if_pointer_like(right_val))) {
      |              ~~~~~~~~~~~~~~~~~~~~~~~~~~~~~~~~~~~~~~~~~~~~~~~~^~~~~~~~~~~~~~~~~~~~~~~~~~~~~~~~~~~~~~~~~~~~~~~~~~~
/home/shuai/git/rusty-cpp/.rusty-parity-matrix-nontoml-current/once_cell/runner.cpp:6282:62: warning: comparison of integer expressions of different signedness: ‘long unsigned int’ and ‘int’ [-Wsign-compare]
 6282 |         if (!(rusty::detail::deref_if_pointer_like(left_val) == rusty::detail::deref_if_pointer_like(right_val))) {
      |              ~~~~~~~~~~~~~~~~~~~~~~~~~~~~~~~~~~~~~~~~~~~~~~~~^~~~~~~~~~~~~~~~~~~~~~~~~~~~~~~~~~~~~~~~~~~~~~~~~~~
/home/shuai/git/rusty-cpp/.rusty-parity-matrix-nontoml-current/once_cell/runner.cpp: In function ‘void race::once_ref_smoke_test()’:
/home/shuai/git/rusty-cpp/.rusty-parity-matrix-nontoml-current/once_cell/runner.cpp:6318:70: warning: comparison of integer expressions of different signedness: ‘long unsigned int’ and ‘int’ [-Wsign-compare]
 6318 |                 if (!(rusty::detail::deref_if_pointer_like(left_val) == rusty::detail::deref_if_pointer_like(right_val))) {
      |                       ~~~~~~~~~~~~~~~~~~~~~~~~~~~~~~~~~~~~~~~~~~~~~~~^~~~~~~~~~~~~~~~~~~~~~~~~~~~~~~~~~~~~~~~~~~~~~~~~~
/home/shuai/git/rusty-cpp/.rusty-parity-matrix-nontoml-current/once_cell/runner.cpp: In instantiation of ‘race_once_box::once_box_smoke_test()::<lambda(auto:84&&)> [with auto:84 = rusty::thread::Scope&]’:
/usr/include/c++/14/type_traits:2655:26:   required by substitution of ‘template<class _Fn, class ... _Args> static std::__result_of_success<decltype (declval<_Fn>()((declval<_Args>)()...)), std::__invoke_other> std::__result_of_other_impl::_S_test(int) [with _Fn = race_once_box::once_box_smoke_test()::<lambda(auto:84&&)>; _Args = {rusty::thread::Scope&}]’
 2655 |       std::declval<_Fn>()(std::declval<_Args>()...)
      |       ~~~~~~~~~~~~~~~~~~~^~~~~~~~~~~~~~~~~~~~~~~~~~
/usr/include/c++/14/type_traits:2666:60:   required from ‘struct std::__result_of_impl<false, false, race_once_box::once_box_smoke_test()::<lambda(auto:84&&)>, rusty::thread::Scope&>’
 2666 |       using type = decltype(_S_test<_Functor, _ArgTypes...>(0));
      |                             ~~~~~~~~~~~~~~~~~~~~~~~~~~~~~~~^~~
/usr/include/c++/14/type_traits:3174:12:   recursively required by substitution of ‘template<class _Result, class _Ret> struct std::__is_invocable_impl<_Result, _Ret, true, std::__void_t<typename _CTp::type> > [with _Result = std::__invoke_result<race_once_box::once_box_smoke_test()::<lambda(auto:84&&)>, rusty::thread::Scope&>; _Ret = void]’
 3174 |     struct is_invocable
      |            ^~~~~~~~~~~~
/usr/include/c++/14/type_traits:3174:12:   required from ‘struct std::is_invocable<race_once_box::once_box_smoke_test()::<lambda(auto:84&&)>, rusty::thread::Scope&>’
/usr/include/c++/14/type_traits:3538:71:   required from ‘constexpr const bool std::is_invocable_v<race_once_box::once_box_smoke_test()::<lambda(auto:84&&)>, rusty::thread::Scope&>’
 3538 |   inline constexpr bool is_invocable_v = is_invocable<_Fn, _Args...>::value;
      |                                                                       ^~~~~
/usr/include/c++/14/concepts:360:25:   required by substitution of ‘template<class F>  requires  invocable<F, rusty::thread::Scope&> void rusty::thread::scope(F&&) [with F = race_once_box::once_box_smoke_test()::<lambda(auto:84&&)>]’
  360 |     concept invocable = is_invocable_v<_Fn, _Args...>;
      |                         ^~~~~~~~~~~~~~~~~~~~~~~~~~~~~
/home/shuai/git/rusty-cpp/.rusty-parity-matrix-nontoml-current/once_cell/runner.cpp:6405:14:   required from here
 6405 |         scope([&](auto&& s) {
      |         ~~~~~^~~~~~~~~~~~~~~~
 6406 | for (auto&& _ : rusty::for_in(rusty::range(0, 128))) {
      | ~~~~~~~~~~~~~~~~~~~~~~~~~~~~~~~~~~~~~~~~~~~~~~~~~~~~~~
 6407 |     s.spawn([&]() {
      |     ~~~~~~~~~~~~~~~
 6408 | const auto local_cnt = AtomicUsize::new_(0);
      | ~~~~~~~~~~~~~~~~~~~~~~~~~~~~~~~~~~~~~~~~~~~~
 6409 | cell.get_or_init([&]() -> rusty::Box<Pebble<std::tuple<>>> {
      | ~~~~~~~~~~~~~~~~~~~~~~~~~~~~~~~~~~~~~~~~~~~~~~~~~~~~~~~~~~~~
 6410 | global_cnt.fetch_add(1, rusty::sync::atomic::Ordering::SeqCst);
      | ~~~~~~~~~~~~~~~~~~~~~~~~~~~~~~~~~~~~~~~~~~~~~~~~~~~~~~~~~~~~~~~
 6411 | local_cnt.fetch_add(1, rusty::sync::atomic::Ordering::SeqCst);
      | ~~~~~~~~~~~~~~~~~~~~~~~~~~~~~~~~~~~~~~~~~~~~~~~~~~~~~~~~~~~~~~
 6412 | b.wait();
      | ~~~~~~~~~     
 6413 | return rusty::Box<Pebble<std::tuple<>>>::new_(heap.new_pebble(std::make_tuple()));
      | ~~~~~~~~~~~~~~~~~~~~~~~~~~~~~~~~~~~~~~~~~~~~~~~~~~~~~~~~~~~~~~~~~~~~~~~~~~~~~~~~~~
 6414 | });
      | ~~~           
 6415 | {
      | ~             
 6416 |     auto&& _m0_tmp = local_cnt.load(rusty::sync::atomic::Ordering::SeqCst);
      |     ~~~~~~~~~~~~~~~~~~~~~~~~~~~~~~~~~~~~~~~~~~~~~~~~~~~~~~~~~~~~~~~~~~~~~~~
 6417 |     auto _m0 = &_m0_tmp;
      |     ~~~~~~~~~~~~~~~~~~~~
 6418 |     auto&& _m1_tmp = static_cast<int32_t>(1);
      |     ~~~~~~~~~~~~~~~~~~~~~~~~~~~~~~~~~~~~~~~~~
 6419 |     auto _m1 = &_m1_tmp;
      |     ~~~~~~~~~~~~~~~~~~~~
 6420 |     auto _m_tuple = std::make_tuple(_m0, _m1);
      |     ~~~~~~~~~~~~~~~~~~~~~~~~~~~~~~~~~~~~~~~~~~
 6421 |     bool _m_matched = false;
      |     ~~~~~~~~~~~~~~~~~~~~~~~~
 6422 |     if (!_m_matched) {
      |     ~~~~~~~~~~~~~~~~~~
 6423 |         auto&& left_val = rusty::detail::deref_if_pointer(std::get<0>(rusty::detail::deref_if_pointer(_m_tuple)));
      |         ~~~~~~~~~~~~~~~~~~~~~~~~~~~~~~~~~~~~~~~~~~~~~~~~~~~~~~~~~~~~~~~~~~~~~~~~~~~~~~~~~~~~~~~~~~~~~~~~~~~~~~~~~~
 6424 |         auto&& right_val = rusty::detail::deref_if_pointer(std::get<1>(rusty::detail::deref_if_pointer(_m_tuple)));
      |         ~~~~~~~~~~~~~~~~~~~~~~~~~~~~~~~~~~~~~~~~~~~~~~~~~~~~~~~~~~~~~~~~~~~~~~~~~~~~~~~~~~~~~~~~~~~~~~~~~~~~~~~~~~~
 6425 |         if (!(rusty::detail::deref_if_pointer_like(left_val) == rusty::detail::deref_if_pointer_like(right_val))) {
      |         ~~~~~~~~~~~~~~~~~~~~~~~~~~~~~~~~~~~~~~~~~~~~~~~~~~~~~~~~~~~~~~~~~~~~~~~~~~~~~~~~~~~~~~~~~~~~~~~~~~~~~~~~~~~
 6426 |             const auto kind = rusty::panicking::AssertKind::Eq;
      |             ~~~~~~~~~~~~~~~~~~~~~~~~~~~~~~~~~~~~~~~~~~~~~~~~~~~
 6427 |             rusty::panicking::assert_failed(std::move(kind), rusty::detail::deref_if_pointer_like(left_val), rusty::detail::deref_if_pointer_like(right_val), rusty::None);
      |             ~~~~~~~~~~~~~~~~~~~~~~~~~~~~~~~~~~~~~~~~~~~~~~~~~~~~~~~~~~~~~~~~~~~~~~~~~~~~~~~~~~~~~~~~~~~~~~~~~~~~~~~~~~~~~~~~~~~~~~~~~~~~~~~~~~~~~~~~~~~~~~~~~~~~~~~~~~~~~~~
 6428 |         }
      |         ~     
 6429 |         _m_matched = true;
      |         ~~~~~~~~~~~~~~~~~~
 6430 |     }
      |     ~         
 6431 | }
      | ~             
 6432 | cell.get_or_init([&]() -> rusty::Box<Pebble<std::tuple<>>> {
      | ~~~~~~~~~~~~~~~~~~~~~~~~~~~~~~~~~~~~~~~~~~~~~~~~~~~~~~~~~~~~
 6433 | global_cnt.fetch_add(1, rusty::sync::atomic::Ordering::SeqCst);
      | ~~~~~~~~~~~~~~~~~~~~~~~~~~~~~~~~~~~~~~~~~~~~~~~~~~~~~~~~~~~~~~~
 6434 | local_cnt.fetch_add(1, rusty::sync::atomic::Ordering::SeqCst);
      | ~~~~~~~~~~~~~~~~~~~~~~~~~~~~~~~~~~~~~~~~~~~~~~~~~~~~~~~~~~~~~~
 6435 | return rusty::Box<Pebble<std::tuple<>>>::new_(heap.new_pebble(std::make_tuple()));
      | ~~~~~~~~~~~~~~~~~~~~~~~~~~~~~~~~~~~~~~~~~~~~~~~~~~~~~~~~~~~~~~~~~~~~~~~~~~~~~~~~~~
 6436 | });
      | ~~~           
 6437 | {
      | ~             
 6438 |     auto&& _m0_tmp = local_cnt.load(rusty::sync::atomic::Ordering::SeqCst);
      |     ~~~~~~~~~~~~~~~~~~~~~~~~~~~~~~~~~~~~~~~~~~~~~~~~~~~~~~~~~~~~~~~~~~~~~~~
 6439 |     auto _m0 = &_m0_tmp;
      |     ~~~~~~~~~~~~~~~~~~~~
 6440 |     auto&& _m1_tmp = static_cast<int32_t>(1);
      |     ~~~~~~~~~~~~~~~~~~~~~~~~~~~~~~~~~~~~~~~~~
 6441 |     auto _m1 = &_m1_tmp;
      |     ~~~~~~~~~~~~~~~~~~~~
 6442 |     auto _m_tuple = std::make_tuple(_m0, _m1);
      |     ~~~~~~~~~~~~~~~~~~~~~~~~~~~~~~~~~~~~~~~~~~
 6443 |     bool _m_matched = false;
      |     ~~~~~~~~~~~~~~~~~~~~~~~~
 6444 |     if (!_m_matched) {
      |     ~~~~~~~~~~~~~~~~~~
 6445 |         auto&& left_val = rusty::detail::deref_if_pointer(std::get<0>(rusty::detail::deref_if_pointer(_m_tuple)));
      |         ~~~~~~~~~~~~~~~~~~~~~~~~~~~~~~~~~~~~~~~~~~~~~~~~~~~~~~~~~~~~~~~~~~~~~~~~~~~~~~~~~~~~~~~~~~~~~~~~~~~~~~~~~~
 6446 |         auto&& right_val = rusty::detail::deref_if_pointer(std::get<1>(rusty::detail::deref_if_pointer(_m_tuple)));
      |         ~~~~~~~~~~~~~~~~~~~~~~~~~~~~~~~~~~~~~~~~~~~~~~~~~~~~~~~~~~~~~~~~~~~~~~~~~~~~~~~~~~~~~~~~~~~~~~~~~~~~~~~~~~~
 6447 |         if (!(rusty::detail::deref_if_pointer_like(left_val) == rusty::detail::deref_if_pointer_like(right_val))) {
      |         ~~~~~~~~~~~~~~~~~~~~~~~~~~~~~~~~~~~~~~~~~~~~~~~~~~~~~~~~~~~~~~~~~~~~~~~~~~~~~~~~~~~~~~~~~~~~~~~~~~~~~~~~~~~
 6448 |             const auto kind = rusty::panicking::AssertKind::Eq;
      |             ~~~~~~~~~~~~~~~~~~~~~~~~~~~~~~~~~~~~~~~~~~~~~~~~~~~
 6449 |             rusty::panicking::assert_failed(std::move(kind), rusty::detail::deref_if_pointer_like(left_val), rusty::detail::deref_if_pointer_like(right_val), rusty::None);
      |             ~~~~~~~~~~~~~~~~~~~~~~~~~~~~~~~~~~~~~~~~~~~~~~~~~~~~~~~~~~~~~~~~~~~~~~~~~~~~~~~~~~~~~~~~~~~~~~~~~~~~~~~~~~~~~~~~~~~~~~~~~~~~~~~~~~~~~~~~~~~~~~~~~~~~~~~~~~~~~~~
 6450 |         }
      |         ~     
 6451 |         _m_matched = true;
      |         ~~~~~~~~~~~~~~~~~~
 6452 |     }
      |     ~         
 6453 | }
      | ~             
 6454 | });
      | ~~~           
 6455 | }
      | ~             
 6456 | });
      | ~~            
/home/shuai/git/rusty-cpp/.rusty-parity-matrix-nontoml-current/once_cell/runner.cpp:6425:62: warning: comparison of integer expressions of different signedness: ‘long unsigned int’ and ‘int’ [-Wsign-compare]
 6425 |         if (!(rusty::detail::deref_if_pointer_like(left_val) == rusty::detail::deref_if_pointer_like(right_val))) {
      |              ~~~~~~~~~~~~~~~~~~~~~~~~~~~~~~~~~~~~~~~~~~~~~~~~^~~~~~~~~~~~~~~~~~~~~~~~~~~~~~~~~~~~~~~~~~~~~~~~~~~
/home/shuai/git/rusty-cpp/.rusty-parity-matrix-nontoml-current/once_cell/runner.cpp:6447:62: warning: comparison of integer expressions of different signedness: ‘long unsigned int’ and ‘int’ [-Wsign-compare]
 6447 |         if (!(rusty::detail::deref_if_pointer_like(left_val) == rusty::detail::deref_if_pointer_like(right_val))) {
      |              ~~~~~~~~~~~~~~~~~~~~~~~~~~~~~~~~~~~~~~~~~~~~~~~~^~~~~~~~~~~~~~~~~~~~~~~~~~~~~~~~~~~~~~~~~~~~~~~~~~~
/home/shuai/git/rusty-cpp/.rusty-parity-matrix-nontoml-current/once_cell/runner.cpp: In function ‘void race_once_box::once_box_smoke_test()’:
/home/shuai/git/rusty-cpp/.rusty-parity-matrix-nontoml-current/once_cell/runner.cpp:6473:32: warning: comparison of integer expressions of different signedness: ‘long unsigned int’ and ‘int’ [-Wsign-compare]
 6473 |                 if (!(left_val == right_val)) {
      |                       ~~~~~~~~~^~~~~~~~~~~~
/home/shuai/git/rusty-cpp/.rusty-parity-matrix-nontoml-current/once_cell/runner.cpp:6491:32: warning: comparison of integer expressions of different signedness: ‘long unsigned int’ and ‘int’ [-Wsign-compare]
 6491 |                 if (!(left_val == right_val)) {
      |                       ~~~~~~~~~^~~~~~~~~~~~
/home/shuai/git/rusty-cpp/.rusty-parity-matrix-nontoml-current/once_cell/runner.cpp: In function ‘void race_once_box::once_box_set()’:
/home/shuai/git/rusty-cpp/.rusty-parity-matrix-nontoml-current/once_cell/runner.cpp:6536:32: warning: comparison of integer expressions of different signedness: ‘long unsigned int’ and ‘int’ [-Wsign-compare]
 6536 |                 if (!(left_val == right_val)) {
      |                       ~~~~~~~~~^~~~~~~~~~~~
/home/shuai/git/rusty-cpp/.rusty-parity-matrix-nontoml-current/once_cell/runner.cpp:6573:32: warning: comparison of integer expressions of different signedness: ‘long unsigned int’ and ‘int’ [-Wsign-compare]
 6573 |                 if (!(left_val == right_val)) {
      |                       ~~~~~~~~~^~~~~~~~~~~~
/home/shuai/git/rusty-cpp/.rusty-parity-matrix-nontoml-current/once_cell/runner.cpp:6591:32: warning: comparison of integer expressions of different signedness: ‘long unsigned int’ and ‘int’ [-Wsign-compare]
 6591 |                 if (!(left_val == right_val)) {
      |                       ~~~~~~~~~^~~~~~~~~~~~
