/home/shuai/git/rusty-cpp/.rusty-parity-matrix-nontoml/itertools-fresh-1777134760/runner.cpp: In lambda function:
/home/shuai/git/rusty-cpp/.rusty-parity-matrix-nontoml/itertools-fresh-1777134760/runner.cpp:4261:9: error: statement-expressions are not allowed outside functions nor in template-argument lists
 4261 | return (({ auto&& _m = it.next(); std::optional<std::remove_cvref_t<decltype(([&]() -> decltype(auto) { auto _mv = _m.unwrap();
      |         ^
/home/shuai/git/rusty-cpp/.rusty-parity-matrix-nontoml/itertools-fresh-1777134760/runner.cpp: In lambda function:
/home/shuai/git/rusty-cpp/.rusty-parity-matrix-nontoml/itertools-fresh-1777134760/runner.cpp:8083:391: error: template argument 1 is invalid
 8083 |             return [&]() { auto&& _m0 = this->left.next(); auto&& _m1 = this->right.next(); if (_m0.is_none() && _m1.is_none()) { return rusty::None; } if (rusty::detail::deref_if_pointer(_m0).is_some() && _m1.is_none()) { auto&& left = rusty::detail::deref_if_pointer(std::as_const(rusty::detail::deref_if_pointer(_m0)).unwrap()); return rusty::Option<typename MergeBy::MergeResult<I, J, F>>(F::left(left)); } if (_m0.is_none() && rusty::detail::deref_if_pointer(_m1).is_some()) { auto&& right = rusty::detail::deref_if_pointer(std::as_const(rusty::detail::deref_if_pointer(_m1)).unwrap()); return rusty::Option<typename MergeBy::MergeResult<I, J, F>>(F::right(right)); } if (rusty::detail::deref_if_pointer(_m0).is_some() && rusty::detail::deref_if_pointer(_m1).is_some()) { auto&& left = rusty::detail::deref_if_pointer(std::as_const(rusty::detail::deref_if_pointer(_m0)).unwrap()); auto&& right = rusty::detail::deref_if_pointer(std::as_const(rusty::detail::deref_if_pointer(_m1)).unwrap()); return [&]() { auto [not_next, next] = rusty::detail::deref_if_pointer_like(([&](auto&& __self) -> decltype(auto) { if constexpr (requires { ::merge_join::rusty_ext::merge(std::forward<decltype(__self)>(__self), left, right); }) { return ::merge_join::rusty_ext::merge(std::forward<decltype(__self)>(__self), left, right); } else { return ::merge_join::rusty_ext::merge(rusty::detail::deref_if_pointer_like(std::forward<decltype(__self)>(__self)), left, right); } })(this->cmp_fn));
      |                                                                                                                                                                                                                                                                                                                                                                                                       ^~
/home/shuai/git/rusty-cpp/.rusty-parity-matrix-nontoml/itertools-fresh-1777134760/runner.cpp:8083:651: error: template argument 1 is invalid
 8083 |             return [&]() { auto&& _m0 = this->left.next(); auto&& _m1 = this->right.next(); if (_m0.is_none() && _m1.is_none()) { return rusty::None; } if (rusty::detail::deref_if_pointer(_m0).is_some() && _m1.is_none()) { auto&& left = rusty::detail::deref_if_pointer(std::as_const(rusty::detail::deref_if_pointer(_m0)).unwrap()); return rusty::Option<typename MergeBy::MergeResult<I, J, F>>(F::left(left)); } if (_m0.is_none() && rusty::detail::deref_if_pointer(_m1).is_some()) { auto&& right = rusty::detail::deref_if_pointer(std::as_const(rusty::detail::deref_if_pointer(_m1)).unwrap()); return rusty::Option<typename MergeBy::MergeResult<I, J, F>>(F::right(right)); } if (rusty::detail::deref_if_pointer(_m0).is_some() && rusty::detail::deref_if_pointer(_m1).is_some()) { auto&& left = rusty::detail::deref_if_pointer(std::as_const(rusty::detail::deref_if_pointer(_m0)).unwrap()); auto&& right = rusty::detail::deref_if_pointer(std::as_const(rusty::detail::deref_if_pointer(_m1)).unwrap()); return [&]() { auto [not_next, next] = rusty::detail::deref_if_pointer_like(([&](auto&& __self) -> decltype(auto) { if constexpr (requires { ::merge_join::rusty_ext::merge(std::forward<decltype(__self)>(__self), left, right); }) { return ::merge_join::rusty_ext::merge(std::forward<decltype(__self)>(__self), left, right); } else { return ::merge_join::rusty_ext::merge(rusty::detail::deref_if_pointer_like(std::forward<decltype(__self)>(__self)), left, right); } })(this->cmp_fn));
      |                                                                                                                                                                                                                                                                                                                                                                                                                                                                                                                                                                                                                                                                           ^~
/home/shuai/git/rusty-cpp/.rusty-parity-matrix-nontoml/itertools-fresh-1777134760/runner.cpp: In function ‘void next_array::test::tracked_drop()’:
/home/shuai/git/rusty-cpp/.rusty-parity-matrix-nontoml/itertools-fresh-1777134760/runner.cpp:12177:39: warning: moving a temporary object prevents copy elision [-Wpessimizing-move]
12177 |                 builder.push(std::move(TrackedDrop{}));
      |                              ~~~~~~~~~^~~~~~~~~~~~~~~
/home/shuai/git/rusty-cpp/.rusty-parity-matrix-nontoml/itertools-fresh-1777134760/runner.cpp:12177:39: note: remove ‘std::move’ call
/home/shuai/git/rusty-cpp/.rusty-parity-matrix-nontoml/itertools-fresh-1777134760/runner.cpp:12233:39: warning: moving a temporary object prevents copy elision [-Wpessimizing-move]
12233 |                 builder.push(std::move(TrackedDrop{}));
      |                              ~~~~~~~~~^~~~~~~~~~~~~~~
/home/shuai/git/rusty-cpp/.rusty-parity-matrix-nontoml/itertools-fresh-1777134760/runner.cpp:12233:39: note: remove ‘std::move’ call
/home/shuai/git/rusty-cpp/.rusty-parity-matrix-nontoml/itertools-fresh-1777134760/runner.cpp:12234:39: warning: moving a temporary object prevents copy elision [-Wpessimizing-move]
12234 |                 builder.push(std::move(TrackedDrop{}));
      |                              ~~~~~~~~~^~~~~~~~~~~~~~~
/home/shuai/git/rusty-cpp/.rusty-parity-matrix-nontoml/itertools-fresh-1777134760/runner.cpp:12234:39: note: remove ‘std::move’ call
/home/shuai/git/rusty-cpp/.rusty-parity-matrix-nontoml/itertools-fresh-1777134760/runner.cpp:12276:39: warning: moving a temporary object prevents copy elision [-Wpessimizing-move]
12276 |                 builder.push(std::move(TrackedDrop{}));
      |                              ~~~~~~~~~^~~~~~~~~~~~~~~
/home/shuai/git/rusty-cpp/.rusty-parity-matrix-nontoml/itertools-fresh-1777134760/runner.cpp:12276:39: note: remove ‘std::move’ call
/home/shuai/git/rusty-cpp/.rusty-parity-matrix-nontoml/itertools-fresh-1777134760/runner.cpp:12277:39: warning: moving a temporary object prevents copy elision [-Wpessimizing-move]
12277 |                 builder.push(std::move(TrackedDrop{}));
      |                              ~~~~~~~~~^~~~~~~~~~~~~~~
/home/shuai/git/rusty-cpp/.rusty-parity-matrix-nontoml/itertools-fresh-1777134760/runner.cpp:12277:39: note: remove ‘std::move’ call
/home/shuai/git/rusty-cpp/.rusty-parity-matrix-nontoml/itertools-fresh-1777134760/runner.cpp: In lambda function:
/home/shuai/git/rusty-cpp/.rusty-parity-matrix-nontoml/itertools-fresh-1777134760/runner.cpp:12279:23: warning: moving a temporary object prevents copy elision [-Wpessimizing-move]
12279 | builder.push(std::move(TrackedDrop{}));
      |              ~~~~~~~~~^~~~~~~~~~~~~~~
/home/shuai/git/rusty-cpp/.rusty-parity-matrix-nontoml/itertools-fresh-1777134760/runner.cpp:12279:23: note: remove ‘std::move’ call
/home/shuai/git/rusty-cpp/.rusty-parity-matrix-nontoml/itertools-fresh-1777134760/runner.cpp: In function ‘void next_array::test::tracked_drop()’:
/home/shuai/git/rusty-cpp/.rusty-parity-matrix-nontoml/itertools-fresh-1777134760/runner.cpp:12321:39: warning: moving a temporary object prevents copy elision [-Wpessimizing-move]
12321 |                 builder.push(std::move(TrackedDrop{}));
      |                              ~~~~~~~~~^~~~~~~~~~~~~~~
/home/shuai/git/rusty-cpp/.rusty-parity-matrix-nontoml/itertools-fresh-1777134760/runner.cpp:12321:39: note: remove ‘std::move’ call
/home/shuai/git/rusty-cpp/.rusty-parity-matrix-nontoml/itertools-fresh-1777134760/runner.cpp:12322:39: warning: moving a temporary object prevents copy elision [-Wpessimizing-move]
12322 |                 builder.push(std::move(TrackedDrop{}));
      |                              ~~~~~~~~~^~~~~~~~~~~~~~~
/home/shuai/git/rusty-cpp/.rusty-parity-matrix-nontoml/itertools-fresh-1777134760/runner.cpp:12322:39: note: remove ‘std::move’ call
/home/shuai/git/rusty-cpp/.rusty-parity-matrix-nontoml/itertools-fresh-1777134760/runner.cpp: In lambda function:
/home/shuai/git/rusty-cpp/.rusty-parity-matrix-nontoml/itertools-fresh-1777134760/runner.cpp:12324:23: warning: moving a temporary object prevents copy elision [-Wpessimizing-move]
12324 | builder.push(std::move(TrackedDrop{}));
      |              ~~~~~~~~~^~~~~~~~~~~~~~~
/home/shuai/git/rusty-cpp/.rusty-parity-matrix-nontoml/itertools-fresh-1777134760/runner.cpp:12324:23: note: remove ‘std::move’ call
/home/shuai/git/rusty-cpp/.rusty-parity-matrix-nontoml/itertools-fresh-1777134760/runner.cpp: In function ‘void next_array::test::tracked_drop()’:
/home/shuai/git/rusty-cpp/.rusty-parity-matrix-nontoml/itertools-fresh-1777134760/runner.cpp:12365:39: warning: moving a temporary object prevents copy elision [-Wpessimizing-move]
12365 |                 builder.push(std::move(TrackedDrop{}));
      |                              ~~~~~~~~~^~~~~~~~~~~~~~~
/home/shuai/git/rusty-cpp/.rusty-parity-matrix-nontoml/itertools-fresh-1777134760/runner.cpp:12365:39: note: remove ‘std::move’ call
/home/shuai/git/rusty-cpp/.rusty-parity-matrix-nontoml/itertools-fresh-1777134760/runner.cpp:12366:39: warning: moving a temporary object prevents copy elision [-Wpessimizing-move]
12366 |                 builder.push(std::move(TrackedDrop{}));
      |                              ~~~~~~~~~^~~~~~~~~~~~~~~
/home/shuai/git/rusty-cpp/.rusty-parity-matrix-nontoml/itertools-fresh-1777134760/runner.cpp:12366:39: note: remove ‘std::move’ call
In file included from /home/shuai/git/rusty-cpp/.rusty-parity-matrix-nontoml/itertools-fresh-1777134760/runner.cpp:18:
/home/shuai/git/rusty-cpp/.rusty-parity-matrix-nontoml/itertools-fresh-1777134760/runner.cpp: In lambda function:
/home/shuai/git/rusty-cpp/include/rusty/try.hpp:52:29: warning: moving a local object in a return statement prevents copy elision [-Wpessimizing-move]
   52 |             return std::move(_rusty_try_result); \
      |                    ~~~~~~~~~^~~~~~~~~~~~~~~~~~~
/home/shuai/git/rusty-cpp/.rusty-parity-matrix-nontoml/itertools-fresh-1777134760/runner.cpp:12992:36: note: in expansion of macro ‘RUSTY_TRY’
12992 |     } else { _iflet_value0.emplace(RUSTY_TRY([&]() { auto&& _checked_lhs = (n - 1); return rusty::checked_add(_checked_lhs, static_cast<std::remove_cvref_t<decltype((_checked_lhs))>>(std::move(k))); }())); }
      |                                    ^~~~~~~~~
/home/shuai/git/rusty-cpp/include/rusty/try.hpp:52:29: note: remove ‘std::move’ call
   52 |             return std::move(_rusty_try_result); \
      |                    ~~~~~~~~~^~~~~~~~~~~~~~~~~~~
/home/shuai/git/rusty-cpp/.rusty-parity-matrix-nontoml/itertools-fresh-1777134760/runner.cpp:12992:36: note: in expansion of macro ‘RUSTY_TRY’
12992 |     } else { _iflet_value0.emplace(RUSTY_TRY([&]() { auto&& _checked_lhs = (n - 1); return rusty::checked_add(_checked_lhs, static_cast<std::remove_cvref_t<decltype((_checked_lhs))>>(std::move(k))); }())); }
      |                                    ^~~~~~~~~
/home/shuai/git/rusty-cpp/.rusty-parity-matrix-nontoml/itertools-fresh-1777134760/runner.cpp: In instantiation of ‘size_hint::SizeHint size_hint::mul(const auto:85&, const auto:86&) [with auto:85 = std::tuple<long unsigned int, rusty::Option<long unsigned int> >; auto:86 = std::tuple<long unsigned int, rusty::Option<long unsigned int> >; SizeHint = std::tuple<long unsigned int, rusty::Option<long unsigned int> >]’:
/home/shuai/git/rusty-cpp/.rusty-parity-matrix-nontoml/itertools-fresh-1777134760/runner.cpp:4744:33:   required from here
 4744 |             auto&& _m0_tmp = mul(std::make_tuple(static_cast<size_t>(3), rusty::Option<size_t>(static_cast<size_t>(4))), std::make_tuple(static_cast<size_t>(3), rusty::Option<size_t>(static_cast<size_t>(4))));
      |                              ~~~^~~~~~~~~~~~~~~~~~~~~~~~~~~~~~~~~~~~~~~~~~~~~~~~~~~~~~~~~~~~~~~~~~~~~~~~~~~~~~~~~~~~~~~~~~~~~~~~~~~~~~~~~~~~~~~~~~~~~~~~~~~~~~~~~~~~~~~~~~~~~~~~~~~~~~~~~~~~~~~~~~~~~~~~~~~~~~~~
/home/shuai/git/rusty-cpp/.rusty-parity-matrix-nontoml/itertools-fresh-1777134760/runner.cpp:4712:700: warning: suggest parentheses around ‘&&’ within ‘||’ [-Wparentheses]
 4712 |         auto hi = [&]() -> rusty::Option<size_t> { auto&& _m0 = std::get<1>(a); auto&& _m1 = std::get<1>(b); if (rusty::detail::deref_if_pointer(_m0).is_some() && rusty::detail::deref_if_pointer(_m1).is_some()) { auto&& x = rusty::detail::deref_if_pointer(std::as_const(rusty::detail::deref_if_pointer(_m0)).unwrap()); auto&& y = rusty::detail::deref_if_pointer(std::as_const(rusty::detail::deref_if_pointer(_m1)).unwrap()); return [&]() { auto&& _checked_lhs = x; return rusty::checked_mul(_checked_lhs, static_cast<std::remove_cvref_t<decltype((_checked_lhs))>>(y)); }(); } if (((rusty::detail::deref_if_pointer(_m0).is_some() && std::as_const(rusty::detail::deref_if_pointer(_m0)).unwrap() == 0) && _m1.is_none() || _m0.is_none() && (rusty::detail::deref_if_pointer(_m1).is_some() && std::as_const(rusty::detail::deref_if_pointer(_m1)).unwrap() == 0))) { return rusty::Option<size_t>(static_cast<size_t>(0)); } if (true) { return rusty::Option<size_t>(rusty::None); } return [&]() -> rusty::Option<size_t> { rusty::intrinsics::unreachable(); }(); }();
      |                                                                                                                                                                                                                                                                                                                                                                                                                                                                                                                                                                                                      ~~~~~~~~~~~~~~~~~~~~~~~~~~~~~~~~~~~~~~~~~~~~~~~~~~~~~~~~~~~~~~~~~~~~~~~~~~~~~~~~~~~~~~~~~~~~~~~~~~~~~~~~~~~~~~~~~~~~~~^~~~~~~~~~~~~~~~
