/home/shuai/git/rusty-cpp/.rusty-parity-matrix-nontoml-current/serde/runner.cpp: In lambda function:
/home/shuai/git/rusty-cpp/.rusty-parity-matrix-nontoml-current/serde/runner.cpp:10300:13: warning: statement has no effect [-Wunused-value]
10300 |             val;
      |             ^~~
/home/shuai/git/rusty-cpp/.rusty-parity-matrix-nontoml-current/serde/runner.cpp:10324:21: warning: statement has no effect [-Wunused-value]
10324 |                     val;
      |                     ^~~
/home/shuai/git/rusty-cpp/.rusty-parity-matrix-nontoml-current/serde/runner.cpp:10345:17: warning: statement has no effect [-Wunused-value]
10345 |                 val;
      |                 ^~~
/home/shuai/git/rusty-cpp/.rusty-parity-matrix-nontoml-current/serde/runner.cpp: In member function ‘rusty::fmt::Result de::WithDecimalPoint::fmt(rusty::fmt::Formatter&) const’:
/home/shuai/git/rusty-cpp/.rusty-parity-matrix-nontoml-current/serde/runner.cpp:10378:25: warning: statement has no effect [-Wunused-value]
10378 |                         val;
      |                         ^~~
/home/shuai/git/rusty-cpp/.rusty-parity-matrix-nontoml-current/serde/runner.cpp:10399:29: warning: statement has no effect [-Wunused-value]
10399 |                             val;
      |                             ^~~
/home/shuai/git/rusty-cpp/.rusty-parity-matrix-nontoml-current/serde/runner.cpp:10421:25: warning: statement has no effect [-Wunused-value]
10421 |                         val;
      |                         ^~~
