═══════════════════════════════════════════════════════════════════════
Parity Matrix
  crates: semver
  work root: .rusty-parity-matrix-current
═══════════════════════════════════════════════════════════════════════

━━ semver ━━━━━━━━━━━━━━━━━━━━━━━━━━━━━━━━━━━━━━━━━━━━━━━━━━━━━━━━━━━━
crate: semver
  manifest: /home/shuai/git/rusty-cpp/tests/transpile_tests/semver/Cargo.toml
  command: cargo run -p rusty-cpp-transpiler -- parity-test --manifest-path /home/shuai/git/rusty-cpp/tests/transpile_tests/semver/Cargo.toml --stop-after run --work-dir .rusty-parity-matrix-current/semver --keep-work-dir
  FAIL: semver
  first failing crate: semver
  matrix log: .rusty-parity-matrix-current/semver/matrix.log
  baseline artifact: .rusty-parity-matrix-current/semver/baseline.txt
  build artifact: .rusty-parity-matrix-current/semver/build.log
  run artifact: .rusty-parity-matrix-current/semver/run.log
  tail of matrix log:
  Expand retry: detected workspace mismatch from in-place cargo expand.
  Expand retry: cargo expand --manifest-path /home/shuai/git/rusty-cpp/Cargo.toml -p semver
  Expand retry: cargo expand --manifest-path /home/shuai/git/rusty-cpp/.rusty-parity-matrix-current/semver/expand_source_manifest/Cargo.toml
  semver (--lib --tests): 2079 lines → /home/shuai/git/rusty-cpp/.rusty-parity-matrix-current/semver/targets/semver/expanded.rs
  Expand retry: detected workspace mismatch from in-place cargo expand.
  Expand retry: cargo expand --manifest-path /home/shuai/git/rusty-cpp/Cargo.toml -p semver
  Expand retry: cargo expand --manifest-path /home/shuai/git/rusty-cpp/.rusty-parity-matrix-current/semver/expand_source_manifest/Cargo.toml
  test_autotrait (--test test_autotrait): 42 lines → /home/shuai/git/rusty-cpp/.rusty-parity-matrix-current/semver/targets/test_autotrait/expanded.rs
  Expand retry: detected workspace mismatch from in-place cargo expand.
  Expand retry: cargo expand --manifest-path /home/shuai/git/rusty-cpp/Cargo.toml -p semver
  Expand retry: cargo expand --manifest-path /home/shuai/git/rusty-cpp/.rusty-parity-matrix-current/semver/expand_source_manifest/Cargo.toml
  test_identifier (--test test_identifier): 315 lines → /home/shuai/git/rusty-cpp/.rusty-parity-matrix-current/semver/targets/test_identifier/expanded.rs
  Expand retry: detected workspace mismatch from in-place cargo expand.
  Expand retry: cargo expand --manifest-path /home/shuai/git/rusty-cpp/Cargo.toml -p semver
  Expand retry: cargo expand --manifest-path /home/shuai/git/rusty-cpp/.rusty-parity-matrix-current/semver/expand_source_manifest/Cargo.toml
  test_version (--test test_version): 870 lines → /home/shuai/git/rusty-cpp/.rusty-parity-matrix-current/semver/targets/test_version/expanded.rs
  Expand retry: detected workspace mismatch from in-place cargo expand.
  Expand retry: cargo expand --manifest-path /home/shuai/git/rusty-cpp/Cargo.toml -p semver
  Expand retry: cargo expand --manifest-path /home/shuai/git/rusty-cpp/.rusty-parity-matrix-current/semver/expand_source_manifest/Cargo.toml
  test_version_req (--test test_version_req): 945 lines → /home/shuai/git/rusty-cpp/.rusty-parity-matrix-current/semver/targets/test_version_req/expanded.rs
Stage C: Transpiling to C++...
  semver: 3775 lines → /home/shuai/git/rusty-cpp/.rusty-parity-matrix-current/semver/targets/semver/semver.cppm
  test_autotrait: 64 lines → /home/shuai/git/rusty-cpp/.rusty-parity-matrix-current/semver/targets/test_autotrait/test_autotrait.cppm
  test_identifier: 1892 lines → /home/shuai/git/rusty-cpp/.rusty-parity-matrix-current/semver/targets/test_identifier/test_identifier.cppm
  test_version: 2255 lines → /home/shuai/git/rusty-cpp/.rusty-parity-matrix-current/semver/targets/test_version/test_version.cppm
  test_version_req: 2190 lines → /home/shuai/git/rusty-cpp/.rusty-parity-matrix-current/semver/targets/test_version_req/test_version_req.cppm
Stage D: Building with C++ compiler...
  Generated runner: /home/shuai/git/rusty-cpp/.rusty-parity-matrix-current/semver/runner.cpp (32 tests discovered)
  Build FAILED — see /home/shuai/git/rusty-cpp/.rusty-parity-matrix-current/semver/build.log
    /home/shuai/git/rusty-cpp/.rusty-parity-matrix-current/semver/runner.cpp:3069:320: warning: integer constant is so large that it is unsigned
     3069 | return Identifier(ptr_to_repr(std::move(ptr_shadow1)), [](auto _seed) { std::array<uint8_t, rusty::sanitize_array_capacity<TAIL_BYTES>()> _repeat{}; _repeat.fill(static_cast<uint8_t>(_seed)); return _repeat; }(static_cast<uint8_t>(0))); }())); _m_matched = true; } if (!_m_matched && ((_m >= 72057594037927936 && _m <= 18446744073709551615))) { {
          |                                                                                                                                                                                                                                                                                                                                ^~~~~~~~~~~~~~~~~~~~
    In file included from /home/shuai/git/rusty-cpp/.rusty-parity-matrix-current/semver/runner.cpp:18:
    /home/shuai/git/rusty-cpp/.rusty-parity-matrix-current/semver/runner.cpp: In function ‘rusty::Result<std::tuple<Comparator, error::Position, std::basic_string_view<char, std::char_traits<char> > >, parse::Error> parse::comparator(std::string_view)’:
    /home/shuai/git/rusty-cpp/.rusty-parity-matrix-current/semver/runner.cpp:2870:117: warning: moving a temporary object prevents copy elision [-Wpessimizing-move]
     2870 |         auto _tuple_destructure_1 = rusty::detail::deref_if_pointer_like(RUSTY_TRY_INTO(numeric_identifier(std::move(rusty::to_string_view(text_shadow1)), std::move(pos)), rusty::Result<std::tuple<Comparator, error::Position, std::string_view>, Error>));
          |                                                                                                            ~~~~~~~~~^~~~~~~~~~~~~~~~~~~~~~~~~~~~~~~~~~~~~
    /home/shuai/git/rusty-cpp/include/rusty/try.hpp:61:35: note: in definition of macro ‘RUSTY_TRY_INTO’
       61 |         auto _rusty_try_result = (expr); \
          |                                   ^~~~
    /home/shuai/git/rusty-cpp/.rusty-parity-matrix-current/semver/runner.cpp:2870:117: note: remove ‘std::move’ call
     2870 |         auto _tuple_destructure_1 = rusty::detail::deref_if_pointer_like(RUSTY_TRY_INTO(numeric_identifier(std::move(rusty::to_string_view(text_shadow1)), std::move(pos)), rusty::Result<std::tuple<Comparator, error::Position, std::string_view>, Error>));
          |                                                                                                            ~~~~~~~~~^~~~~~~~~~~~~~~~~~~~~~~~~~~~~~~~~~~~~
    /home/shuai/git/rusty-cpp/include/rusty/try.hpp:61:35: note: in definition of macro ‘RUSTY_TRY_INTO’
       61 |         auto _rusty_try_result = (expr); \
          |                                   ^~~~
    /home/shuai/git/rusty-cpp/.rusty-parity-matrix-current/semver/runner.cpp:2880:55: warning: moving a temporary object prevents copy elision [-Wpessimizing-move]
     2880 |                 { auto&& _iflet_s = wildcard(std::move(rusty::to_string_view(text)));
          |                                              ~~~~~~~~~^~~~~~~~~~~~~~~~~~~~~~~~~~~~~
Parity test error: C++ compilation failed

═══════════════════════════════════════════════════════════════════════
Summary: total=1 pass=0 fail=1
═══════════════════════════════════════════════════════════════════════
First failing crate: semver
Failure log: .rusty-parity-matrix-current/semver/matrix.log
baseline.txt: .rusty-parity-matrix-current/semver/baseline.txt
build.log: .rusty-parity-matrix-current/semver/build.log
run.log: .rusty-parity-matrix-current/semver/run.log
