╔═══════════════════════════════════════════════════╗
║  Parity Test: toml
╚═══════════════════════════════════════════════════╝

Stage A: Running cargo test (baseline)...
  Baseline: PASS (saved to /home/shuai/git/rusty-cpp/.rusty-parity-matrix-current/toml-fresh4/baseline.txt)
Discovering targets...
  Package: toml
  Target: toml (Lib) → module toml
  Target: compliance (Test) → module compliance
  Target: decoder (Test) → module decoder
  Target: decoder_compliance (Test) → module decoder_compliance
  Target: encoder (Test) → module encoder
  Target: encoder_compliance (Test) → module encoder_compliance
  Target: encoder_pretty_compliance (Test) → module encoder_pretty_compliance
  Target: serde (Test) → module serde
  Target: testsuite (Test) → module testsuite
  Dependencies:
    equivalent (/home/shuai/.cargo/registry/src/index.crates.io-1949cf8c6b5b557f/equivalent-1.0.2/Cargo.toml) → module equivalent [registry]
    hashbrown (/home/shuai/.cargo/registry/src/index.crates.io-1949cf8c6b5b557f/hashbrown-0.16.1/Cargo.toml) → module hashbrown [registry]
    serde_core (/home/shuai/.cargo/registry/src/index.crates.io-1949cf8c6b5b557f/serde_core-1.0.228/Cargo.toml) → module serde_core [registry]
    indexmap (/home/shuai/.cargo/registry/src/index.crates.io-1949cf8c6b5b557f/indexmap-2.13.0/Cargo.toml) → module indexmap [registry]
    serde_spanned (/home/shuai/git/rusty-cpp/tests/transpile_tests/toml/crates/serde_spanned/Cargo.toml) → module serde_spanned
    toml_datetime (/home/shuai/git/rusty-cpp/tests/transpile_tests/toml/crates/toml_datetime/Cargo.toml) → module toml_datetime
    memchr (/home/shuai/.cargo/registry/src/index.crates.io-1949cf8c6b5b557f/memchr-2.8.0/Cargo.toml) → module memchr [registry]
    winnow (/home/shuai/.cargo/registry/src/index.crates.io-1949cf8c6b5b557f/winnow-1.0.0/Cargo.toml) → module winnow [registry]
    toml_parser (/home/shuai/git/rusty-cpp/tests/transpile_tests/toml/crates/toml_parser/Cargo.toml) → module toml_parser
    toml_writer (/home/shuai/git/rusty-cpp/tests/transpile_tests/toml/crates/toml_writer/Cargo.toml) → module toml_writer

Stage B: Running cargo expand per target...
  dep equivalent (--lib): 112 lines → /home/shuai/git/rusty-cpp/.rusty-parity-matrix-current/toml-fresh4/deps/equivalent/expanded.rs
  dep hashbrown (--lib): 15587 lines → /home/shuai/git/rusty-cpp/.rusty-parity-matrix-current/toml-fresh4/deps/hashbrown/expanded.rs
  dep serde_core (--lib): 38463 lines → /home/shuai/git/rusty-cpp/.rusty-parity-matrix-current/toml-fresh4/deps/serde_core/expanded.rs
  dep indexmap (--lib): 8774 lines → /home/shuai/git/rusty-cpp/.rusty-parity-matrix-current/toml-fresh4/deps/indexmap/expanded.rs
  dep serde_spanned (--lib): 359 lines → /home/shuai/git/rusty-cpp/.rusty-parity-matrix-current/toml-fresh4/deps/serde_spanned/expanded.rs
  dep toml_datetime (--lib): 1185 lines → /home/shuai/git/rusty-cpp/.rusty-parity-matrix-current/toml-fresh4/deps/toml_datetime/expanded.rs
  dep memchr (--lib): 11040 lines → /home/shuai/git/rusty-cpp/.rusty-parity-matrix-current/toml-fresh4/deps/memchr/expanded.rs
  dep winnow (--lib): 18341 lines → /home/shuai/git/rusty-cpp/.rusty-parity-matrix-current/toml-fresh4/deps/winnow/expanded.rs
  dep toml_parser (--lib): 6006 lines → /home/shuai/git/rusty-cpp/.rusty-parity-matrix-current/toml-fresh4/deps/toml_parser/expanded.rs
  dep toml_writer (--lib): 1585 lines → /home/shuai/git/rusty-cpp/.rusty-parity-matrix-current/toml-fresh4/deps/toml_writer/expanded.rs
  toml (--lib --tests): 11053 lines → /home/shuai/git/rusty-cpp/.rusty-parity-matrix-current/toml-fresh4/targets/toml/expanded.rs
  compliance (--test compliance): 4692 lines → /home/shuai/git/rusty-cpp/.rusty-parity-matrix-current/toml-fresh4/targets/compliance/expanded.rs
  decoder (--test decoder): 138 lines → /home/shuai/git/rusty-cpp/.rusty-parity-matrix-current/toml-fresh4/targets/decoder/expanded.rs
  decoder_compliance (--test decoder_compliance): 190 lines → /home/shuai/git/rusty-cpp/.rusty-parity-matrix-current/toml-fresh4/targets/decoder_compliance/expanded.rs
  encoder (--test encoder): 152 lines → /home/shuai/git/rusty-cpp/.rusty-parity-matrix-current/toml-fresh4/targets/encoder/expanded.rs
  encoder_compliance (--test encoder_compliance): 312 lines → /home/shuai/git/rusty-cpp/.rusty-parity-matrix-current/toml-fresh4/targets/encoder_compliance/expanded.rs
  encoder_pretty_compliance (--test encoder_pretty_compliance): 289 lines → /home/shuai/git/rusty-cpp/.rusty-parity-matrix-current/toml-fresh4/targets/encoder_pretty_compliance/expanded.rs
  serde (--test serde): 60108 lines → /home/shuai/git/rusty-cpp/.rusty-parity-matrix-current/toml-fresh4/targets/serde/expanded.rs
  testsuite (--test testsuite): 2542 lines → /home/shuai/git/rusty-cpp/.rusty-parity-matrix-current/toml-fresh4/targets/testsuite/expanded.rs
  Pruned unused registry dependencies: equivalent, hashbrown, indexmap, memchr, winnow
Stage C: Transpiling to C++...
  dep serde_core (serde_core): 10767 lines → /home/shuai/git/rusty-cpp/.rusty-parity-matrix-current/toml-fresh4/deps/serde_core/serde_core.cppm
  dep serde_spanned (serde_spanned): 1652 lines → /home/shuai/git/rusty-cpp/.rusty-parity-matrix-current/toml-fresh4/deps/serde_spanned/serde_spanned.cppm
  dep toml_datetime (toml_datetime): 2272 lines → /home/shuai/git/rusty-cpp/.rusty-parity-matrix-current/toml-fresh4/deps/toml_datetime/toml_datetime.cppm
  dep toml_parser (toml_parser): 6698 lines → /home/shuai/git/rusty-cpp/.rusty-parity-matrix-current/toml-fresh4/deps/toml_parser/toml_parser.cppm
  dep toml_writer (toml_writer): 2772 lines → /home/shuai/git/rusty-cpp/.rusty-parity-matrix-current/toml-fresh4/deps/toml_writer/toml_writer.cppm
  toml: 10756 lines → /home/shuai/git/rusty-cpp/.rusty-parity-matrix-current/toml-fresh4/targets/toml/toml.cppm
  compliance: 4250 lines → /home/shuai/git/rusty-cpp/.rusty-parity-matrix-current/toml-fresh4/targets/compliance/compliance.cppm
  decoder: 1525 lines → /home/shuai/git/rusty-cpp/.rusty-parity-matrix-current/toml-fresh4/targets/decoder/decoder.cppm
  decoder_compliance: 1567 lines → /home/shuai/git/rusty-cpp/.rusty-parity-matrix-current/toml-fresh4/targets/decoder_compliance/decoder_compliance.cppm
  encoder: 1543 lines → /home/shuai/git/rusty-cpp/.rusty-parity-matrix-current/toml-fresh4/targets/encoder/encoder.cppm
  encoder_compliance: 1656 lines → /home/shuai/git/rusty-cpp/.rusty-parity-matrix-current/toml-fresh4/targets/encoder_compliance/encoder_compliance.cppm
  encoder_pretty_compliance: 1648 lines → /home/shuai/git/rusty-cpp/.rusty-parity-matrix-current/toml-fresh4/targets/encoder_pretty_compliance/encoder_pretty_compliance.cppm
  serde: 16956 lines → /home/shuai/git/rusty-cpp/.rusty-parity-matrix-current/toml-fresh4/targets/serde/serde.cppm
  testsuite: 2447 lines → /home/shuai/git/rusty-cpp/.rusty-parity-matrix-current/toml-fresh4/targets/testsuite/testsuite.cppm
Stage D: Building with C++ compiler...
  Generated runner: /home/shuai/git/rusty-cpp/.rusty-parity-matrix-current/toml-fresh4/runner.cpp (228 tests discovered)
  Build FAILED — see /home/shuai/git/rusty-cpp/.rusty-parity-matrix-current/toml-fresh4/build.log
    /home/shuai/git/rusty-cpp/.rusty-parity-matrix-current/toml-fresh4/runner.cpp:16047:5: warning: multi-line comment [-Wcomment]
    16047 |     /// escape = %x5C                   ; \
          |     ^
    /home/shuai/git/rusty-cpp/.rusty-parity-matrix-current/toml-fresh4/runner.cpp: In function ‘rusty::Result<typename S::Ok, typename S::Error> ser::impls::rusty_ext::serialize(const bool&, S)’:
    /home/shuai/git/rusty-cpp/.rusty-parity-matrix-current/toml-fresh4/runner.cpp:2385:23: warning: typedef ‘using Self = std::remove_reference_t<const bool&>’ locally defined but not used [-Wunused-local-typedefs]
     2385 |                 using Self = std::remove_reference_t<decltype(self_)>;
          |                       ^~~~
    /home/shuai/git/rusty-cpp/.rusty-parity-matrix-current/toml-fresh4/runner.cpp: In function ‘rusty::Result<typename S::Ok, typename S::Error> ser::impls::rusty_ext::serialize(const ptrdiff_t&, S)’:
    /home/shuai/git/rusty-cpp/.rusty-parity-matrix-current/toml-fresh4/runner.cpp:2391:23: warning: typedef ‘using Self = std::remove_reference_t<const long int&>’ locally defined but not used [-Wunused-local-typedefs]
     2391 |                 using Self = std::remove_reference_t<decltype(self_)>;
          |                       ^~~~
    /home/shuai/git/rusty-cpp/.rusty-parity-matrix-current/toml-fresh4/runner.cpp: In function ‘rusty::Result<typename S::Ok, typename S::Error> ser::impls::rusty_ext::serialize(const int8_t&, S)’:
    /home/shuai/git/rusty-cpp/.rusty-parity-matrix-current/toml-fresh4/runner.cpp:2397:23: warning: typedef ‘using Self = std::remove_reference_t<const signed char&>’ locally defined but not used [-Wunused-local-typedefs]
     2397 |                 using Self = std::remove_reference_t<decltype(self_)>;
          |                       ^~~~
    /home/shuai/git/rusty-cpp/.rusty-parity-matrix-current/toml-fresh4/runner.cpp: In function ‘rusty::Result<typename S::Ok, typename S::Error> ser::impls::rusty_ext::serialize(const int16_t&, S)’:
    /home/shuai/git/rusty-cpp/.rusty-parity-matrix-current/toml-fresh4/runner.cpp:2403:23: warning: typedef ‘using Self = std::remove_reference_t<const short int&>’ locally defined but not used [-Wunused-local-typedefs]
     2403 |                 using Self = std::remove_reference_t<decltype(self_)>;
          |                       ^~~~
    /home/shuai/git/rusty-cpp/.rusty-parity-matrix-current/toml-fresh4/runner.cpp: In function ‘rusty::Result<typename S::Ok, typename S::Error> ser::impls::rusty_ext::serialize(const int32_t&, S)’:
