   Compiling rusty-cpp-transpiler v0.1.0 (/home/shuai/git/rusty-cpp/transpiler)
warning: variable does not need to be mutable
    --> transpiler/src/codegen.rs:7361:13
     |
7361 |         let mut flush = |buf: &mut String, out: &mut Vec<String>| {
     |             ----^^^^^
     |             |
     |             help: remove this `mut`
     |
     = note: `#[warn(unused_mut)]` (part of `#[warn(unused)]`) on by default

warning: unused variable: `expected_owner`
     --> transpiler/src/codegen.rs:11614:13
      |
11614 |         let expected_owner = match expected_inner {
      |             ^^^^^^^^^^^^^^ help: if this is intentional, prefix it with an underscore: `_expected_owner`
      |
      = note: `#[warn(unused_variables)]` (part of `#[warn(unused)]`) on by default

warning: variable does not need to be mutable
     --> transpiler/src/codegen.rs:25111:13
      |
25111 |         let mut block_profile_mark = |label: &str| {
      |             ----^^^^^^^^^^^^^^^^^^
      |             |
      |             help: remove this `mut`

warning: variable does not need to be mutable
     --> transpiler/src/codegen.rs:29732:21
      |
29732 |                 let mut inner = self.new_inner_for_block();
      |                     ----^^^^^
      |                     |
      |                     help: remove this `mut`

warning: variable does not need to be mutable
     --> transpiler/src/codegen.rs:29747:21
      |
29747 |                 let mut inner = self.new_inner_for_block();
      |                     ----^^^^^
      |                     |
      |                     help: remove this `mut`

warning: unused variable: `scrutinee_expr`
     --> transpiler/src/codegen.rs:33863:9
      |
33863 |         scrutinee_expr: &syn::Expr,
      |         ^^^^^^^^^^^^^^ help: if this is intentional, prefix it with an underscore: `_scrutinee_expr`

warning: variable does not need to be mutable
     --> transpiler/src/codegen.rs:48388:21
      |
48388 |                 let mut inner = self.new_inner_for_block();
      |                     ----^^^^^
      |                     |
      |                     help: remove this `mut`

warning: unused variable: `expected_ty`
     --> transpiler/src/codegen.rs:50383:9
      |
50383 |         expected_ty: Option<&syn::Type>,
      |         ^^^^^^^^^^^ help: if this is intentional, prefix it with an underscore: `_expected_ty`

warning: value assigned to `joined` is never read
     --> transpiler/src/codegen.rs:62931:26
      |
62931 |         let mut joined = segments.join("::");
      |                          ^^^^^^^^^^^^^^^^^^^
      |
      = help: maybe it is overwritten before being read?
      = note: `#[warn(unused_assignments)]` (part of `#[warn(unused)]`) on by default

warning: value assigned to `joined` is never read
     --> transpiler/src/codegen.rs:62944:9
      |
62944 |         joined = segments.join("::");
      |         ^^^^^^
      |
      = help: maybe it is overwritten before being read?

warning: field `0` is never read
  --> transpiler/src/cmake.rs:86:11
   |
86 |     Table(toml::value::Table),
   |     ----- ^^^^^^^^^^^^^^^^^^
   |     |
   |     field in this variant
   |
   = note: `#[warn(dead_code)]` (part of `#[warn(unused)]`) on by default
help: consider changing the field to be of unit type to suppress this warning while preserving the field numbering, or remove the field
   |
86 -     Table(toml::value::Table),
86 +     Table(()),
   |

warning: struct `OptionSomeNoneExprCollector` is never constructed
   --> transpiler/src/codegen.rs:369:8
    |
369 | struct OptionSomeNoneExprCollector {
    |        ^^^^^^^^^^^^^^^^^^^^^^^^^^^

warning: method `saw_both` is never used
   --> transpiler/src/codegen.rs:375:8
    |
374 | impl OptionSomeNoneExprCollector {
    | -------------------------------- method in this implementation
375 |     fn saw_both(&self) -> bool {
    |        ^^^^^^^^

warning: multiple associated items are never used
     --> transpiler/src/codegen.rs:6180:8
      |
  965 | impl CodeGen {
      | ------------ associated items in this implementation
...
 6180 |     fn module_concrete_type_decl_count_recursive(m: &syn::ItemMod) -> usize {
      |        ^^^^^^^^^^^^^^^^^^^^^^^^^^^^^^^^^^^^^^^^^
...
 7393 |     fn cpp_spelling_mentions_import_alias(&self, spelling: &str) -> bool {
      |        ^^^^^^^^^^^^^^^^^^^^^^^^^^^^^^^^^^
...
 7449 |     fn forward_decl_signature_mentions_unqualified_scope_import_name(
      |        ^^^^^^^^^^^^^^^^^^^^^^^^^^^^^^^^^^^^^^^^^^^^^^^^^^^^^^^^^^^^^
...
 7504 |     fn has_forward_decl_items(items: &[syn::Item]) -> bool {
      |        ^^^^^^^^^^^^^^^^^^^^^^
...
 8440 |     fn resolve_unique_scope_import_binding_path_any_scope(&self, local_name: &str) -> Option<String> {
      |        ^^^^^^^^^^^^^^^^^^^^^^^^^^^^^^^^^^^^^^^^^^^^^^^^^^
...
12532 |     fn escape_cpp_qualified_name(path: &str) -> String {
      |        ^^^^^^^^^^^^^^^^^^^^^^^^^
...
14499 |     fn map_variant_ctor_param_type(&self, ty: &syn::Type, ctor_name: &str) -> String {
      |        ^^^^^^^^^^^^^^^^^^^^^^^^^^^
...
20264 |     fn resolve_current_struct_assoc_cpp_type_if_concrete(
      |        ^^^^^^^^^^^^^^^^^^^^^^^^^^^^^^^^^^^^^^^^^^^^^^^^^
...
27150 |     fn extract_tuple_struct_bindings(
      |        ^^^^^^^^^^^^^^^^^^^^^^^^^^^^^
...
31150 |     fn tuple_pattern_elem_supports_value_match(&self, pat: &syn::Pat) -> bool {
      |        ^^^^^^^^^^^^^^^^^^^^^^^^^^^^^^^^^^^^^^^
...
33987 |     fn if_let_unwrap_binding_should_preserve_reference(
      |        ^^^^^^^^^^^^^^^^^^^^^^^^^^^^^^^^^^^^^^^^^^^^^^^
...
43571 |     fn receiver_is_hashmap_like_expr(&self, receiver: &syn::Expr) -> bool {
      |        ^^^^^^^^^^^^^^^^^^^^^^^^^^^^^
...
50811 |     fn block_contains_option_some_and_none_exprs(&self, block: &syn::Block) -> bool {
      |        ^^^^^^^^^^^^^^^^^^^^^^^^^^^^^^^^^^^^^^^^^
...
51257 |     fn option_inner_needs_typed_make_optional(&self, inner_ty: &syn::Type) -> bool {
      |        ^^^^^^^^^^^^^^^^^^^^^^^^^^^^^^^^^^^^^^
...
60833 |     fn emit_stmt_to_string_with_expected(
      |        ^^^^^^^^^^^^^^^^^^^^^^^^^^^^^^^^^

warning: field `src_path` is never read
  --> transpiler/src/metadata.rs:10:9
   |
 7 | pub struct CrateTarget {
   |            ----------- field in this struct
...
10 |     pub src_path: PathBuf,
   |         ^^^^^^^^
   |
   = note: `CrateTarget` has derived impls for the traits `Clone` and `Debug`, but these are intentionally ignored during dead code analysis

warning: function `discover_local_path_dependencies` is never used
   --> transpiler/src/metadata.rs:514:8
    |
514 | pub fn discover_local_path_dependencies(
    |        ^^^^^^^^^^^^^^^^^^^^^^^^^^^^^^^^

warning: function `transpile` is never used
   --> transpiler/src/transpile.rs:255:8
    |
255 | pub fn transpile(rust_source: &str, module_name: Option<&str>) -> Result<String, String> {
    |        ^^^^^^^^^

warning: function `transpile_with_type_map` is never used
   --> transpiler/src/transpile.rs:260:8
    |
260 | pub fn transpile_with_type_map(
    |        ^^^^^^^^^^^^^^^^^^^^^^^

warning: function `transpile_with_type_map_and_extension_hints` is never used
   --> transpiler/src/transpile.rs:275:8
    |
275 | pub fn transpile_with_type_map_and_extension_hints(
    |        ^^^^^^^^^^^^^^^^^^^^^^^^^^^^^^^^^^^^^^^^^^^

warning: function `transpile_full` is never used
   --> transpiler/src/transpile.rs:310:8
    |
310 | pub fn transpile_full(
    |        ^^^^^^^^^^^^^^

warning: `rusty-cpp-transpiler` (bin "rusty-cpp-transpiler") generated 20 warnings (run `cargo fix --bin "rusty-cpp-transpiler" -p rusty-cpp-transpiler` to apply 8 suggestions)
    Finished `dev` profile [unoptimized + debuginfo] target(s) in 9.45s
     Running `target/debug/rusty-cpp-transpiler parity-test --manifest-path /home/shuai/git/rusty-cpp/tests/transpile_tests/semver/Cargo.toml --stop-after run --work-dir .rusty-parity-matrix-current/semver --keep-work-dir`
╔═══════════════════════════════════════════════════╗
║  Parity Test: semver
╚═══════════════════════════════════════════════════╝

Stage A: Running cargo test (baseline)...
  Baseline retry: detected workspace mismatch from in-place cargo test.
  Baseline retry: cargo test --manifest-path /home/shuai/git/rusty-cpp/Cargo.toml -p semver
  Baseline retry: cargo test --manifest-path /home/shuai/git/rusty-cpp/.rusty-parity-matrix-current/semver/baseline_source_manifest/Cargo.toml
  Baseline: PASS (saved to /home/shuai/git/rusty-cpp/.rusty-parity-matrix-current/semver/baseline.txt)
Discovering targets...
  Metadata retry: detected workspace mismatch from in-place cargo metadata.
  Metadata retry: cargo metadata --manifest-path /home/shuai/git/rusty-cpp/Cargo.toml -p semver
  Metadata retry: cargo metadata --manifest-path /home/shuai/git/rusty-cpp/.rusty-parity-matrix-current/semver/metadata_source_manifest/Cargo.toml
  Skipping target 'parse' (Bench): not test-capable
  Skipping target 'build-script-build' (Other("custom-build")): not test-capable
  Package: semver
  Target: semver (Lib) → module semver
  Target: test_autotrait (Test) → module test_autotrait
  Target: test_identifier (Test) → module test_identifier
  Target: test_version (Test) → module test_version
  Target: test_version_req (Test) → module test_version_req
  Dependency metadata retry: detected workspace mismatch.
  Dependency metadata retry: cargo metadata --manifest-path /home/shuai/git/rusty-cpp/Cargo.toml -p semver
  Dependency metadata retry: cargo metadata --manifest-path /home/shuai/git/rusty-cpp/.rusty-parity-matrix-current/semver/dependency_metadata_source_manifest/Cargo.toml
  Dependency metadata retry: detected workspace mismatch.
  Dependency metadata retry: cargo metadata --manifest-path /home/shuai/git/rusty-cpp/Cargo.toml -p semver
  Dependency metadata retry: cargo metadata --manifest-path /home/shuai/git/rusty-cpp/.rusty-parity-matrix-current/semver/dependency_metadata_source_manifest/Cargo.toml

Stage B: Running cargo expand per target...
  Expand retry: detected workspace mismatch from in-place cargo expand.
  Expand retry: cargo expand --manifest-path /home/shuai/git/rusty-cpp/Cargo.toml -p semver
  Expand retry: cargo expand --manifest-path /home/shuai/git/rusty-cpp/.rusty-parity-matrix-current/semver/expand_source_manifest/Cargo.toml
  semver (--lib --tests): 2079 lines → /home/shuai/git/rusty-cpp/.rusty-parity-matrix-current/semver/targets/semver/expanded.rs
  Expand retry: detected workspace mismatch from in-place cargo expand.
  Expand retry: cargo expand --manifest-path /home/shuai/git/rusty-cpp/Cargo.toml -p semver
  Expand retry: cargo expand --manifest-path /home/shuai/git/rusty-cpp/.rusty-parity-matrix-current/semver/expand_source_manifest/Cargo.toml
  test_autotrait (--test test_autotrait): 42 lines → /home/shuai/git/rusty-cpp/.rusty-parity-matrix-current/semver/targets/test_autotrait/expanded.rs
  Expand retry: detected workspace mismatch from in-place cargo expand.
  Expand retry: cargo expand --manifest-path /home/shuai/git/rusty-cpp/Cargo.toml -p semver
  Expand retry: cargo expand --manifest-path /home/shuai/git/rusty-cpp/.rusty-parity-matrix-current/semver/expand_source_manifest/Cargo.toml
  test_identifier (--test test_identifier): 315 lines → /home/shuai/git/rusty-cpp/.rusty-parity-matrix-current/semver/targets/test_identifier/expanded.rs
  Expand retry: detected workspace mismatch from in-place cargo expand.
  Expand retry: cargo expand --manifest-path /home/shuai/git/rusty-cpp/Cargo.toml -p semver
  Expand retry: cargo expand --manifest-path /home/shuai/git/rusty-cpp/.rusty-parity-matrix-current/semver/expand_source_manifest/Cargo.toml
  test_version (--test test_version): 870 lines → /home/shuai/git/rusty-cpp/.rusty-parity-matrix-current/semver/targets/test_version/expanded.rs
  Expand retry: detected workspace mismatch from in-place cargo expand.
  Expand retry: cargo expand --manifest-path /home/shuai/git/rusty-cpp/Cargo.toml -p semver
  Expand retry: cargo expand --manifest-path /home/shuai/git/rusty-cpp/.rusty-parity-matrix-current/semver/expand_source_manifest/Cargo.toml
  test_version_req (--test test_version_req): 945 lines → /home/shuai/git/rusty-cpp/.rusty-parity-matrix-current/semver/targets/test_version_req/expanded.rs
Stage C: Transpiling to C++...
  semver: 3775 lines → /home/shuai/git/rusty-cpp/.rusty-parity-matrix-current/semver/targets/semver/semver.cppm
  test_autotrait: 64 lines → /home/shuai/git/rusty-cpp/.rusty-parity-matrix-current/semver/targets/test_autotrait/test_autotrait.cppm
  test_identifier: 1892 lines → /home/shuai/git/rusty-cpp/.rusty-parity-matrix-current/semver/targets/test_identifier/test_identifier.cppm
  test_version: 2255 lines → /home/shuai/git/rusty-cpp/.rusty-parity-matrix-current/semver/targets/test_version/test_version.cppm
  test_version_req: 2190 lines → /home/shuai/git/rusty-cpp/.rusty-parity-matrix-current/semver/targets/test_version_req/test_version_req.cppm
Stage D: Building with C++ compiler...
  Generated runner: /home/shuai/git/rusty-cpp/.rusty-parity-matrix-current/semver/runner.cpp (32 tests discovered)
  Build FAILED — see /home/shuai/git/rusty-cpp/.rusty-parity-matrix-current/semver/build.log
    /home/shuai/git/rusty-cpp/.rusty-parity-matrix-current/semver/runner.cpp:3069:320: warning: integer constant is so large that it is unsigned
     3069 | return Identifier(ptr_to_repr(std::move(ptr_shadow1)), [](auto _seed) { std::array<uint8_t, rusty::sanitize_array_capacity<TAIL_BYTES>()> _repeat{}; _repeat.fill(static_cast<uint8_t>(_seed)); return _repeat; }(static_cast<uint8_t>(0))); }())); _m_matched = true; } if (!_m_matched && ((_m >= 72057594037927936 && _m <= 18446744073709551615))) { {
          |                                                                                                                                                                                                                                                                                                                                ^~~~~~~~~~~~~~~~~~~~
    In file included from /home/shuai/git/rusty-cpp/.rusty-parity-matrix-current/semver/runner.cpp:18:
    /home/shuai/git/rusty-cpp/.rusty-parity-matrix-current/semver/runner.cpp: In function ‘rusty::Result<std::tuple<Comparator, error::Position, std::basic_string_view<char, std::char_traits<char> > >, parse::Error> parse::comparator(std::string_view)’:
    /home/shuai/git/rusty-cpp/.rusty-parity-matrix-current/semver/runner.cpp:2870:117: warning: moving a temporary object prevents copy elision [-Wpessimizing-move]
     2870 |         auto _tuple_destructure_1 = rusty::detail::deref_if_pointer_like(RUSTY_TRY_INTO(numeric_identifier(std::move(rusty::to_string_view(text_shadow1)), std::move(pos)), rusty::Result<std::tuple<Comparator, error::Position, std::string_view>, Error>));
          |                                                                                                            ~~~~~~~~~^~~~~~~~~~~~~~~~~~~~~~~~~~~~~~~~~~~~~
    /home/shuai/git/rusty-cpp/include/rusty/try.hpp:61:35: note: in definition of macro ‘RUSTY_TRY_INTO’
       61 |         auto _rusty_try_result = (expr); \
          |                                   ^~~~
    /home/shuai/git/rusty-cpp/.rusty-parity-matrix-current/semver/runner.cpp:2870:117: note: remove ‘std::move’ call
     2870 |         auto _tuple_destructure_1 = rusty::detail::deref_if_pointer_like(RUSTY_TRY_INTO(numeric_identifier(std::move(rusty::to_string_view(text_shadow1)), std::move(pos)), rusty::Result<std::tuple<Comparator, error::Position, std::string_view>, Error>));
          |                                                                                                            ~~~~~~~~~^~~~~~~~~~~~~~~~~~~~~~~~~~~~~~~~~~~~~
    /home/shuai/git/rusty-cpp/include/rusty/try.hpp:61:35: note: in definition of macro ‘RUSTY_TRY_INTO’
       61 |         auto _rusty_try_result = (expr); \
          |                                   ^~~~
    /home/shuai/git/rusty-cpp/.rusty-parity-matrix-current/semver/runner.cpp:2880:55: warning: moving a temporary object prevents copy elision [-Wpessimizing-move]
     2880 |                 { auto&& _iflet_s = wildcard(std::move(rusty::to_string_view(text)));
          |                                              ~~~~~~~~~^~~~~~~~~~~~~~~~~~~~~~~~~~~~~
Parity test error: C++ compilation failed
