warning: variable does not need to be mutable
    --> transpiler/src/codegen.rs:7361:13
     |
7361 |         let mut flush = |buf: &mut String, out: &mut Vec<String>| {
     |             ----^^^^^
     |             |
     |             help: remove this `mut`
     |
     = note: `#[warn(unused_mut)]` (part of `#[warn(unused)]`) on by default

warning: unused variable: `expected_owner`
     --> transpiler/src/codegen.rs:11614:13
      |
11614 |         let expected_owner = match expected_inner {
      |             ^^^^^^^^^^^^^^ help: if this is intentional, prefix it with an underscore: `_expected_owner`
      |
      = note: `#[warn(unused_variables)]` (part of `#[warn(unused)]`) on by default

warning: variable does not need to be mutable
     --> transpiler/src/codegen.rs:25107:13
      |
25107 |         let mut block_profile_mark = |label: &str| {
      |             ----^^^^^^^^^^^^^^^^^^
      |             |
      |             help: remove this `mut`

warning: variable does not need to be mutable
     --> transpiler/src/codegen.rs:29727:21
      |
29727 |                 let mut inner = self.new_inner_for_block();
      |                     ----^^^^^
      |                     |
      |                     help: remove this `mut`

warning: variable does not need to be mutable
     --> transpiler/src/codegen.rs:29742:21
      |
29742 |                 let mut inner = self.new_inner_for_block();
      |                     ----^^^^^
      |                     |
      |                     help: remove this `mut`

warning: unused variable: `scrutinee_expr`
     --> transpiler/src/codegen.rs:33823:9
      |
33823 |         scrutinee_expr: &syn::Expr,
      |         ^^^^^^^^^^^^^^ help: if this is intentional, prefix it with an underscore: `_scrutinee_expr`

warning: variable does not need to be mutable
     --> transpiler/src/codegen.rs:48295:21
      |
48295 |                 let mut inner = self.new_inner_for_block();
      |                     ----^^^^^
      |                     |
      |                     help: remove this `mut`

warning: unused variable: `expected_ty`
     --> transpiler/src/codegen.rs:50290:9
      |
50290 |         expected_ty: Option<&syn::Type>,
      |         ^^^^^^^^^^^ help: if this is intentional, prefix it with an underscore: `_expected_ty`

warning: value assigned to `joined` is never read
     --> transpiler/src/codegen.rs:62859:26
      |
62859 |         let mut joined = segments.join("::");
      |                          ^^^^^^^^^^^^^^^^^^^
      |
      = help: maybe it is overwritten before being read?
      = note: `#[warn(unused_assignments)]` (part of `#[warn(unused)]`) on by default

warning: value assigned to `joined` is never read
     --> transpiler/src/codegen.rs:62872:9
      |
62872 |         joined = segments.join("::");
      |         ^^^^^^
      |
      = help: maybe it is overwritten before being read?

warning: field `0` is never read
  --> transpiler/src/cmake.rs:86:11
   |
86 |     Table(toml::value::Table),
   |     ----- ^^^^^^^^^^^^^^^^^^
   |     |
   |     field in this variant
   |
   = note: `#[warn(dead_code)]` (part of `#[warn(unused)]`) on by default
help: consider changing the field to be of unit type to suppress this warning while preserving the field numbering, or remove the field
   |
86 -     Table(toml::value::Table),
86 +     Table(()),
   |

warning: struct `OptionSomeNoneExprCollector` is never constructed
   --> transpiler/src/codegen.rs:369:8
    |
369 | struct OptionSomeNoneExprCollector {
    |        ^^^^^^^^^^^^^^^^^^^^^^^^^^^

warning: method `saw_both` is never used
   --> transpiler/src/codegen.rs:375:8
    |
374 | impl OptionSomeNoneExprCollector {
    | -------------------------------- method in this implementation
375 |     fn saw_both(&self) -> bool {
    |        ^^^^^^^^

warning: multiple associated items are never used
     --> transpiler/src/codegen.rs:6180:8
      |
  965 | impl CodeGen {
      | ------------ associated items in this implementation
...
 6180 |     fn module_concrete_type_decl_count_recursive(m: &syn::ItemMod) -> usize {
      |        ^^^^^^^^^^^^^^^^^^^^^^^^^^^^^^^^^^^^^^^^^
...
 7393 |     fn cpp_spelling_mentions_import_alias(&self, spelling: &str) -> bool {
      |        ^^^^^^^^^^^^^^^^^^^^^^^^^^^^^^^^^^
...
 7449 |     fn forward_decl_signature_mentions_unqualified_scope_import_name(
      |        ^^^^^^^^^^^^^^^^^^^^^^^^^^^^^^^^^^^^^^^^^^^^^^^^^^^^^^^^^^^^^
...
 7504 |     fn has_forward_decl_items(items: &[syn::Item]) -> bool {
      |        ^^^^^^^^^^^^^^^^^^^^^^
...
 8440 |     fn resolve_unique_scope_import_binding_path_any_scope(&self, local_name: &str) -> Option<String> {
      |        ^^^^^^^^^^^^^^^^^^^^^^^^^^^^^^^^^^^^^^^^^^^^^^^^^^
...
12532 |     fn escape_cpp_qualified_name(path: &str) -> String {
      |        ^^^^^^^^^^^^^^^^^^^^^^^^^
...
14499 |     fn map_variant_ctor_param_type(&self, ty: &syn::Type, ctor_name: &str) -> String {
      |        ^^^^^^^^^^^^^^^^^^^^^^^^^^^
...
27135 |     fn extract_tuple_struct_bindings(
      |        ^^^^^^^^^^^^^^^^^^^^^^^^^^^^^
...
31142 |     fn tuple_pattern_elem_supports_value_match(&self, pat: &syn::Pat) -> bool {
      |        ^^^^^^^^^^^^^^^^^^^^^^^^^^^^^^^^^^^^^^^
...
33947 |     fn if_let_unwrap_binding_should_preserve_reference(
      |        ^^^^^^^^^^^^^^^^^^^^^^^^^^^^^^^^^^^^^^^^^^^^^^^
...
43520 |     fn receiver_is_hashmap_like_expr(&self, receiver: &syn::Expr) -> bool {
      |        ^^^^^^^^^^^^^^^^^^^^^^^^^^^^^
...
50718 |     fn block_contains_option_some_and_none_exprs(&self, block: &syn::Block) -> bool {
      |        ^^^^^^^^^^^^^^^^^^^^^^^^^^^^^^^^^^^^^^^^^
...
51164 |     fn option_inner_needs_typed_make_optional(&self, inner_ty: &syn::Type) -> bool {
      |        ^^^^^^^^^^^^^^^^^^^^^^^^^^^^^^^^^^^^^^
...
60761 |     fn emit_stmt_to_string_with_expected(
      |        ^^^^^^^^^^^^^^^^^^^^^^^^^^^^^^^^^

warning: field `src_path` is never read
  --> transpiler/src/metadata.rs:10:9
   |
 7 | pub struct CrateTarget {
   |            ----------- field in this struct
...
10 |     pub src_path: PathBuf,
   |         ^^^^^^^^
   |
   = note: `CrateTarget` has derived impls for the traits `Clone` and `Debug`, but these are intentionally ignored during dead code analysis

warning: function `discover_local_path_dependencies` is never used
   --> transpiler/src/metadata.rs:514:8
    |
514 | pub fn discover_local_path_dependencies(
    |        ^^^^^^^^^^^^^^^^^^^^^^^^^^^^^^^^

warning: function `transpile` is never used
   --> transpiler/src/transpile.rs:255:8
    |
255 | pub fn transpile(rust_source: &str, module_name: Option<&str>) -> Result<String, String> {
    |        ^^^^^^^^^

warning: function `transpile_with_type_map` is never used
   --> transpiler/src/transpile.rs:260:8
    |
260 | pub fn transpile_with_type_map(
    |        ^^^^^^^^^^^^^^^^^^^^^^^

warning: function `transpile_with_type_map_and_extension_hints` is never used
   --> transpiler/src/transpile.rs:275:8
    |
275 | pub fn transpile_with_type_map_and_extension_hints(
    |        ^^^^^^^^^^^^^^^^^^^^^^^^^^^^^^^^^^^^^^^^^^^

warning: function `transpile_full` is never used
   --> transpiler/src/transpile.rs:310:8
    |
310 | pub fn transpile_full(
    |        ^^^^^^^^^^^^^^

warning: `rusty-cpp-transpiler` (bin "rusty-cpp-transpiler") generated 20 warnings (run `cargo fix --bin "rusty-cpp-transpiler" -p rusty-cpp-transpiler` to apply 8 suggestions)
    Finished `dev` profile [unoptimized + debuginfo] target(s) in 0.09s
     Running `target/debug/rusty-cpp-transpiler parity-test --manifest-path /home/shuai/git/rusty-cpp/tests/transpile_tests/either/Cargo.toml --stop-after run --work-dir .rusty-parity-matrix-current/regression/either --keep-work-dir`
╔═══════════════════════════════════════════════════╗
║  Parity Test: either
╚═══════════════════════════════════════════════════╝

Stage A: Running cargo test (baseline)...
  Baseline retry: detected workspace mismatch from in-place cargo test.
  Baseline retry: cargo test --manifest-path /home/shuai/git/rusty-cpp/Cargo.toml -p either
  Baseline retry: cargo test --manifest-path /home/shuai/git/rusty-cpp/.rusty-parity-matrix-current/regression/either/baseline_source_manifest/Cargo.toml
  Baseline: PASS (saved to /home/shuai/git/rusty-cpp/.rusty-parity-matrix-current/regression/either/baseline.txt)
Discovering targets...
  Metadata retry: detected workspace mismatch from in-place cargo metadata.
  Metadata retry: cargo metadata --manifest-path /home/shuai/git/rusty-cpp/Cargo.toml -p either
  Metadata retry: cargo metadata --manifest-path /home/shuai/git/rusty-cpp/.rusty-parity-matrix-current/regression/either/metadata_source_manifest/Cargo.toml
  Package: either
  Target: either (Lib) → module either
  Dependency metadata retry: detected workspace mismatch.
  Dependency metadata retry: cargo metadata --manifest-path /home/shuai/git/rusty-cpp/Cargo.toml -p either
  Dependency metadata retry: detected workspace mismatch.
  Dependency metadata retry: cargo metadata --manifest-path /home/shuai/git/rusty-cpp/Cargo.toml -p either

Stage B: Running cargo expand per target...
  Expand retry: detected workspace mismatch from in-place cargo expand.
  Expand retry: cargo expand --manifest-path /home/shuai/git/rusty-cpp/Cargo.toml -p either
  Expand retry: cargo expand --manifest-path /home/shuai/git/rusty-cpp/.rusty-parity-matrix-current/regression/either/expand_source_manifest/Cargo.toml
  either (--lib --tests): 2496 lines → /home/shuai/git/rusty-cpp/.rusty-parity-matrix-current/regression/either/targets/either/expanded.rs
Stage C: Transpiling to C++...
  either: 2685 lines → /home/shuai/git/rusty-cpp/.rusty-parity-matrix-current/regression/either/targets/either/either.cppm
Stage D: Building with C++ compiler...
  Generated runner: /home/shuai/git/rusty-cpp/.rusty-parity-matrix-current/regression/either/runner.cpp (7 tests discovered)
  Build FAILED — see /home/shuai/git/rusty-cpp/.rusty-parity-matrix-current/regression/either/build.log
    /home/shuai/git/rusty-cpp/.rusty-parity-matrix-current/regression/either/runner.cpp:2021:70: error: template argument 1 is invalid
     2021 |     auto poll(rusty::Context& cx) -> rusty::Poll<typename Either<L, R>> {
          |                                                                      ^~
    /home/shuai/git/rusty-cpp/.rusty-parity-matrix-current/regression/either/runner.cpp:2021:70: error: template argument 1 is invalid
    /home/shuai/git/rusty-cpp/.rusty-parity-matrix-current/regression/either/runner.cpp:2021:70: error: template argument 1 is invalid
    /home/shuai/git/rusty-cpp/.rusty-parity-matrix-current/regression/either/runner.cpp:2021:70: error: template argument 1 is invalid
    /home/shuai/git/rusty-cpp/.rusty-parity-matrix-current/regression/either/runner.cpp:2021:38: error: invalid template-id
     2021 |     auto poll(rusty::Context& cx) -> rusty::Poll<typename Either<L, R>> {
          |                                      ^~~~~
    /home/shuai/git/rusty-cpp/.rusty-parity-matrix-current/regression/either/runner.cpp:2021:59: error: expected nested-name-specifier
     2021 |     auto poll(rusty::Context& cx) -> rusty::Poll<typename Either<L, R>> {
          |                                                           ^~~~~~~~~~~
    /home/shuai/git/rusty-cpp/.rusty-parity-matrix-current/regression/either/runner.cpp:2021:59: error: expected ‘(’
     2021 |     auto poll(rusty::Context& cx) -> rusty::Poll<typename Either<L, R>> {
          |                                                           ^~~~~~~~~~~
          |                                                           (
    /home/shuai/git/rusty-cpp/.rusty-parity-matrix-current/regression/either/runner.cpp:2021:59: error: expected ‘>’
     2021 |     auto poll(rusty::Context& cx) -> rusty::Poll<typename Either<L, R>> {
          |                                                           ^~~~~~~~~~~
    /home/shuai/git/rusty-cpp/.rusty-parity-matrix-current/regression/either/runner.cpp:2021:5: error: deduced class type ‘Poll’ in function return type
Parity test error: C++ compilation failed
