/home/shuai/git/rusty-cpp/.rusty-parity-matrix-current/smallvec/runner.cpp: In function ‘void tests::test_with_capacity()’:
/home/shuai/git/rusty-cpp/.rusty-parity-matrix-current/smallvec/runner.cpp:3501:32: warning: comparison of integer expressions of different signedness: ‘long unsigned int’ and ‘int’ [-Wsign-compare]
 3501 |                 if (!(left_val == right_val)) {
      |                       ~~~~~~~~~^~~~~~~~~~~~
/home/shuai/git/rusty-cpp/.rusty-parity-matrix-current/smallvec/runner.cpp:3525:32: warning: comparison of integer expressions of different signedness: ‘long unsigned int’ and ‘int’ [-Wsign-compare]
 3525 |                 if (!(left_val == right_val)) {
      |                       ~~~~~~~~~^~~~~~~~~~~~
/home/shuai/git/rusty-cpp/.rusty-parity-matrix-current/smallvec/runner.cpp: In function ‘void tests::drain_forget()’:
/home/shuai/git/rusty-cpp/.rusty-parity-matrix-current/smallvec/runner.cpp:3684:32: warning: comparison of integer expressions of different signedness: ‘long unsigned int’ and ‘int’ [-Wsign-compare]
 3684 |                 if (!(left_val == right_val)) {
      |                       ~~~~~~~~~^~~~~~~~~~~~
/home/shuai/git/rusty-cpp/.rusty-parity-matrix-current/smallvec/runner.cpp: In function ‘void tests::test_capacity()’:
/home/shuai/git/rusty-cpp/.rusty-parity-matrix-current/smallvec/runner.cpp:3935:32: warning: comparison of integer expressions of different signedness: ‘long unsigned int’ and ‘int’ [-Wsign-compare]
 3935 |                 if (!(left_val == right_val)) {
      |                       ~~~~~~~~~^~~~~~~~~~~~
/home/shuai/git/rusty-cpp/.rusty-parity-matrix-current/smallvec/runner.cpp: In function ‘void tests::test_truncate()’:
/home/shuai/git/rusty-cpp/.rusty-parity-matrix-current/smallvec/runner.cpp:3975:32: warning: comparison of integer expressions of different signedness: ‘long unsigned int’ and ‘int’ [-Wsign-compare]
 3975 |                 if (!(left_val == right_val)) {
      |                       ~~~~~~~~~^~~~~~~~~~~~
/home/shuai/git/rusty-cpp/.rusty-parity-matrix-current/smallvec/runner.cpp: In function ‘void tests::test_insert_many()’:
/home/shuai/git/rusty-cpp/.rusty-parity-matrix-current/smallvec/runner.cpp:4054:32: warning: comparison of integer expressions of different signedness: ‘long unsigned int’ and ‘int’ [-Wsign-compare]
 4054 |                 if (!(left_val == right_val)) {
      |                       ~~~~~~~~~^~~~~~~~~~~~
/home/shuai/git/rusty-cpp/.rusty-parity-matrix-current/smallvec/runner.cpp: In function ‘void tests::test_insert_many_short_hint()’:
/home/shuai/git/rusty-cpp/.rusty-parity-matrix-current/smallvec/runner.cpp:4096:32: warning: comparison of integer expressions of different signedness: ‘long unsigned int’ and ‘int’ [-Wsign-compare]
 4096 |                 if (!(left_val == right_val)) {
      |                       ~~~~~~~~~^~~~~~~~~~~~
/home/shuai/git/rusty-cpp/.rusty-parity-matrix-current/smallvec/runner.cpp: In function ‘void tests::test_insert_many_long_hint()’:
/home/shuai/git/rusty-cpp/.rusty-parity-matrix-current/smallvec/runner.cpp:4138:32: warning: comparison of integer expressions of different signedness: ‘long unsigned int’ and ‘int’ [-Wsign-compare]
 4138 |                 if (!(left_val == right_val)) {
      |                       ~~~~~~~~~^~~~~~~~~~~~
/home/shuai/git/rusty-cpp/.rusty-parity-matrix-current/smallvec/runner.cpp: In function ‘void tests::test_insert_from_slice()’:
/home/shuai/git/rusty-cpp/.rusty-parity-matrix-current/smallvec/runner.cpp:4200:32: warning: comparison of integer expressions of different signedness: ‘long unsigned int’ and ‘int’ [-Wsign-compare]
 4200 |                 if (!(left_val == right_val)) {
      |                       ~~~~~~~~~^~~~~~~~~~~~
/home/shuai/git/rusty-cpp/.rusty-parity-matrix-current/smallvec/runner.cpp: In function ‘void tests::test_extend_from_slice()’:
/home/shuai/git/rusty-cpp/.rusty-parity-matrix-current/smallvec/runner.cpp:4242:32: warning: comparison of integer expressions of different signedness: ‘long unsigned int’ and ‘int’ [-Wsign-compare]
 4242 |                 if (!(left_val == right_val)) {
      |                       ~~~~~~~~~^~~~~~~~~~~~
/home/shuai/git/rusty-cpp/.rusty-parity-matrix-current/smallvec/runner.cpp: In function ‘void tests::test_drop_panic_smallvec()’:
/home/shuai/git/rusty-cpp/.rusty-parity-matrix-current/smallvec/runner.cpp:4300:25: warning: moving a temporary object prevents copy elision [-Wpessimizing-move]
 4300 |         v.push(std::move(DropPanic{}));
      |                ~~~~~~~~~^~~~~~~~~~~~~
/home/shuai/git/rusty-cpp/.rusty-parity-matrix-current/smallvec/runner.cpp:4300:25: note: remove ‘std::move’ call
In file included from /home/shuai/git/rusty-cpp/include/rusty/rusty.hpp:49,
                 from /home/shuai/git/rusty-cpp/.rusty-parity-matrix-current/smallvec/runner.cpp:15:
/home/shuai/git/rusty-cpp/include/rusty/array.hpp: In instantiation of ‘constexpr bool operator==(const L&, const std::array<_Tp, _Nm>&) [with L = rusty::detail::owned_container_slice<SmallVec<std::array<unsigned int, 2> > >; R = int; long unsigned int N = 1]’:
/home/shuai/git/rusty-cpp/.rusty-parity-matrix-current/smallvec/runner.cpp:4810:70:   required from here
 4810 |                 if (!(rusty::detail::deref_if_pointer_like(left_val) == rusty::detail::deref_if_pointer_like(right_val))) {
      |                      ~~~~~~~~~~~~~~~~~~~~~~~~~~~~~~~~~~~~~~~~~~~~~~~~^~~~~~~~~~~~~~~~~~~~~~~~~~~~~~~~~~~~~~~~~~~~~~~~~~~
/home/shuai/git/rusty-cpp/include/rusty/array.hpp:205:73: warning: comparison of integer expressions of different signedness: ‘const LElem’ {aka ‘const unsigned int’} and ‘const int’ [-Wsign-compare]
  205 |             [](const LElem& l, const R& r) { return static_cast<bool>(l == r); });
      |                                                                       ~~^~~~
/home/shuai/git/rusty-cpp/include/rusty/array.hpp: In instantiation of ‘constexpr bool operator==(const L&, const std::array<_Tp, _Nm>&) [with L = rusty::detail::owned_container_slice<SmallVec<std::array<unsigned int, 2> > >; R = int; long unsigned int N = 3]’:
/home/shuai/git/rusty-cpp/.rusty-parity-matrix-current/smallvec/runner.cpp:4827:70:   required from here
 4827 |                 if (!(rusty::detail::deref_if_pointer_like(left_val) == rusty::detail::deref_if_pointer_like(right_val))) {
      |                      ~~~~~~~~~~~~~~~~~~~~~~~~~~~~~~~~~~~~~~~~~~~~~~~~^~~~~~~~~~~~~~~~~~~~~~~~~~~~~~~~~~~~~~~~~~~~~~~~~~~
/home/shuai/git/rusty-cpp/include/rusty/array.hpp:205:73: warning: comparison of integer expressions of different signedness: ‘const LElem’ {aka ‘const unsigned int’} and ‘const int’ [-Wsign-compare]
  205 |             [](const LElem& l, const R& r) { return static_cast<bool>(l == r); });
      |                                                                       ~~^~~~
/home/shuai/git/rusty-cpp/.rusty-parity-matrix-current/smallvec/runner.cpp: In function ‘void tests::test_exact_size_iterator()’:
/home/shuai/git/rusty-cpp/.rusty-parity-matrix-current/smallvec/runner.cpp:4848:70: warning: comparison of integer expressions of different signedness: ‘long unsigned int’ and ‘int’ [-Wsign-compare]
 4848 |                 if (!(rusty::detail::deref_if_pointer_like(left_val) == rusty::detail::deref_if_pointer_like(right_val))) {
      |                       ~~~~~~~~~~~~~~~~~~~~~~~~~~~~~~~~~~~~~~~~~~~~~~~^~~~~~~~~~~~~~~~~~~~~~~~~~~~~~~~~~~~~~~~~~~~~~~~~~
/home/shuai/git/rusty-cpp/.rusty-parity-matrix-current/smallvec/runner.cpp:4865:32: warning: comparison of integer expressions of different signedness: ‘long unsigned int’ and ‘int’ [-Wsign-compare]
 4865 |                 if (!(left_val == right_val)) {
      |                       ~~~~~~~~~^~~~~~~~~~~~
/home/shuai/git/rusty-cpp/.rusty-parity-matrix-current/smallvec/runner.cpp:4882:70: warning: comparison of integer expressions of different signedness: ‘long unsigned int’ and ‘int’ [-Wsign-compare]
 4882 |                 if (!(rusty::detail::deref_if_pointer_like(left_val) == rusty::detail::deref_if_pointer_like(right_val))) {
      |                       ~~~~~~~~~~~~~~~~~~~~~~~~~~~~~~~~~~~~~~~~~~~~~~~^~~~~~~~~~~~~~~~~~~~~~~~~~~~~~~~~~~~~~~~~~~~~~~~~~
/home/shuai/git/rusty-cpp/.rusty-parity-matrix-current/smallvec/runner.cpp: In function ‘void tests::test_retain()’:
/home/shuai/git/rusty-cpp/.rusty-parity-matrix-current/smallvec/runner.cpp:5516:70: warning: comparison of integer expressions of different signedness: ‘long unsigned int’ and ‘int’ [-Wsign-compare]
 5516 |                 if (!(rusty::detail::deref_if_pointer_like(left_val) == rusty::detail::deref_if_pointer_like(right_val))) {
      |                       ~~~~~~~~~~~~~~~~~~~~~~~~~~~~~~~~~~~~~~~~~~~~~~~^~~~~~~~~~~~~~~~~~~~~~~~~~~~~~~~~~~~~~~~~~~~~~~~~~
/home/shuai/git/rusty-cpp/.rusty-parity-matrix-current/smallvec/runner.cpp:5534:70: warning: comparison of integer expressions of different signedness: ‘long unsigned int’ and ‘int’ [-Wsign-compare]
 5534 |                 if (!(rusty::detail::deref_if_pointer_like(left_val) == rusty::detail::deref_if_pointer_like(right_val))) {
      |                       ~~~~~~~~~~~~~~~~~~~~~~~~~~~~~~~~~~~~~~~~~~~~~~~^~~~~~~~~~~~~~~~~~~~~~~~~~~~~~~~~~~~~~~~~~~~~~~~~~
/home/shuai/git/rusty-cpp/.rusty-parity-matrix-current/smallvec/runner.cpp:5554:70: warning: comparison of integer expressions of different signedness: ‘long unsigned int’ and ‘int’ [-Wsign-compare]
 5554 |                 if (!(rusty::detail::deref_if_pointer_like(left_val) == rusty::detail::deref_if_pointer_like(right_val))) {
      |                       ~~~~~~~~~~~~~~~~~~~~~~~~~~~~~~~~~~~~~~~~~~~~~~~^~~~~~~~~~~~~~~~~~~~~~~~~~~~~~~~~~~~~~~~~~~~~~~~~~
/home/shuai/git/rusty-cpp/.rusty-parity-matrix-current/smallvec/runner.cpp:5572:70: warning: comparison of integer expressions of different signedness: ‘long unsigned int’ and ‘int’ [-Wsign-compare]
 5572 |                 if (!(rusty::detail::deref_if_pointer_like(left_val) == rusty::detail::deref_if_pointer_like(right_val))) {
      |                       ~~~~~~~~~~~~~~~~~~~~~~~~~~~~~~~~~~~~~~~~~~~~~~~^~~~~~~~~~~~~~~~~~~~~~~~~~~~~~~~~~~~~~~~~~~~~~~~~~
/home/shuai/git/rusty-cpp/.rusty-parity-matrix-current/smallvec/runner.cpp: In function ‘void tests::test_dedup()’:
/home/shuai/git/rusty-cpp/.rusty-parity-matrix-current/smallvec/runner.cpp:5618:32: warning: comparison of integer expressions of different signedness: ‘long unsigned int’ and ‘int’ [-Wsign-compare]
 5618 |                 if (!(left_val == right_val)) {
      |                       ~~~~~~~~~^~~~~~~~~~~~
/home/shuai/git/rusty-cpp/.rusty-parity-matrix-current/smallvec/runner.cpp:5637:32: warning: comparison of integer expressions of different signedness: ‘long unsigned int’ and ‘int’ [-Wsign-compare]
 5637 |                 if (!(left_val == right_val)) {
      |                       ~~~~~~~~~^~~~~~~~~~~~
/home/shuai/git/rusty-cpp/.rusty-parity-matrix-current/smallvec/runner.cpp: In function ‘void tests::grow_to_shrink()’:
/home/shuai/git/rusty-cpp/.rusty-parity-matrix-current/smallvec/runner.cpp:5710:32: warning: comparison of integer expressions of different signedness: ‘long unsigned int’ and ‘int’ [-Wsign-compare]
 5710 |                 if (!(left_val == right_val)) {
      |                       ~~~~~~~~~^~~~~~~~~~~~
/home/shuai/git/rusty-cpp/.rusty-parity-matrix-current/smallvec/runner.cpp:5727:32: warning: comparison of integer expressions of different signedness: ‘long unsigned int’ and ‘int’ [-Wsign-compare]
 5727 |                 if (!(left_val == right_val)) {
      |                       ~~~~~~~~~^~~~~~~~~~~~
/home/shuai/git/rusty-cpp/.rusty-parity-matrix-current/smallvec/runner.cpp: In function ‘void tests::grow_spilled_same_size()’:
/home/shuai/git/rusty-cpp/.rusty-parity-matrix-current/smallvec/runner.cpp:5803:32: warning: comparison of integer expressions of different signedness: ‘long unsigned int’ and ‘int’ [-Wsign-compare]
 5803 |                 if (!(left_val == right_val)) {
      |                       ~~~~~~~~~^~~~~~~~~~~~
/home/shuai/git/rusty-cpp/.rusty-parity-matrix-current/smallvec/runner.cpp:5821:32: warning: comparison of integer expressions of different signedness: ‘long unsigned int’ and ‘int’ [-Wsign-compare]
 5821 |                 if (!(left_val == right_val)) {
      |                       ~~~~~~~~~^~~~~~~~~~~~
/home/shuai/git/rusty-cpp/.rusty-parity-matrix-current/smallvec/runner.cpp: In function ‘void tests::test_insert_many_overflow()’:
/home/shuai/git/rusty-cpp/.rusty-parity-matrix-current/smallvec/runner.cpp:5869:70: warning: comparison of integer expressions of different signedness: ‘long unsigned int’ and ‘int’ [-Wsign-compare]
 5869 |                 if (!(rusty::detail::deref_if_pointer_like(left_val) == rusty::detail::deref_if_pointer_like(right_val))) {
      |                       ~~~~~~~~~~~~~~~~~~~~~~~~~~~~~~~~~~~~~~~~~~~~~~~^~~~~~~~~~~~~~~~~~~~~~~~~~~~~~~~~~~~~~~~~~~~~~~~~~
/home/shuai/git/rusty-cpp/.rusty-parity-matrix-current/smallvec/runner.cpp: In instantiation of ‘void SmallVec<A>::insert_many(size_t, I) [with I = tests::insert_many_panic::BadIter; A = std::array<tests::insert_many_panic::PanicOnDoubleDrop, 0>; size_t = long unsigned int]’:
/home/shuai/git/rusty-cpp/.rusty-parity-matrix-current/smallvec/runner.cpp:3247:16:   required from here
 3247 | vec.insert_many(static_cast<size_t>(0), BadIter{.hint = static_cast<size_t>(1), .count = static_cast<size_t>(0)});
      | ~~~~~~~~~~~~~~~^~~~~~~~~~~~~~~~~~~~~~~~~~~~~~~~~~~~~~~~~~~~~~~~~~~~~~~~~~~~~~~~~~~~~~~~~~~~~~~~~~~~~~~~~~~~~~~~~~
/home/shuai/git/rusty-cpp/.rusty-parity-matrix-current/smallvec/runner.cpp:2363:30: warning: comparison of integer expressions of different signedness: ‘int’ and ‘std::tuple_element<0, std::tuple<long unsigned int, rusty::Option<long unsigned int> > >::type’ {aka ‘long unsigned int’} [-Wsign-compare]
 2363 |             while (num_added < lower_size_bound) {
      |                    ~~~~~~~~~~^~~~~~~~~~~~~~~~~~
/home/shuai/git/rusty-cpp/.rusty-parity-matrix-current/smallvec/runner.cpp:2381:27: warning: comparison of integer expressions of different signedness: ‘int’ and ‘std::tuple_element<0, std::tuple<long unsigned int, rusty::Option<long unsigned int> > >::type’ {aka ‘long unsigned int’} [-Wsign-compare]
 2381 |             if (num_added < lower_size_bound) {
      |                 ~~~~~~~~~~^~~~~~~~~~~~~~~~~~
/home/shuai/git/rusty-cpp/.rusty-parity-matrix-current/smallvec/runner.cpp: In instantiation of ‘void SmallVec<A>::insert_many(size_t, I) [with I = rusty::slice_iter::Iter<int>::ClonedIter; A = std::array<unsigned char, 8>; size_t = long unsigned int]’:
/home/shuai/git/rusty-cpp/.rusty-parity-matrix-current/smallvec/runner.cpp:4061:22:   required from here
 4061 |         v.insert_many(static_cast<size_t>(1), rusty::iter(std::array{5, 6}).cloned());
      |         ~~~~~~~~~~~~~^~~~~~~~~~~~~~~~~~~~~~~~~~~~~~~~~~~~~~~~~~~~~~~~~~~~~~~~~~~~~~~~
/home/shuai/git/rusty-cpp/.rusty-parity-matrix-current/smallvec/runner.cpp:2363:30: warning: comparison of integer expressions of different signedness: ‘int’ and ‘std::tuple_element<0, std::tuple<long unsigned int, rusty::Option<long unsigned int> > >::type’ {aka ‘long unsigned int’} [-Wsign-compare]
 2363 |             while (num_added < lower_size_bound) {
      |                    ~~~~~~~~~~^~~~~~~~~~~~~~~~~~
/home/shuai/git/rusty-cpp/.rusty-parity-matrix-current/smallvec/runner.cpp:2381:27: warning: comparison of integer expressions of different signedness: ‘int’ and ‘std::tuple_element<0, std::tuple<long unsigned int, rusty::Option<long unsigned int> > >::type’ {aka ‘long unsigned int’} [-Wsign-compare]
 2381 |             if (num_added < lower_size_bound) {
      |                 ~~~~~~~~~~^~~~~~~~~~~~~~~~~~
/home/shuai/git/rusty-cpp/.rusty-parity-matrix-current/smallvec/runner.cpp: In instantiation of ‘void SmallVec<A>::insert_many(size_t, I) [with I = tests::MockHintIter<rusty::slice_iter::Iter<int>::ClonedIter>; A = std::array<unsigned char, 8>; size_t = long unsigned int]’:
/home/shuai/git/rusty-cpp/.rusty-parity-matrix-current/smallvec/runner.cpp:4103:22:   required from here
 4103 |         v.insert_many(static_cast<size_t>(1), MockHintIter{.x = rusty::iter(std::array{5, 6}).cloned(), .hint = static_cast<size_t>(5)});
      |         ~~~~~~~~~~~~~^~~~~~~~~~~~~~~~~~~~~~~~~~~~~~~~~~~~~~~~~~~~~~~~~~~~~~~~~~~~~~~~~~~~~~~~~~~~~~~~~~~~~~~~~~~~~~~~~~~~~~~~~~~~~~~~~~~
/home/shuai/git/rusty-cpp/.rusty-parity-matrix-current/smallvec/runner.cpp:2363:30: warning: comparison of integer expressions of different signedness: ‘int’ and ‘std::tuple_element<0, std::tuple<long unsigned int, rusty::Option<long unsigned int> > >::type’ {aka ‘long unsigned int’} [-Wsign-compare]
 2363 |             while (num_added < lower_size_bound) {
      |                    ~~~~~~~~~~^~~~~~~~~~~~~~~~~~
/home/shuai/git/rusty-cpp/.rusty-parity-matrix-current/smallvec/runner.cpp:2381:27: warning: comparison of integer expressions of different signedness: ‘int’ and ‘std::tuple_element<0, std::tuple<long unsigned int, rusty::Option<long unsigned int> > >::type’ {aka ‘long unsigned int’} [-Wsign-compare]
 2381 |             if (num_added < lower_size_bound) {
      |                 ~~~~~~~~~~^~~~~~~~~~~~~~~~~~
/home/shuai/git/rusty-cpp/.rusty-parity-matrix-current/smallvec/runner.cpp: In instantiation of ‘void SmallVec<A>::insert_many(size_t, I) [with I = rusty::detail::filter_next_iter<rusty::range<int>, tests::test_insert_many_overflow()::<lambda(auto:76&&)> >; A = std::array<unsigned char, 1>; size_t = long unsigned int]’:
/home/shuai/git/rusty-cpp/.rusty-parity-matrix-current/smallvec/runner.cpp:5876:22:   required from here
 5876 |         v.insert_many(static_cast<size_t>(0), std::move(iter));
      |         ~~~~~~~~~~~~~^~~~~~~~~~~~~~~~~~~~~~~~~~~~~~~~~~~~~~~~~
/home/shuai/git/rusty-cpp/.rusty-parity-matrix-current/smallvec/runner.cpp:2363:30: warning: comparison of integer expressions of different signedness: ‘int’ and ‘size_t’ {aka ‘long unsigned int’} [-Wsign-compare]
 2363 |             while (num_added < lower_size_bound) {
      |                    ~~~~~~~~~~^~~~~~~~~~~~~~~~~~
/home/shuai/git/rusty-cpp/.rusty-parity-matrix-current/smallvec/runner.cpp:2381:27: warning: comparison of integer expressions of different signedness: ‘int’ and ‘size_t’ {aka ‘long unsigned int’} [-Wsign-compare]
 2381 |             if (num_added < lower_size_bound) {
      |                 ~~~~~~~~~~^~~~~~~~~~~~~~~~~~
In file included from /home/shuai/git/rusty-cpp/include/rusty/vec.hpp:16,
                 from /home/shuai/git/rusty-cpp/include/rusty/rusty.hpp:27:
/home/shuai/git/rusty-cpp/include/rusty/alloc.hpp: In function ‘uint8_t* rusty::alloc::realloc(uint8_t*, Layout, std::size_t)’:
/home/shuai/git/rusty-cpp/include/rusty/alloc.hpp:83:26: warning: ‘void operator delete(void*, std::align_val_t)’ called on pointer ‘ptr’ passed to mismatched allocation function ‘void* realloc(void*, size_t)’ [-Wmismatched-dealloc]
   83 |         ::operator delete(ptr, std::align_val_t(old_layout.align));
      |         ~~~~~~~~~~~~~~~~~^~~~~~~~~~~~~~~~~~~~~~~~~~~~~~~~~~~~~~~~~
/home/shuai/git/rusty-cpp/include/rusty/alloc.hpp:71:55: note: call to ‘void* realloc(void*, size_t)’
   71 |         return static_cast<std::uint8_t*>(std::realloc(ptr, new_size));
      |                                           ~~~~~~~~~~~~^~~~~~~~~~~~~~~
/home/shuai/git/rusty-cpp/include/rusty/alloc.hpp:83:26: warning: ‘void operator delete(void*, std::align_val_t)’ called on pointer ‘ptr’ passed to mismatched allocation function ‘void* realloc(void*, size_t)’ [-Wmismatched-dealloc]
   83 |         ::operator delete(ptr, std::align_val_t(old_layout.align));
      |         ~~~~~~~~~~~~~~~~~^~~~~~~~~~~~~~~~~~~~~~~~~~~~~~~~~~~~~~~~~
/home/shuai/git/rusty-cpp/include/rusty/alloc.hpp:71:55: note: call to ‘void* realloc(void*, size_t)’
   71 |         return static_cast<std::uint8_t*>(std::realloc(ptr, new_size));
      |                                           ~~~~~~~~~~~~^~~~~~~~~~~~~~~
/home/shuai/git/rusty-cpp/include/rusty/alloc.hpp:83:26: warning: ‘void operator delete(void*, std::align_val_t)’ called on pointer ‘ptr’ passed to mismatched allocation function ‘void* realloc(void*, size_t)’ [-Wmismatched-dealloc]
   83 |         ::operator delete(ptr, std::align_val_t(old_layout.align));
      |         ~~~~~~~~~~~~~~~~~^~~~~~~~~~~~~~~~~~~~~~~~~~~~~~~~~~~~~~~~~
/home/shuai/git/rusty-cpp/include/rusty/alloc.hpp:71:55: note: call to ‘void* realloc(void*, size_t)’
   71 |         return static_cast<std::uint8_t*>(std::realloc(ptr, new_size));
      |                                           ~~~~~~~~~~~~^~~~~~~~~~~~~~~
