/home/shuai/git/rusty-cpp/.rusty-parity-matrix-current/bitflags/runner.cpp: In function ‘void tests::flags::cases()’:
/home/shuai/git/rusty-cpp/.rusty-parity-matrix-current/bitflags/runner.cpp:3276:74: warning: comparison of integer expressions of different signedness: ‘int’ and ‘long unsigned int’ [-Wsign-compare]
 3276 |                     if (!(rusty::detail::deref_if_pointer_like(left_val) == rusty::detail::deref_if_pointer_like(right_val))) {
      |                           ~~~~~~~~~~~~~~~~~~~~~~~~~~~~~~~~~~~~~~~~~~~~~~~^~~~~~~~~~~~~~~~~~~~~~~~~~~~~~~~~~~~~~~~~~~~~~~~~~
In file included from /home/shuai/git/rusty-cpp/.rusty-parity-matrix-current/bitflags/runner.cpp:18:
/home/shuai/git/rusty-cpp/.rusty-parity-matrix-current/bitflags/runner.cpp: In lambda function:
/home/shuai/git/rusty-cpp/include/rusty/try.hpp:52:29: warning: moving a local object in a return statement prevents copy elision [-Wpessimizing-move]
   52 |             return std::move(_rusty_try_result); \
      |                    ~~~~~~~~~^~~~~~~~~~~~~~~~~~~
/home/shuai/git/rusty-cpp/.rusty-parity-matrix-current/bitflags/runner.cpp:6681:25: note: in expansion of macro ‘RUSTY_TRY’
 6681 |                         RUSTY_TRY(rusty::write_fmt(f, std::string("unrecognized named flag")));
      |                         ^~~~~~~~~
/home/shuai/git/rusty-cpp/include/rusty/try.hpp:52:29: note: remove ‘std::move’ call
   52 |             return std::move(_rusty_try_result); \
      |                    ~~~~~~~~~^~~~~~~~~~~~~~~~~~~
/home/shuai/git/rusty-cpp/.rusty-parity-matrix-current/bitflags/runner.cpp:6681:25: note: in expansion of macro ‘RUSTY_TRY’
 6681 |                         RUSTY_TRY(rusty::write_fmt(f, std::string("unrecognized named flag")));
      |                         ^~~~~~~~~
/home/shuai/git/rusty-cpp/.rusty-parity-matrix-current/bitflags/runner.cpp: In lambda function:
/home/shuai/git/rusty-cpp/include/rusty/try.hpp:52:29: warning: moving a local object in a return statement prevents copy elision [-Wpessimizing-move]
   52 |             return std::move(_rusty_try_result); \
      |                    ~~~~~~~~~^~~~~~~~~~~~~~~~~~~
/home/shuai/git/rusty-cpp/.rusty-parity-matrix-current/bitflags/runner.cpp:6689:25: note: in expansion of macro ‘RUSTY_TRY’
 6689 |                         RUSTY_TRY(rusty::write_fmt(f, std::string("invalid hex flag")));
      |                         ^~~~~~~~~
/home/shuai/git/rusty-cpp/include/rusty/try.hpp:52:29: note: remove ‘std::move’ call
   52 |             return std::move(_rusty_try_result); \
      |                    ~~~~~~~~~^~~~~~~~~~~~~~~~~~~
/home/shuai/git/rusty-cpp/.rusty-parity-matrix-current/bitflags/runner.cpp:6689:25: note: in expansion of macro ‘RUSTY_TRY’
 6689 |                         RUSTY_TRY(rusty::write_fmt(f, std::string("invalid hex flag")));
      |                         ^~~~~~~~~
/home/shuai/git/rusty-cpp/.rusty-parity-matrix-current/bitflags/runner.cpp: In lambda function:
/home/shuai/git/rusty-cpp/include/rusty/try.hpp:52:29: warning: moving a local object in a return statement prevents copy elision [-Wpessimizing-move]
   52 |             return std::move(_rusty_try_result); \
      |                    ~~~~~~~~~^~~~~~~~~~~~~~~~~~~
/home/shuai/git/rusty-cpp/.rusty-parity-matrix-current/bitflags/runner.cpp:6695:25: note: in expansion of macro ‘RUSTY_TRY’
 6695 |                         RUSTY_TRY(rusty::write_fmt(f, std::string("encountered empty flag")));
      |                         ^~~~~~~~~
/home/shuai/git/rusty-cpp/include/rusty/try.hpp:52:29: note: remove ‘std::move’ call
   52 |             return std::move(_rusty_try_result); \
      |                    ~~~~~~~~~^~~~~~~~~~~~~~~~~~~
/home/shuai/git/rusty-cpp/.rusty-parity-matrix-current/bitflags/runner.cpp:6695:25: note: in expansion of macro ‘RUSTY_TRY’
 6695 |                         RUSTY_TRY(rusty::write_fmt(f, std::string("encountered empty flag")));
      |                         ^~~~~~~~~
