warning: variable does not need to be mutable
    --> transpiler/src/codegen.rs:7327:13
     |
7327 |         let mut flush = |buf: &mut String, out: &mut Vec<String>| {
     |             ----^^^^^
     |             |
     |             help: remove this `mut`
     |
     = note: `#[warn(unused_mut)]` (part of `#[warn(unused)]`) on by default

warning: unused variable: `expected_owner`
     --> transpiler/src/codegen.rs:11158:13
      |
11158 |         let expected_owner = match expected_inner {
      |             ^^^^^^^^^^^^^^ help: if this is intentional, prefix it with an underscore: `_expected_owner`
      |
      = note: `#[warn(unused_variables)]` (part of `#[warn(unused)]`) on by default

warning: variable does not need to be mutable
     --> transpiler/src/codegen.rs:24363:13
      |
24363 |         let mut block_profile_mark = |label: &str| {
      |             ----^^^^^^^^^^^^^^^^^^
      |             |
      |             help: remove this `mut`

warning: variable does not need to be mutable
     --> transpiler/src/codegen.rs:28876:21
      |
28876 |                 let mut inner = self.new_inner_for_block();
      |                     ----^^^^^
      |                     |
      |                     help: remove this `mut`

warning: variable does not need to be mutable
     --> transpiler/src/codegen.rs:28891:21
      |
28891 |                 let mut inner = self.new_inner_for_block();
      |                     ----^^^^^
      |                     |
      |                     help: remove this `mut`

warning: unused variable: `scrutinee_expr`
     --> transpiler/src/codegen.rs:32618:9
      |
32618 |         scrutinee_expr: &syn::Expr,
      |         ^^^^^^^^^^^^^^ help: if this is intentional, prefix it with an underscore: `_scrutinee_expr`

warning: variable does not need to be mutable
     --> transpiler/src/codegen.rs:46466:21
      |
46466 |                 let mut inner = self.new_inner_for_block();
      |                     ----^^^^^
      |                     |
      |                     help: remove this `mut`

warning: unused variable: `expected_ty`
     --> transpiler/src/codegen.rs:48460:9
      |
48460 |         expected_ty: Option<&syn::Type>,
      |         ^^^^^^^^^^^ help: if this is intentional, prefix it with an underscore: `_expected_ty`

warning: value assigned to `joined` is never read
     --> transpiler/src/codegen.rs:60513:26
      |
60513 |         let mut joined = segments.join("::");
      |                          ^^^^^^^^^^^^^^^^^^^
      |
      = help: maybe it is overwritten before being read?
      = note: `#[warn(unused_assignments)]` (part of `#[warn(unused)]`) on by default

warning: value assigned to `joined` is never read
     --> transpiler/src/codegen.rs:60526:9
      |
60526 |         joined = segments.join("::");
      |         ^^^^^^
      |
      = help: maybe it is overwritten before being read?

warning: field `0` is never read
  --> transpiler/src/cmake.rs:86:11
   |
86 |     Table(toml::value::Table),
   |     ----- ^^^^^^^^^^^^^^^^^^
   |     |
   |     field in this variant
   |
   = note: `#[warn(dead_code)]` (part of `#[warn(unused)]`) on by default
help: consider changing the field to be of unit type to suppress this warning while preserving the field numbering, or remove the field
   |
86 -     Table(toml::value::Table),
86 +     Table(()),
   |

warning: struct `OptionSomeNoneExprCollector` is never constructed
   --> transpiler/src/codegen.rs:369:8
    |
369 | struct OptionSomeNoneExprCollector {
    |        ^^^^^^^^^^^^^^^^^^^^^^^^^^^

warning: method `saw_both` is never used
   --> transpiler/src/codegen.rs:375:8
    |
374 | impl OptionSomeNoneExprCollector {
    | -------------------------------- method in this implementation
375 |     fn saw_both(&self) -> bool {
    |        ^^^^^^^^

warning: multiple associated items are never used
     --> transpiler/src/codegen.rs:6146:8
      |
  953 | impl CodeGen {
      | ------------ associated items in this implementation
...
 6146 |     fn module_concrete_type_decl_count_recursive(m: &syn::ItemMod) -> usize {
      |        ^^^^^^^^^^^^^^^^^^^^^^^^^^^^^^^^^^^^^^^^^
...
 7359 |     fn cpp_spelling_mentions_import_alias(&self, spelling: &str) -> bool {
      |        ^^^^^^^^^^^^^^^^^^^^^^^^^^^^^^^^^^
...
 7415 |     fn forward_decl_signature_mentions_unqualified_scope_import_name(
      |        ^^^^^^^^^^^^^^^^^^^^^^^^^^^^^^^^^^^^^^^^^^^^^^^^^^^^^^^^^^^^^
...
 7470 |     fn has_forward_decl_items(items: &[syn::Item]) -> bool {
      |        ^^^^^^^^^^^^^^^^^^^^^^
...
 8377 |     fn resolve_unique_scope_import_binding_path_any_scope(&self, local_name: &str) -> Option<String> {
      |        ^^^^^^^^^^^^^^^^^^^^^^^^^^^^^^^^^^^^^^^^^^^^^^^^^^
...
12061 |     fn escape_cpp_qualified_name(path: &str) -> String {
      |        ^^^^^^^^^^^^^^^^^^^^^^^^^
...
14028 |     fn map_variant_ctor_param_type(&self, ty: &syn::Type, ctor_name: &str) -> String {
      |        ^^^^^^^^^^^^^^^^^^^^^^^^^^^
...
26375 |     fn extract_tuple_struct_bindings(
      |        ^^^^^^^^^^^^^^^^^^^^^^^^^^^^^
...
30231 |     fn tuple_pattern_elem_supports_value_match(&self, pat: &syn::Pat) -> bool {
      |        ^^^^^^^^^^^^^^^^^^^^^^^^^^^^^^^^^^^^^^^
...
32742 |     fn if_let_unwrap_binding_should_preserve_reference(
      |        ^^^^^^^^^^^^^^^^^^^^^^^^^^^^^^^^^^^^^^^^^^^^^^^
...
42154 |     fn receiver_is_hashmap_like_expr(&self, receiver: &syn::Expr) -> bool {
      |        ^^^^^^^^^^^^^^^^^^^^^^^^^^^^^
...
48888 |     fn block_contains_option_some_and_none_exprs(&self, block: &syn::Block) -> bool {
      |        ^^^^^^^^^^^^^^^^^^^^^^^^^^^^^^^^^^^^^^^^^
...
49334 |     fn option_inner_needs_typed_make_optional(&self, inner_ty: &syn::Type) -> bool {
      |        ^^^^^^^^^^^^^^^^^^^^^^^^^^^^^^^^^^^^^^
...
58509 |     fn emit_stmt_to_string_with_expected(
      |        ^^^^^^^^^^^^^^^^^^^^^^^^^^^^^^^^^

warning: field `src_path` is never read
  --> transpiler/src/metadata.rs:10:9
   |
 7 | pub struct CrateTarget {
   |            ----------- field in this struct
...
10 |     pub src_path: PathBuf,
   |         ^^^^^^^^
   |
   = note: `CrateTarget` has derived impls for the traits `Clone` and `Debug`, but these are intentionally ignored during dead code analysis

warning: function `discover_local_path_dependencies` is never used
   --> transpiler/src/metadata.rs:514:8
    |
514 | pub fn discover_local_path_dependencies(
    |        ^^^^^^^^^^^^^^^^^^^^^^^^^^^^^^^^

warning: function `transpile` is never used
   --> transpiler/src/transpile.rs:255:8
    |
255 | pub fn transpile(rust_source: &str, module_name: Option<&str>) -> Result<String, String> {
    |        ^^^^^^^^^

warning: function `transpile_with_type_map` is never used
   --> transpiler/src/transpile.rs:260:8
    |
260 | pub fn transpile_with_type_map(
    |        ^^^^^^^^^^^^^^^^^^^^^^^

warning: function `transpile_with_type_map_and_extension_hints` is never used
   --> transpiler/src/transpile.rs:275:8
    |
275 | pub fn transpile_with_type_map_and_extension_hints(
    |        ^^^^^^^^^^^^^^^^^^^^^^^^^^^^^^^^^^^^^^^^^^^

warning: function `transpile_full` is never used
   --> transpiler/src/transpile.rs:310:8
    |
310 | pub fn transpile_full(
    |        ^^^^^^^^^^^^^^

warning: `rusty-cpp-transpiler` (bin "rusty-cpp-transpiler") generated 20 warnings (run `cargo fix --bin "rusty-cpp-transpiler" -p rusty-cpp-transpiler` to apply 8 suggestions)
    Finished `dev` profile [unoptimized + debuginfo] target(s) in 0.08s
     Running `target/debug/rusty-cpp-transpiler parity-test --manifest-path tests/transpile_tests/toml/crates/toml/Cargo.toml --work-dir .rusty-parity-matrix-debug/toml-next13 --no-baseline --stop-after build --skip-expand --incremental-transpile`
╔═══════════════════════════════════════════════════╗
║  Parity Test: toml
╚═══════════════════════════════════════════════════╝

Discovering targets...
  Skipping target 'decode' (Example): not test-capable
  Skipping target 'enum_external' (Example): not test-capable
  Skipping target 'toml2json' (Example): not test-capable
  Package: toml
  Target: toml (Lib) → module toml
  Target: compliance (Test) → module compliance
  Target: decoder (Test) → module decoder
  Target: decoder_compliance (Test) → module decoder_compliance
  Target: encoder (Test) → module encoder
  Target: encoder_compliance (Test) → module encoder_compliance
  Target: encoder_pretty_compliance (Test) → module encoder_pretty_compliance
  Target: serde (Test) → module serde
  Target: testsuite (Test) → module testsuite
  Skipping target 'bench' (Bench): not test-capable
  Skipping target 'insert_unique_unchecked' (Bench): not test-capable
  Skipping target 'set_ops' (Bench): not test-capable
  Skipping target 'with_capacity' (Bench): not test-capable
  Skipping target 'build-script-build' (Other("custom-build")): not test-capable
  Skipping target 'bench' (Bench): not test-capable
  Skipping target 'faststring' (Bench): not test-capable
  Skipping target 'arithmetic' (Example): not test-capable
  Skipping target 'c_expression' (Example): not test-capable
  Skipping target 'css' (Example): not test-capable
  Skipping target 'custom_error' (Example): not test-capable
  Skipping target 'http' (Example): not test-capable
  Skipping target 'ini' (Example): not test-capable
  Skipping target 'iterator' (Example): not test-capable
  Skipping target 'json' (Example): not test-capable
  Skipping target 'json_iterator' (Example): not test-capable
  Skipping target 'ndjson' (Example): not test-capable
  Skipping target 's_expression' (Example): not test-capable
  Skipping target 'string' (Example): not test-capable
  Skipping target 'arithmetic' (Bench): not test-capable
  Skipping target 'c_expression' (Bench): not test-capable
  Skipping target 'http' (Bench): not test-capable
  Skipping target 'ini' (Bench): not test-capable
  Skipping target 'json' (Bench): not test-capable
  Dependencies:
    equivalent (/home/shuai/.cargo/registry/src/index.crates.io-1949cf8c6b5b557f/equivalent-1.0.2/Cargo.toml) → module equivalent [registry] (flags: --no-default-features)
    hashbrown (/home/shuai/.cargo/registry/src/index.crates.io-1949cf8c6b5b557f/hashbrown-0.16.1/Cargo.toml) → module hashbrown [registry] (flags: --no-default-features)
    serde_core (/home/shuai/.cargo/registry/src/index.crates.io-1949cf8c6b5b557f/serde_core-1.0.228/Cargo.toml) → module serde_core [registry] (flags: --features alloc,result,std)
    indexmap (/home/shuai/.cargo/registry/src/index.crates.io-1949cf8c6b5b557f/indexmap-2.13.0/Cargo.toml) → module indexmap [registry] (flags: --features serde,std)
    serde_spanned (/home/shuai/git/rusty-cpp/tests/transpile_tests/toml/crates/serde_spanned/Cargo.toml) → module serde_spanned (flags: --features alloc,serde,std)
    toml_datetime (/home/shuai/git/rusty-cpp/tests/transpile_tests/toml/crates/toml_datetime/Cargo.toml) → module toml_datetime (flags: --features alloc,serde,std)
    memchr (/home/shuai/.cargo/registry/src/index.crates.io-1949cf8c6b5b557f/memchr-2.8.0/Cargo.toml) → module memchr [registry] (flags: --features alloc,std)
    winnow (/home/shuai/.cargo/registry/src/index.crates.io-1949cf8c6b5b557f/winnow-1.0.0/Cargo.toml) → module winnow [registry] (flags: --features alloc,ascii,binary,parser,std)
    toml_parser (/home/shuai/git/rusty-cpp/tests/transpile_tests/toml/crates/toml_parser/Cargo.toml) → module toml_parser (flags: --features alloc,std)
    toml_writer (/home/shuai/git/rusty-cpp/tests/transpile_tests/toml/crates/toml_writer/Cargo.toml) → module toml_writer (flags: --features alloc,std)

Stage B: Reusing expanded sources from work dir...
  dep equivalent (--lib): reused 112 lines ← /home/shuai/git/rusty-cpp/.rusty-parity-matrix-debug/toml-next13/deps/equivalent/expanded.rs
  dep hashbrown (--lib): reused 13531 lines ← /home/shuai/git/rusty-cpp/.rusty-parity-matrix-debug/toml-next13/deps/hashbrown/expanded.rs
  dep serde_core (--lib): reused 38464 lines ← /home/shuai/git/rusty-cpp/.rusty-parity-matrix-debug/toml-next13/deps/serde_core/expanded.rs
  dep indexmap (--lib): reused 9044 lines ← /home/shuai/git/rusty-cpp/.rusty-parity-matrix-debug/toml-next13/deps/indexmap/expanded.rs
  dep serde_spanned (--lib): reused 359 lines ← /home/shuai/git/rusty-cpp/.rusty-parity-matrix-debug/toml-next13/deps/serde_spanned/expanded.rs
  dep toml_datetime (--lib): reused 1757 lines ← /home/shuai/git/rusty-cpp/.rusty-parity-matrix-debug/toml-next13/deps/toml_datetime/expanded.rs
  dep memchr (--lib): reused 11040 lines ← /home/shuai/git/rusty-cpp/.rusty-parity-matrix-debug/toml-next13/deps/memchr/expanded.rs
  dep winnow (--lib): reused 18341 lines ← /home/shuai/git/rusty-cpp/.rusty-parity-matrix-debug/toml-next13/deps/winnow/expanded.rs
  dep toml_parser (--lib): reused 6006 lines ← /home/shuai/git/rusty-cpp/.rusty-parity-matrix-debug/toml-next13/deps/toml_parser/expanded.rs
  dep toml_writer (--lib): reused 1585 lines ← /home/shuai/git/rusty-cpp/.rusty-parity-matrix-debug/toml-next13/deps/toml_writer/expanded.rs
  toml: reused 11053 lines ← /home/shuai/git/rusty-cpp/.rusty-parity-matrix-debug/toml-next13/targets/toml/expanded.rs
  compliance: reused 4692 lines ← /home/shuai/git/rusty-cpp/.rusty-parity-matrix-debug/toml-next13/targets/compliance/expanded.rs
  decoder: reused 138 lines ← /home/shuai/git/rusty-cpp/.rusty-parity-matrix-debug/toml-next13/targets/decoder/expanded.rs
  decoder_compliance: reused 190 lines ← /home/shuai/git/rusty-cpp/.rusty-parity-matrix-debug/toml-next13/targets/decoder_compliance/expanded.rs
  encoder: reused 152 lines ← /home/shuai/git/rusty-cpp/.rusty-parity-matrix-debug/toml-next13/targets/encoder/expanded.rs
  encoder_compliance: reused 312 lines ← /home/shuai/git/rusty-cpp/.rusty-parity-matrix-debug/toml-next13/targets/encoder_compliance/expanded.rs
  encoder_pretty_compliance: reused 289 lines ← /home/shuai/git/rusty-cpp/.rusty-parity-matrix-debug/toml-next13/targets/encoder_pretty_compliance/expanded.rs
  serde: reused 60108 lines ← /home/shuai/git/rusty-cpp/.rusty-parity-matrix-debug/toml-next13/targets/serde/expanded.rs
  testsuite: reused 2542 lines ← /home/shuai/git/rusty-cpp/.rusty-parity-matrix-debug/toml-next13/targets/testsuite/expanded.rs
  Pruned unused registry dependencies: equivalent, hashbrown, indexmap, memchr, winnow
Stage C: Transpiling to C++...
  dep serde_core (serde_core): reused 10834 lines ← /home/shuai/git/rusty-cpp/.rusty-parity-matrix-debug/toml-next13/deps/serde_core/serde_core.cppm
  dep serde_spanned (serde_spanned): reused 1684 lines ← /home/shuai/git/rusty-cpp/.rusty-parity-matrix-debug/toml-next13/deps/serde_spanned/serde_spanned.cppm
  dep toml_datetime (toml_datetime): reused 2972 lines ← /home/shuai/git/rusty-cpp/.rusty-parity-matrix-debug/toml-next13/deps/toml_datetime/toml_datetime.cppm
  dep toml_parser (toml_parser): reused 6785 lines ← /home/shuai/git/rusty-cpp/.rusty-parity-matrix-debug/toml-next13/deps/toml_parser/toml_parser.cppm
  dep toml_writer (toml_writer): reused 2812 lines ← /home/shuai/git/rusty-cpp/.rusty-parity-matrix-debug/toml-next13/deps/toml_writer/toml_writer.cppm
  toml: reused 11484 lines ← /home/shuai/git/rusty-cpp/.rusty-parity-matrix-debug/toml-next13/targets/toml/toml.cppm
  compliance: reused 4282 lines ← /home/shuai/git/rusty-cpp/.rusty-parity-matrix-debug/toml-next13/targets/compliance/compliance.cppm
  decoder: reused 1557 lines ← /home/shuai/git/rusty-cpp/.rusty-parity-matrix-debug/toml-next13/targets/decoder/decoder.cppm
  decoder_compliance: reused 1601 lines ← /home/shuai/git/rusty-cpp/.rusty-parity-matrix-debug/toml-next13/targets/decoder_compliance/decoder_compliance.cppm
  encoder: reused 1575 lines ← /home/shuai/git/rusty-cpp/.rusty-parity-matrix-debug/toml-next13/targets/encoder/encoder.cppm
  encoder_compliance: reused 1694 lines ← /home/shuai/git/rusty-cpp/.rusty-parity-matrix-debug/toml-next13/targets/encoder_compliance/encoder_compliance.cppm
  encoder_pretty_compliance: reused 1686 lines ← /home/shuai/git/rusty-cpp/.rusty-parity-matrix-debug/toml-next13/targets/encoder_pretty_compliance/encoder_pretty_compliance.cppm
  serde: 17017 lines → /home/shuai/git/rusty-cpp/.rusty-parity-matrix-debug/toml-next13/targets/serde/serde.cppm
  testsuite: reused 2479 lines ← /home/shuai/git/rusty-cpp/.rusty-parity-matrix-debug/toml-next13/targets/testsuite/testsuite.cppm
Stage D: Building with C++ compiler...
  Generated runner: /home/shuai/git/rusty-cpp/.rusty-parity-matrix-debug/toml-next13/runner.cpp (228 tests discovered)
  Build FAILED — see /home/shuai/git/rusty-cpp/.rusty-parity-matrix-debug/toml-next13/build.log
    /home/shuai/git/rusty-cpp/.rusty-parity-matrix-debug/toml-next13/runner.cpp:16729:5: warning: multi-line comment [-Wcomment]
    16729 |     /// escape = %x5C                   ; \
          |     ^
    /home/shuai/git/rusty-cpp/.rusty-parity-matrix-debug/toml-next13/runner.cpp: In lambda function:
    /home/shuai/git/rusty-cpp/.rusty-parity-matrix-debug/toml-next13/runner.cpp:10201:13: warning: statement has no effect [-Wunused-value]
    10201 |             val;
          |             ^~~
    /home/shuai/git/rusty-cpp/.rusty-parity-matrix-debug/toml-next13/runner.cpp:10225:21: warning: statement has no effect [-Wunused-value]
    10225 |                     val;
          |                     ^~~
    /home/shuai/git/rusty-cpp/.rusty-parity-matrix-debug/toml-next13/runner.cpp:10246:17: warning: statement has no effect [-Wunused-value]
    10246 |                 val;
          |                 ^~~
    /home/shuai/git/rusty-cpp/.rusty-parity-matrix-debug/toml-next13/runner.cpp: In member function ‘rusty::fmt::Result de::WithDecimalPoint::fmt(rusty::fmt::Formatter&) const’:
    /home/shuai/git/rusty-cpp/.rusty-parity-matrix-debug/toml-next13/runner.cpp:10279:25: warning: statement has no effect [-Wunused-value]
    10279 |                         val;
          |                         ^~~
    /home/shuai/git/rusty-cpp/.rusty-parity-matrix-debug/toml-next13/runner.cpp:10300:29: warning: statement has no effect [-Wunused-value]
    10300 |                             val;
          |                             ^~~
Parity test error: C++ compilation failed
