/home/shuai/git/rusty-cpp/.rusty-parity-matrix-nontoml/semver/runner.cpp:3069:320: warning: integer constant is so large that it is unsigned
 3069 | return Identifier(ptr_to_repr(std::move(ptr_shadow1)), [](auto _seed) { std::array<uint8_t, rusty::sanitize_array_capacity<TAIL_BYTES>()> _repeat{}; _repeat.fill(static_cast<uint8_t>(_seed)); return _repeat; }(static_cast<uint8_t>(0))); }())); _m_matched = true; } if (!_m_matched && ((_m >= 72057594037927936 && _m <= 18446744073709551615))) { {
      |                                                                                                                                                                                                                                                                                                                                ^~~~~~~~~~~~~~~~~~~~
In file included from /home/shuai/git/rusty-cpp/.rusty-parity-matrix-nontoml/semver/runner.cpp:18:
/home/shuai/git/rusty-cpp/.rusty-parity-matrix-nontoml/semver/runner.cpp: In function ‘rusty::Result<std::tuple<Comparator, error::Position, std::basic_string_view<char, std::char_traits<char> > >, parse::Error> parse::comparator(std::string_view)’:
/home/shuai/git/rusty-cpp/.rusty-parity-matrix-nontoml/semver/runner.cpp:2870:117: warning: moving a temporary object prevents copy elision [-Wpessimizing-move]
 2870 |         auto _tuple_destructure_1 = rusty::detail::deref_if_pointer_like(RUSTY_TRY_INTO(numeric_identifier(std::move(rusty::to_string_view(text_shadow1)), std::move(pos)), rusty::Result<std::tuple<Comparator, error::Position, std::string_view>, Error>));
      |                                                                                                            ~~~~~~~~~^~~~~~~~~~~~~~~~~~~~~~~~~~~~~~~~~~~~~
/home/shuai/git/rusty-cpp/include/rusty/try.hpp:61:35: note: in definition of macro ‘RUSTY_TRY_INTO’
   61 |         auto _rusty_try_result = (expr); \
      |                                   ^~~~
/home/shuai/git/rusty-cpp/.rusty-parity-matrix-nontoml/semver/runner.cpp:2870:117: note: remove ‘std::move’ call
 2870 |         auto _tuple_destructure_1 = rusty::detail::deref_if_pointer_like(RUSTY_TRY_INTO(numeric_identifier(std::move(rusty::to_string_view(text_shadow1)), std::move(pos)), rusty::Result<std::tuple<Comparator, error::Position, std::string_view>, Error>));
      |                                                                                                            ~~~~~~~~~^~~~~~~~~~~~~~~~~~~~~~~~~~~~~~~~~~~~~
/home/shuai/git/rusty-cpp/include/rusty/try.hpp:61:35: note: in definition of macro ‘RUSTY_TRY_INTO’
   61 |         auto _rusty_try_result = (expr); \
      |                                   ^~~~
/home/shuai/git/rusty-cpp/.rusty-parity-matrix-nontoml/semver/runner.cpp:2880:55: warning: moving a temporary object prevents copy elision [-Wpessimizing-move]
 2880 |                 { auto&& _iflet_s = wildcard(std::move(rusty::to_string_view(text)));
      |                                              ~~~~~~~~~^~~~~~~~~~~~~~~~~~~~~~~~~~~~~
/home/shuai/git/rusty-cpp/.rusty-parity-matrix-nontoml/semver/runner.cpp:2880:55: note: remove ‘std::move’ call
/home/shuai/git/rusty-cpp/.rusty-parity-matrix-nontoml/semver/runner.cpp:2890:127: warning: moving a temporary object prevents copy elision [-Wpessimizing-move]
 2890 |                     auto _tuple_destructure = rusty::detail::deref_if_pointer_like(RUSTY_TRY_INTO(numeric_identifier(std::move(rusty::to_string_view(text)), std::move(pos)), rusty::Result<std::tuple<Comparator, error::Position, std::string_view>, Error>));
      |                                                                                                                      ~~~~~~~~~^~~~~~~~~~~~~~~~~~~~~~~~~~~~~
/home/shuai/git/rusty-cpp/include/rusty/try.hpp:61:35: note: in definition of macro ‘RUSTY_TRY_INTO’
   61 |         auto _rusty_try_result = (expr); \
      |                                   ^~~~
/home/shuai/git/rusty-cpp/.rusty-parity-matrix-nontoml/semver/runner.cpp:2890:127: note: remove ‘std::move’ call
 2890 |                     auto _tuple_destructure = rusty::detail::deref_if_pointer_like(RUSTY_TRY_INTO(numeric_identifier(std::move(rusty::to_string_view(text)), std::move(pos)), rusty::Result<std::tuple<Comparator, error::Position, std::string_view>, Error>));
      |                                                                                                                      ~~~~~~~~~^~~~~~~~~~~~~~~~~~~~~~~~~~~~~
/home/shuai/git/rusty-cpp/include/rusty/try.hpp:61:35: note: in definition of macro ‘RUSTY_TRY_INTO’
   61 |         auto _rusty_try_result = (expr); \
      |                                   ^~~~
/home/shuai/git/rusty-cpp/.rusty-parity-matrix-nontoml/semver/runner.cpp:2904:55: warning: moving a temporary object prevents copy elision [-Wpessimizing-move]
 2904 |                 { auto&& _iflet_s = wildcard(std::move(rusty::to_string_view(text)));
      |                                              ~~~~~~~~~^~~~~~~~~~~~~~~~~~~~~~~~~~~~~
/home/shuai/git/rusty-cpp/.rusty-parity-matrix-nontoml/semver/runner.cpp:2904:55: note: remove ‘std::move’ call
/home/shuai/git/rusty-cpp/.rusty-parity-matrix-nontoml/semver/runner.cpp:2916:131: warning: moving a temporary object prevents copy elision [-Wpessimizing-move]
 2916 |                         auto _tuple_destructure = rusty::detail::deref_if_pointer_like(RUSTY_TRY_INTO(numeric_identifier(std::move(rusty::to_string_view(text)), std::move(pos)), rusty::Result<std::tuple<Comparator, error::Position, std::string_view>, Error>));
      |                                                                                                                          ~~~~~~~~~^~~~~~~~~~~~~~~~~~~~~~~~~~~~~
/home/shuai/git/rusty-cpp/include/rusty/try.hpp:61:35: note: in definition of macro ‘RUSTY_TRY_INTO’
   61 |         auto _rusty_try_result = (expr); \
      |                                   ^~~~
/home/shuai/git/rusty-cpp/.rusty-parity-matrix-nontoml/semver/runner.cpp:2916:131: note: remove ‘std::move’ call
 2916 |                         auto _tuple_destructure = rusty::detail::deref_if_pointer_like(RUSTY_TRY_INTO(numeric_identifier(std::move(rusty::to_string_view(text)), std::move(pos)), rusty::Result<std::tuple<Comparator, error::Position, std::string_view>, Error>));
      |                                                                                                                          ~~~~~~~~~^~~~~~~~~~~~~~~~~~~~~~~~~~~~~
/home/shuai/git/rusty-cpp/include/rusty/try.hpp:61:35: note: in definition of macro ‘RUSTY_TRY_INTO’
   61 |         auto _rusty_try_result = (expr); \
      |                                   ^~~~
/home/shuai/git/rusty-cpp/.rusty-parity-matrix-nontoml/semver/runner.cpp:2930:126: warning: moving a temporary object prevents copy elision [-Wpessimizing-move]
 2930 |                 auto _tuple_destructure = rusty::detail::deref_if_pointer_like(RUSTY_TRY_INTO(prerelease_identifier(std::move(rusty::to_string_view(text))), rusty::Result<std::tuple<Comparator, error::Position, std::string_view>, Error>));
      |                                                                                                                     ~~~~~~~~~^~~~~~~~~~~~~~~~~~~~~~~~~~~~~
/home/shuai/git/rusty-cpp/include/rusty/try.hpp:61:35: note: in definition of macro ‘RUSTY_TRY_INTO’
   61 |         auto _rusty_try_result = (expr); \
      |                                   ^~~~
/home/shuai/git/rusty-cpp/.rusty-parity-matrix-nontoml/semver/runner.cpp:2930:126: note: remove ‘std::move’ call
 2930 |                 auto _tuple_destructure = rusty::detail::deref_if_pointer_like(RUSTY_TRY_INTO(prerelease_identifier(std::move(rusty::to_string_view(text))), rusty::Result<std::tuple<Comparator, error::Position, std::string_view>, Error>));
      |                                                                                                                     ~~~~~~~~~^~~~~~~~~~~~~~~~~~~~~~~~~~~~~
/home/shuai/git/rusty-cpp/include/rusty/try.hpp:61:35: note: in definition of macro ‘RUSTY_TRY_INTO’
   61 |         auto _rusty_try_result = (expr); \
      |                                   ^~~~
/home/shuai/git/rusty-cpp/.rusty-parity-matrix-nontoml/semver/runner.cpp:2945:121: warning: moving a temporary object prevents copy elision [-Wpessimizing-move]
 2945 |                 auto _tuple_destructure = rusty::detail::deref_if_pointer_like(RUSTY_TRY_INTO(build_identifier(std::move(rusty::to_string_view(text))), rusty::Result<std::tuple<Comparator, error::Position, std::string_view>, Error>));
      |                                                                                                                ~~~~~~~~~^~~~~~~~~~~~~~~~~~~~~~~~~~~~~
/home/shuai/git/rusty-cpp/include/rusty/try.hpp:61:35: note: in definition of macro ‘RUSTY_TRY_INTO’
   61 |         auto _rusty_try_result = (expr); \
      |                                   ^~~~
/home/shuai/git/rusty-cpp/.rusty-parity-matrix-nontoml/semver/runner.cpp:2945:121: note: remove ‘std::move’ call
 2945 |                 auto _tuple_destructure = rusty::detail::deref_if_pointer_like(RUSTY_TRY_INTO(build_identifier(std::move(rusty::to_string_view(text))), rusty::Result<std::tuple<Comparator, error::Position, std::string_view>, Error>));
      |                                                                                                                ~~~~~~~~~^~~~~~~~~~~~~~~~~~~~~~~~~~~~~
/home/shuai/git/rusty-cpp/include/rusty/try.hpp:61:35: note: in definition of macro ‘RUSTY_TRY_INTO’
   61 |         auto _rusty_try_result = (expr); \
      |                                   ^~~~
/home/shuai/git/rusty-cpp/.rusty-parity-matrix-nontoml/semver/runner.cpp: In function ‘rusty::Result<long unsigned int, parse::Error> parse::version_req(std::string_view, rusty::Vec<Comparator>&, size_t)’:
/home/shuai/git/rusty-cpp/.rusty-parity-matrix-nontoml/semver/runner.cpp:2999:56: warning: moving a temporary object prevents copy elision [-Wpessimizing-move]
 2999 |         auto len = RUSTY_TRY_INTO(version_req(std::move(rusty::to_string_view(text_shadow1)), out, depth + 1), rusty::Result<size_t, Error>);
      |                                               ~~~~~~~~~^~~~~~~~~~~~~~~~~~~~~~~~~~~~~~~~~~~~~
/home/shuai/git/rusty-cpp/include/rusty/try.hpp:61:35: note: in definition of macro ‘RUSTY_TRY_INTO’
   61 |         auto _rusty_try_result = (expr); \
      |                                   ^~~~
/home/shuai/git/rusty-cpp/.rusty-parity-matrix-nontoml/semver/runner.cpp:2999:56: note: remove ‘std::move’ call
 2999 |         auto len = RUSTY_TRY_INTO(version_req(std::move(rusty::to_string_view(text_shadow1)), out, depth + 1), rusty::Result<size_t, Error>);
      |                                               ~~~~~~~~~^~~~~~~~~~~~~~~~~~~~~~~~~~~~~~~~~~~~~
/home/shuai/git/rusty-cpp/include/rusty/try.hpp:61:35: note: in definition of macro ‘RUSTY_TRY_INTO’
   61 |         auto _rusty_try_result = (expr); \
      |                                   ^~~~
/home/shuai/git/rusty-cpp/.rusty-parity-matrix-nontoml/semver/runner.cpp: In member function ‘rusty::fmt::Result Comparator::fmt(rusty::fmt::Formatter&) const’:
/home/shuai/git/rusty-cpp/include/rusty/try.hpp:52:29: warning: moving a local object in a return statement prevents copy elision [-Wpessimizing-move]
   52 |             return std::move(_rusty_try_result); \
      |                    ~~~~~~~~~^~~~~~~~~~~~~~~~~~~
/home/shuai/git/rusty-cpp/.rusty-parity-matrix-nontoml/semver/runner.cpp:3376:5: note: in expansion of macro ‘RUSTY_TRY’
 3376 |     RUSTY_TRY(formatter.write_str(op_shadow1));
      |     ^~~~~~~~~
/home/shuai/git/rusty-cpp/include/rusty/try.hpp:52:29: note: remove ‘std::move’ call
   52 |             return std::move(_rusty_try_result); \
      |                    ~~~~~~~~~^~~~~~~~~~~~~~~~~~~
/home/shuai/git/rusty-cpp/.rusty-parity-matrix-nontoml/semver/runner.cpp:3376:5: note: in expansion of macro ‘RUSTY_TRY’
 3376 |     RUSTY_TRY(formatter.write_str(op_shadow1));
      |     ^~~~~~~~~
/home/shuai/git/rusty-cpp/include/rusty/try.hpp:52:29: warning: moving a local object in a return statement prevents copy elision [-Wpessimizing-move]
   52 |             return std::move(_rusty_try_result); \
      |                    ~~~~~~~~~^~~~~~~~~~~~~~~~~~~
/home/shuai/git/rusty-cpp/.rusty-parity-matrix-nontoml/semver/runner.cpp:3377:5: note: in expansion of macro ‘RUSTY_TRY’
 3377 |     RUSTY_TRY(rusty::write_fmt(formatter, std::format("{0}", this->major)));
      |     ^~~~~~~~~
/home/shuai/git/rusty-cpp/include/rusty/try.hpp:52:29: note: remove ‘std::move’ call
   52 |             return std::move(_rusty_try_result); \
      |                    ~~~~~~~~~^~~~~~~~~~~~~~~~~~~
/home/shuai/git/rusty-cpp/.rusty-parity-matrix-nontoml/semver/runner.cpp:3377:5: note: in expansion of macro ‘RUSTY_TRY’
 3377 |     RUSTY_TRY(rusty::write_fmt(formatter, std::format("{0}", this->major)));
      |     ^~~~~~~~~
/home/shuai/git/rusty-cpp/include/rusty/try.hpp:52:29: warning: moving a local object in a return statement prevents copy elision [-Wpessimizing-move]
   52 |             return std::move(_rusty_try_result); \
      |                    ~~~~~~~~~^~~~~~~~~~~~~~~~~~~
/home/shuai/git/rusty-cpp/.rusty-parity-matrix-nontoml/semver/runner.cpp:3380:9: note: in expansion of macro ‘RUSTY_TRY’
 3380 |         RUSTY_TRY(rusty::write_fmt(formatter, std::format(".{0}", rusty::to_string(minor))));
      |         ^~~~~~~~~
/home/shuai/git/rusty-cpp/include/rusty/try.hpp:52:29: note: remove ‘std::move’ call
   52 |             return std::move(_rusty_try_result); \
      |                    ~~~~~~~~~^~~~~~~~~~~~~~~~~~~
/home/shuai/git/rusty-cpp/.rusty-parity-matrix-nontoml/semver/runner.cpp:3380:9: note: in expansion of macro ‘RUSTY_TRY’
 3380 |         RUSTY_TRY(rusty::write_fmt(formatter, std::format(".{0}", rusty::to_string(minor))));
      |         ^~~~~~~~~
/home/shuai/git/rusty-cpp/include/rusty/try.hpp:52:29: warning: moving a local object in a return statement prevents copy elision [-Wpessimizing-move]
   52 |             return std::move(_rusty_try_result); \
      |                    ~~~~~~~~~^~~~~~~~~~~~~~~~~~~
/home/shuai/git/rusty-cpp/.rusty-parity-matrix-nontoml/semver/runner.cpp:3383:13: note: in expansion of macro ‘RUSTY_TRY’
 3383 |             RUSTY_TRY(rusty::write_fmt(formatter, std::format(".{0}", rusty::to_string(patch))));
      |             ^~~~~~~~~
/home/shuai/git/rusty-cpp/include/rusty/try.hpp:52:29: note: remove ‘std::move’ call
   52 |             return std::move(_rusty_try_result); \
      |                    ~~~~~~~~~^~~~~~~~~~~~~~~~~~~
/home/shuai/git/rusty-cpp/.rusty-parity-matrix-nontoml/semver/runner.cpp:3383:13: note: in expansion of macro ‘RUSTY_TRY’
 3383 |             RUSTY_TRY(rusty::write_fmt(formatter, std::format(".{0}", rusty::to_string(patch))));
      |             ^~~~~~~~~
/home/shuai/git/rusty-cpp/include/rusty/try.hpp:52:29: warning: moving a local object in a return statement prevents copy elision [-Wpessimizing-move]
   52 |             return std::move(_rusty_try_result); \
      |                    ~~~~~~~~~^~~~~~~~~~~~~~~~~~~
/home/shuai/git/rusty-cpp/.rusty-parity-matrix-nontoml/semver/runner.cpp:3385:17: note: in expansion of macro ‘RUSTY_TRY’
 3385 |                 RUSTY_TRY(rusty::write_fmt(formatter, std::format("-{0}", rusty::to_string(this->pre))));
      |                 ^~~~~~~~~
/home/shuai/git/rusty-cpp/include/rusty/try.hpp:52:29: note: remove ‘std::move’ call
   52 |             return std::move(_rusty_try_result); \
      |                    ~~~~~~~~~^~~~~~~~~~~~~~~~~~~
/home/shuai/git/rusty-cpp/.rusty-parity-matrix-nontoml/semver/runner.cpp:3385:17: note: in expansion of macro ‘RUSTY_TRY’
 3385 |                 RUSTY_TRY(rusty::write_fmt(formatter, std::format("-{0}", rusty::to_string(this->pre))));
      |                 ^~~~~~~~~
/home/shuai/git/rusty-cpp/include/rusty/try.hpp:52:29: warning: moving a local object in a return statement prevents copy elision [-Wpessimizing-move]
   52 |             return std::move(_rusty_try_result); \
      |                    ~~~~~~~~~^~~~~~~~~~~~~~~~~~~
/home/shuai/git/rusty-cpp/.rusty-parity-matrix-nontoml/semver/runner.cpp:3388:13: note: in expansion of macro ‘RUSTY_TRY’
 3388 |             RUSTY_TRY(formatter.write_str(".*"));
      |             ^~~~~~~~~
/home/shuai/git/rusty-cpp/include/rusty/try.hpp:52:29: note: remove ‘std::move’ call
   52 |             return std::move(_rusty_try_result); \
      |                    ~~~~~~~~~^~~~~~~~~~~~~~~~~~~
/home/shuai/git/rusty-cpp/.rusty-parity-matrix-nontoml/semver/runner.cpp:3388:13: note: in expansion of macro ‘RUSTY_TRY’
 3388 |             RUSTY_TRY(formatter.write_str(".*"));
      |             ^~~~~~~~~
/home/shuai/git/rusty-cpp/include/rusty/try.hpp:52:29: warning: moving a local object in a return statement prevents copy elision [-Wpessimizing-move]
   52 |             return std::move(_rusty_try_result); \
      |                    ~~~~~~~~~^~~~~~~~~~~~~~~~~~~
/home/shuai/git/rusty-cpp/.rusty-parity-matrix-nontoml/semver/runner.cpp:3391:9: note: in expansion of macro ‘RUSTY_TRY’
 3391 |         RUSTY_TRY(formatter.write_str(".*"));
      |         ^~~~~~~~~
/home/shuai/git/rusty-cpp/include/rusty/try.hpp:52:29: note: remove ‘std::move’ call
   52 |             return std::move(_rusty_try_result); \
      |                    ~~~~~~~~~^~~~~~~~~~~~~~~~~~~
/home/shuai/git/rusty-cpp/.rusty-parity-matrix-nontoml/semver/runner.cpp:3391:9: note: in expansion of macro ‘RUSTY_TRY’
 3391 |         RUSTY_TRY(formatter.write_str(".*"));
      |         ^~~~~~~~~
/home/shuai/git/rusty-cpp/.rusty-parity-matrix-nontoml/semver/runner.cpp: In static member function ‘static rusty::Result<Comparator, parse::Error> Comparator::from_str(std::string_view)’:
/home/shuai/git/rusty-cpp/.rusty-parity-matrix-nontoml/semver/runner.cpp:3401:116: warning: moving a temporary object prevents copy elision [-Wpessimizing-move]
 3401 |     auto [comparator_shadow1, pos, rest] = rusty::detail::deref_if_pointer_like(RUSTY_TRY_INTO(comparator(std::move(rusty::to_string_view(text_shadow1))), rusty::Result<Comparator, Error>));
      |                                                                                                           ~~~~~~~~~^~~~~~~~~~~~~~~~~~~~~~~~~~~~~~~~~~~~~
/home/shuai/git/rusty-cpp/include/rusty/try.hpp:61:35: note: in definition of macro ‘RUSTY_TRY_INTO’
   61 |         auto _rusty_try_result = (expr); \
      |                                   ^~~~
/home/shuai/git/rusty-cpp/.rusty-parity-matrix-nontoml/semver/runner.cpp:3401:116: note: remove ‘std::move’ call
 3401 |     auto [comparator_shadow1, pos, rest] = rusty::detail::deref_if_pointer_like(RUSTY_TRY_INTO(comparator(std::move(rusty::to_string_view(text_shadow1))), rusty::Result<Comparator, Error>));
      |                                                                                                           ~~~~~~~~~^~~~~~~~~~~~~~~~~~~~~~~~~~~~~~~~~~~~~
/home/shuai/git/rusty-cpp/include/rusty/try.hpp:61:35: note: in definition of macro ‘RUSTY_TRY_INTO’
   61 |         auto _rusty_try_result = (expr); \
      |                                   ^~~~
/home/shuai/git/rusty-cpp/.rusty-parity-matrix-nontoml/semver/runner.cpp: In member function ‘rusty::fmt::Result VersionReq::fmt(rusty::fmt::Formatter&) const’:
/home/shuai/git/rusty-cpp/include/rusty/try.hpp:52:29: warning: moving a local object in a return statement prevents copy elision [-Wpessimizing-move]
   52 |             return std::move(_rusty_try_result); \
      |                    ~~~~~~~~~^~~~~~~~~~~~~~~~~~~
/home/shuai/git/rusty-cpp/.rusty-parity-matrix-nontoml/semver/runner.cpp:3467:13: note: in expansion of macro ‘RUSTY_TRY’
 3467 |             RUSTY_TRY(formatter.write_str(", "));
      |             ^~~~~~~~~
/home/shuai/git/rusty-cpp/include/rusty/try.hpp:52:29: note: remove ‘std::move’ call
   52 |             return std::move(_rusty_try_result); \
      |                    ~~~~~~~~~^~~~~~~~~~~~~~~~~~~
/home/shuai/git/rusty-cpp/.rusty-parity-matrix-nontoml/semver/runner.cpp:3467:13: note: in expansion of macro ‘RUSTY_TRY’
 3467 |             RUSTY_TRY(formatter.write_str(", "));
      |             ^~~~~~~~~
/home/shuai/git/rusty-cpp/include/rusty/try.hpp:52:29: warning: moving a local object in a return statement prevents copy elision [-Wpessimizing-move]
   52 |             return std::move(_rusty_try_result); \
      |                    ~~~~~~~~~^~~~~~~~~~~~~~~~~~~
/home/shuai/git/rusty-cpp/.rusty-parity-matrix-nontoml/semver/runner.cpp:3469:9: note: in expansion of macro ‘RUSTY_TRY’
 3469 |         RUSTY_TRY(rusty::write_fmt(formatter, std::format("{0}", rusty::to_string(comparator))));
      |         ^~~~~~~~~
/home/shuai/git/rusty-cpp/include/rusty/try.hpp:52:29: note: remove ‘std::move’ call
   52 |             return std::move(_rusty_try_result); \
      |                    ~~~~~~~~~^~~~~~~~~~~~~~~~~~~
/home/shuai/git/rusty-cpp/.rusty-parity-matrix-nontoml/semver/runner.cpp:3469:9: note: in expansion of macro ‘RUSTY_TRY’
 3469 |         RUSTY_TRY(rusty::write_fmt(formatter, std::format("{0}", rusty::to_string(comparator))));
      |         ^~~~~~~~~
/home/shuai/git/rusty-cpp/.rusty-parity-matrix-nontoml/semver/runner.cpp: In static member function ‘static rusty::Result<VersionReq, parse::Error> VersionReq::from_str(std::string_view)’:
/home/shuai/git/rusty-cpp/.rusty-parity-matrix-nontoml/semver/runner.cpp:3490:60: warning: moving a temporary object prevents copy elision [-Wpessimizing-move]
 3490 |     if (auto&& _iflet_scrutinee = parse::wildcard(std::move(rusty::to_string_view(text_shadow1))); _iflet_scrutinee.is_some()) {
      |                                                   ~~~~~~~~~^~~~~~~~~~~~~~~~~~~~~~~~~~~~~~~~~~~~~
/home/shuai/git/rusty-cpp/.rusty-parity-matrix-nontoml/semver/runner.cpp:3490:60: note: remove ‘std::move’ call
/home/shuai/git/rusty-cpp/.rusty-parity-matrix-nontoml/semver/runner.cpp:3505:65: warning: moving a temporary object prevents copy elision [-Wpessimizing-move]
 3505 |     const auto len = RUSTY_TRY_INTO(parse::version_req(std::move(rusty::to_string_view(text_shadow1)), comparators, std::move(depth)), rusty::Result<VersionReq, Error>);
      |                                                        ~~~~~~~~~^~~~~~~~~~~~~~~~~~~~~~~~~~~~~~~~~~~~~
/home/shuai/git/rusty-cpp/include/rusty/try.hpp:61:35: note: in definition of macro ‘RUSTY_TRY_INTO’
   61 |         auto _rusty_try_result = (expr); \
      |                                   ^~~~
/home/shuai/git/rusty-cpp/.rusty-parity-matrix-nontoml/semver/runner.cpp:3505:65: note: remove ‘std::move’ call
 3505 |     const auto len = RUSTY_TRY_INTO(parse::version_req(std::move(rusty::to_string_view(text_shadow1)), comparators, std::move(depth)), rusty::Result<VersionReq, Error>);
      |                                                        ~~~~~~~~~^~~~~~~~~~~~~~~~~~~~~~~~~~~~~~~~~~~~~
/home/shuai/git/rusty-cpp/include/rusty/try.hpp:61:35: note: in definition of macro ‘RUSTY_TRY_INTO’
   61 |         auto _rusty_try_result = (expr); \
      |                                   ^~~~
/home/shuai/git/rusty-cpp/.rusty-parity-matrix-nontoml/semver/runner.cpp: In lambda function:
/home/shuai/git/rusty-cpp/include/rusty/try.hpp:52:29: warning: moving a local object in a return statement prevents copy elision [-Wpessimizing-move]
   52 |             return std::move(_rusty_try_result); \
      |                    ~~~~~~~~~^~~~~~~~~~~~~~~~~~~
/home/shuai/git/rusty-cpp/.rusty-parity-matrix-nontoml/semver/runner.cpp:3719:1: note: in expansion of macro ‘RUSTY_TRY’
 3719 | RUSTY_TRY(rusty::write_fmt(formatter, std::format("{0}.{1}.{2}", this->major, this->minor, this->patch)));
      | ^~~~~~~~~
/home/shuai/git/rusty-cpp/include/rusty/try.hpp:52:29: note: remove ‘std::move’ call
   52 |             return std::move(_rusty_try_result); \
      |                    ~~~~~~~~~^~~~~~~~~~~~~~~~~~~
/home/shuai/git/rusty-cpp/.rusty-parity-matrix-nontoml/semver/runner.cpp:3719:1: note: in expansion of macro ‘RUSTY_TRY’
 3719 | RUSTY_TRY(rusty::write_fmt(formatter, std::format("{0}.{1}.{2}", this->major, this->minor, this->patch)));
      | ^~~~~~~~~
/home/shuai/git/rusty-cpp/include/rusty/try.hpp:52:29: warning: moving a local object in a return statement prevents copy elision [-Wpessimizing-move]
   52 |             return std::move(_rusty_try_result); \
      |                    ~~~~~~~~~^~~~~~~~~~~~~~~~~~~
/home/shuai/git/rusty-cpp/.rusty-parity-matrix-nontoml/semver/runner.cpp:3721:5: note: in expansion of macro ‘RUSTY_TRY’
 3721 |     RUSTY_TRY(rusty::write_fmt(formatter, std::format("-{0}", rusty::to_string(this->pre))));
      |     ^~~~~~~~~
/home/shuai/git/rusty-cpp/include/rusty/try.hpp:52:29: note: remove ‘std::move’ call
   52 |             return std::move(_rusty_try_result); \
      |                    ~~~~~~~~~^~~~~~~~~~~~~~~~~~~
/home/shuai/git/rusty-cpp/.rusty-parity-matrix-nontoml/semver/runner.cpp:3721:5: note: in expansion of macro ‘RUSTY_TRY’
 3721 |     RUSTY_TRY(rusty::write_fmt(formatter, std::format("-{0}", rusty::to_string(this->pre))));
      |     ^~~~~~~~~
/home/shuai/git/rusty-cpp/include/rusty/try.hpp:52:29: warning: moving a local object in a return statement prevents copy elision [-Wpessimizing-move]
   52 |             return std::move(_rusty_try_result); \
      |                    ~~~~~~~~~^~~~~~~~~~~~~~~~~~~
/home/shuai/git/rusty-cpp/.rusty-parity-matrix-nontoml/semver/runner.cpp:3724:5: note: in expansion of macro ‘RUSTY_TRY’
 3724 |     RUSTY_TRY(rusty::write_fmt(formatter, std::format("+{0}", rusty::to_string(this->build))));
      |     ^~~~~~~~~
/home/shuai/git/rusty-cpp/include/rusty/try.hpp:52:29: note: remove ‘std::move’ call
   52 |             return std::move(_rusty_try_result); \
      |                    ~~~~~~~~~^~~~~~~~~~~~~~~~~~~
/home/shuai/git/rusty-cpp/.rusty-parity-matrix-nontoml/semver/runner.cpp:3724:5: note: in expansion of macro ‘RUSTY_TRY’
 3724 |     RUSTY_TRY(rusty::write_fmt(formatter, std::format("+{0}", rusty::to_string(this->build))));
      |     ^~~~~~~~~
/home/shuai/git/rusty-cpp/.rusty-parity-matrix-nontoml/semver/runner.cpp: In static member function ‘static rusty::Result<Version, parse::Error> Version::from_str(std::string_view)’:
/home/shuai/git/rusty-cpp/.rusty-parity-matrix-nontoml/semver/runner.cpp:3742:121: warning: moving a temporary object prevents copy elision [-Wpessimizing-move]
 3742 |     auto [major, text_shadow1] = rusty::detail::deref_if_pointer_like(RUSTY_TRY_INTO(parse::numeric_identifier(std::move(rusty::to_string_view(text)), std::move(pos)), rusty::Result<Version, Error>));
      |                                                                                                                ~~~~~~~~~^~~~~~~~~~~~~~~~~~~~~~~~~~~~~
/home/shuai/git/rusty-cpp/include/rusty/try.hpp:61:35: note: in definition of macro ‘RUSTY_TRY_INTO’
   61 |         auto _rusty_try_result = (expr); \
      |                                   ^~~~
/home/shuai/git/rusty-cpp/.rusty-parity-matrix-nontoml/semver/runner.cpp:3742:121: note: remove ‘std::move’ call
 3742 |     auto [major, text_shadow1] = rusty::detail::deref_if_pointer_like(RUSTY_TRY_INTO(parse::numeric_identifier(std::move(rusty::to_string_view(text)), std::move(pos)), rusty::Result<Version, Error>));
      |                                                                                                                ~~~~~~~~~^~~~~~~~~~~~~~~~~~~~~~~~~~~~~
/home/shuai/git/rusty-cpp/include/rusty/try.hpp:61:35: note: in definition of macro ‘RUSTY_TRY_INTO’
   61 |         auto _rusty_try_result = (expr); \
      |                                   ^~~~
/home/shuai/git/rusty-cpp/.rusty-parity-matrix-nontoml/semver/runner.cpp:3743:60: warning: moving a temporary object prevents copy elision [-Wpessimizing-move]
 3743 |     auto text_shadow2 = RUSTY_TRY_INTO(parse::dot(std::move(rusty::to_string_view(text_shadow1)), std::move(pos)), rusty::Result<Version, Error>);
      |                                                   ~~~~~~~~~^~~~~~~~~~~~~~~~~~~~~~~~~~~~~~~~~~~~~
/home/shuai/git/rusty-cpp/include/rusty/try.hpp:61:35: note: in definition of macro ‘RUSTY_TRY_INTO’
   61 |         auto _rusty_try_result = (expr); \
      |                                   ^~~~
/home/shuai/git/rusty-cpp/.rusty-parity-matrix-nontoml/semver/runner.cpp:3743:60: note: remove ‘std::move’ call
 3743 |     auto text_shadow2 = RUSTY_TRY_INTO(parse::dot(std::move(rusty::to_string_view(text_shadow1)), std::move(pos)), rusty::Result<Version, Error>);
      |                                                   ~~~~~~~~~^~~~~~~~~~~~~~~~~~~~~~~~~~~~~~~~~~~~~
/home/shuai/git/rusty-cpp/include/rusty/try.hpp:61:35: note: in definition of macro ‘RUSTY_TRY_INTO’
   61 |         auto _rusty_try_result = (expr); \
      |                                   ^~~~
/home/shuai/git/rusty-cpp/.rusty-parity-matrix-nontoml/semver/runner.cpp:3745:121: warning: moving a temporary object prevents copy elision [-Wpessimizing-move]
 3745 |     auto [minor, text_shadow3] = rusty::detail::deref_if_pointer_like(RUSTY_TRY_INTO(parse::numeric_identifier(std::move(rusty::to_string_view(text_shadow2)), std::move(pos)), rusty::Result<Version, Error>));
      |                                                                                                                ~~~~~~~~~^~~~~~~~~~~~~~~~~~~~~~~~~~~~~~~~~~~~~
/home/shuai/git/rusty-cpp/include/rusty/try.hpp:61:35: note: in definition of macro ‘RUSTY_TRY_INTO’
   61 |         auto _rusty_try_result = (expr); \
      |                                   ^~~~
/home/shuai/git/rusty-cpp/.rusty-parity-matrix-nontoml/semver/runner.cpp:3745:121: note: remove ‘std::move’ call
 3745 |     auto [minor, text_shadow3] = rusty::detail::deref_if_pointer_like(RUSTY_TRY_INTO(parse::numeric_identifier(std::move(rusty::to_string_view(text_shadow2)), std::move(pos)), rusty::Result<Version, Error>));
      |                                                                                                                ~~~~~~~~~^~~~~~~~~~~~~~~~~~~~~~~~~~~~~~~~~~~~~
/home/shuai/git/rusty-cpp/include/rusty/try.hpp:61:35: note: in definition of macro ‘RUSTY_TRY_INTO’
   61 |         auto _rusty_try_result = (expr); \
      |                                   ^~~~
/home/shuai/git/rusty-cpp/.rusty-parity-matrix-nontoml/semver/runner.cpp:3746:60: warning: moving a temporary object prevents copy elision [-Wpessimizing-move]
 3746 |     auto text_shadow4 = RUSTY_TRY_INTO(parse::dot(std::move(rusty::to_string_view(text_shadow3)), std::move(pos)), rusty::Result<Version, Error>);
      |                                                   ~~~~~~~~~^~~~~~~~~~~~~~~~~~~~~~~~~~~~~~~~~~~~~
/home/shuai/git/rusty-cpp/include/rusty/try.hpp:61:35: note: in definition of macro ‘RUSTY_TRY_INTO’
   61 |         auto _rusty_try_result = (expr); \
      |                                   ^~~~
/home/shuai/git/rusty-cpp/.rusty-parity-matrix-nontoml/semver/runner.cpp:3746:60: note: remove ‘std::move’ call
 3746 |     auto text_shadow4 = RUSTY_TRY_INTO(parse::dot(std::move(rusty::to_string_view(text_shadow3)), std::move(pos)), rusty::Result<Version, Error>);
      |                                                   ~~~~~~~~~^~~~~~~~~~~~~~~~~~~~~~~~~~~~~~~~~~~~~
/home/shuai/git/rusty-cpp/include/rusty/try.hpp:61:35: note: in definition of macro ‘RUSTY_TRY_INTO’
   61 |         auto _rusty_try_result = (expr); \
      |                                   ^~~~
/home/shuai/git/rusty-cpp/.rusty-parity-matrix-nontoml/semver/runner.cpp:3748:121: warning: moving a temporary object prevents copy elision [-Wpessimizing-move]
 3748 |     auto [patch, text_shadow5] = rusty::detail::deref_if_pointer_like(RUSTY_TRY_INTO(parse::numeric_identifier(std::move(rusty::to_string_view(text_shadow4)), std::move(pos)), rusty::Result<Version, Error>));
      |                                                                                                                ~~~~~~~~~^~~~~~~~~~~~~~~~~~~~~~~~~~~~~~~~~~~~~
/home/shuai/git/rusty-cpp/include/rusty/try.hpp:61:35: note: in definition of macro ‘RUSTY_TRY_INTO’
   61 |         auto _rusty_try_result = (expr); \
      |                                   ^~~~
/home/shuai/git/rusty-cpp/.rusty-parity-matrix-nontoml/semver/runner.cpp:3748:121: note: remove ‘std::move’ call
 3748 |     auto [patch, text_shadow5] = rusty::detail::deref_if_pointer_like(RUSTY_TRY_INTO(parse::numeric_identifier(std::move(rusty::to_string_view(text_shadow4)), std::move(pos)), rusty::Result<Version, Error>));
      |                                                                                                                ~~~~~~~~~^~~~~~~~~~~~~~~~~~~~~~~~~~~~~~~~~~~~~
/home/shuai/git/rusty-cpp/include/rusty/try.hpp:61:35: note: in definition of macro ‘RUSTY_TRY_INTO’
   61 |         auto _rusty_try_result = (expr); \
      |                                   ^~~~
/home/shuai/git/rusty-cpp/.rusty-parity-matrix-nontoml/semver/runner.cpp:3758:130: warning: moving a temporary object prevents copy elision [-Wpessimizing-move]
 3758 |             auto [pre, text_shadow2] = rusty::detail::deref_if_pointer_like(RUSTY_TRY_INTO(parse::prerelease_identifier(std::move(rusty::to_string_view(text_shadow1))), rusty::Result<Version, Error>));
      |                                                                                                                         ~~~~~~~~~^~~~~~~~~~~~~~~~~~~~~~~~~~~~~~~~~~~~~
/home/shuai/git/rusty-cpp/include/rusty/try.hpp:61:35: note: in definition of macro ‘RUSTY_TRY_INTO’
   61 |         auto _rusty_try_result = (expr); \
      |                                   ^~~~
/home/shuai/git/rusty-cpp/.rusty-parity-matrix-nontoml/semver/runner.cpp:3758:130: note: remove ‘std::move’ call
 3758 |             auto [pre, text_shadow2] = rusty::detail::deref_if_pointer_like(RUSTY_TRY_INTO(parse::prerelease_identifier(std::move(rusty::to_string_view(text_shadow1))), rusty::Result<Version, Error>));
      |                                                                                                                         ~~~~~~~~~^~~~~~~~~~~~~~~~~~~~~~~~~~~~~~~~~~~~~
/home/shuai/git/rusty-cpp/include/rusty/try.hpp:61:35: note: in definition of macro ‘RUSTY_TRY_INTO’
   61 |         auto _rusty_try_result = (expr); \
      |                                   ^~~~
/home/shuai/git/rusty-cpp/.rusty-parity-matrix-nontoml/semver/runner.cpp:3772:127: warning: moving a temporary object prevents copy elision [-Wpessimizing-move]
 3772 |             auto [build, text_shadow2] = rusty::detail::deref_if_pointer_like(RUSTY_TRY_INTO(parse::build_identifier(std::move(rusty::to_string_view(text_shadow1))), rusty::Result<Version, Error>));
      |                                                                                                                      ~~~~~~~~~^~~~~~~~~~~~~~~~~~~~~~~~~~~~~~~~~~~~~
/home/shuai/git/rusty-cpp/include/rusty/try.hpp:61:35: note: in definition of macro ‘RUSTY_TRY_INTO’
   61 |         auto _rusty_try_result = (expr); \
      |                                   ^~~~
/home/shuai/git/rusty-cpp/.rusty-parity-matrix-nontoml/semver/runner.cpp:3772:127: note: remove ‘std::move’ call
 3772 |             auto [build, text_shadow2] = rusty::detail::deref_if_pointer_like(RUSTY_TRY_INTO(parse::build_identifier(std::move(rusty::to_string_view(text_shadow1))), rusty::Result<Version, Error>));
      |                                                                                                                      ~~~~~~~~~^~~~~~~~~~~~~~~~~~~~~~~~~~~~~~~~~~~~~
/home/shuai/git/rusty-cpp/include/rusty/try.hpp:61:35: note: in definition of macro ‘RUSTY_TRY_INTO’
   61 |         auto _rusty_try_result = (expr); \
      |                                   ^~~~
/home/shuai/git/rusty-cpp/.rusty-parity-matrix-nontoml/semver/runner.cpp: In function ‘void test_new()’:
/home/shuai/git/rusty-cpp/.rusty-parity-matrix-nontoml/semver/runner.cpp:4090:40: warning: moving a temporary object prevents copy elision [-Wpessimizing-move]
 4090 |         test(util::prerelease(std::move(rusty::to_string_view(string))), std::move(rusty::to_string_view(string)));
      |                               ~~~~~~~~~^~~~~~~~~~~~~~~~~~~~~~~~~~~~~~~
/home/shuai/git/rusty-cpp/.rusty-parity-matrix-nontoml/semver/runner.cpp:4090:40: note: remove ‘std::move’ call
/home/shuai/git/rusty-cpp/.rusty-parity-matrix-nontoml/semver/runner.cpp:4090:83: warning: moving a temporary object prevents copy elision [-Wpessimizing-move]
 4090 |         test(util::prerelease(std::move(rusty::to_string_view(string))), std::move(rusty::to_string_view(string)));
      |                                                                          ~~~~~~~~~^~~~~~~~~~~~~~~~~~~~~~~~~~~~~~~
/home/shuai/git/rusty-cpp/.rusty-parity-matrix-nontoml/semver/runner.cpp:4090:83: note: remove ‘std::move’ call
/home/shuai/git/rusty-cpp/.rusty-parity-matrix-nontoml/semver/runner.cpp: In function ‘void test_spec_order()’:
/home/shuai/git/rusty-cpp/.rusty-parity-matrix-nontoml/semver/runner.cpp:4680:14: warning: comparison of integer expressions of different signedness: ‘int’ and ‘size_t’ {aka ‘long unsigned int’} [-Wsign-compare]
 4680 |     while (i < rusty::len(vs)) {
      |            ~~^~~~~~~~~~~~~~~~
/home/shuai/git/rusty-cpp/.rusty-parity-matrix-nontoml/semver/runner.cpp: In instantiation of ‘rusty::fmt::Result display::pad(rusty::fmt::Formatter&, const auto:53&, const auto:54&) [with auto:53 = Version::fmt(rusty::fmt::Formatter&) const::<lambda(rusty::fmt::Formatter&)>; auto:54 = Version::fmt(rusty::fmt::Formatter&) const::<lambda()>; rusty::fmt::Result = rusty::Result<std::tuple<>, rusty::fmt::Error>]’:
/home/shuai/git/rusty-cpp/.rusty-parity-matrix-nontoml/semver/runner.cpp:3731:24:   required from here
 3731 |     return display::pad(formatter, std::move(do_display), std::move(do_len));
      |            ~~~~~~~~~~~~^~~~~~~~~~~~~~~~~~~~~~~~~~~~~~~~~~~~~~~~~~~~~~~~~~~~~
/home/shuai/git/rusty-cpp/include/rusty/try.hpp:52:47: warning: moving a local object in a return statement prevents copy elision [-Wpessimizing-move]
   52 |             return std::move(_rusty_try_result); \
      |                                               ^
/home/shuai/git/rusty-cpp/.rusty-parity-matrix-nontoml/semver/runner.cpp:1808:13: note: in expansion of macro ‘RUSTY_TRY’
 1808 |             RUSTY_TRY(formatter.write_char(std::move(fill)));
      |             ^~~~~~~~~
/home/shuai/git/rusty-cpp/include/rusty/try.hpp:52:47: note: remove ‘std::move’ call
   52 |             return std::move(_rusty_try_result); \
      |                                               ^
/home/shuai/git/rusty-cpp/.rusty-parity-matrix-nontoml/semver/runner.cpp:1808:13: note: in expansion of macro ‘RUSTY_TRY’
 1808 |             RUSTY_TRY(formatter.write_char(std::move(fill)));
      |             ^~~~~~~~~
/home/shuai/git/rusty-cpp/include/rusty/try.hpp:52:47: warning: moving a local object in a return statement prevents copy elision [-Wpessimizing-move]
   52 |             return std::move(_rusty_try_result); \
      |                                               ^
/home/shuai/git/rusty-cpp/.rusty-parity-matrix-nontoml/semver/runner.cpp:1812:13: note: in expansion of macro ‘RUSTY_TRY’
 1812 |             RUSTY_TRY(formatter.write_char(std::move(fill)));
      |             ^~~~~~~~~
/home/shuai/git/rusty-cpp/include/rusty/try.hpp:52:47: note: remove ‘std::move’ call
   52 |             return std::move(_rusty_try_result); \
      |                                               ^
/home/shuai/git/rusty-cpp/.rusty-parity-matrix-nontoml/semver/runner.cpp:1812:13: note: in expansion of macro ‘RUSTY_TRY’
 1812 |             RUSTY_TRY(formatter.write_char(std::move(fill)));
      |             ^~~~~~~~~
