/home/shuai/git/rusty-cpp/.rusty-parity-matrix-current/arrayvec/runner.cpp: In function ‘void char_::test_encode_utf8_oob()’:
/home/shuai/git/rusty-cpp/.rusty-parity-matrix-current/arrayvec/runner.cpp:3061:74: warning: comparison of integer expressions of different signedness: ‘int’ and ‘long unsigned int’ [-Wsign-compare]
 3061 |                     if (!(rusty::detail::deref_if_pointer_like(left_val) == rusty::detail::deref_if_pointer_like(right_val))) {
      |                           ~~~~~~~~~~~~~~~~~~~~~~~~~~~~~~~~~~~~~~~~~~~~~~~^~~~~~~~~~~~~~~~~~~~~~~~~~~~~~~~~~~~~~~~~~~~~~~~~~
/home/shuai/git/rusty-cpp/.rusty-parity-matrix-current/arrayvec/runner.cpp: In function ‘void test_capacity_left()’:
/home/shuai/git/rusty-cpp/.rusty-parity-matrix-current/arrayvec/runner.cpp:3382:66: warning: comparison of integer expressions of different signedness: ‘long unsigned int’ and ‘int’ [-Wsign-compare]
 3382 |             if (!(rusty::detail::deref_if_pointer_like(left_val) == rusty::detail::deref_if_pointer_like(right_val))) {
      |                   ~~~~~~~~~~~~~~~~~~~~~~~~~~~~~~~~~~~~~~~~~~~~~~~^~~~~~~~~~~~~~~~~~~~~~~~~~~~~~~~~~~~~~~~~~~~~~~~~~
/home/shuai/git/rusty-cpp/.rusty-parity-matrix-current/arrayvec/runner.cpp:3400:66: warning: comparison of integer expressions of different signedness: ‘long unsigned int’ and ‘int’ [-Wsign-compare]
 3400 |             if (!(rusty::detail::deref_if_pointer_like(left_val) == rusty::detail::deref_if_pointer_like(right_val))) {
      |                   ~~~~~~~~~~~~~~~~~~~~~~~~~~~~~~~~~~~~~~~~~~~~~~~^~~~~~~~~~~~~~~~~~~~~~~~~~~~~~~~~~~~~~~~~~~~~~~~~~
/home/shuai/git/rusty-cpp/.rusty-parity-matrix-current/arrayvec/runner.cpp:3418:66: warning: comparison of integer expressions of different signedness: ‘long unsigned int’ and ‘int’ [-Wsign-compare]
 3418 |             if (!(rusty::detail::deref_if_pointer_like(left_val) == rusty::detail::deref_if_pointer_like(right_val))) {
      |                   ~~~~~~~~~~~~~~~~~~~~~~~~~~~~~~~~~~~~~~~~~~~~~~~^~~~~~~~~~~~~~~~~~~~~~~~~~~~~~~~~~~~~~~~~~~~~~~~~~
/home/shuai/git/rusty-cpp/.rusty-parity-matrix-current/arrayvec/runner.cpp:3436:66: warning: comparison of integer expressions of different signedness: ‘long unsigned int’ and ‘int’ [-Wsign-compare]
 3436 |             if (!(rusty::detail::deref_if_pointer_like(left_val) == rusty::detail::deref_if_pointer_like(right_val))) {
      |                   ~~~~~~~~~~~~~~~~~~~~~~~~~~~~~~~~~~~~~~~~~~~~~~~^~~~~~~~~~~~~~~~~~~~~~~~~~~~~~~~~~~~~~~~~~~~~~~~~~
/home/shuai/git/rusty-cpp/.rusty-parity-matrix-current/arrayvec/runner.cpp:3454:66: warning: comparison of integer expressions of different signedness: ‘long unsigned int’ and ‘int’ [-Wsign-compare]
 3454 |             if (!(rusty::detail::deref_if_pointer_like(left_val) == rusty::detail::deref_if_pointer_like(right_val))) {
      |                   ~~~~~~~~~~~~~~~~~~~~~~~~~~~~~~~~~~~~~~~~~~~~~~~^~~~~~~~~~~~~~~~~~~~~~~~~~~~~~~~~~~~~~~~~~~~~~~~~~
/home/shuai/git/rusty-cpp/.rusty-parity-matrix-current/arrayvec/runner.cpp: In function ‘void test_extend_from_slice()’:
/home/shuai/git/rusty-cpp/.rusty-parity-matrix-current/arrayvec/runner.cpp:3476:66: warning: comparison of integer expressions of different signedness: ‘long unsigned int’ and ‘int’ [-Wsign-compare]
 3476 |             if (!(rusty::detail::deref_if_pointer_like(left_val) == rusty::detail::deref_if_pointer_like(right_val))) {
      |                   ~~~~~~~~~~~~~~~~~~~~~~~~~~~~~~~~~~~~~~~~~~~~~~~^~~~~~~~~~~~~~~~~~~~~~~~~~~~~~~~~~~~~~~~~~~~~~~~~~
/home/shuai/git/rusty-cpp/.rusty-parity-matrix-current/arrayvec/runner.cpp: In function ‘void test_is_send_sync()’:
/home/shuai/git/rusty-cpp/.rusty-parity-matrix-current/arrayvec/runner.cpp:4354:5: warning: statement has no effect [-Wunused-value]
 4354 |     static_cast<const void*>(&data);
      |     ^~~~~~~~~~~~~~~~~~~~~~~~~~~~~~~
/home/shuai/git/rusty-cpp/.rusty-parity-matrix-current/arrayvec/runner.cpp:4355:5: warning: statement has no effect [-Wunused-value]
 4355 |     static_cast<const void*>(&data);
      |     ^~~~~~~~~~~~~~~~~~~~~~~~~~~~~~~
/home/shuai/git/rusty-cpp/.rusty-parity-matrix-current/arrayvec/runner.cpp: In function ‘void test_drop_panic()’:
/home/shuai/git/rusty-cpp/.rusty-parity-matrix-current/arrayvec/runner.cpp:4692:25: warning: moving a temporary object prevents copy elision [-Wpessimizing-move]
 4692 |     array.push(std::move(DropPanic{}));
      |                ~~~~~~~~~^~~~~~~~~~~~~
/home/shuai/git/rusty-cpp/.rusty-parity-matrix-current/arrayvec/runner.cpp:4692:25: note: remove ‘std::move’ call
/home/shuai/git/rusty-cpp/.rusty-parity-matrix-current/arrayvec/runner.cpp: In function ‘void test_drop_panic_into_iter()’:
/home/shuai/git/rusty-cpp/.rusty-parity-matrix-current/arrayvec/runner.cpp:4728:25: warning: moving a temporary object prevents copy elision [-Wpessimizing-move]
 4728 |     array.push(std::move(DropPanic{}));
      |                ~~~~~~~~~^~~~~~~~~~~~~
/home/shuai/git/rusty-cpp/.rusty-parity-matrix-current/arrayvec/runner.cpp:4728:25: note: remove ‘std::move’ call
/home/shuai/git/rusty-cpp/.rusty-parity-matrix-current/arrayvec/runner.cpp: In function ‘void test_write()’:
/home/shuai/git/rusty-cpp/.rusty-parity-matrix-current/arrayvec/runner.cpp:4983:66: warning: comparison of integer expressions of different signedness: ‘const long unsigned int’ and ‘int’ [-Wsign-compare]
 4983 |             if (!(rusty::detail::deref_if_pointer_like(left_val) == rusty::detail::deref_if_pointer_like(right_val))) {
      |                   ~~~~~~~~~~~~~~~~~~~~~~~~~~~~~~~~~~~~~~~~~~~~~~~^~~~~~~~~~~~~~~~~~~~~~~~~~~~~~~~~~~~~~~~~~~~~~~~~~
In file included from /home/shuai/git/rusty-cpp/.rusty-parity-matrix-current/arrayvec/runner.cpp:18:
/home/shuai/git/rusty-cpp/.rusty-parity-matrix-current/arrayvec/runner.cpp: In lambda function:
/home/shuai/git/rusty-cpp/include/rusty/try.hpp:52:29: warning: moving a local object in a return statement prevents copy elision [-Wpessimizing-move]
   52 |             return std::move(_rusty_try_result); \
      |                    ~~~~~~~~~^~~~~~~~~~~~~~~~~~~
/home/shuai/git/rusty-cpp/.rusty-parity-matrix-current/arrayvec/runner.cpp:5173:1: note: in expansion of macro ‘RUSTY_TRY’
 5173 | RUSTY_TRY(t_shadow1.try_push_str(text));
      | ^~~~~~~~~
/home/shuai/git/rusty-cpp/include/rusty/try.hpp:52:29: note: remove ‘std::move’ call
   52 |             return std::move(_rusty_try_result); \
      |                    ~~~~~~~~~^~~~~~~~~~~~~~~~~~~
/home/shuai/git/rusty-cpp/.rusty-parity-matrix-current/arrayvec/runner.cpp:5173:1: note: in expansion of macro ‘RUSTY_TRY’
 5173 | RUSTY_TRY(t_shadow1.try_push_str(text));
      | ^~~~~~~~~
/home/shuai/git/rusty-cpp/.rusty-parity-matrix-current/arrayvec/runner.cpp: In function ‘void test_default()’:
/home/shuai/git/rusty-cpp/.rusty-parity-matrix-current/arrayvec/runner.cpp:5655:66: warning: comparison of integer expressions of different signedness: ‘long unsigned int’ and ‘int’ [-Wsign-compare]
 5655 |             if (!(rusty::detail::deref_if_pointer_like(left_val) == rusty::detail::deref_if_pointer_like(right_val))) {
      |                   ~~~~~~~~~~~~~~~~~~~~~~~~~~~~~~~~~~~~~~~~~~~~~~~^~~~~~~~~~~~~~~~~~~~~~~~~~~~~~~~~~~~~~~~~~~~~~~~~~
/home/shuai/git/rusty-cpp/.rusty-parity-matrix-current/arrayvec/runner.cpp:5672:66: warning: comparison of integer expressions of different signedness: ‘long unsigned int’ and ‘int’ [-Wsign-compare]
 5672 |             if (!(rusty::detail::deref_if_pointer_like(left_val) == rusty::detail::deref_if_pointer_like(right_val))) {
      |                   ~~~~~~~~~~~~~~~~~~~~~~~~~~~~~~~~~~~~~~~~~~~~~~~^~~~~~~~~~~~~~~~~~~~~~~~~~~~~~~~~~~~~~~~~~~~~~~~~~
/home/shuai/git/rusty-cpp/.rusty-parity-matrix-current/arrayvec/runner.cpp: In function ‘void test_extend_zst()’:
/home/shuai/git/rusty-cpp/.rusty-parity-matrix-current/arrayvec/runner.cpp:5790:66: warning: comparison of integer expressions of different signedness: ‘long unsigned int’ and ‘int’ [-Wsign-compare]
 5790 |             if (!(rusty::detail::deref_if_pointer_like(left_val) == rusty::detail::deref_if_pointer_like(right_val))) {
      |                   ~~~~~~~~~~~~~~~~~~~~~~~~~~~~~~~~~~~~~~~~~~~~~~~^~~~~~~~~~~~~~~~~~~~~~~~~~~~~~~~~~~~~~~~~~~~~~~~~~
/home/shuai/git/rusty-cpp/.rusty-parity-matrix-current/arrayvec/runner.cpp: In function ‘void test_arraystring_zero_filled_has_some_sanity_checks()’:
/home/shuai/git/rusty-cpp/.rusty-parity-matrix-current/arrayvec/runner.cpp:5958:66: warning: comparison of integer expressions of different signedness: ‘long unsigned int’ and ‘int’ [-Wsign-compare]
 5958 |             if (!(rusty::detail::deref_if_pointer_like(left_val) == rusty::detail::deref_if_pointer_like(right_val))) {
      |                   ~~~~~~~~~~~~~~~~~~~~~~~~~~~~~~~~~~~~~~~~~~~~~~~^~~~~~~~~~~~~~~~~~~~~~~~~~~~~~~~~~~~~~~~~~~~~~~~~~
In file included from /home/shuai/git/rusty-cpp/include/rusty/arc.hpp:8,
                 from /home/shuai/git/rusty-cpp/include/rusty/rusty.hpp:21,
                 from /home/shuai/git/rusty-cpp/.rusty-parity-matrix-current/arrayvec/runner.cpp:15:
/home/shuai/git/rusty-cpp/include/rusty/option.hpp: In instantiation of ‘bool rusty::operator==(const Option<T>&, const Option<U>&) [with T = long unsigned int; U = int]’:
/home/shuai/git/rusty-cpp/.rusty-parity-matrix-current/arrayvec/runner.cpp:3510:115:   required from here
 3510 |             if (!(rusty::detail::deref_if_pointer_like(left_val) == rusty::detail::deref_if_pointer_like(right_val))) {
      |                                                                                                                   ^
/home/shuai/git/rusty-cpp/include/rusty/option.hpp:1042:22: warning: comparison of integer expressions of different signedness: ‘const long unsigned int’ and ‘const int’ [-Wsign-compare]
 1042 |             return l == r;
      |                    ~~^~~~
