/home/shuai/git/rusty-cpp/.rusty-parity-matrix-current/serde_core/runner.cpp: In function ‘void ser::impls::test_format_u8()’:
/home/shuai/git/rusty-cpp/.rusty-parity-matrix-current/serde_core/runner.cpp:9211:28: warning: possibly dangling reference to a temporary [-Wdangling-reference]
 9211 |                     auto&& _m0_tmp = rusty::as_bytes(rusty::to_string(i));
      |                            ^~~~~~~
/home/shuai/git/rusty-cpp/.rusty-parity-matrix-current/serde_core/runner.cpp:9211:53: note: the temporary was destroyed at the end of the full expression ‘rusty::as_bytes<std::__cxx11::basic_string<char> >(rusty::to_string(const T&) [with T = unsigned char; std::string = std::__cxx11::basic_string<char>]())’
 9211 |                     auto&& _m0_tmp = rusty::as_bytes(rusty::to_string(i));
      |                                      ~~~~~~~~~~~~~~~^~~~~~~~~~~~~~~~~~~~~
/home/shuai/git/rusty-cpp/.rusty-parity-matrix-current/serde_core/runner.cpp: In lambda function:
/home/shuai/git/rusty-cpp/.rusty-parity-matrix-current/serde_core/runner.cpp:10097:13: warning: statement has no effect [-Wunused-value]
10097 |             val;
      |             ^~~
/home/shuai/git/rusty-cpp/.rusty-parity-matrix-current/serde_core/runner.cpp:10121:21: warning: statement has no effect [-Wunused-value]
10121 |                     val;
      |                     ^~~
/home/shuai/git/rusty-cpp/.rusty-parity-matrix-current/serde_core/runner.cpp:10142:17: warning: statement has no effect [-Wunused-value]
10142 |                 val;
      |                 ^~~
/home/shuai/git/rusty-cpp/.rusty-parity-matrix-current/serde_core/runner.cpp: In member function ‘rusty::fmt::Result de::WithDecimalPoint::fmt(rusty::fmt::Formatter&) const’:
/home/shuai/git/rusty-cpp/.rusty-parity-matrix-current/serde_core/runner.cpp:10175:25: warning: statement has no effect [-Wunused-value]
10175 |                         val;
      |                         ^~~
/home/shuai/git/rusty-cpp/.rusty-parity-matrix-current/serde_core/runner.cpp:10196:29: warning: statement has no effect [-Wunused-value]
10196 |                             val;
      |                             ^~~
/home/shuai/git/rusty-cpp/.rusty-parity-matrix-current/serde_core/runner.cpp:10218:25: warning: statement has no effect [-Wunused-value]
10218 |                         val;
      |                         ^~~
