/home/shuai/git/rusty-cpp/.rusty-parity-matrix-nontoml-current/smallvec/runner.cpp: In function ‘void tests::test_with_capacity()’:
/home/shuai/git/rusty-cpp/.rusty-parity-matrix-nontoml-current/smallvec/runner.cpp:3505:32: warning: comparison of integer expressions of different signedness: ‘long unsigned int’ and ‘int’ [-Wsign-compare]
 3505 |                 if (!(left_val == right_val)) {
      |                       ~~~~~~~~~^~~~~~~~~~~~
/home/shuai/git/rusty-cpp/.rusty-parity-matrix-nontoml-current/smallvec/runner.cpp:3529:32: warning: comparison of integer expressions of different signedness: ‘long unsigned int’ and ‘int’ [-Wsign-compare]
 3529 |                 if (!(left_val == right_val)) {
      |                       ~~~~~~~~~^~~~~~~~~~~~
/home/shuai/git/rusty-cpp/.rusty-parity-matrix-nontoml-current/smallvec/runner.cpp: In function ‘void tests::drain_forget()’:
/home/shuai/git/rusty-cpp/.rusty-parity-matrix-nontoml-current/smallvec/runner.cpp:3688:32: warning: comparison of integer expressions of different signedness: ‘long unsigned int’ and ‘int’ [-Wsign-compare]
 3688 |                 if (!(left_val == right_val)) {
      |                       ~~~~~~~~~^~~~~~~~~~~~
/home/shuai/git/rusty-cpp/.rusty-parity-matrix-nontoml-current/smallvec/runner.cpp: In function ‘void tests::test_capacity()’:
/home/shuai/git/rusty-cpp/.rusty-parity-matrix-nontoml-current/smallvec/runner.cpp:3939:32: warning: comparison of integer expressions of different signedness: ‘long unsigned int’ and ‘int’ [-Wsign-compare]
 3939 |                 if (!(left_val == right_val)) {
      |                       ~~~~~~~~~^~~~~~~~~~~~
/home/shuai/git/rusty-cpp/.rusty-parity-matrix-nontoml-current/smallvec/runner.cpp: In function ‘void tests::test_truncate()’:
/home/shuai/git/rusty-cpp/.rusty-parity-matrix-nontoml-current/smallvec/runner.cpp:3979:32: warning: comparison of integer expressions of different signedness: ‘long unsigned int’ and ‘int’ [-Wsign-compare]
 3979 |                 if (!(left_val == right_val)) {
      |                       ~~~~~~~~~^~~~~~~~~~~~
/home/shuai/git/rusty-cpp/.rusty-parity-matrix-nontoml-current/smallvec/runner.cpp: In function ‘void tests::test_insert_many()’:
/home/shuai/git/rusty-cpp/.rusty-parity-matrix-nontoml-current/smallvec/runner.cpp:4058:32: warning: comparison of integer expressions of different signedness: ‘long unsigned int’ and ‘int’ [-Wsign-compare]
 4058 |                 if (!(left_val == right_val)) {
      |                       ~~~~~~~~~^~~~~~~~~~~~
/home/shuai/git/rusty-cpp/.rusty-parity-matrix-nontoml-current/smallvec/runner.cpp: In function ‘void tests::test_insert_many_short_hint()’:
/home/shuai/git/rusty-cpp/.rusty-parity-matrix-nontoml-current/smallvec/runner.cpp:4100:32: warning: comparison of integer expressions of different signedness: ‘long unsigned int’ and ‘int’ [-Wsign-compare]
 4100 |                 if (!(left_val == right_val)) {
      |                       ~~~~~~~~~^~~~~~~~~~~~
/home/shuai/git/rusty-cpp/.rusty-parity-matrix-nontoml-current/smallvec/runner.cpp: In function ‘void tests::test_insert_many_long_hint()’:
/home/shuai/git/rusty-cpp/.rusty-parity-matrix-nontoml-current/smallvec/runner.cpp:4142:32: warning: comparison of integer expressions of different signedness: ‘long unsigned int’ and ‘int’ [-Wsign-compare]
 4142 |                 if (!(left_val == right_val)) {
      |                       ~~~~~~~~~^~~~~~~~~~~~
/home/shuai/git/rusty-cpp/.rusty-parity-matrix-nontoml-current/smallvec/runner.cpp: In function ‘void tests::test_insert_from_slice()’:
/home/shuai/git/rusty-cpp/.rusty-parity-matrix-nontoml-current/smallvec/runner.cpp:4204:32: warning: comparison of integer expressions of different signedness: ‘long unsigned int’ and ‘int’ [-Wsign-compare]
 4204 |                 if (!(left_val == right_val)) {
      |                       ~~~~~~~~~^~~~~~~~~~~~
/home/shuai/git/rusty-cpp/.rusty-parity-matrix-nontoml-current/smallvec/runner.cpp: In function ‘void tests::test_extend_from_slice()’:
/home/shuai/git/rusty-cpp/.rusty-parity-matrix-nontoml-current/smallvec/runner.cpp:4246:32: warning: comparison of integer expressions of different signedness: ‘long unsigned int’ and ‘int’ [-Wsign-compare]
 4246 |                 if (!(left_val == right_val)) {
      |                       ~~~~~~~~~^~~~~~~~~~~~
/home/shuai/git/rusty-cpp/.rusty-parity-matrix-nontoml-current/smallvec/runner.cpp: In function ‘void tests::test_drop_panic_smallvec()’:
/home/shuai/git/rusty-cpp/.rusty-parity-matrix-nontoml-current/smallvec/runner.cpp:4304:25: warning: moving a temporary object prevents copy elision [-Wpessimizing-move]
 4304 |         v.push(std::move(DropPanic{}));
      |                ~~~~~~~~~^~~~~~~~~~~~~
/home/shuai/git/rusty-cpp/.rusty-parity-matrix-nontoml-current/smallvec/runner.cpp:4304:25: note: remove ‘std::move’ call
In file included from /home/shuai/git/rusty-cpp/include/rusty/rusty.hpp:49,
                 from /home/shuai/git/rusty-cpp/.rusty-parity-matrix-nontoml-current/smallvec/runner.cpp:15:
/home/shuai/git/rusty-cpp/include/rusty/array.hpp: In instantiation of ‘constexpr bool operator==(const L&, const std::array<_Tp, _Nm>&) [with L = rusty::detail::owned_container_slice<SmallVec<std::array<unsigned int, 2> > >; R = int; long unsigned int N = 1]’:
/home/shuai/git/rusty-cpp/.rusty-parity-matrix-nontoml-current/smallvec/runner.cpp:4814:70:   required from here
 4814 |                 if (!(rusty::detail::deref_if_pointer_like(left_val) == rusty::detail::deref_if_pointer_like(right_val))) {
      |                      ~~~~~~~~~~~~~~~~~~~~~~~~~~~~~~~~~~~~~~~~~~~~~~~~^~~~~~~~~~~~~~~~~~~~~~~~~~~~~~~~~~~~~~~~~~~~~~~~~~~
/home/shuai/git/rusty-cpp/include/rusty/array.hpp:205:73: warning: comparison of integer expressions of different signedness: ‘const LElem’ {aka ‘const unsigned int’} and ‘const int’ [-Wsign-compare]
  205 |             [](const LElem& l, const R& r) { return static_cast<bool>(l == r); });
      |                                                                       ~~^~~~
/home/shuai/git/rusty-cpp/include/rusty/array.hpp: In instantiation of ‘constexpr bool operator==(const L&, const std::array<_Tp, _Nm>&) [with L = rusty::detail::owned_container_slice<SmallVec<std::array<unsigned int, 2> > >; R = int; long unsigned int N = 3]’:
/home/shuai/git/rusty-cpp/.rusty-parity-matrix-nontoml-current/smallvec/runner.cpp:4831:70:   required from here
 4831 |                 if (!(rusty::detail::deref_if_pointer_like(left_val) == rusty::detail::deref_if_pointer_like(right_val))) {
      |                      ~~~~~~~~~~~~~~~~~~~~~~~~~~~~~~~~~~~~~~~~~~~~~~~~^~~~~~~~~~~~~~~~~~~~~~~~~~~~~~~~~~~~~~~~~~~~~~~~~~~
/home/shuai/git/rusty-cpp/include/rusty/array.hpp:205:73: warning: comparison of integer expressions of different signedness: ‘const LElem’ {aka ‘const unsigned int’} and ‘const int’ [-Wsign-compare]
  205 |             [](const LElem& l, const R& r) { return static_cast<bool>(l == r); });
      |                                                                       ~~^~~~
/home/shuai/git/rusty-cpp/.rusty-parity-matrix-nontoml-current/smallvec/runner.cpp: In function ‘void tests::test_exact_size_iterator()’:
/home/shuai/git/rusty-cpp/.rusty-parity-matrix-nontoml-current/smallvec/runner.cpp:4852:70: warning: comparison of integer expressions of different signedness: ‘long unsigned int’ and ‘int’ [-Wsign-compare]
 4852 |                 if (!(rusty::detail::deref_if_pointer_like(left_val) == rusty::detail::deref_if_pointer_like(right_val))) {
      |                       ~~~~~~~~~~~~~~~~~~~~~~~~~~~~~~~~~~~~~~~~~~~~~~~^~~~~~~~~~~~~~~~~~~~~~~~~~~~~~~~~~~~~~~~~~~~~~~~~~
/home/shuai/git/rusty-cpp/.rusty-parity-matrix-nontoml-current/smallvec/runner.cpp:4869:32: warning: comparison of integer expressions of different signedness: ‘long unsigned int’ and ‘int’ [-Wsign-compare]
 4869 |                 if (!(left_val == right_val)) {
      |                       ~~~~~~~~~^~~~~~~~~~~~
/home/shuai/git/rusty-cpp/.rusty-parity-matrix-nontoml-current/smallvec/runner.cpp:4886:70: warning: comparison of integer expressions of different signedness: ‘long unsigned int’ and ‘int’ [-Wsign-compare]
 4886 |                 if (!(rusty::detail::deref_if_pointer_like(left_val) == rusty::detail::deref_if_pointer_like(right_val))) {
      |                       ~~~~~~~~~~~~~~~~~~~~~~~~~~~~~~~~~~~~~~~~~~~~~~~^~~~~~~~~~~~~~~~~~~~~~~~~~~~~~~~~~~~~~~~~~~~~~~~~~
/home/shuai/git/rusty-cpp/.rusty-parity-matrix-nontoml-current/smallvec/runner.cpp: In function ‘void tests::test_retain()’:
/home/shuai/git/rusty-cpp/.rusty-parity-matrix-nontoml-current/smallvec/runner.cpp:5520:70: warning: comparison of integer expressions of different signedness: ‘long unsigned int’ and ‘int’ [-Wsign-compare]
 5520 |                 if (!(rusty::detail::deref_if_pointer_like(left_val) == rusty::detail::deref_if_pointer_like(right_val))) {
      |                       ~~~~~~~~~~~~~~~~~~~~~~~~~~~~~~~~~~~~~~~~~~~~~~~^~~~~~~~~~~~~~~~~~~~~~~~~~~~~~~~~~~~~~~~~~~~~~~~~~
/home/shuai/git/rusty-cpp/.rusty-parity-matrix-nontoml-current/smallvec/runner.cpp:5538:70: warning: comparison of integer expressions of different signedness: ‘long unsigned int’ and ‘int’ [-Wsign-compare]
 5538 |                 if (!(rusty::detail::deref_if_pointer_like(left_val) == rusty::detail::deref_if_pointer_like(right_val))) {
      |                       ~~~~~~~~~~~~~~~~~~~~~~~~~~~~~~~~~~~~~~~~~~~~~~~^~~~~~~~~~~~~~~~~~~~~~~~~~~~~~~~~~~~~~~~~~~~~~~~~~
/home/shuai/git/rusty-cpp/.rusty-parity-matrix-nontoml-current/smallvec/runner.cpp:5558:70: warning: comparison of integer expressions of different signedness: ‘long unsigned int’ and ‘int’ [-Wsign-compare]
 5558 |                 if (!(rusty::detail::deref_if_pointer_like(left_val) == rusty::detail::deref_if_pointer_like(right_val))) {
      |                       ~~~~~~~~~~~~~~~~~~~~~~~~~~~~~~~~~~~~~~~~~~~~~~~^~~~~~~~~~~~~~~~~~~~~~~~~~~~~~~~~~~~~~~~~~~~~~~~~~
/home/shuai/git/rusty-cpp/.rusty-parity-matrix-nontoml-current/smallvec/runner.cpp:5576:70: warning: comparison of integer expressions of different signedness: ‘long unsigned int’ and ‘int’ [-Wsign-compare]
 5576 |                 if (!(rusty::detail::deref_if_pointer_like(left_val) == rusty::detail::deref_if_pointer_like(right_val))) {
      |                       ~~~~~~~~~~~~~~~~~~~~~~~~~~~~~~~~~~~~~~~~~~~~~~~^~~~~~~~~~~~~~~~~~~~~~~~~~~~~~~~~~~~~~~~~~~~~~~~~~
/home/shuai/git/rusty-cpp/.rusty-parity-matrix-nontoml-current/smallvec/runner.cpp: In function ‘void tests::test_dedup()’:
/home/shuai/git/rusty-cpp/.rusty-parity-matrix-nontoml-current/smallvec/runner.cpp:5622:32: warning: comparison of integer expressions of different signedness: ‘long unsigned int’ and ‘int’ [-Wsign-compare]
 5622 |                 if (!(left_val == right_val)) {
      |                       ~~~~~~~~~^~~~~~~~~~~~
/home/shuai/git/rusty-cpp/.rusty-parity-matrix-nontoml-current/smallvec/runner.cpp:5641:32: warning: comparison of integer expressions of different signedness: ‘long unsigned int’ and ‘int’ [-Wsign-compare]
 5641 |                 if (!(left_val == right_val)) {
      |                       ~~~~~~~~~^~~~~~~~~~~~
/home/shuai/git/rusty-cpp/.rusty-parity-matrix-nontoml-current/smallvec/runner.cpp: In function ‘void tests::grow_to_shrink()’:
/home/shuai/git/rusty-cpp/.rusty-parity-matrix-nontoml-current/smallvec/runner.cpp:5714:32: warning: comparison of integer expressions of different signedness: ‘long unsigned int’ and ‘int’ [-Wsign-compare]
 5714 |                 if (!(left_val == right_val)) {
      |                       ~~~~~~~~~^~~~~~~~~~~~
/home/shuai/git/rusty-cpp/.rusty-parity-matrix-nontoml-current/smallvec/runner.cpp:5731:32: warning: comparison of integer expressions of different signedness: ‘long unsigned int’ and ‘int’ [-Wsign-compare]
 5731 |                 if (!(left_val == right_val)) {
      |                       ~~~~~~~~~^~~~~~~~~~~~
/home/shuai/git/rusty-cpp/.rusty-parity-matrix-nontoml-current/smallvec/runner.cpp: In function ‘void tests::grow_spilled_same_size()’:
/home/shuai/git/rusty-cpp/.rusty-parity-matrix-nontoml-current/smallvec/runner.cpp:5807:32: warning: comparison of integer expressions of different signedness: ‘long unsigned int’ and ‘int’ [-Wsign-compare]
 5807 |                 if (!(left_val == right_val)) {
      |                       ~~~~~~~~~^~~~~~~~~~~~
/home/shuai/git/rusty-cpp/.rusty-parity-matrix-nontoml-current/smallvec/runner.cpp:5825:32: warning: comparison of integer expressions of different signedness: ‘long unsigned int’ and ‘int’ [-Wsign-compare]
 5825 |                 if (!(left_val == right_val)) {
      |                       ~~~~~~~~~^~~~~~~~~~~~
/home/shuai/git/rusty-cpp/.rusty-parity-matrix-nontoml-current/smallvec/runner.cpp: In function ‘void tests::test_insert_many_overflow()’:
/home/shuai/git/rusty-cpp/.rusty-parity-matrix-nontoml-current/smallvec/runner.cpp:5873:70: warning: comparison of integer expressions of different signedness: ‘long unsigned int’ and ‘int’ [-Wsign-compare]
 5873 |                 if (!(rusty::detail::deref_if_pointer_like(left_val) == rusty::detail::deref_if_pointer_like(right_val))) {
      |                       ~~~~~~~~~~~~~~~~~~~~~~~~~~~~~~~~~~~~~~~~~~~~~~~^~~~~~~~~~~~~~~~~~~~~~~~~~~~~~~~~~~~~~~~~~~~~~~~~~
/home/shuai/git/rusty-cpp/.rusty-parity-matrix-nontoml-current/smallvec/runner.cpp: In instantiation of ‘void SmallVec<A>::insert_many(size_t, I) [with I = tests::insert_many_panic::BadIter; A = std::array<tests::insert_many_panic::PanicOnDoubleDrop, 0>; size_t = long unsigned int]’:
/home/shuai/git/rusty-cpp/.rusty-parity-matrix-nontoml-current/smallvec/runner.cpp:3251:16:   required from here
 3251 | vec.insert_many(static_cast<size_t>(0), BadIter{.hint = static_cast<size_t>(1), .count = static_cast<size_t>(0)});
      | ~~~~~~~~~~~~~~~^~~~~~~~~~~~~~~~~~~~~~~~~~~~~~~~~~~~~~~~~~~~~~~~~~~~~~~~~~~~~~~~~~~~~~~~~~~~~~~~~~~~~~~~~~~~~~~~~~
/home/shuai/git/rusty-cpp/.rusty-parity-matrix-nontoml-current/smallvec/runner.cpp:2367:30: warning: comparison of integer expressions of different signedness: ‘int’ and ‘std::tuple_element<0, std::tuple<long unsigned int, rusty::Option<long unsigned int> > >::type’ {aka ‘long unsigned int’} [-Wsign-compare]
 2367 |             while (num_added < lower_size_bound) {
      |                    ~~~~~~~~~~^~~~~~~~~~~~~~~~~~
/home/shuai/git/rusty-cpp/.rusty-parity-matrix-nontoml-current/smallvec/runner.cpp:2385:27: warning: comparison of integer expressions of different signedness: ‘int’ and ‘std::tuple_element<0, std::tuple<long unsigned int, rusty::Option<long unsigned int> > >::type’ {aka ‘long unsigned int’} [-Wsign-compare]
 2385 |             if (num_added < lower_size_bound) {
      |                 ~~~~~~~~~~^~~~~~~~~~~~~~~~~~
/home/shuai/git/rusty-cpp/.rusty-parity-matrix-nontoml-current/smallvec/runner.cpp: In instantiation of ‘void SmallVec<A>::insert_many(size_t, I) [with I = rusty::slice_iter::Iter<int>::ClonedIter; A = std::array<unsigned char, 8>; size_t = long unsigned int]’:
/home/shuai/git/rusty-cpp/.rusty-parity-matrix-nontoml-current/smallvec/runner.cpp:4065:22:   required from here
 4065 |         v.insert_many(static_cast<size_t>(1), rusty::iter(std::array{5, 6}).cloned());
      |         ~~~~~~~~~~~~~^~~~~~~~~~~~~~~~~~~~~~~~~~~~~~~~~~~~~~~~~~~~~~~~~~~~~~~~~~~~~~~~
/home/shuai/git/rusty-cpp/.rusty-parity-matrix-nontoml-current/smallvec/runner.cpp:2367:30: warning: comparison of integer expressions of different signedness: ‘int’ and ‘std::tuple_element<0, std::tuple<long unsigned int, rusty::Option<long unsigned int> > >::type’ {aka ‘long unsigned int’} [-Wsign-compare]
 2367 |             while (num_added < lower_size_bound) {
      |                    ~~~~~~~~~~^~~~~~~~~~~~~~~~~~
/home/shuai/git/rusty-cpp/.rusty-parity-matrix-nontoml-current/smallvec/runner.cpp:2385:27: warning: comparison of integer expressions of different signedness: ‘int’ and ‘std::tuple_element<0, std::tuple<long unsigned int, rusty::Option<long unsigned int> > >::type’ {aka ‘long unsigned int’} [-Wsign-compare]
 2385 |             if (num_added < lower_size_bound) {
      |                 ~~~~~~~~~~^~~~~~~~~~~~~~~~~~
/home/shuai/git/rusty-cpp/.rusty-parity-matrix-nontoml-current/smallvec/runner.cpp: In instantiation of ‘void SmallVec<A>::insert_many(size_t, I) [with I = tests::MockHintIter<rusty::slice_iter::Iter<int>::ClonedIter>; A = std::array<unsigned char, 8>; size_t = long unsigned int]’:
/home/shuai/git/rusty-cpp/.rusty-parity-matrix-nontoml-current/smallvec/runner.cpp:4107:22:   required from here
 4107 |         v.insert_many(static_cast<size_t>(1), MockHintIter{.x = rusty::iter(std::array{5, 6}).cloned(), .hint = static_cast<size_t>(5)});
      |         ~~~~~~~~~~~~~^~~~~~~~~~~~~~~~~~~~~~~~~~~~~~~~~~~~~~~~~~~~~~~~~~~~~~~~~~~~~~~~~~~~~~~~~~~~~~~~~~~~~~~~~~~~~~~~~~~~~~~~~~~~~~~~~~~
/home/shuai/git/rusty-cpp/.rusty-parity-matrix-nontoml-current/smallvec/runner.cpp:2367:30: warning: comparison of integer expressions of different signedness: ‘int’ and ‘std::tuple_element<0, std::tuple<long unsigned int, rusty::Option<long unsigned int> > >::type’ {aka ‘long unsigned int’} [-Wsign-compare]
 2367 |             while (num_added < lower_size_bound) {
      |                    ~~~~~~~~~~^~~~~~~~~~~~~~~~~~
/home/shuai/git/rusty-cpp/.rusty-parity-matrix-nontoml-current/smallvec/runner.cpp:2385:27: warning: comparison of integer expressions of different signedness: ‘int’ and ‘std::tuple_element<0, std::tuple<long unsigned int, rusty::Option<long unsigned int> > >::type’ {aka ‘long unsigned int’} [-Wsign-compare]
 2385 |             if (num_added < lower_size_bound) {
      |                 ~~~~~~~~~~^~~~~~~~~~~~~~~~~~
/home/shuai/git/rusty-cpp/.rusty-parity-matrix-nontoml-current/smallvec/runner.cpp: In instantiation of ‘void SmallVec<A>::insert_many(size_t, I) [with I = rusty::detail::filter_next_iter<rusty::range<int>, tests::test_insert_many_overflow()::<lambda(auto:76&&)> >; A = std::array<unsigned char, 1>; size_t = long unsigned int]’:
/home/shuai/git/rusty-cpp/.rusty-parity-matrix-nontoml-current/smallvec/runner.cpp:5880:22:   required from here
 5880 |         v.insert_many(static_cast<size_t>(0), std::move(iter));
      |         ~~~~~~~~~~~~~^~~~~~~~~~~~~~~~~~~~~~~~~~~~~~~~~~~~~~~~~
/home/shuai/git/rusty-cpp/.rusty-parity-matrix-nontoml-current/smallvec/runner.cpp:2367:30: warning: comparison of integer expressions of different signedness: ‘int’ and ‘size_t’ {aka ‘long unsigned int’} [-Wsign-compare]
 2367 |             while (num_added < lower_size_bound) {
      |                    ~~~~~~~~~~^~~~~~~~~~~~~~~~~~
/home/shuai/git/rusty-cpp/.rusty-parity-matrix-nontoml-current/smallvec/runner.cpp:2385:27: warning: comparison of integer expressions of different signedness: ‘int’ and ‘size_t’ {aka ‘long unsigned int’} [-Wsign-compare]
 2385 |             if (num_added < lower_size_bound) {
      |                 ~~~~~~~~~~^~~~~~~~~~~~~~~~~~
In file included from /home/shuai/git/rusty-cpp/include/rusty/vec.hpp:16,
                 from /home/shuai/git/rusty-cpp/include/rusty/rusty.hpp:27:
/home/shuai/git/rusty-cpp/include/rusty/alloc.hpp: In function ‘uint8_t* rusty::alloc::realloc(uint8_t*, Layout, std::size_t)’:
/home/shuai/git/rusty-cpp/include/rusty/alloc.hpp:83:26: warning: ‘void operator delete(void*, std::align_val_t)’ called on pointer ‘ptr’ passed to mismatched allocation function ‘void* realloc(void*, size_t)’ [-Wmismatched-dealloc]
   83 |         ::operator delete(ptr, std::align_val_t(old_layout.align));
      |         ~~~~~~~~~~~~~~~~~^~~~~~~~~~~~~~~~~~~~~~~~~~~~~~~~~~~~~~~~~
/home/shuai/git/rusty-cpp/include/rusty/alloc.hpp:71:55: note: call to ‘void* realloc(void*, size_t)’
   71 |         return static_cast<std::uint8_t*>(std::realloc(ptr, new_size));
      |                                           ~~~~~~~~~~~~^~~~~~~~~~~~~~~
/home/shuai/git/rusty-cpp/include/rusty/alloc.hpp:83:26: warning: ‘void operator delete(void*, std::align_val_t)’ called on pointer ‘ptr’ passed to mismatched allocation function ‘void* realloc(void*, size_t)’ [-Wmismatched-dealloc]
   83 |         ::operator delete(ptr, std::align_val_t(old_layout.align));
      |         ~~~~~~~~~~~~~~~~~^~~~~~~~~~~~~~~~~~~~~~~~~~~~~~~~~~~~~~~~~
/home/shuai/git/rusty-cpp/include/rusty/alloc.hpp:71:55: note: call to ‘void* realloc(void*, size_t)’
   71 |         return static_cast<std::uint8_t*>(std::realloc(ptr, new_size));
      |                                           ~~~~~~~~~~~~^~~~~~~~~~~~~~~
/home/shuai/git/rusty-cpp/include/rusty/alloc.hpp:83:26: warning: ‘void operator delete(void*, std::align_val_t)’ called on pointer ‘ptr’ passed to mismatched allocation function ‘void* realloc(void*, size_t)’ [-Wmismatched-dealloc]
   83 |         ::operator delete(ptr, std::align_val_t(old_layout.align));
      |         ~~~~~~~~~~~~~~~~~^~~~~~~~~~~~~~~~~~~~~~~~~~~~~~~~~~~~~~~~~
/home/shuai/git/rusty-cpp/include/rusty/alloc.hpp:71:55: note: call to ‘void* realloc(void*, size_t)’
   71 |         return static_cast<std::uint8_t*>(std::realloc(ptr, new_size));
      |                                           ~~~~~~~~~~~~^~~~~~~~~~~~~~~
