warning: variable does not need to be mutable
    --> transpiler/src/codegen.rs:7368:13
     |
7368 |         let mut flush = |buf: &mut String, out: &mut Vec<String>| {
     |             ----^^^^^
     |             |
     |             help: remove this `mut`
     |
     = note: `#[warn(unused_mut)]` (part of `#[warn(unused)]`) on by default

warning: unused variable: `expected_owner`
     --> transpiler/src/codegen.rs:11621:13
      |
11621 |         let expected_owner = match expected_inner {
      |             ^^^^^^^^^^^^^^ help: if this is intentional, prefix it with an underscore: `_expected_owner`
      |
      = note: `#[warn(unused_variables)]` (part of `#[warn(unused)]`) on by default

warning: variable does not need to be mutable
     --> transpiler/src/codegen.rs:25155:13
      |
25155 |         let mut block_profile_mark = |label: &str| {
      |             ----^^^^^^^^^^^^^^^^^^
      |             |
      |             help: remove this `mut`

warning: variable does not need to be mutable
     --> transpiler/src/codegen.rs:29813:21
      |
29813 |                 let mut inner = self.new_inner_for_block();
      |                     ----^^^^^
      |                     |
      |                     help: remove this `mut`

warning: variable does not need to be mutable
     --> transpiler/src/codegen.rs:29828:21
      |
29828 |                 let mut inner = self.new_inner_for_block();
      |                     ----^^^^^
      |                     |
      |                     help: remove this `mut`

warning: unused variable: `scrutinee_expr`
     --> transpiler/src/codegen.rs:33944:9
      |
33944 |         scrutinee_expr: &syn::Expr,
      |         ^^^^^^^^^^^^^^ help: if this is intentional, prefix it with an underscore: `_scrutinee_expr`

warning: variable does not need to be mutable
     --> transpiler/src/codegen.rs:48546:21
      |
48546 |                 let mut inner = self.new_inner_for_block();
      |                     ----^^^^^
      |                     |
      |                     help: remove this `mut`

warning: unused variable: `expected_ty`
     --> transpiler/src/codegen.rs:50541:9
      |
50541 |         expected_ty: Option<&syn::Type>,
      |         ^^^^^^^^^^^ help: if this is intentional, prefix it with an underscore: `_expected_ty`

warning: value assigned to `joined` is never read
     --> transpiler/src/codegen.rs:63165:26
      |
63165 |         let mut joined = segments.join("::");
      |                          ^^^^^^^^^^^^^^^^^^^
      |
      = help: maybe it is overwritten before being read?
      = note: `#[warn(unused_assignments)]` (part of `#[warn(unused)]`) on by default

warning: value assigned to `joined` is never read
     --> transpiler/src/codegen.rs:63178:9
      |
63178 |         joined = segments.join("::");
      |         ^^^^^^
      |
      = help: maybe it is overwritten before being read?

warning: field `0` is never read
  --> transpiler/src/cmake.rs:86:11
   |
86 |     Table(toml::value::Table),
   |     ----- ^^^^^^^^^^^^^^^^^^
   |     |
   |     field in this variant
   |
   = note: `#[warn(dead_code)]` (part of `#[warn(unused)]`) on by default
help: consider changing the field to be of unit type to suppress this warning while preserving the field numbering, or remove the field
   |
86 -     Table(toml::value::Table),
86 +     Table(()),
   |

warning: struct `OptionSomeNoneExprCollector` is never constructed
   --> transpiler/src/codegen.rs:369:8
    |
369 | struct OptionSomeNoneExprCollector {
    |        ^^^^^^^^^^^^^^^^^^^^^^^^^^^

warning: method `saw_both` is never used
   --> transpiler/src/codegen.rs:375:8
    |
374 | impl OptionSomeNoneExprCollector {
    | -------------------------------- method in this implementation
375 |     fn saw_both(&self) -> bool {
    |        ^^^^^^^^

warning: multiple associated items are never used
     --> transpiler/src/codegen.rs:6187:8
      |
  970 | impl CodeGen {
      | ------------ associated items in this implementation
...
 6187 |     fn module_concrete_type_decl_count_recursive(m: &syn::ItemMod) -> usize {
      |        ^^^^^^^^^^^^^^^^^^^^^^^^^^^^^^^^^^^^^^^^^
...
 7400 |     fn cpp_spelling_mentions_import_alias(&self, spelling: &str) -> bool {
      |        ^^^^^^^^^^^^^^^^^^^^^^^^^^^^^^^^^^
...
 7456 |     fn forward_decl_signature_mentions_unqualified_scope_import_name(
      |        ^^^^^^^^^^^^^^^^^^^^^^^^^^^^^^^^^^^^^^^^^^^^^^^^^^^^^^^^^^^^^
...
 7511 |     fn has_forward_decl_items(items: &[syn::Item]) -> bool {
      |        ^^^^^^^^^^^^^^^^^^^^^^
...
 8447 |     fn resolve_unique_scope_import_binding_path_any_scope(&self, local_name: &str) -> Option<String> {
      |        ^^^^^^^^^^^^^^^^^^^^^^^^^^^^^^^^^^^^^^^^^^^^^^^^^^
...
12551 |     fn escape_cpp_qualified_name(path: &str) -> String {
      |        ^^^^^^^^^^^^^^^^^^^^^^^^^
...
14518 |     fn map_variant_ctor_param_type(&self, ty: &syn::Type, ctor_name: &str) -> String {
      |        ^^^^^^^^^^^^^^^^^^^^^^^^^^^
...
27194 |     fn extract_tuple_struct_bindings(
      |        ^^^^^^^^^^^^^^^^^^^^^^^^^^^^^
...
31231 |     fn tuple_pattern_elem_supports_value_match(&self, pat: &syn::Pat) -> bool {
      |        ^^^^^^^^^^^^^^^^^^^^^^^^^^^^^^^^^^^^^^^
...
34068 |     fn if_let_unwrap_binding_should_preserve_reference(
      |        ^^^^^^^^^^^^^^^^^^^^^^^^^^^^^^^^^^^^^^^^^^^^^^^
...
43724 |     fn receiver_is_hashmap_like_expr(&self, receiver: &syn::Expr) -> bool {
      |        ^^^^^^^^^^^^^^^^^^^^^^^^^^^^^
...
50984 |     fn block_contains_option_some_and_none_exprs(&self, block: &syn::Block) -> bool {
      |        ^^^^^^^^^^^^^^^^^^^^^^^^^^^^^^^^^^^^^^^^^
...
51430 |     fn option_inner_needs_typed_make_optional(&self, inner_ty: &syn::Type) -> bool {
      |        ^^^^^^^^^^^^^^^^^^^^^^^^^^^^^^^^^^^^^^
...
61028 |     fn emit_stmt_to_string_with_expected(
      |        ^^^^^^^^^^^^^^^^^^^^^^^^^^^^^^^^^

warning: field `src_path` is never read
  --> transpiler/src/metadata.rs:10:9
   |
 7 | pub struct CrateTarget {
   |            ----------- field in this struct
...
10 |     pub src_path: PathBuf,
   |         ^^^^^^^^
   |
   = note: `CrateTarget` has derived impls for the traits `Clone` and `Debug`, but these are intentionally ignored during dead code analysis

warning: function `discover_local_path_dependencies` is never used
   --> transpiler/src/metadata.rs:514:8
    |
514 | pub fn discover_local_path_dependencies(
    |        ^^^^^^^^^^^^^^^^^^^^^^^^^^^^^^^^

warning: function `transpile` is never used
   --> transpiler/src/transpile.rs:255:8
    |
255 | pub fn transpile(rust_source: &str, module_name: Option<&str>) -> Result<String, String> {
    |        ^^^^^^^^^

warning: function `transpile_with_type_map` is never used
   --> transpiler/src/transpile.rs:260:8
    |
260 | pub fn transpile_with_type_map(
    |        ^^^^^^^^^^^^^^^^^^^^^^^

warning: function `transpile_with_type_map_and_extension_hints` is never used
   --> transpiler/src/transpile.rs:275:8
    |
275 | pub fn transpile_with_type_map_and_extension_hints(
    |        ^^^^^^^^^^^^^^^^^^^^^^^^^^^^^^^^^^^^^^^^^^^

warning: function `transpile_full` is never used
   --> transpiler/src/transpile.rs:310:8
    |
310 | pub fn transpile_full(
    |        ^^^^^^^^^^^^^^

warning: `rusty-cpp-transpiler` (bin "rusty-cpp-transpiler") generated 20 warnings (run `cargo fix --bin "rusty-cpp-transpiler" -p rusty-cpp-transpiler` to apply 8 suggestions)
    Finished `dev` profile [unoptimized + debuginfo] target(s) in 0.20s
     Running `target/debug/rusty-cpp-transpiler parity-test --manifest-path /home/shuai/git/rusty-cpp/tests/transpile_tests/smallvec/Cargo.toml --stop-after run --work-dir /home/shuai/git/rusty-cpp/.rusty-parity-matrix-nontoml-current/smallvec --keep-work-dir`
╔═══════════════════════════════════════════════════╗
║  Parity Test: smallvec
╚═══════════════════════════════════════════════════╝

Stage A: Running cargo test (baseline)...
  Baseline retry: detected workspace mismatch from in-place cargo test.
  Baseline retry: cargo test --manifest-path /home/shuai/git/rusty-cpp/Cargo.toml -p smallvec
  Baseline retry: cargo test --manifest-path /home/shuai/git/rusty-cpp/.rusty-parity-matrix-nontoml-current/smallvec/baseline_source_manifest/Cargo.toml
  Baseline: PASS (saved to /home/shuai/git/rusty-cpp/.rusty-parity-matrix-nontoml-current/smallvec/baseline.txt)
Discovering targets...
  Metadata retry: detected workspace mismatch from in-place cargo metadata.
  Metadata retry: cargo metadata --manifest-path /home/shuai/git/rusty-cpp/Cargo.toml -p smallvec
  Metadata retry: cargo metadata --manifest-path /home/shuai/git/rusty-cpp/.rusty-parity-matrix-nontoml-current/smallvec/metadata_source_manifest/Cargo.toml
  Skipping target 'bench' (Bench): not test-capable
  Package: smallvec
  Target: smallvec (Lib) → module smallvec
  Target: debugger_visualizer (Test) → module debugger_visualizer
  Target: macro (Test) → module macro
  Dependency metadata retry: detected workspace mismatch.
  Dependency metadata retry: cargo metadata --manifest-path /home/shuai/git/rusty-cpp/Cargo.toml -p smallvec
  Dependency metadata retry: detected workspace mismatch.
  Dependency metadata retry: cargo metadata --manifest-path /home/shuai/git/rusty-cpp/Cargo.toml -p smallvec

Stage B: Running cargo expand per target...
  Expand retry: detected workspace mismatch from in-place cargo expand.
  Expand retry: cargo expand --manifest-path /home/shuai/git/rusty-cpp/Cargo.toml -p smallvec
  Expand retry: cargo expand --manifest-path /home/shuai/git/rusty-cpp/.rusty-parity-matrix-nontoml-current/smallvec/expand_source_manifest/Cargo.toml
  smallvec (--lib --tests): 5992 lines → /home/shuai/git/rusty-cpp/.rusty-parity-matrix-nontoml-current/smallvec/targets/smallvec/expanded.rs
  Expand retry: detected workspace mismatch from in-place cargo expand.
  Expand retry: cargo expand --manifest-path /home/shuai/git/rusty-cpp/Cargo.toml -p smallvec
  Warning: cargo expand failed for target 'debugger_visualizer': thread 'main' (2243671) panicked at src/tools/cargo/src/cargo/core/resolver/features.rs:325:13:
  Expand retry: detected workspace mismatch from in-place cargo expand.
  Expand retry: cargo expand --manifest-path /home/shuai/git/rusty-cpp/Cargo.toml -p smallvec
  Warning: cargo expand failed for target 'macro': thread 'main' (2243820) panicked at src/tools/cargo/src/cargo/core/resolver/features.rs:325:13:
Stage C: Transpiling to C++...
  smallvec: 6402 lines → /home/shuai/git/rusty-cpp/.rusty-parity-matrix-nontoml-current/smallvec/targets/smallvec/smallvec.cppm
Stage D: Building with C++ compiler...
  Generated runner: /home/shuai/git/rusty-cpp/.rusty-parity-matrix-nontoml-current/smallvec/runner.cpp (62 tests discovered)
  Build: PASS → /home/shuai/git/rusty-cpp/.rusty-parity-matrix-nontoml-current/smallvec/runner
Stage E: Running transpiled tests...
    tests_drain PASSED
    tests_drain_forget PASSED
    tests_drain_overflow PASSED (expected panic)
    tests_drain_rev PASSED
    tests_empty_macro PASSED
    tests_grow_spilled_same_size PASSED
    tests_grow_to_shrink PASSED
    tests_insert_many_panic_panic_early_at_end PASSED
    tests_insert_many_panic_panic_early_at_start PASSED
    tests_insert_many_panic_panic_early_in_middle PASSED
    tests_insert_many_panic_panic_late_at_end PASSED
    tests_insert_many_panic_panic_late_at_start PASSED
    tests_into_iter PASSED
    tests_into_iter_drop PASSED
    tests_into_iter_rev PASSED
    tests_issue_4 PASSED
    tests_issue_5 PASSED
    tests_max_dont_panic PASSED
    tests_max_remove PASSED (expected panic)
    tests_max_swap_remove PASSED (expected panic)
    tests_resumable_extend PASSED
    tests_shrink_to_fit_unspill PASSED
    tests_test_as_mut PASSED
    tests_test_as_ref PASSED
    tests_test_borrow PASSED
    tests_test_borrow_mut PASSED
    tests_test_capacity PASSED
    tests_test_clone_from PASSED
    tests_test_dedup PASSED
    tests_test_double_spill PASSED
    tests_test_drop_panic_smallvec PASSED (expected panic)
    tests_test_eq PASSED
    tests_test_exact_size_iterator PASSED
    tests_test_extend_from_slice PASSED
    tests_test_from PASSED
    tests_test_from_slice PASSED
    tests_test_from_vec PASSED
    tests_test_hash PASSED
    tests_test_inline PASSED
    tests_test_insert_from_slice PASSED
    tests_test_insert_many PASSED
    tests_test_insert_many_long_hint PASSED
    tests_test_insert_many_overflow PASSED
    tests_test_insert_many_short_hint PASSED
    tests_test_insert_out_of_bounds PASSED (expected panic)
    tests_test_into_inner PASSED
    tests_test_into_iter_as_slice PASSED
    tests_test_into_iter_clone PASSED
    tests_test_into_iter_clone_empty_smallvec PASSED
    tests_test_into_iter_clone_partially_consumed_iterator PASSED
    tests_test_into_vec PASSED
    tests_test_invalid_grow PASSED (expected panic)
    tests_test_ord PASSED
    tests_test_resize PASSED
    tests_test_retain PASSED
    tests_test_size PASSED
    tests_test_spill PASSED
    tests_test_truncate PASSED
    tests_test_with_capacity PASSED
    tests_test_zero PASSED
    tests_uninhabited PASSED
    tests_zero_size_items PASSED
  
  Results: 62 passed, 0 failed
  Range end out of bounds
  panic
  panic
  panic
  panic
  panic
  Run: PASS

Parity test pipeline complete for 'smallvec'.
Artifacts saved in: /home/shuai/git/rusty-cpp/.rusty-parity-matrix-nontoml-current/smallvec
