/home/shuai/git/rusty-cpp/.rusty-parity-matrix-nontoml-current/itertools/runner.cpp: In function ‘void next_array::test::tracked_drop()’:
/home/shuai/git/rusty-cpp/.rusty-parity-matrix-nontoml-current/itertools/runner.cpp:12169:39: warning: moving a temporary object prevents copy elision [-Wpessimizing-move]
12169 |                 builder.push(std::move(TrackedDrop{}));
      |                              ~~~~~~~~~^~~~~~~~~~~~~~~
/home/shuai/git/rusty-cpp/.rusty-parity-matrix-nontoml-current/itertools/runner.cpp:12169:39: note: remove ‘std::move’ call
/home/shuai/git/rusty-cpp/.rusty-parity-matrix-nontoml-current/itertools/runner.cpp:12225:39: warning: moving a temporary object prevents copy elision [-Wpessimizing-move]
12225 |                 builder.push(std::move(TrackedDrop{}));
      |                              ~~~~~~~~~^~~~~~~~~~~~~~~
/home/shuai/git/rusty-cpp/.rusty-parity-matrix-nontoml-current/itertools/runner.cpp:12225:39: note: remove ‘std::move’ call
/home/shuai/git/rusty-cpp/.rusty-parity-matrix-nontoml-current/itertools/runner.cpp:12226:39: warning: moving a temporary object prevents copy elision [-Wpessimizing-move]
12226 |                 builder.push(std::move(TrackedDrop{}));
      |                              ~~~~~~~~~^~~~~~~~~~~~~~~
/home/shuai/git/rusty-cpp/.rusty-parity-matrix-nontoml-current/itertools/runner.cpp:12226:39: note: remove ‘std::move’ call
/home/shuai/git/rusty-cpp/.rusty-parity-matrix-nontoml-current/itertools/runner.cpp:12268:39: warning: moving a temporary object prevents copy elision [-Wpessimizing-move]
12268 |                 builder.push(std::move(TrackedDrop{}));
      |                              ~~~~~~~~~^~~~~~~~~~~~~~~
/home/shuai/git/rusty-cpp/.rusty-parity-matrix-nontoml-current/itertools/runner.cpp:12268:39: note: remove ‘std::move’ call
/home/shuai/git/rusty-cpp/.rusty-parity-matrix-nontoml-current/itertools/runner.cpp:12269:39: warning: moving a temporary object prevents copy elision [-Wpessimizing-move]
12269 |                 builder.push(std::move(TrackedDrop{}));
      |                              ~~~~~~~~~^~~~~~~~~~~~~~~
/home/shuai/git/rusty-cpp/.rusty-parity-matrix-nontoml-current/itertools/runner.cpp:12269:39: note: remove ‘std::move’ call
/home/shuai/git/rusty-cpp/.rusty-parity-matrix-nontoml-current/itertools/runner.cpp: In lambda function:
/home/shuai/git/rusty-cpp/.rusty-parity-matrix-nontoml-current/itertools/runner.cpp:12271:23: warning: moving a temporary object prevents copy elision [-Wpessimizing-move]
12271 | builder.push(std::move(TrackedDrop{}));
      |              ~~~~~~~~~^~~~~~~~~~~~~~~
/home/shuai/git/rusty-cpp/.rusty-parity-matrix-nontoml-current/itertools/runner.cpp:12271:23: note: remove ‘std::move’ call
/home/shuai/git/rusty-cpp/.rusty-parity-matrix-nontoml-current/itertools/runner.cpp: In function ‘void next_array::test::tracked_drop()’:
/home/shuai/git/rusty-cpp/.rusty-parity-matrix-nontoml-current/itertools/runner.cpp:12313:39: warning: moving a temporary object prevents copy elision [-Wpessimizing-move]
12313 |                 builder.push(std::move(TrackedDrop{}));
      |                              ~~~~~~~~~^~~~~~~~~~~~~~~
/home/shuai/git/rusty-cpp/.rusty-parity-matrix-nontoml-current/itertools/runner.cpp:12313:39: note: remove ‘std::move’ call
/home/shuai/git/rusty-cpp/.rusty-parity-matrix-nontoml-current/itertools/runner.cpp:12314:39: warning: moving a temporary object prevents copy elision [-Wpessimizing-move]
12314 |                 builder.push(std::move(TrackedDrop{}));
      |                              ~~~~~~~~~^~~~~~~~~~~~~~~
/home/shuai/git/rusty-cpp/.rusty-parity-matrix-nontoml-current/itertools/runner.cpp:12314:39: note: remove ‘std::move’ call
/home/shuai/git/rusty-cpp/.rusty-parity-matrix-nontoml-current/itertools/runner.cpp: In lambda function:
/home/shuai/git/rusty-cpp/.rusty-parity-matrix-nontoml-current/itertools/runner.cpp:12316:23: warning: moving a temporary object prevents copy elision [-Wpessimizing-move]
12316 | builder.push(std::move(TrackedDrop{}));
      |              ~~~~~~~~~^~~~~~~~~~~~~~~
/home/shuai/git/rusty-cpp/.rusty-parity-matrix-nontoml-current/itertools/runner.cpp:12316:23: note: remove ‘std::move’ call
/home/shuai/git/rusty-cpp/.rusty-parity-matrix-nontoml-current/itertools/runner.cpp: In function ‘void next_array::test::tracked_drop()’:
/home/shuai/git/rusty-cpp/.rusty-parity-matrix-nontoml-current/itertools/runner.cpp:12357:39: warning: moving a temporary object prevents copy elision [-Wpessimizing-move]
12357 |                 builder.push(std::move(TrackedDrop{}));
      |                              ~~~~~~~~~^~~~~~~~~~~~~~~
/home/shuai/git/rusty-cpp/.rusty-parity-matrix-nontoml-current/itertools/runner.cpp:12357:39: note: remove ‘std::move’ call
/home/shuai/git/rusty-cpp/.rusty-parity-matrix-nontoml-current/itertools/runner.cpp:12358:39: warning: moving a temporary object prevents copy elision [-Wpessimizing-move]
12358 |                 builder.push(std::move(TrackedDrop{}));
      |                              ~~~~~~~~~^~~~~~~~~~~~~~~
/home/shuai/git/rusty-cpp/.rusty-parity-matrix-nontoml-current/itertools/runner.cpp:12358:39: note: remove ‘std::move’ call
In file included from /home/shuai/git/rusty-cpp/.rusty-parity-matrix-nontoml-current/itertools/runner.cpp:18:
/home/shuai/git/rusty-cpp/.rusty-parity-matrix-nontoml-current/itertools/runner.cpp: In lambda function:
/home/shuai/git/rusty-cpp/include/rusty/try.hpp:52:29: warning: moving a local object in a return statement prevents copy elision [-Wpessimizing-move]
   52 |             return std::move(_rusty_try_result); \
      |                    ~~~~~~~~~^~~~~~~~~~~~~~~~~~~
/home/shuai/git/rusty-cpp/.rusty-parity-matrix-nontoml-current/itertools/runner.cpp:12984:36: note: in expansion of macro ‘RUSTY_TRY’
12984 |     } else { _iflet_value0.emplace(RUSTY_TRY([&]() { auto&& _checked_lhs = (n - 1); return rusty::checked_add(_checked_lhs, static_cast<std::remove_cvref_t<decltype((_checked_lhs))>>(std::move(k))); }())); }
      |                                    ^~~~~~~~~
/home/shuai/git/rusty-cpp/include/rusty/try.hpp:52:29: note: remove ‘std::move’ call
   52 |             return std::move(_rusty_try_result); \
      |                    ~~~~~~~~~^~~~~~~~~~~~~~~~~~~
/home/shuai/git/rusty-cpp/.rusty-parity-matrix-nontoml-current/itertools/runner.cpp:12984:36: note: in expansion of macro ‘RUSTY_TRY’
12984 |     } else { _iflet_value0.emplace(RUSTY_TRY([&]() { auto&& _checked_lhs = (n - 1); return rusty::checked_add(_checked_lhs, static_cast<std::remove_cvref_t<decltype((_checked_lhs))>>(std::move(k))); }())); }
      |                                    ^~~~~~~~~
/home/shuai/git/rusty-cpp/.rusty-parity-matrix-nontoml-current/itertools/runner.cpp: In instantiation of ‘size_hint::SizeHint size_hint::mul(const auto:85&, const auto:86&) [with auto:85 = std::tuple<long unsigned int, rusty::Option<long unsigned int> >; auto:86 = std::tuple<long unsigned int, rusty::Option<long unsigned int> >; SizeHint = std::tuple<long unsigned int, rusty::Option<long unsigned int> >]’:
/home/shuai/git/rusty-cpp/.rusty-parity-matrix-nontoml-current/itertools/runner.cpp:4736:33:   required from here
 4736 |             auto&& _m0_tmp = mul(std::make_tuple(static_cast<size_t>(3), rusty::Option<size_t>(static_cast<size_t>(4))), std::make_tuple(static_cast<size_t>(3), rusty::Option<size_t>(static_cast<size_t>(4))));
      |                              ~~~^~~~~~~~~~~~~~~~~~~~~~~~~~~~~~~~~~~~~~~~~~~~~~~~~~~~~~~~~~~~~~~~~~~~~~~~~~~~~~~~~~~~~~~~~~~~~~~~~~~~~~~~~~~~~~~~~~~~~~~~~~~~~~~~~~~~~~~~~~~~~~~~~~~~~~~~~~~~~~~~~~~~~~~~~~~~~~~~
/home/shuai/git/rusty-cpp/.rusty-parity-matrix-nontoml-current/itertools/runner.cpp:4704:700: warning: suggest parentheses around ‘&&’ within ‘||’ [-Wparentheses]
 4704 |         auto hi = [&]() -> rusty::Option<size_t> { auto&& _m0 = std::get<1>(a); auto&& _m1 = std::get<1>(b); if (rusty::detail::deref_if_pointer(_m0).is_some() && rusty::detail::deref_if_pointer(_m1).is_some()) { auto&& x = rusty::detail::deref_if_pointer(std::as_const(rusty::detail::deref_if_pointer(_m0)).unwrap()); auto&& y = rusty::detail::deref_if_pointer(std::as_const(rusty::detail::deref_if_pointer(_m1)).unwrap()); return [&]() { auto&& _checked_lhs = x; return rusty::checked_mul(_checked_lhs, static_cast<std::remove_cvref_t<decltype((_checked_lhs))>>(y)); }(); } if (((rusty::detail::deref_if_pointer(_m0).is_some() && std::as_const(rusty::detail::deref_if_pointer(_m0)).unwrap() == 0) && _m1.is_none() || _m0.is_none() && (rusty::detail::deref_if_pointer(_m1).is_some() && std::as_const(rusty::detail::deref_if_pointer(_m1)).unwrap() == 0))) { return rusty::Option<size_t>(static_cast<size_t>(0)); } if (true) { return rusty::Option<size_t>(rusty::None); } return [&]() -> rusty::Option<size_t> { rusty::intrinsics::unreachable(); }(); }();
      |                                                                                                                                                                                                                                                                                                                                                                                                                                                                                                                                                                                                      ~~~~~~~~~~~~~~~~~~~~~~~~~~~~~~~~~~~~~~~~~~~~~~~~~~~~~~~~~~~~~~~~~~~~~~~~~~~~~~~~~~~~~~~~~~~~~~~~~~~~~~~~~~~~~~~~~~~~~~^~~~~~~~~~~~~~~~
