warning: variable does not need to be mutable
    --> transpiler/src/codegen.rs:7368:13
     |
7368 |         let mut flush = |buf: &mut String, out: &mut Vec<String>| {
     |             ----^^^^^
     |             |
     |             help: remove this `mut`
     |
     = note: `#[warn(unused_mut)]` (part of `#[warn(unused)]`) on by default

warning: unused variable: `expected_owner`
     --> transpiler/src/codegen.rs:11621:13
      |
11621 |         let expected_owner = match expected_inner {
      |             ^^^^^^^^^^^^^^ help: if this is intentional, prefix it with an underscore: `_expected_owner`
      |
      = note: `#[warn(unused_variables)]` (part of `#[warn(unused)]`) on by default

warning: variable does not need to be mutable
     --> transpiler/src/codegen.rs:25155:13
      |
25155 |         let mut block_profile_mark = |label: &str| {
      |             ----^^^^^^^^^^^^^^^^^^
      |             |
      |             help: remove this `mut`

warning: variable does not need to be mutable
     --> transpiler/src/codegen.rs:29813:21
      |
29813 |                 let mut inner = self.new_inner_for_block();
      |                     ----^^^^^
      |                     |
      |                     help: remove this `mut`

warning: variable does not need to be mutable
     --> transpiler/src/codegen.rs:29828:21
      |
29828 |                 let mut inner = self.new_inner_for_block();
      |                     ----^^^^^
      |                     |
      |                     help: remove this `mut`

warning: unused variable: `scrutinee_expr`
     --> transpiler/src/codegen.rs:33944:9
      |
33944 |         scrutinee_expr: &syn::Expr,
      |         ^^^^^^^^^^^^^^ help: if this is intentional, prefix it with an underscore: `_scrutinee_expr`

warning: variable does not need to be mutable
     --> transpiler/src/codegen.rs:48546:21
      |
48546 |                 let mut inner = self.new_inner_for_block();
      |                     ----^^^^^
      |                     |
      |                     help: remove this `mut`

warning: unused variable: `expected_ty`
     --> transpiler/src/codegen.rs:50541:9
      |
50541 |         expected_ty: Option<&syn::Type>,
      |         ^^^^^^^^^^^ help: if this is intentional, prefix it with an underscore: `_expected_ty`

warning: value assigned to `joined` is never read
     --> transpiler/src/codegen.rs:63165:26
      |
63165 |         let mut joined = segments.join("::");
      |                          ^^^^^^^^^^^^^^^^^^^
      |
      = help: maybe it is overwritten before being read?
      = note: `#[warn(unused_assignments)]` (part of `#[warn(unused)]`) on by default

warning: value assigned to `joined` is never read
     --> transpiler/src/codegen.rs:63178:9
      |
63178 |         joined = segments.join("::");
      |         ^^^^^^
      |
      = help: maybe it is overwritten before being read?

warning: field `0` is never read
  --> transpiler/src/cmake.rs:86:11
   |
86 |     Table(toml::value::Table),
   |     ----- ^^^^^^^^^^^^^^^^^^
   |     |
   |     field in this variant
   |
   = note: `#[warn(dead_code)]` (part of `#[warn(unused)]`) on by default
help: consider changing the field to be of unit type to suppress this warning while preserving the field numbering, or remove the field
   |
86 -     Table(toml::value::Table),
86 +     Table(()),
   |

warning: struct `OptionSomeNoneExprCollector` is never constructed
   --> transpiler/src/codegen.rs:369:8
    |
369 | struct OptionSomeNoneExprCollector {
    |        ^^^^^^^^^^^^^^^^^^^^^^^^^^^

warning: method `saw_both` is never used
   --> transpiler/src/codegen.rs:375:8
    |
374 | impl OptionSomeNoneExprCollector {
    | -------------------------------- method in this implementation
375 |     fn saw_both(&self) -> bool {
    |        ^^^^^^^^

warning: multiple associated items are never used
     --> transpiler/src/codegen.rs:6187:8
      |
  970 | impl CodeGen {
      | ------------ associated items in this implementation
...
 6187 |     fn module_concrete_type_decl_count_recursive(m: &syn::ItemMod) -> usize {
      |        ^^^^^^^^^^^^^^^^^^^^^^^^^^^^^^^^^^^^^^^^^
...
 7400 |     fn cpp_spelling_mentions_import_alias(&self, spelling: &str) -> bool {
      |        ^^^^^^^^^^^^^^^^^^^^^^^^^^^^^^^^^^
...
 7456 |     fn forward_decl_signature_mentions_unqualified_scope_import_name(
      |        ^^^^^^^^^^^^^^^^^^^^^^^^^^^^^^^^^^^^^^^^^^^^^^^^^^^^^^^^^^^^^
...
 7511 |     fn has_forward_decl_items(items: &[syn::Item]) -> bool {
      |        ^^^^^^^^^^^^^^^^^^^^^^
...
 8447 |     fn resolve_unique_scope_import_binding_path_any_scope(&self, local_name: &str) -> Option<String> {
      |        ^^^^^^^^^^^^^^^^^^^^^^^^^^^^^^^^^^^^^^^^^^^^^^^^^^
...
12551 |     fn escape_cpp_qualified_name(path: &str) -> String {
      |        ^^^^^^^^^^^^^^^^^^^^^^^^^
...
14518 |     fn map_variant_ctor_param_type(&self, ty: &syn::Type, ctor_name: &str) -> String {
      |        ^^^^^^^^^^^^^^^^^^^^^^^^^^^
...
27194 |     fn extract_tuple_struct_bindings(
      |        ^^^^^^^^^^^^^^^^^^^^^^^^^^^^^
...
31231 |     fn tuple_pattern_elem_supports_value_match(&self, pat: &syn::Pat) -> bool {
      |        ^^^^^^^^^^^^^^^^^^^^^^^^^^^^^^^^^^^^^^^
...
34068 |     fn if_let_unwrap_binding_should_preserve_reference(
      |        ^^^^^^^^^^^^^^^^^^^^^^^^^^^^^^^^^^^^^^^^^^^^^^^
...
43724 |     fn receiver_is_hashmap_like_expr(&self, receiver: &syn::Expr) -> bool {
      |        ^^^^^^^^^^^^^^^^^^^^^^^^^^^^^
...
50984 |     fn block_contains_option_some_and_none_exprs(&self, block: &syn::Block) -> bool {
      |        ^^^^^^^^^^^^^^^^^^^^^^^^^^^^^^^^^^^^^^^^^
...
51430 |     fn option_inner_needs_typed_make_optional(&self, inner_ty: &syn::Type) -> bool {
      |        ^^^^^^^^^^^^^^^^^^^^^^^^^^^^^^^^^^^^^^
...
61028 |     fn emit_stmt_to_string_with_expected(
      |        ^^^^^^^^^^^^^^^^^^^^^^^^^^^^^^^^^

warning: field `src_path` is never read
  --> transpiler/src/metadata.rs:10:9
   |
 7 | pub struct CrateTarget {
   |            ----------- field in this struct
...
10 |     pub src_path: PathBuf,
   |         ^^^^^^^^
   |
   = note: `CrateTarget` has derived impls for the traits `Clone` and `Debug`, but these are intentionally ignored during dead code analysis

warning: function `discover_local_path_dependencies` is never used
   --> transpiler/src/metadata.rs:514:8
    |
514 | pub fn discover_local_path_dependencies(
    |        ^^^^^^^^^^^^^^^^^^^^^^^^^^^^^^^^

warning: function `transpile` is never used
   --> transpiler/src/transpile.rs:255:8
    |
255 | pub fn transpile(rust_source: &str, module_name: Option<&str>) -> Result<String, String> {
    |        ^^^^^^^^^

warning: function `transpile_with_type_map` is never used
   --> transpiler/src/transpile.rs:260:8
    |
260 | pub fn transpile_with_type_map(
    |        ^^^^^^^^^^^^^^^^^^^^^^^

warning: function `transpile_with_type_map_and_extension_hints` is never used
   --> transpiler/src/transpile.rs:275:8
    |
275 | pub fn transpile_with_type_map_and_extension_hints(
    |        ^^^^^^^^^^^^^^^^^^^^^^^^^^^^^^^^^^^^^^^^^^^

warning: function `transpile_full` is never used
   --> transpiler/src/transpile.rs:310:8
    |
310 | pub fn transpile_full(
    |        ^^^^^^^^^^^^^^

warning: `rusty-cpp-transpiler` (bin "rusty-cpp-transpiler") generated 20 warnings (run `cargo fix --bin "rusty-cpp-transpiler" -p rusty-cpp-transpiler` to apply 8 suggestions)
    Finished `dev` profile [unoptimized + debuginfo] target(s) in 0.11s
     Running `target/debug/rusty-cpp-transpiler parity-test --manifest-path /home/shuai/git/rusty-cpp/tests/transpile_tests/itertools/Cargo.toml --stop-after run --work-dir /home/shuai/git/rusty-cpp/.rusty-parity-matrix-nontoml-current/itertools --keep-work-dir`
╔═══════════════════════════════════════════════════╗
║  Parity Test: itertools
╚═══════════════════════════════════════════════════╝

Stage A: Running cargo test (baseline)...
  Baseline retry: detected workspace mismatch from in-place cargo test.
  Baseline retry: cargo test --manifest-path /home/shuai/git/rusty-cpp/Cargo.toml -p itertools
  Baseline retry: cargo test --manifest-path /home/shuai/git/rusty-cpp/.rusty-parity-matrix-nontoml-current/itertools/baseline_source_manifest/Cargo.toml
  Baseline: PASS (saved to /home/shuai/git/rusty-cpp/.rusty-parity-matrix-nontoml-current/itertools/baseline.txt)
Discovering targets...
  Metadata retry: detected workspace mismatch from in-place cargo metadata.
  Metadata retry: cargo metadata --manifest-path /home/shuai/git/rusty-cpp/Cargo.toml -p itertools
  Metadata retry: cargo metadata --manifest-path /home/shuai/git/rusty-cpp/.rusty-parity-matrix-nontoml-current/itertools/metadata_source_manifest/Cargo.toml
  Skipping target 'iris' (Example): not test-capable
  Skipping target 'bench1' (Bench): not test-capable
  Skipping target 'combinations' (Bench): not test-capable
  Skipping target 'combinations_with_replacement' (Bench): not test-capable
  Skipping target 'fold_specialization' (Bench): not test-capable
  Skipping target 'k_smallest' (Bench): not test-capable
  Skipping target 'powerset' (Bench): not test-capable
  Skipping target 'specializations' (Bench): not test-capable
  Skipping target 'tree_reduce' (Bench): not test-capable
  Skipping target 'tuple_combinations' (Bench): not test-capable
  Skipping target 'tuples' (Bench): not test-capable
  Package: itertools
  Target: itertools (Lib) → module itertools
  Target: adaptors_no_collect (Test) → module adaptors_no_collect
  Target: flatten_ok (Test) → module flatten_ok
  Target: laziness (Test) → module laziness
  Target: macros_hygiene (Test) → module macros_hygiene
  Target: merge_join (Test) → module merge_join
  Target: peeking_take_while (Test) → module peeking_take_while
  Target: quick (Test) → module quick
  Target: specializations (Test) → module specializations
  Target: test_core (Test) → module test_core
  Target: test_std (Test) → module test_std
  Target: tuples (Test) → module tuples
  Target: zip (Test) → module zip
  Dependency metadata retry: detected workspace mismatch.
  Dependency metadata retry: cargo metadata --manifest-path /home/shuai/git/rusty-cpp/Cargo.toml -p itertools
  Dependency metadata retry: detected workspace mismatch.
  Dependency metadata retry: cargo metadata --manifest-path /home/shuai/git/rusty-cpp/Cargo.toml -p itertools
  Dependencies:
    either (/home/shuai/.cargo/registry/src/index.crates.io-1949cf8c6b5b557f/either-1.15.0/Cargo.toml) → module either [registry] (flags: --no-default-features)

Stage B: Running cargo expand per target...
  dep either (--lib): 1787 lines → /home/shuai/git/rusty-cpp/.rusty-parity-matrix-nontoml-current/itertools/deps/either/expanded.rs
  Expand retry: detected workspace mismatch from in-place cargo expand.
  Expand retry: cargo expand --manifest-path /home/shuai/git/rusty-cpp/Cargo.toml -p itertools
  Expand retry: cargo expand --manifest-path /home/shuai/git/rusty-cpp/.rusty-parity-matrix-nontoml-current/itertools/expand_source_manifest/Cargo.toml
  itertools (--lib --tests): 21058 lines → /home/shuai/git/rusty-cpp/.rusty-parity-matrix-nontoml-current/itertools/targets/itertools/expanded.rs
  Expand retry: detected workspace mismatch from in-place cargo expand.
  Expand retry: cargo expand --manifest-path /home/shuai/git/rusty-cpp/Cargo.toml -p itertools
  Warning: cargo expand failed for target 'adaptors_no_collect': thread 'main' (2255760) panicked at src/tools/cargo/src/cargo/core/resolver/features.rs:325:13:
  Expand retry: detected workspace mismatch from in-place cargo expand.
  Expand retry: cargo expand --manifest-path /home/shuai/git/rusty-cpp/Cargo.toml -p itertools
  Warning: cargo expand failed for target 'flatten_ok': thread 'main' (2255906) panicked at src/tools/cargo/src/cargo/core/resolver/features.rs:325:13:
  Expand retry: detected workspace mismatch from in-place cargo expand.
  Expand retry: cargo expand --manifest-path /home/shuai/git/rusty-cpp/Cargo.toml -p itertools
  Warning: cargo expand failed for target 'laziness': thread 'main' (2256050) panicked at src/tools/cargo/src/cargo/core/resolver/features.rs:325:13:
  Expand retry: detected workspace mismatch from in-place cargo expand.
  Expand retry: cargo expand --manifest-path /home/shuai/git/rusty-cpp/Cargo.toml -p itertools
  Warning: cargo expand failed for target 'macros_hygiene': thread 'main' (2256193) panicked at src/tools/cargo/src/cargo/core/resolver/features.rs:325:13:
  Expand retry: detected workspace mismatch from in-place cargo expand.
  Expand retry: cargo expand --manifest-path /home/shuai/git/rusty-cpp/Cargo.toml -p itertools
  Warning: cargo expand failed for target 'merge_join': thread 'main' (2256355) panicked at src/tools/cargo/src/cargo/core/resolver/features.rs:325:13:
  Expand retry: detected workspace mismatch from in-place cargo expand.
  Expand retry: cargo expand --manifest-path /home/shuai/git/rusty-cpp/Cargo.toml -p itertools
  Warning: cargo expand failed for target 'peeking_take_while': thread 'main' (2256520) panicked at src/tools/cargo/src/cargo/core/resolver/features.rs:325:13:
  Expand retry: detected workspace mismatch from in-place cargo expand.
  Expand retry: cargo expand --manifest-path /home/shuai/git/rusty-cpp/Cargo.toml -p itertools
  Warning: cargo expand failed for target 'quick': thread 'main' (2256685) panicked at src/tools/cargo/src/cargo/core/resolver/features.rs:325:13:
  Expand retry: detected workspace mismatch from in-place cargo expand.
  Expand retry: cargo expand --manifest-path /home/shuai/git/rusty-cpp/Cargo.toml -p itertools
  Warning: cargo expand failed for target 'specializations': thread 'main' (2256828) panicked at src/tools/cargo/src/cargo/core/resolver/features.rs:325:13:
  Expand retry: detected workspace mismatch from in-place cargo expand.
  Expand retry: cargo expand --manifest-path /home/shuai/git/rusty-cpp/Cargo.toml -p itertools
  Warning: cargo expand failed for target 'test_core': thread 'main' (2256971) panicked at src/tools/cargo/src/cargo/core/resolver/features.rs:325:13:
  Expand retry: detected workspace mismatch from in-place cargo expand.
  Expand retry: cargo expand --manifest-path /home/shuai/git/rusty-cpp/Cargo.toml -p itertools
  Warning: cargo expand failed for target 'test_std': thread 'main' (2257114) panicked at src/tools/cargo/src/cargo/core/resolver/features.rs:325:13:
  Expand retry: detected workspace mismatch from in-place cargo expand.
  Expand retry: cargo expand --manifest-path /home/shuai/git/rusty-cpp/Cargo.toml -p itertools
  Warning: cargo expand failed for target 'tuples': thread 'main' (2257262) panicked at src/tools/cargo/src/cargo/core/resolver/features.rs:325:13:
  Expand retry: detected workspace mismatch from in-place cargo expand.
  Expand retry: cargo expand --manifest-path /home/shuai/git/rusty-cpp/Cargo.toml -p itertools
  Warning: cargo expand failed for target 'zip': thread 'main' (2257407) panicked at src/tools/cargo/src/cargo/core/resolver/features.rs:325:13:
Stage C: Transpiling to C++...
  dep either (either): 2141 lines → /home/shuai/git/rusty-cpp/.rusty-parity-matrix-nontoml-current/itertools/deps/either/either.cppm
  itertools: 13148 lines → /home/shuai/git/rusty-cpp/.rusty-parity-matrix-nontoml-current/itertools/targets/itertools/itertools.cppm
Stage D: Building with C++ compiler...
  Generated runner: /home/shuai/git/rusty-cpp/.rusty-parity-matrix-nontoml-current/itertools/runner.cpp (6 tests discovered)
  Build: PASS → /home/shuai/git/rusty-cpp/.rusty-parity-matrix-nontoml-current/itertools/runner
Stage E: Running transpiled tests...
    adaptors_test_checked_binomial PASSED
    next_array_test_push_4 PASSED
    next_array_test_tracked_drop PASSED
    next_array_test_zero_len_push PASSED (expected panic)
    next_array_test_zero_len_take PASSED
    size_hint_mul_size_hints PASSED
  
  Results: 6 passed, 0 failed
  array::at: __n (which is 0) >= _Nm (which is 0)
  Run: PASS

Parity test pipeline complete for 'itertools'.
Artifacts saved in: /home/shuai/git/rusty-cpp/.rusty-parity-matrix-nontoml-current/itertools
