/home/shuai/git/rusty-cpp/.rusty-parity-matrix-current/once_cell/runner.cpp: In lambda function:
/home/shuai/git/rusty-cpp/.rusty-parity-matrix-current/once_cell/runner.cpp:2515:104: warning: no return statement in function returning non-void [-Wreturn-type]
 2515 | O.init([&]() -> std::tuple<> { [&]() -> std::tuple<> { rusty::panicking::panic("explicit panic"); }(); });
      |                                                                                                        ^
/home/shuai/git/rusty-cpp/.rusty-parity-matrix-current/once_cell/runner.cpp: In lambda function:
/home/shuai/git/rusty-cpp/.rusty-parity-matrix-current/once_cell/runner.cpp:2536:104: warning: no return statement in function returning non-void [-Wreturn-type]
 2536 | O.init([&]() -> std::tuple<> { [&]() -> std::tuple<> { rusty::panicking::panic("explicit panic"); }(); });
      |                                                                                                        ^
/home/shuai/git/rusty-cpp/.rusty-parity-matrix-current/once_cell/runner.cpp: In lambda function:
/home/shuai/git/rusty-cpp/.rusty-parity-matrix-current/once_cell/runner.cpp:3179:1: warning: no return statement in function returning non-void [-Wreturn-type]
 3179 | });
      | ^
/home/shuai/git/rusty-cpp/.rusty-parity-matrix-current/once_cell/runner.cpp: In function ‘void unsync_once_cell::once_cell_drop()’:
/home/shuai/git/rusty-cpp/.rusty-parity-matrix-current/once_cell/runner.cpp:3290:70: warning: comparison of integer expressions of different signedness: ‘long unsigned int’ and ‘int’ [-Wsign-compare]
 3290 |                 if (!(rusty::detail::deref_if_pointer_like(left_val) == rusty::detail::deref_if_pointer_like(right_val))) {
      |                       ~~~~~~~~~~~~~~~~~~~~~~~~~~~~~~~~~~~~~~~~~~~~~~~^~~~~~~~~~~~~~~~~~~~~~~~~~~~~~~~~~~~~~~~~~~~~~~~~~
/home/shuai/git/rusty-cpp/.rusty-parity-matrix-current/once_cell/runner.cpp:3308:70: warning: comparison of integer expressions of different signedness: ‘long unsigned int’ and ‘int’ [-Wsign-compare]
 3308 |                 if (!(rusty::detail::deref_if_pointer_like(left_val) == rusty::detail::deref_if_pointer_like(right_val))) {
      |                       ~~~~~~~~~~~~~~~~~~~~~~~~~~~~~~~~~~~~~~~~~~~~~~~^~~~~~~~~~~~~~~~~~~~~~~~~~~~~~~~~~~~~~~~~~~~~~~~~~
/home/shuai/git/rusty-cpp/.rusty-parity-matrix-current/once_cell/runner.cpp: In lambda function:
/home/shuai/git/rusty-cpp/.rusty-parity-matrix-current/once_cell/runner.cpp:3707:1: warning: no return statement in function returning non-void [-Wreturn-type]
 3707 | });
      | ^
/home/shuai/git/rusty-cpp/.rusty-parity-matrix-current/once_cell/runner.cpp: In instantiation of ‘sync_once_cell::once_cell_drop()::<lambda(auto:69&&)> [with auto:69 = rusty::thread::Scope&]’:
/usr/include/c++/14/type_traits:2655:26:   required by substitution of ‘template<class _Fn, class ... _Args> static std::__result_of_success<decltype (declval<_Fn>()((declval<_Args>)()...)), std::__invoke_other> std::__result_of_other_impl::_S_test(int) [with _Fn = sync_once_cell::once_cell_drop()::<lambda(auto:69&&)>; _Args = {rusty::thread::Scope&}]’
 2655 |       std::declval<_Fn>()(std::declval<_Args>()...)
      |       ~~~~~~~~~~~~~~~~~~~^~~~~~~~~~~~~~~~~~~~~~~~~~
/usr/include/c++/14/type_traits:2666:60:   required from ‘struct std::__result_of_impl<false, false, sync_once_cell::once_cell_drop()::<lambda(auto:69&&)>, rusty::thread::Scope&>’
 2666 |       using type = decltype(_S_test<_Functor, _ArgTypes...>(0));
      |                             ~~~~~~~~~~~~~~~~~~~~~~~~~~~~~~~^~~
/usr/include/c++/14/type_traits:3174:12:   recursively required by substitution of ‘template<class _Result, class _Ret> struct std::__is_invocable_impl<_Result, _Ret, true, std::__void_t<typename _CTp::type> > [with _Result = std::__invoke_result<sync_once_cell::once_cell_drop()::<lambda(auto:69&&)>, rusty::thread::Scope&>; _Ret = void]’
 3174 |     struct is_invocable
      |            ^~~~~~~~~~~~
/usr/include/c++/14/type_traits:3174:12:   required from ‘struct std::is_invocable<sync_once_cell::once_cell_drop()::<lambda(auto:69&&)>, rusty::thread::Scope&>’
/usr/include/c++/14/type_traits:3538:71:   required from ‘constexpr const bool std::is_invocable_v<sync_once_cell::once_cell_drop()::<lambda(auto:69&&)>, rusty::thread::Scope&>’
 3538 |   inline constexpr bool is_invocable_v = is_invocable<_Fn, _Args...>::value;
      |                                                                       ^~~~~
/usr/include/c++/14/concepts:360:25:   required by substitution of ‘template<class F>  requires  invocable<F, rusty::thread::Scope&> void rusty::thread::scope(F&&) [with F = sync_once_cell::once_cell_drop()::<lambda(auto:69&&)>]’
  360 |     concept invocable = is_invocable_v<_Fn, _Args...>;
      |                         ^~~~~~~~~~~~~~~~~~~~~~~~~~~~~
/home/shuai/git/rusty-cpp/.rusty-parity-matrix-current/once_cell/runner.cpp:3831:14:   required from here
 3831 |         scope([&](auto&& s) {
      |         ~~~~~^~~~~~~~~~~~~~~~
 3832 | s.spawn([&]() {
      | ~~~~~~~~~~~~~~~
 3833 | x.get_or_init([&]() -> Dropper { return Dropper{}; });
      | ~~~~~~~~~~~~~~~~~~~~~~~~~~~~~~~~~~~~~~~~~~~~~~~~~~~~~~
 3834 | {
      | ~             
 3835 |     auto&& _m0_tmp = DROP_CNT.load(rusty::sync::atomic::Ordering::SeqCst);
      |     ~~~~~~~~~~~~~~~~~~~~~~~~~~~~~~~~~~~~~~~~~~~~~~~~~~~~~~~~~~~~~~~~~~~~~~
 3836 |     auto _m0 = &_m0_tmp;
      |     ~~~~~~~~~~~~~~~~~~~~
 3837 |     auto&& _m1_tmp = static_cast<int32_t>(0);
      |     ~~~~~~~~~~~~~~~~~~~~~~~~~~~~~~~~~~~~~~~~~
 3838 |     auto _m1 = &_m1_tmp;
      |     ~~~~~~~~~~~~~~~~~~~~
 3839 |     auto _m_tuple = std::make_tuple(_m0, _m1);
      |     ~~~~~~~~~~~~~~~~~~~~~~~~~~~~~~~~~~~~~~~~~~
 3840 |     bool _m_matched = false;
      |     ~~~~~~~~~~~~~~~~~~~~~~~~
 3841 |     if (!_m_matched) {
      |     ~~~~~~~~~~~~~~~~~~
 3842 |         auto&& left_val = std::get<0>(rusty::detail::deref_if_pointer(_m_tuple));
      |         ~~~~~~~~~~~~~~~~~~~~~~~~~~~~~~~~~~~~~~~~~~~~~~~~~~~~~~~~~~~~~~~~~~~~~~~~~
 3843 |         auto&& right_val = std::get<1>(rusty::detail::deref_if_pointer(_m_tuple));
      |         ~~~~~~~~~~~~~~~~~~~~~~~~~~~~~~~~~~~~~~~~~~~~~~~~~~~~~~~~~~~~~~~~~~~~~~~~~~
 3844 |         if (!(rusty::detail::deref_if_pointer_like(left_val) == rusty::detail::deref_if_pointer_like(right_val))) {
      |         ~~~~~~~~~~~~~~~~~~~~~~~~~~~~~~~~~~~~~~~~~~~~~~~~~~~~~~~~~~~~~~~~~~~~~~~~~~~~~~~~~~~~~~~~~~~~~~~~~~~~~~~~~~~
 3845 |             const auto kind = rusty::panicking::AssertKind::Eq;
      |             ~~~~~~~~~~~~~~~~~~~~~~~~~~~~~~~~~~~~~~~~~~~~~~~~~~~
 3846 |             rusty::panicking::assert_failed(std::move(kind), rusty::detail::deref_if_pointer_like(left_val), rusty::detail::deref_if_pointer_like(right_val), rusty::None);
      |             ~~~~~~~~~~~~~~~~~~~~~~~~~~~~~~~~~~~~~~~~~~~~~~~~~~~~~~~~~~~~~~~~~~~~~~~~~~~~~~~~~~~~~~~~~~~~~~~~~~~~~~~~~~~~~~~~~~~~~~~~~~~~~~~~~~~~~~~~~~~~~~~~~~~~~~~~~~~~~~~
 3847 |         }
      |         ~     
 3848 |         _m_matched = true;
      |         ~~~~~~~~~~~~~~~~~~
 3849 |     }
      |     ~         
 3850 | }
      | ~             
 3851 | rusty::mem::drop(std::move(x));
      | ~~~~~~~~~~~~~~~~~~~~~~~~~~~~~~~
 3852 | });
      | ~~~           
 3853 | });
      | ~~            
/home/shuai/git/rusty-cpp/.rusty-parity-matrix-current/once_cell/runner.cpp:3844:62: warning: comparison of integer expressions of different signedness: ‘long unsigned int’ and ‘int’ [-Wsign-compare]
 3844 |         if (!(rusty::detail::deref_if_pointer_like(left_val) == rusty::detail::deref_if_pointer_like(right_val))) {
      |              ~~~~~~~~~~~~~~~~~~~~~~~~~~~~~~~~~~~~~~~~~~~~~~~~^~~~~~~~~~~~~~~~~~~~~~~~~~~~~~~~~~~~~~~~~~~~~~~~~~~
/home/shuai/git/rusty-cpp/.rusty-parity-matrix-current/once_cell/runner.cpp: In function ‘void sync_once_cell::once_cell_drop()’:
/home/shuai/git/rusty-cpp/.rusty-parity-matrix-current/once_cell/runner.cpp:3864:70: warning: comparison of integer expressions of different signedness: ‘long unsigned int’ and ‘int’ [-Wsign-compare]
 3864 |                 if (!(rusty::detail::deref_if_pointer_like(left_val) == rusty::detail::deref_if_pointer_like(right_val))) {
      |                       ~~~~~~~~~~~~~~~~~~~~~~~~~~~~~~~~~~~~~~~~~~~~~~~^~~~~~~~~~~~~~~~~~~~~~~~~~~~~~~~~~~~~~~~~~~~~~~~~~
/home/shuai/git/rusty-cpp/.rusty-parity-matrix-current/once_cell/runner.cpp: In function ‘void unsync_lazy::lazy_get_mut()’:
/home/shuai/git/rusty-cpp/.rusty-parity-matrix-current/once_cell/runner.cpp:4726:70: warning: comparison of integer expressions of different signedness: ‘unsigned int’ and ‘int’ [-Wsign-compare]
 4726 |                 if (!(rusty::detail::deref_if_pointer_like(left_val) == rusty::detail::deref_if_pointer_like(right_val))) {
      |                       ~~~~~~~~~~~~~~~~~~~~~~~~~~~~~~~~~~~~~~~~~~~~~~~^~~~~~~~~~~~~~~~~~~~~~~~~~~~~~~~~~~~~~~~~~~~~~~~~~
/home/shuai/git/rusty-cpp/.rusty-parity-matrix-current/once_cell/runner.cpp:4762:70: warning: comparison of integer expressions of different signedness: ‘unsigned int’ and ‘int’ [-Wsign-compare]
 4762 |                 if (!(rusty::detail::deref_if_pointer_like(left_val) == rusty::detail::deref_if_pointer_like(right_val))) {
      |                       ~~~~~~~~~~~~~~~~~~~~~~~~~~~~~~~~~~~~~~~~~~~~~~~^~~~~~~~~~~~~~~~~~~~~~~~~~~~~~~~~~~~~~~~~~~~~~~~~~
/home/shuai/git/rusty-cpp/.rusty-parity-matrix-current/once_cell/runner.cpp: In function ‘void unsync_lazy::lazy_default()’:
/home/shuai/git/rusty-cpp/.rusty-parity-matrix-current/once_cell/runner.cpp:4810:70: warning: comparison of integer expressions of different signedness: ‘long unsigned int’ and ‘int’ [-Wsign-compare]
 4810 |                 if (!(rusty::detail::deref_if_pointer_like(left_val) == rusty::detail::deref_if_pointer_like(right_val))) {
      |                       ~~~~~~~~~~~~~~~~~~~~~~~~~~~~~~~~~~~~~~~~~~~~~~~^~~~~~~~~~~~~~~~~~~~~~~~~~~~~~~~~~~~~~~~~~~~~~~~~~
/home/shuai/git/rusty-cpp/.rusty-parity-matrix-current/once_cell/runner.cpp:4844:70: warning: comparison of integer expressions of different signedness: ‘long unsigned int’ and ‘int’ [-Wsign-compare]
 4844 |                 if (!(rusty::detail::deref_if_pointer_like(left_val) == rusty::detail::deref_if_pointer_like(right_val))) {
      |                       ~~~~~~~~~~~~~~~~~~~~~~~~~~~~~~~~~~~~~~~~~~~~~~~^~~~~~~~~~~~~~~~~~~~~~~~~~~~~~~~~~~~~~~~~~~~~~~~~~
/home/shuai/git/rusty-cpp/.rusty-parity-matrix-current/once_cell/runner.cpp:4879:70: warning: comparison of integer expressions of different signedness: ‘long unsigned int’ and ‘int’ [-Wsign-compare]
 4879 |                 if (!(rusty::detail::deref_if_pointer_like(left_val) == rusty::detail::deref_if_pointer_like(right_val))) {
      |                       ~~~~~~~~~~~~~~~~~~~~~~~~~~~~~~~~~~~~~~~~~~~~~~~^~~~~~~~~~~~~~~~~~~~~~~~~~~~~~~~~~~~~~~~~~~~~~~~~~
/home/shuai/git/rusty-cpp/.rusty-parity-matrix-current/once_cell/runner.cpp: In lambda function:
/home/shuai/git/rusty-cpp/.rusty-parity-matrix-current/once_cell/runner.cpp:4889:132: warning: no return statement in function returning non-void [-Wreturn-type]
 4889 |         auto l = unsync::Lazy<int32_t>::new_([&]() -> int32_t { [&]() -> int32_t { rusty::panicking::panic("explicit panic"); }(); });
      |                                                                                                                                    ^
/home/shuai/git/rusty-cpp/.rusty-parity-matrix-current/once_cell/runner.cpp: In lambda function:
/home/shuai/git/rusty-cpp/.rusty-parity-matrix-current/once_cell/runner.cpp:4905:1: warning: no return statement in function returning non-void [-Wreturn-type]
 4905 | });
      | ^
/home/shuai/git/rusty-cpp/.rusty-parity-matrix-current/once_cell/runner.cpp: In function ‘void sync_lazy::lazy_new()’:
/home/shuai/git/rusty-cpp/.rusty-parity-matrix-current/once_cell/runner.cpp:4996:70: warning: comparison of integer expressions of different signedness: ‘long unsigned int’ and ‘int’ [-Wsign-compare]
 4996 |                 if (!(rusty::detail::deref_if_pointer_like(left_val) == rusty::detail::deref_if_pointer_like(right_val))) {
      |                       ~~~~~~~~~~~~~~~~~~~~~~~~~~~~~~~~~~~~~~~~~~~~~~~^~~~~~~~~~~~~~~~~~~~~~~~~~~~~~~~~~~~~~~~~~~~~~~~~~
/home/shuai/git/rusty-cpp/.rusty-parity-matrix-current/once_cell/runner.cpp: In instantiation of ‘sync_lazy::lazy_new()::<lambda(auto:77&&)> [with auto:77 = rusty::thread::Scope&]’:
/usr/include/c++/14/type_traits:2655:26:   required by substitution of ‘template<class _Fn, class ... _Args> static std::__result_of_success<decltype (declval<_Fn>()((declval<_Args>)()...)), std::__invoke_other> std::__result_of_other_impl::_S_test(int) [with _Fn = sync_lazy::lazy_new()::<lambda(auto:77&&)>; _Args = {rusty::thread::Scope&}]’
 2655 |       std::declval<_Fn>()(std::declval<_Args>()...)
      |       ~~~~~~~~~~~~~~~~~~~^~~~~~~~~~~~~~~~~~~~~~~~~~
/usr/include/c++/14/type_traits:2666:60:   required from ‘struct std::__result_of_impl<false, false, sync_lazy::lazy_new()::<lambda(auto:77&&)>, rusty::thread::Scope&>’
 2666 |       using type = decltype(_S_test<_Functor, _ArgTypes...>(0));
      |                             ~~~~~~~~~~~~~~~~~~~~~~~~~~~~~~~^~~
/usr/include/c++/14/type_traits:3174:12:   recursively required by substitution of ‘template<class _Result, class _Ret> struct std::__is_invocable_impl<_Result, _Ret, true, std::__void_t<typename _CTp::type> > [with _Result = std::__invoke_result<sync_lazy::lazy_new()::<lambda(auto:77&&)>, rusty::thread::Scope&>; _Ret = void]’
 3174 |     struct is_invocable
      |            ^~~~~~~~~~~~
/usr/include/c++/14/type_traits:3174:12:   required from ‘struct std::is_invocable<sync_lazy::lazy_new()::<lambda(auto:77&&)>, rusty::thread::Scope&>’
/usr/include/c++/14/type_traits:3538:71:   required from ‘constexpr const bool std::is_invocable_v<sync_lazy::lazy_new()::<lambda(auto:77&&)>, rusty::thread::Scope&>’
 3538 |   inline constexpr bool is_invocable_v = is_invocable<_Fn, _Args...>::value;
      |                                                                       ^~~~~
/usr/include/c++/14/concepts:360:25:   required by substitution of ‘template<class F>  requires  invocable<F, rusty::thread::Scope&> void rusty::thread::scope(F&&) [with F = sync_lazy::lazy_new()::<lambda(auto:77&&)>]’
  360 |     concept invocable = is_invocable_v<_Fn, _Args...>;
      |                         ^~~~~~~~~~~~~~~~~~~~~~~~~~~~~
/home/shuai/git/rusty-cpp/.rusty-parity-matrix-current/once_cell/runner.cpp:5003:14:   required from here
 5003 |         scope([&](auto&& s) {
      |         ~~~~~^~~~~~~~~~~~~~~~
 5004 | s.spawn([&]() {
      | ~~~~~~~~~~~~~~~
 5005 | const auto y = *(x) - 30;
      | ~~~~~~~~~~~~~~~~~~~~~~~~~
 5006 | {
      | ~             
 5007 |     auto _m0 = &y;
      |     ~~~~~~~~~~~~~~
 5008 |     auto&& _m1_tmp = static_cast<int32_t>(62);
      |     ~~~~~~~~~~~~~~~~~~~~~~~~~~~~~~~~~~~~~~~~~~
 5009 |     auto _m1 = &_m1_tmp;
      |     ~~~~~~~~~~~~~~~~~~~~
 5010 |     auto _m_tuple = std::make_tuple(_m0, _m1);
      |     ~~~~~~~~~~~~~~~~~~~~~~~~~~~~~~~~~~~~~~~~~~
 5011 |     bool _m_matched = false;
      |     ~~~~~~~~~~~~~~~~~~~~~~~~
 5012 |     if (!_m_matched) {
      |     ~~~~~~~~~~~~~~~~~~
 5013 |         auto&& left_val = std::get<0>(rusty::detail::deref_if_pointer(_m_tuple));
      |         ~~~~~~~~~~~~~~~~~~~~~~~~~~~~~~~~~~~~~~~~~~~~~~~~~~~~~~~~~~~~~~~~~~~~~~~~~
 5014 |         auto&& right_val = std::get<1>(rusty::detail::deref_if_pointer(_m_tuple));
      |         ~~~~~~~~~~~~~~~~~~~~~~~~~~~~~~~~~~~~~~~~~~~~~~~~~~~~~~~~~~~~~~~~~~~~~~~~~~
 5015 |         if (!(rusty::detail::deref_if_pointer_like(left_val) == rusty::detail::deref_if_pointer_like(right_val))) {
      |         ~~~~~~~~~~~~~~~~~~~~~~~~~~~~~~~~~~~~~~~~~~~~~~~~~~~~~~~~~~~~~~~~~~~~~~~~~~~~~~~~~~~~~~~~~~~~~~~~~~~~~~~~~~~
 5016 |             const auto kind = rusty::panicking::AssertKind::Eq;
      |             ~~~~~~~~~~~~~~~~~~~~~~~~~~~~~~~~~~~~~~~~~~~~~~~~~~~
 5017 |             rusty::panicking::assert_failed(std::move(kind), rusty::detail::deref_if_pointer_like(left_val), rusty::detail::deref_if_pointer_like(right_val), rusty::None);
      |             ~~~~~~~~~~~~~~~~~~~~~~~~~~~~~~~~~~~~~~~~~~~~~~~~~~~~~~~~~~~~~~~~~~~~~~~~~~~~~~~~~~~~~~~~~~~~~~~~~~~~~~~~~~~~~~~~~~~~~~~~~~~~~~~~~~~~~~~~~~~~~~~~~~~~~~~~~~~~~~~
 5018 |         }
      |         ~     
 5019 |         _m_matched = true;
      |         ~~~~~~~~~~~~~~~~~~
 5020 |     }
      |     ~         
 5021 | }
      | ~             
 5022 | {
      | ~             
 5023 |     auto&& _m0_tmp = called.load(rusty::sync::atomic::Ordering::SeqCst);
      |     ~~~~~~~~~~~~~~~~~~~~~~~~~~~~~~~~~~~~~~~~~~~~~~~~~~~~~~~~~~~~~~~~~~~~
 5024 |     auto _m0 = &_m0_tmp;
      |     ~~~~~~~~~~~~~~~~~~~~
 5025 |     auto&& _m1_tmp = static_cast<int32_t>(1);
      |     ~~~~~~~~~~~~~~~~~~~~~~~~~~~~~~~~~~~~~~~~~
 5026 |     auto _m1 = &_m1_tmp;
      |     ~~~~~~~~~~~~~~~~~~~~
 5027 |     auto _m_tuple = std::make_tuple(_m0, _m1);
      |     ~~~~~~~~~~~~~~~~~~~~~~~~~~~~~~~~~~~~~~~~~~
 5028 |     bool _m_matched = false;
      |     ~~~~~~~~~~~~~~~~~~~~~~~~
 5029 |     if (!_m_matched) {
      |     ~~~~~~~~~~~~~~~~~~
 5030 |         auto&& left_val = std::get<0>(rusty::detail::deref_if_pointer(_m_tuple));
      |         ~~~~~~~~~~~~~~~~~~~~~~~~~~~~~~~~~~~~~~~~~~~~~~~~~~~~~~~~~~~~~~~~~~~~~~~~~
 5031 |         auto&& right_val = std::get<1>(rusty::detail::deref_if_pointer(_m_tuple));
      |         ~~~~~~~~~~~~~~~~~~~~~~~~~~~~~~~~~~~~~~~~~~~~~~~~~~~~~~~~~~~~~~~~~~~~~~~~~~
 5032 |         if (!(rusty::detail::deref_if_pointer_like(left_val) == rusty::detail::deref_if_pointer_like(right_val))) {
      |         ~~~~~~~~~~~~~~~~~~~~~~~~~~~~~~~~~~~~~~~~~~~~~~~~~~~~~~~~~~~~~~~~~~~~~~~~~~~~~~~~~~~~~~~~~~~~~~~~~~~~~~~~~~~
 5033 |             const auto kind = rusty::panicking::AssertKind::Eq;
      |             ~~~~~~~~~~~~~~~~~~~~~~~~~~~~~~~~~~~~~~~~~~~~~~~~~~~
 5034 |             rusty::panicking::assert_failed(std::move(kind), rusty::detail::deref_if_pointer_like(left_val), rusty::detail::deref_if_pointer_like(right_val), rusty::None);
      |             ~~~~~~~~~~~~~~~~~~~~~~~~~~~~~~~~~~~~~~~~~~~~~~~~~~~~~~~~~~~~~~~~~~~~~~~~~~~~~~~~~~~~~~~~~~~~~~~~~~~~~~~~~~~~~~~~~~~~~~~~~~~~~~~~~~~~~~~~~~~~~~~~~~~~~~~~~~~~~~~
 5035 |         }
      |         ~     
 5036 |         _m_matched = true;
      |         ~~~~~~~~~~~~~~~~~~
 5037 |     }
      |     ~         
 5038 | }
      | ~             
 5039 | });
      | ~~~           
 5040 | });
      | ~~            
/home/shuai/git/rusty-cpp/.rusty-parity-matrix-current/once_cell/runner.cpp:5032:62: warning: comparison of integer expressions of different signedness: ‘long unsigned int’ and ‘int’ [-Wsign-compare]
 5032 |         if (!(rusty::detail::deref_if_pointer_like(left_val) == rusty::detail::deref_if_pointer_like(right_val))) {
      |              ~~~~~~~~~~~~~~~~~~~~~~~~~~~~~~~~~~~~~~~~~~~~~~~~^~~~~~~~~~~~~~~~~~~~~~~~~~~~~~~~~~~~~~~~~~~~~~~~~~~
/home/shuai/git/rusty-cpp/.rusty-parity-matrix-current/once_cell/runner.cpp:5068:70: warning: comparison of integer expressions of different signedness: ‘long unsigned int’ and ‘int’ [-Wsign-compare]
 5068 |                 if (!(rusty::detail::deref_if_pointer_like(left_val) == rusty::detail::deref_if_pointer_like(right_val))) {
      |                       ~~~~~~~~~~~~~~~~~~~~~~~~~~~~~~~~~~~~~~~~~~~~~~~^~~~~~~~~~~~~~~~~~~~~~~~~~~~~~~~~~~~~~~~~~~~~~~~~~
/home/shuai/git/rusty-cpp/.rusty-parity-matrix-current/once_cell/runner.cpp: In function ‘void sync_lazy::lazy_deref_mut()’:
/home/shuai/git/rusty-cpp/.rusty-parity-matrix-current/once_cell/runner.cpp:5093:70: warning: comparison of integer expressions of different signedness: ‘long unsigned int’ and ‘int’ [-Wsign-compare]
 5093 |                 if (!(rusty::detail::deref_if_pointer_like(left_val) == rusty::detail::deref_if_pointer_like(right_val))) {
      |                       ~~~~~~~~~~~~~~~~~~~~~~~~~~~~~~~~~~~~~~~~~~~~~~~^~~~~~~~~~~~~~~~~~~~~~~~~~~~~~~~~~~~~~~~~~~~~~~~~~
/home/shuai/git/rusty-cpp/.rusty-parity-matrix-current/once_cell/runner.cpp:5127:70: warning: comparison of integer expressions of different signedness: ‘long unsigned int’ and ‘int’ [-Wsign-compare]
 5127 |                 if (!(rusty::detail::deref_if_pointer_like(left_val) == rusty::detail::deref_if_pointer_like(right_val))) {
      |                       ~~~~~~~~~~~~~~~~~~~~~~~~~~~~~~~~~~~~~~~~~~~~~~~^~~~~~~~~~~~~~~~~~~~~~~~~~~~~~~~~~~~~~~~~~~~~~~~~~
/home/shuai/git/rusty-cpp/.rusty-parity-matrix-current/once_cell/runner.cpp:5162:70: warning: comparison of integer expressions of different signedness: ‘long unsigned int’ and ‘int’ [-Wsign-compare]
 5162 |                 if (!(rusty::detail::deref_if_pointer_like(left_val) == rusty::detail::deref_if_pointer_like(right_val))) {
      |                       ~~~~~~~~~~~~~~~~~~~~~~~~~~~~~~~~~~~~~~~~~~~~~~~^~~~~~~~~~~~~~~~~~~~~~~~~~~~~~~~~~~~~~~~~~~~~~~~~~
/home/shuai/git/rusty-cpp/.rusty-parity-matrix-current/once_cell/runner.cpp: In function ‘void sync_lazy::lazy_get_mut()’:
/home/shuai/git/rusty-cpp/.rusty-parity-matrix-current/once_cell/runner.cpp:5282:70: warning: comparison of integer expressions of different signedness: ‘unsigned int’ and ‘int’ [-Wsign-compare]
 5282 |                 if (!(rusty::detail::deref_if_pointer_like(left_val) == rusty::detail::deref_if_pointer_like(right_val))) {
      |                       ~~~~~~~~~~~~~~~~~~~~~~~~~~~~~~~~~~~~~~~~~~~~~~~^~~~~~~~~~~~~~~~~~~~~~~~~~~~~~~~~~~~~~~~~~~~~~~~~~
/home/shuai/git/rusty-cpp/.rusty-parity-matrix-current/once_cell/runner.cpp:5318:70: warning: comparison of integer expressions of different signedness: ‘unsigned int’ and ‘int’ [-Wsign-compare]
 5318 |                 if (!(rusty::detail::deref_if_pointer_like(left_val) == rusty::detail::deref_if_pointer_like(right_val))) {
      |                       ~~~~~~~~~~~~~~~~~~~~~~~~~~~~~~~~~~~~~~~~~~~~~~~^~~~~~~~~~~~~~~~~~~~~~~~~~~~~~~~~~~~~~~~~~~~~~~~~~
/home/shuai/git/rusty-cpp/.rusty-parity-matrix-current/once_cell/runner.cpp: In function ‘void sync_lazy::lazy_default()’:
/home/shuai/git/rusty-cpp/.rusty-parity-matrix-current/once_cell/runner.cpp:5366:70: warning: comparison of integer expressions of different signedness: ‘long unsigned int’ and ‘int’ [-Wsign-compare]
 5366 |                 if (!(rusty::detail::deref_if_pointer_like(left_val) == rusty::detail::deref_if_pointer_like(right_val))) {
      |                       ~~~~~~~~~~~~~~~~~~~~~~~~~~~~~~~~~~~~~~~~~~~~~~~^~~~~~~~~~~~~~~~~~~~~~~~~~~~~~~~~~~~~~~~~~~~~~~~~~
/home/shuai/git/rusty-cpp/.rusty-parity-matrix-current/once_cell/runner.cpp:5400:70: warning: comparison of integer expressions of different signedness: ‘long unsigned int’ and ‘int’ [-Wsign-compare]
 5400 |                 if (!(rusty::detail::deref_if_pointer_like(left_val) == rusty::detail::deref_if_pointer_like(right_val))) {
      |                       ~~~~~~~~~~~~~~~~~~~~~~~~~~~~~~~~~~~~~~~~~~~~~~~^~~~~~~~~~~~~~~~~~~~~~~~~~~~~~~~~~~~~~~~~~~~~~~~~~
/home/shuai/git/rusty-cpp/.rusty-parity-matrix-current/once_cell/runner.cpp:5435:70: warning: comparison of integer expressions of different signedness: ‘long unsigned int’ and ‘int’ [-Wsign-compare]
 5435 |                 if (!(rusty::detail::deref_if_pointer_like(left_val) == rusty::detail::deref_if_pointer_like(right_val))) {
      |                       ~~~~~~~~~~~~~~~~~~~~~~~~~~~~~~~~~~~~~~~~~~~~~~~^~~~~~~~~~~~~~~~~~~~~~~~~~~~~~~~~~~~~~~~~~~~~~~~~~
/home/shuai/git/rusty-cpp/.rusty-parity-matrix-current/once_cell/runner.cpp: In lambda function:
/home/shuai/git/rusty-cpp/.rusty-parity-matrix-current/once_cell/runner.cpp:5523:130: warning: no return statement in function returning non-void [-Wreturn-type]
 5523 |         auto l = sync::Lazy<int32_t>::new_([&]() -> int32_t { [&]() -> int32_t { rusty::panicking::panic("explicit panic"); }(); });
      |                                                                                                                                  ^
/home/shuai/git/rusty-cpp/.rusty-parity-matrix-current/once_cell/runner.cpp: In lambda function:
/home/shuai/git/rusty-cpp/.rusty-parity-matrix-current/once_cell/runner.cpp:5539:1: warning: no return statement in function returning non-void [-Wreturn-type]
 5539 | });
      | ^
/home/shuai/git/rusty-cpp/.rusty-parity-matrix-current/once_cell/runner.cpp: In instantiation of ‘race::once_non_zero_usize_smoke_test()::<lambda(auto:79&&)> [with auto:79 = rusty::thread::Scope&]’:
/usr/include/c++/14/type_traits:2655:26:   required by substitution of ‘template<class _Fn, class ... _Args> static std::__result_of_success<decltype (declval<_Fn>()((declval<_Args>)()...)), std::__invoke_other> std::__result_of_other_impl::_S_test(int) [with _Fn = race::once_non_zero_usize_smoke_test()::<lambda(auto:79&&)>; _Args = {rusty::thread::Scope&}]’
 2655 |       std::declval<_Fn>()(std::declval<_Args>()...)
      |       ~~~~~~~~~~~~~~~~~~~^~~~~~~~~~~~~~~~~~~~~~~~~~
/usr/include/c++/14/type_traits:2666:60:   required from ‘struct std::__result_of_impl<false, false, race::once_non_zero_usize_smoke_test()::<lambda(auto:79&&)>, rusty::thread::Scope&>’
 2666 |       using type = decltype(_S_test<_Functor, _ArgTypes...>(0));
      |                             ~~~~~~~~~~~~~~~~~~~~~~~~~~~~~~~^~~
/usr/include/c++/14/type_traits:3174:12:   recursively required by substitution of ‘template<class _Result, class _Ret> struct std::__is_invocable_impl<_Result, _Ret, true, std::__void_t<typename _CTp::type> > [with _Result = std::__invoke_result<race::once_non_zero_usize_smoke_test()::<lambda(auto:79&&)>, rusty::thread::Scope&>; _Ret = void]’
 3174 |     struct is_invocable
      |            ^~~~~~~~~~~~
/usr/include/c++/14/type_traits:3174:12:   required from ‘struct std::is_invocable<race::once_non_zero_usize_smoke_test()::<lambda(auto:79&&)>, rusty::thread::Scope&>’
/usr/include/c++/14/type_traits:3538:71:   required from ‘constexpr const bool std::is_invocable_v<race::once_non_zero_usize_smoke_test()::<lambda(auto:79&&)>, rusty::thread::Scope&>’
 3538 |   inline constexpr bool is_invocable_v = is_invocable<_Fn, _Args...>::value;
      |                                                                       ^~~~~
/usr/include/c++/14/concepts:360:25:   required by substitution of ‘template<class F>  requires  invocable<F, rusty::thread::Scope&> void rusty::thread::scope(F&&) [with F = race::once_non_zero_usize_smoke_test()::<lambda(auto:79&&)>]’
  360 |     concept invocable = is_invocable_v<_Fn, _Args...>;
      |                         ^~~~~~~~~~~~~~~~~~~~~~~~~~~~~
/home/shuai/git/rusty-cpp/.rusty-parity-matrix-current/once_cell/runner.cpp:5619:14:   required from here
 5619 |         scope([&](auto&& s) {
      |         ~~~~~^~~~~~~~~~~~~~~~
 5620 | s.spawn([&]() {
      | ~~~~~~~~~~~~~~~
 5621 | {
      | ~             
 5622 |     auto&& _m0_tmp = cell.get_or_init([&]() {
      |     ~~~~~~~~~~~~~~~~~~~~~~~~~~~~~~~~~~~~~~~~~
 5623 | cnt.fetch_add(1, rusty::sync::atomic::Ordering::SeqCst);
      | ~~~~~~~~~~~~~~~~~~~~~~~~~~~~~~~~~~~~~~~~~~~~~~~~~~~~~~~~
 5624 | return val;
      | ~~~~~~~~~~~   
 5625 | });
      | ~~~           
 5626 |     auto _m0 = &_m0_tmp;
      |     ~~~~~~~~~~~~~~~~~~~~
 5627 |     auto _m1 = &val;
      |     ~~~~~~~~~~~~~~~~
 5628 |     auto _m_tuple = std::make_tuple(_m0, _m1);
      |     ~~~~~~~~~~~~~~~~~~~~~~~~~~~~~~~~~~~~~~~~~~
 5629 |     bool _m_matched = false;
      |     ~~~~~~~~~~~~~~~~~~~~~~~~
 5630 |     if (!_m_matched) {
      |     ~~~~~~~~~~~~~~~~~~
 5631 |         auto&& left_val = std::get<0>(rusty::detail::deref_if_pointer(_m_tuple));
      |         ~~~~~~~~~~~~~~~~~~~~~~~~~~~~~~~~~~~~~~~~~~~~~~~~~~~~~~~~~~~~~~~~~~~~~~~~~
 5632 |         auto&& right_val = std::get<1>(rusty::detail::deref_if_pointer(_m_tuple));
      |         ~~~~~~~~~~~~~~~~~~~~~~~~~~~~~~~~~~~~~~~~~~~~~~~~~~~~~~~~~~~~~~~~~~~~~~~~~~
 5633 |         if (!(rusty::detail::deref_if_pointer_like(left_val) == rusty::detail::deref_if_pointer_like(right_val))) {
      |         ~~~~~~~~~~~~~~~~~~~~~~~~~~~~~~~~~~~~~~~~~~~~~~~~~~~~~~~~~~~~~~~~~~~~~~~~~~~~~~~~~~~~~~~~~~~~~~~~~~~~~~~~~~~
 5634 |             const auto kind = rusty::panicking::AssertKind::Eq;
      |             ~~~~~~~~~~~~~~~~~~~~~~~~~~~~~~~~~~~~~~~~~~~~~~~~~~~
 5635 |             rusty::panicking::assert_failed(std::move(kind), rusty::detail::deref_if_pointer_like(left_val), rusty::detail::deref_if_pointer_like(right_val), rusty::None);
      |             ~~~~~~~~~~~~~~~~~~~~~~~~~~~~~~~~~~~~~~~~~~~~~~~~~~~~~~~~~~~~~~~~~~~~~~~~~~~~~~~~~~~~~~~~~~~~~~~~~~~~~~~~~~~~~~~~~~~~~~~~~~~~~~~~~~~~~~~~~~~~~~~~~~~~~~~~~~~~~~~
 5636 |         }
      |         ~     
 5637 |         _m_matched = true;
      |         ~~~~~~~~~~~~~~~~~~
 5638 |     }
      |     ~         
 5639 | }
      | ~             
 5640 | {
      | ~             
 5641 |     auto&& _m0_tmp = cnt.load(rusty::sync::atomic::Ordering::SeqCst);
      |     ~~~~~~~~~~~~~~~~~~~~~~~~~~~~~~~~~~~~~~~~~~~~~~~~~~~~~~~~~~~~~~~~~
 5642 |     auto _m0 = &_m0_tmp;
      |     ~~~~~~~~~~~~~~~~~~~~
 5643 |     auto&& _m1_tmp = static_cast<int32_t>(1);
      |     ~~~~~~~~~~~~~~~~~~~~~~~~~~~~~~~~~~~~~~~~~
 5644 |     auto _m1 = &_m1_tmp;
      |     ~~~~~~~~~~~~~~~~~~~~
 5645 |     auto _m_tuple = std::make_tuple(_m0, _m1);
      |     ~~~~~~~~~~~~~~~~~~~~~~~~~~~~~~~~~~~~~~~~~~
 5646 |     bool _m_matched = false;
      |     ~~~~~~~~~~~~~~~~~~~~~~~~
 5647 |     if (!_m_matched) {
      |     ~~~~~~~~~~~~~~~~~~
 5648 |         auto&& left_val = std::get<0>(rusty::detail::deref_if_pointer(_m_tuple));
      |         ~~~~~~~~~~~~~~~~~~~~~~~~~~~~~~~~~~~~~~~~~~~~~~~~~~~~~~~~~~~~~~~~~~~~~~~~~
 5649 |         auto&& right_val = std::get<1>(rusty::detail::deref_if_pointer(_m_tuple));
      |         ~~~~~~~~~~~~~~~~~~~~~~~~~~~~~~~~~~~~~~~~~~~~~~~~~~~~~~~~~~~~~~~~~~~~~~~~~~
 5650 |         if (!(rusty::detail::deref_if_pointer_like(left_val) == rusty::detail::deref_if_pointer_like(right_val))) {
      |         ~~~~~~~~~~~~~~~~~~~~~~~~~~~~~~~~~~~~~~~~~~~~~~~~~~~~~~~~~~~~~~~~~~~~~~~~~~~~~~~~~~~~~~~~~~~~~~~~~~~~~~~~~~~
 5651 |             const auto kind = rusty::panicking::AssertKind::Eq;
      |             ~~~~~~~~~~~~~~~~~~~~~~~~~~~~~~~~~~~~~~~~~~~~~~~~~~~
 5652 |             rusty::panicking::assert_failed(std::move(kind), rusty::detail::deref_if_pointer_like(left_val), rusty::detail::deref_if_pointer_like(right_val), rusty::None);
      |             ~~~~~~~~~~~~~~~~~~~~~~~~~~~~~~~~~~~~~~~~~~~~~~~~~~~~~~~~~~~~~~~~~~~~~~~~~~~~~~~~~~~~~~~~~~~~~~~~~~~~~~~~~~~~~~~~~~~~~~~~~~~~~~~~~~~~~~~~~~~~~~~~~~~~~~~~~~~~~~~
 5653 |         }
      |         ~     
 5654 |         _m_matched = true;
      |         ~~~~~~~~~~~~~~~~~~
 5655 |     }
      |     ~         
 5656 | }
      | ~             
 5657 | {
      | ~             
 5658 |     auto&& _m0_tmp = cell.get_or_init([&]() {
      |     ~~~~~~~~~~~~~~~~~~~~~~~~~~~~~~~~~~~~~~~~~
 5659 | cnt.fetch_add(1, rusty::sync::atomic::Ordering::SeqCst);
      | ~~~~~~~~~~~~~~~~~~~~~~~~~~~~~~~~~~~~~~~~~~~~~~~~~~~~~~~~
 5660 | return val;
      | ~~~~~~~~~~~   
 5661 | });
      | ~~~           
 5662 |     auto _m0 = &_m0_tmp;
      |     ~~~~~~~~~~~~~~~~~~~~
 5663 |     auto _m1 = &val;
      |     ~~~~~~~~~~~~~~~~
 5664 |     auto _m_tuple = std::make_tuple(_m0, _m1);
      |     ~~~~~~~~~~~~~~~~~~~~~~~~~~~~~~~~~~~~~~~~~~
 5665 |     bool _m_matched = false;
      |     ~~~~~~~~~~~~~~~~~~~~~~~~
 5666 |     if (!_m_matched) {
      |     ~~~~~~~~~~~~~~~~~~
 5667 |         auto&& left_val = std::get<0>(rusty::detail::deref_if_pointer(_m_tuple));
      |         ~~~~~~~~~~~~~~~~~~~~~~~~~~~~~~~~~~~~~~~~~~~~~~~~~~~~~~~~~~~~~~~~~~~~~~~~~
 5668 |         auto&& right_val = std::get<1>(rusty::detail::deref_if_pointer(_m_tuple));
      |         ~~~~~~~~~~~~~~~~~~~~~~~~~~~~~~~~~~~~~~~~~~~~~~~~~~~~~~~~~~~~~~~~~~~~~~~~~~
 5669 |         if (!(rusty::detail::deref_if_pointer_like(left_val) == rusty::detail::deref_if_pointer_like(right_val))) {
      |         ~~~~~~~~~~~~~~~~~~~~~~~~~~~~~~~~~~~~~~~~~~~~~~~~~~~~~~~~~~~~~~~~~~~~~~~~~~~~~~~~~~~~~~~~~~~~~~~~~~~~~~~~~~~
 5670 |             const auto kind = rusty::panicking::AssertKind::Eq;
      |             ~~~~~~~~~~~~~~~~~~~~~~~~~~~~~~~~~~~~~~~~~~~~~~~~~~~
 5671 |             rusty::panicking::assert_failed(std::move(kind), rusty::detail::deref_if_pointer_like(left_val), rusty::detail::deref_if_pointer_like(right_val), rusty::None);
      |             ~~~~~~~~~~~~~~~~~~~~~~~~~~~~~~~~~~~~~~~~~~~~~~~~~~~~~~~~~~~~~~~~~~~~~~~~~~~~~~~~~~~~~~~~~~~~~~~~~~~~~~~~~~~~~~~~~~~~~~~~~~~~~~~~~~~~~~~~~~~~~~~~~~~~~~~~~~~~~~~
 5672 |         }
      |         ~     
 5673 |         _m_matched = true;
      |         ~~~~~~~~~~~~~~~~~~
 5674 |     }
      |     ~         
 5675 | }
      | ~             
 5676 | {
      | ~             
 5677 |     auto&& _m0_tmp = cnt.load(rusty::sync::atomic::Ordering::SeqCst);
      |     ~~~~~~~~~~~~~~~~~~~~~~~~~~~~~~~~~~~~~~~~~~~~~~~~~~~~~~~~~~~~~~~~~
 5678 |     auto _m0 = &_m0_tmp;
      |     ~~~~~~~~~~~~~~~~~~~~
 5679 |     auto&& _m1_tmp = static_cast<int32_t>(1);
      |     ~~~~~~~~~~~~~~~~~~~~~~~~~~~~~~~~~~~~~~~~~
 5680 |     auto _m1 = &_m1_tmp;
      |     ~~~~~~~~~~~~~~~~~~~~
 5681 |     auto _m_tuple = std::make_tuple(_m0, _m1);
      |     ~~~~~~~~~~~~~~~~~~~~~~~~~~~~~~~~~~~~~~~~~~
 5682 |     bool _m_matched = false;
      |     ~~~~~~~~~~~~~~~~~~~~~~~~
 5683 |     if (!_m_matched) {
      |     ~~~~~~~~~~~~~~~~~~
 5684 |         auto&& left_val = std::get<0>(rusty::detail::deref_if_pointer(_m_tuple));
      |         ~~~~~~~~~~~~~~~~~~~~~~~~~~~~~~~~~~~~~~~~~~~~~~~~~~~~~~~~~~~~~~~~~~~~~~~~~
 5685 |         auto&& right_val = std::get<1>(rusty::detail::deref_if_pointer(_m_tuple));
      |         ~~~~~~~~~~~~~~~~~~~~~~~~~~~~~~~~~~~~~~~~~~~~~~~~~~~~~~~~~~~~~~~~~~~~~~~~~~
 5686 |         if (!(rusty::detail::deref_if_pointer_like(left_val) == rusty::detail::deref_if_pointer_like(right_val))) {
      |         ~~~~~~~~~~~~~~~~~~~~~~~~~~~~~~~~~~~~~~~~~~~~~~~~~~~~~~~~~~~~~~~~~~~~~~~~~~~~~~~~~~~~~~~~~~~~~~~~~~~~~~~~~~~
 5687 |             const auto kind = rusty::panicking::AssertKind::Eq;
      |             ~~~~~~~~~~~~~~~~~~~~~~~~~~~~~~~~~~~~~~~~~~~~~~~~~~~
 5688 |             rusty::panicking::assert_failed(std::move(kind), rusty::detail::deref_if_pointer_like(left_val), rusty::detail::deref_if_pointer_like(right_val), rusty::None);
      |             ~~~~~~~~~~~~~~~~~~~~~~~~~~~~~~~~~~~~~~~~~~~~~~~~~~~~~~~~~~~~~~~~~~~~~~~~~~~~~~~~~~~~~~~~~~~~~~~~~~~~~~~~~~~~~~~~~~~~~~~~~~~~~~~~~~~~~~~~~~~~~~~~~~~~~~~~~~~~~~~
 5689 |         }
      |         ~     
 5690 |         _m_matched = true;
      |         ~~~~~~~~~~~~~~~~~~
 5691 |     }
      |     ~         
 5692 | }
      | ~             
 5693 | });
      | ~~~           
 5694 | });
      | ~~            
/home/shuai/git/rusty-cpp/.rusty-parity-matrix-current/once_cell/runner.cpp:5650:62: warning: comparison of integer expressions of different signedness: ‘long unsigned int’ and ‘int’ [-Wsign-compare]
 5650 |         if (!(rusty::detail::deref_if_pointer_like(left_val) == rusty::detail::deref_if_pointer_like(right_val))) {
      |              ~~~~~~~~~~~~~~~~~~~~~~~~~~~~~~~~~~~~~~~~~~~~~~~~^~~~~~~~~~~~~~~~~~~~~~~~~~~~~~~~~~~~~~~~~~~~~~~~~~~
/home/shuai/git/rusty-cpp/.rusty-parity-matrix-current/once_cell/runner.cpp:5686:62: warning: comparison of integer expressions of different signedness: ‘long unsigned int’ and ‘int’ [-Wsign-compare]
 5686 |         if (!(rusty::detail::deref_if_pointer_like(left_val) == rusty::detail::deref_if_pointer_like(right_val))) {
      |              ~~~~~~~~~~~~~~~~~~~~~~~~~~~~~~~~~~~~~~~~~~~~~~~~^~~~~~~~~~~~~~~~~~~~~~~~~~~~~~~~~~~~~~~~~~~~~~~~~~~
/home/shuai/git/rusty-cpp/.rusty-parity-matrix-current/once_cell/runner.cpp: In function ‘void race::once_non_zero_usize_smoke_test()’:
/home/shuai/git/rusty-cpp/.rusty-parity-matrix-current/once_cell/runner.cpp:5722:70: warning: comparison of integer expressions of different signedness: ‘long unsigned int’ and ‘int’ [-Wsign-compare]
 5722 |                 if (!(rusty::detail::deref_if_pointer_like(left_val) == rusty::detail::deref_if_pointer_like(right_val))) {
      |                       ~~~~~~~~~~~~~~~~~~~~~~~~~~~~~~~~~~~~~~~~~~~~~~~^~~~~~~~~~~~~~~~~~~~~~~~~~~~~~~~~~~~~~~~~~~~~~~~~~
/home/shuai/git/rusty-cpp/.rusty-parity-matrix-current/once_cell/runner.cpp: In instantiation of ‘race::once_bool_smoke_test()::<lambda(auto:81&&)> [with auto:81 = rusty::thread::Scope&]’:
/usr/include/c++/14/type_traits:2655:26:   required by substitution of ‘template<class _Fn, class ... _Args> static std::__result_of_success<decltype (declval<_Fn>()((declval<_Args>)()...)), std::__invoke_other> std::__result_of_other_impl::_S_test(int) [with _Fn = race::once_bool_smoke_test()::<lambda(auto:81&&)>; _Args = {rusty::thread::Scope&}]’
 2655 |       std::declval<_Fn>()(std::declval<_Args>()...)
      |       ~~~~~~~~~~~~~~~~~~~^~~~~~~~~~~~~~~~~~~~~~~~~~
/usr/include/c++/14/type_traits:2666:60:   required from ‘struct std::__result_of_impl<false, false, race::once_bool_smoke_test()::<lambda(auto:81&&)>, rusty::thread::Scope&>’
 2666 |       using type = decltype(_S_test<_Functor, _ArgTypes...>(0));
      |                             ~~~~~~~~~~~~~~~~~~~~~~~~~~~~~~~^~~
/usr/include/c++/14/type_traits:3174:12:   recursively required by substitution of ‘template<class _Result, class _Ret> struct std::__is_invocable_impl<_Result, _Ret, true, std::__void_t<typename _CTp::type> > [with _Result = std::__invoke_result<race::once_bool_smoke_test()::<lambda(auto:81&&)>, rusty::thread::Scope&>; _Ret = void]’
 3174 |     struct is_invocable
      |            ^~~~~~~~~~~~
/usr/include/c++/14/type_traits:3174:12:   required from ‘struct std::is_invocable<race::once_bool_smoke_test()::<lambda(auto:81&&)>, rusty::thread::Scope&>’
/usr/include/c++/14/type_traits:3538:71:   required from ‘constexpr const bool std::is_invocable_v<race::once_bool_smoke_test()::<lambda(auto:81&&)>, rusty::thread::Scope&>’
 3538 |   inline constexpr bool is_invocable_v = is_invocable<_Fn, _Args...>::value;
      |                                                                       ^~~~~
/usr/include/c++/14/concepts:360:25:   required by substitution of ‘template<class F>  requires  invocable<F, rusty::thread::Scope&> void rusty::thread::scope(F&&) [with F = race::once_bool_smoke_test()::<lambda(auto:81&&)>]’
  360 |     concept invocable = is_invocable_v<_Fn, _Args...>;
      |                         ^~~~~~~~~~~~~~~~~~~~~~~~~~~~~
/home/shuai/git/rusty-cpp/.rusty-parity-matrix-current/once_cell/runner.cpp:5854:14:   required from here
 5854 |         scope([&](auto&& s) {
      |         ~~~~~^~~~~~~~~~~~~~~~
 5855 | s.spawn([&]() {
      | ~~~~~~~~~~~~~~~
 5856 | {
      | ~             
 5857 |     auto&& _m0_tmp = cell.get_or_init([&]() {
      |     ~~~~~~~~~~~~~~~~~~~~~~~~~~~~~~~~~~~~~~~~~
 5858 | cnt.fetch_add(1, rusty::sync::atomic::Ordering::SeqCst);
      | ~~~~~~~~~~~~~~~~~~~~~~~~~~~~~~~~~~~~~~~~~~~~~~~~~~~~~~~~
 5859 | return false;
      | ~~~~~~~~~~~~~ 
 5860 | });
      | ~~~           
 5861 |     auto _m0 = &_m0_tmp;
      |     ~~~~~~~~~~~~~~~~~~~~
 5862 |     auto&& _m1_tmp = false;
      |     ~~~~~~~~~~~~~~~~~~~~~~~
 5863 |     auto _m1 = &_m1_tmp;
      |     ~~~~~~~~~~~~~~~~~~~~
 5864 |     auto _m_tuple = std::make_tuple(_m0, _m1);
      |     ~~~~~~~~~~~~~~~~~~~~~~~~~~~~~~~~~~~~~~~~~~
 5865 |     bool _m_matched = false;
      |     ~~~~~~~~~~~~~~~~~~~~~~~~
 5866 |     if (!_m_matched) {
      |     ~~~~~~~~~~~~~~~~~~
 5867 |         auto&& left_val = std::get<0>(rusty::detail::deref_if_pointer(_m_tuple));
      |         ~~~~~~~~~~~~~~~~~~~~~~~~~~~~~~~~~~~~~~~~~~~~~~~~~~~~~~~~~~~~~~~~~~~~~~~~~
 5868 |         auto&& right_val = std::get<1>(rusty::detail::deref_if_pointer(_m_tuple));
      |         ~~~~~~~~~~~~~~~~~~~~~~~~~~~~~~~~~~~~~~~~~~~~~~~~~~~~~~~~~~~~~~~~~~~~~~~~~~
 5869 |         if (!(rusty::detail::deref_if_pointer_like(left_val) == rusty::detail::deref_if_pointer_like(right_val))) {
      |         ~~~~~~~~~~~~~~~~~~~~~~~~~~~~~~~~~~~~~~~~~~~~~~~~~~~~~~~~~~~~~~~~~~~~~~~~~~~~~~~~~~~~~~~~~~~~~~~~~~~~~~~~~~~
 5870 |             const auto kind = rusty::panicking::AssertKind::Eq;
      |             ~~~~~~~~~~~~~~~~~~~~~~~~~~~~~~~~~~~~~~~~~~~~~~~~~~~
 5871 |             rusty::panicking::assert_failed(std::move(kind), rusty::detail::deref_if_pointer_like(left_val), rusty::detail::deref_if_pointer_like(right_val), rusty::None);
      |             ~~~~~~~~~~~~~~~~~~~~~~~~~~~~~~~~~~~~~~~~~~~~~~~~~~~~~~~~~~~~~~~~~~~~~~~~~~~~~~~~~~~~~~~~~~~~~~~~~~~~~~~~~~~~~~~~~~~~~~~~~~~~~~~~~~~~~~~~~~~~~~~~~~~~~~~~~~~~~~~
 5872 |         }
      |         ~     
 5873 |         _m_matched = true;
      |         ~~~~~~~~~~~~~~~~~~
 5874 |     }
      |     ~         
 5875 | }
      | ~             
 5876 | {
      | ~             
 5877 |     auto&& _m0_tmp = cnt.load(rusty::sync::atomic::Ordering::SeqCst);
      |     ~~~~~~~~~~~~~~~~~~~~~~~~~~~~~~~~~~~~~~~~~~~~~~~~~~~~~~~~~~~~~~~~~
 5878 |     auto _m0 = &_m0_tmp;
      |     ~~~~~~~~~~~~~~~~~~~~
 5879 |     auto&& _m1_tmp = static_cast<int32_t>(1);
      |     ~~~~~~~~~~~~~~~~~~~~~~~~~~~~~~~~~~~~~~~~~
 5880 |     auto _m1 = &_m1_tmp;
      |     ~~~~~~~~~~~~~~~~~~~~
 5881 |     auto _m_tuple = std::make_tuple(_m0, _m1);
      |     ~~~~~~~~~~~~~~~~~~~~~~~~~~~~~~~~~~~~~~~~~~
 5882 |     bool _m_matched = false;
      |     ~~~~~~~~~~~~~~~~~~~~~~~~
 5883 |     if (!_m_matched) {
      |     ~~~~~~~~~~~~~~~~~~
 5884 |         auto&& left_val = std::get<0>(rusty::detail::deref_if_pointer(_m_tuple));
      |         ~~~~~~~~~~~~~~~~~~~~~~~~~~~~~~~~~~~~~~~~~~~~~~~~~~~~~~~~~~~~~~~~~~~~~~~~~
 5885 |         auto&& right_val = std::get<1>(rusty::detail::deref_if_pointer(_m_tuple));
      |         ~~~~~~~~~~~~~~~~~~~~~~~~~~~~~~~~~~~~~~~~~~~~~~~~~~~~~~~~~~~~~~~~~~~~~~~~~~
 5886 |         if (!(rusty::detail::deref_if_pointer_like(left_val) == rusty::detail::deref_if_pointer_like(right_val))) {
      |         ~~~~~~~~~~~~~~~~~~~~~~~~~~~~~~~~~~~~~~~~~~~~~~~~~~~~~~~~~~~~~~~~~~~~~~~~~~~~~~~~~~~~~~~~~~~~~~~~~~~~~~~~~~~
 5887 |             const auto kind = rusty::panicking::AssertKind::Eq;
      |             ~~~~~~~~~~~~~~~~~~~~~~~~~~~~~~~~~~~~~~~~~~~~~~~~~~~
 5888 |             rusty::panicking::assert_failed(std::move(kind), rusty::detail::deref_if_pointer_like(left_val), rusty::detail::deref_if_pointer_like(right_val), rusty::None);
      |             ~~~~~~~~~~~~~~~~~~~~~~~~~~~~~~~~~~~~~~~~~~~~~~~~~~~~~~~~~~~~~~~~~~~~~~~~~~~~~~~~~~~~~~~~~~~~~~~~~~~~~~~~~~~~~~~~~~~~~~~~~~~~~~~~~~~~~~~~~~~~~~~~~~~~~~~~~~~~~~~
 5889 |         }
      |         ~     
 5890 |         _m_matched = true;
      |         ~~~~~~~~~~~~~~~~~~
 5891 |     }
      |     ~         
 5892 | }
      | ~             
 5893 | {
      | ~             
 5894 |     auto&& _m0_tmp = cell.get_or_init([&]() {
      |     ~~~~~~~~~~~~~~~~~~~~~~~~~~~~~~~~~~~~~~~~~
 5895 | cnt.fetch_add(1, rusty::sync::atomic::Ordering::SeqCst);
      | ~~~~~~~~~~~~~~~~~~~~~~~~~~~~~~~~~~~~~~~~~~~~~~~~~~~~~~~~
 5896 | return false;
      | ~~~~~~~~~~~~~ 
 5897 | });
      | ~~~           
 5898 |     auto _m0 = &_m0_tmp;
      |     ~~~~~~~~~~~~~~~~~~~~
 5899 |     auto&& _m1_tmp = false;
      |     ~~~~~~~~~~~~~~~~~~~~~~~
 5900 |     auto _m1 = &_m1_tmp;
      |     ~~~~~~~~~~~~~~~~~~~~
 5901 |     auto _m_tuple = std::make_tuple(_m0, _m1);
      |     ~~~~~~~~~~~~~~~~~~~~~~~~~~~~~~~~~~~~~~~~~~
 5902 |     bool _m_matched = false;
      |     ~~~~~~~~~~~~~~~~~~~~~~~~
 5903 |     if (!_m_matched) {
      |     ~~~~~~~~~~~~~~~~~~
 5904 |         auto&& left_val = std::get<0>(rusty::detail::deref_if_pointer(_m_tuple));
      |         ~~~~~~~~~~~~~~~~~~~~~~~~~~~~~~~~~~~~~~~~~~~~~~~~~~~~~~~~~~~~~~~~~~~~~~~~~
 5905 |         auto&& right_val = std::get<1>(rusty::detail::deref_if_pointer(_m_tuple));
      |         ~~~~~~~~~~~~~~~~~~~~~~~~~~~~~~~~~~~~~~~~~~~~~~~~~~~~~~~~~~~~~~~~~~~~~~~~~~
 5906 |         if (!(rusty::detail::deref_if_pointer_like(left_val) == rusty::detail::deref_if_pointer_like(right_val))) {
      |         ~~~~~~~~~~~~~~~~~~~~~~~~~~~~~~~~~~~~~~~~~~~~~~~~~~~~~~~~~~~~~~~~~~~~~~~~~~~~~~~~~~~~~~~~~~~~~~~~~~~~~~~~~~~
 5907 |             const auto kind = rusty::panicking::AssertKind::Eq;
      |             ~~~~~~~~~~~~~~~~~~~~~~~~~~~~~~~~~~~~~~~~~~~~~~~~~~~
 5908 |             rusty::panicking::assert_failed(std::move(kind), rusty::detail::deref_if_pointer_like(left_val), rusty::detail::deref_if_pointer_like(right_val), rusty::None);
      |             ~~~~~~~~~~~~~~~~~~~~~~~~~~~~~~~~~~~~~~~~~~~~~~~~~~~~~~~~~~~~~~~~~~~~~~~~~~~~~~~~~~~~~~~~~~~~~~~~~~~~~~~~~~~~~~~~~~~~~~~~~~~~~~~~~~~~~~~~~~~~~~~~~~~~~~~~~~~~~~~
 5909 |         }
      |         ~     
 5910 |         _m_matched = true;
      |         ~~~~~~~~~~~~~~~~~~
 5911 |     }
      |     ~         
 5912 | }
      | ~             
 5913 | {
      | ~             
 5914 |     auto&& _m0_tmp = cnt.load(rusty::sync::atomic::Ordering::SeqCst);
      |     ~~~~~~~~~~~~~~~~~~~~~~~~~~~~~~~~~~~~~~~~~~~~~~~~~~~~~~~~~~~~~~~~~
 5915 |     auto _m0 = &_m0_tmp;
      |     ~~~~~~~~~~~~~~~~~~~~
 5916 |     auto&& _m1_tmp = static_cast<int32_t>(1);
      |     ~~~~~~~~~~~~~~~~~~~~~~~~~~~~~~~~~~~~~~~~~
 5917 |     auto _m1 = &_m1_tmp;
      |     ~~~~~~~~~~~~~~~~~~~~
 5918 |     auto _m_tuple = std::make_tuple(_m0, _m1);
      |     ~~~~~~~~~~~~~~~~~~~~~~~~~~~~~~~~~~~~~~~~~~
 5919 |     bool _m_matched = false;
      |     ~~~~~~~~~~~~~~~~~~~~~~~~
 5920 |     if (!_m_matched) {
      |     ~~~~~~~~~~~~~~~~~~
 5921 |         auto&& left_val = std::get<0>(rusty::detail::deref_if_pointer(_m_tuple));
      |         ~~~~~~~~~~~~~~~~~~~~~~~~~~~~~~~~~~~~~~~~~~~~~~~~~~~~~~~~~~~~~~~~~~~~~~~~~
 5922 |         auto&& right_val = std::get<1>(rusty::detail::deref_if_pointer(_m_tuple));
      |         ~~~~~~~~~~~~~~~~~~~~~~~~~~~~~~~~~~~~~~~~~~~~~~~~~~~~~~~~~~~~~~~~~~~~~~~~~~
 5923 |         if (!(rusty::detail::deref_if_pointer_like(left_val) == rusty::detail::deref_if_pointer_like(right_val))) {
      |         ~~~~~~~~~~~~~~~~~~~~~~~~~~~~~~~~~~~~~~~~~~~~~~~~~~~~~~~~~~~~~~~~~~~~~~~~~~~~~~~~~~~~~~~~~~~~~~~~~~~~~~~~~~~
 5924 |             const auto kind = rusty::panicking::AssertKind::Eq;
      |             ~~~~~~~~~~~~~~~~~~~~~~~~~~~~~~~~~~~~~~~~~~~~~~~~~~~
 5925 |             rusty::panicking::assert_failed(std::move(kind), rusty::detail::deref_if_pointer_like(left_val), rusty::detail::deref_if_pointer_like(right_val), rusty::None);
      |             ~~~~~~~~~~~~~~~~~~~~~~~~~~~~~~~~~~~~~~~~~~~~~~~~~~~~~~~~~~~~~~~~~~~~~~~~~~~~~~~~~~~~~~~~~~~~~~~~~~~~~~~~~~~~~~~~~~~~~~~~~~~~~~~~~~~~~~~~~~~~~~~~~~~~~~~~~~~~~~~
 5926 |         }
      |         ~     
 5927 |         _m_matched = true;
      |         ~~~~~~~~~~~~~~~~~~
 5928 |     }
      |     ~         
 5929 | }
      | ~             
 5930 | });
      | ~~~           
 5931 | });
      | ~~            
/home/shuai/git/rusty-cpp/.rusty-parity-matrix-current/once_cell/runner.cpp:5886:62: warning: comparison of integer expressions of different signedness: ‘long unsigned int’ and ‘int’ [-Wsign-compare]
 5886 |         if (!(rusty::detail::deref_if_pointer_like(left_val) == rusty::detail::deref_if_pointer_like(right_val))) {
      |              ~~~~~~~~~~~~~~~~~~~~~~~~~~~~~~~~~~~~~~~~~~~~~~~~^~~~~~~~~~~~~~~~~~~~~~~~~~~~~~~~~~~~~~~~~~~~~~~~~~~
/home/shuai/git/rusty-cpp/.rusty-parity-matrix-current/once_cell/runner.cpp:5923:62: warning: comparison of integer expressions of different signedness: ‘long unsigned int’ and ‘int’ [-Wsign-compare]
 5923 |         if (!(rusty::detail::deref_if_pointer_like(left_val) == rusty::detail::deref_if_pointer_like(right_val))) {
      |              ~~~~~~~~~~~~~~~~~~~~~~~~~~~~~~~~~~~~~~~~~~~~~~~~^~~~~~~~~~~~~~~~~~~~~~~~~~~~~~~~~~~~~~~~~~~~~~~~~~~
/home/shuai/git/rusty-cpp/.rusty-parity-matrix-current/once_cell/runner.cpp: In function ‘void race::once_bool_smoke_test()’:
/home/shuai/git/rusty-cpp/.rusty-parity-matrix-current/once_cell/runner.cpp:5959:70: warning: comparison of integer expressions of different signedness: ‘long unsigned int’ and ‘int’ [-Wsign-compare]
 5959 |                 if (!(rusty::detail::deref_if_pointer_like(left_val) == rusty::detail::deref_if_pointer_like(right_val))) {
      |                       ~~~~~~~~~~~~~~~~~~~~~~~~~~~~~~~~~~~~~~~~~~~~~~~^~~~~~~~~~~~~~~~~~~~~~~~~~~~~~~~~~~~~~~~~~~~~~~~~~
/home/shuai/git/rusty-cpp/.rusty-parity-matrix-current/once_cell/runner.cpp: In instantiation of ‘race::once_ref_smoke_test()::<lambda(auto:82&&)> [with auto:82 = rusty::thread::Scope&]’:
/usr/include/c++/14/type_traits:2655:26:   required by substitution of ‘template<class _Fn, class ... _Args> static std::__result_of_success<decltype (declval<_Fn>()((declval<_Args>)()...)), std::__invoke_other> std::__result_of_other_impl::_S_test(int) [with _Fn = race::once_ref_smoke_test()::<lambda(auto:82&&)>; _Args = {rusty::thread::Scope&}]’
 2655 |       std::declval<_Fn>()(std::declval<_Args>()...)
      |       ~~~~~~~~~~~~~~~~~~~^~~~~~~~~~~~~~~~~~~~~~~~~~
/usr/include/c++/14/type_traits:2666:60:   required from ‘struct std::__result_of_impl<false, false, race::once_ref_smoke_test()::<lambda(auto:82&&)>, rusty::thread::Scope&>’
 2666 |       using type = decltype(_S_test<_Functor, _ArgTypes...>(0));
      |                             ~~~~~~~~~~~~~~~~~~~~~~~~~~~~~~~^~~
/usr/include/c++/14/type_traits:3174:12:   recursively required by substitution of ‘template<class _Result, class _Ret> struct std::__is_invocable_impl<_Result, _Ret, true, std::__void_t<typename _CTp::type> > [with _Result = std::__invoke_result<race::once_ref_smoke_test()::<lambda(auto:82&&)>, rusty::thread::Scope&>; _Ret = void]’
 3174 |     struct is_invocable
      |            ^~~~~~~~~~~~
/usr/include/c++/14/type_traits:3174:12:   required from ‘struct std::is_invocable<race::once_ref_smoke_test()::<lambda(auto:82&&)>, rusty::thread::Scope&>’
/usr/include/c++/14/type_traits:3538:71:   required from ‘constexpr const bool std::is_invocable_v<race::once_ref_smoke_test()::<lambda(auto:82&&)>, rusty::thread::Scope&>’
 3538 |   inline constexpr bool is_invocable_v = is_invocable<_Fn, _Args...>::value;
      |                                                                       ^~~~~
/usr/include/c++/14/concepts:360:25:   required by substitution of ‘template<class F>  requires  invocable<F, rusty::thread::Scope&> void rusty::thread::scope(F&&) [with F = race::once_ref_smoke_test()::<lambda(auto:82&&)>]’
  360 |     concept invocable = is_invocable_v<_Fn, _Args...>;
      |                         ^~~~~~~~~~~~~~~~~~~~~~~~~~~~~
/home/shuai/git/rusty-cpp/.rusty-parity-matrix-current/once_cell/runner.cpp:6071:14:   required from here
 6071 |         scope([&](auto&& s) {
      |         ~~~~~^~~~~~~~~~~~~~~~
 6072 | s.spawn([&]() {
      | ~~~~~~~~~~~~~~~
 6073 | {
      | ~             
 6074 |     auto&& _m0_tmp = cell.get_or_init([&]() -> std::string_view {
      |     ~~~~~~~~~~~~~~~~~~~~~~~~~~~~~~~~~~~~~~~~~~~~~~~~~~~~~~~~~~~~~
 6075 | cnt.fetch_add(1, rusty::sync::atomic::Ordering::SeqCst);
      | ~~~~~~~~~~~~~~~~~~~~~~~~~~~~~~~~~~~~~~~~~~~~~~~~~~~~~~~~
 6076 | return std::string_view("false");
      | ~~~~~~~~~~~~~~~~~~~~~~~~~~~~~~~~~
 6077 | });
      | ~~~           
 6078 |     auto _m0 = &_m0_tmp;
      |     ~~~~~~~~~~~~~~~~~~~~
 6079 |     auto&& _m1_tmp = std::string_view("false");
      |     ~~~~~~~~~~~~~~~~~~~~~~~~~~~~~~~~~~~~~~~~~~~
 6080 |     auto _m1 = &_m1_tmp;
      |     ~~~~~~~~~~~~~~~~~~~~
 6081 |     auto _m_tuple = std::make_tuple(_m0, _m1);
      |     ~~~~~~~~~~~~~~~~~~~~~~~~~~~~~~~~~~~~~~~~~~
 6082 |     bool _m_matched = false;
      |     ~~~~~~~~~~~~~~~~~~~~~~~~
 6083 |     if (!_m_matched) {
      |     ~~~~~~~~~~~~~~~~~~
 6084 |         auto&& left_val = std::get<0>(rusty::detail::deref_if_pointer(_m_tuple));
      |         ~~~~~~~~~~~~~~~~~~~~~~~~~~~~~~~~~~~~~~~~~~~~~~~~~~~~~~~~~~~~~~~~~~~~~~~~~
 6085 |         auto&& right_val = std::get<1>(rusty::detail::deref_if_pointer(_m_tuple));
      |         ~~~~~~~~~~~~~~~~~~~~~~~~~~~~~~~~~~~~~~~~~~~~~~~~~~~~~~~~~~~~~~~~~~~~~~~~~~
 6086 |         if (!(rusty::detail::deref_if_pointer_like(left_val) == rusty::detail::deref_if_pointer_like(right_val))) {
      |         ~~~~~~~~~~~~~~~~~~~~~~~~~~~~~~~~~~~~~~~~~~~~~~~~~~~~~~~~~~~~~~~~~~~~~~~~~~~~~~~~~~~~~~~~~~~~~~~~~~~~~~~~~~~
 6087 |             const auto kind = rusty::panicking::AssertKind::Eq;
      |             ~~~~~~~~~~~~~~~~~~~~~~~~~~~~~~~~~~~~~~~~~~~~~~~~~~~
 6088 |             rusty::panicking::assert_failed(std::move(kind), rusty::detail::deref_if_pointer_like(left_val), rusty::detail::deref_if_pointer_like(right_val), rusty::None);
      |             ~~~~~~~~~~~~~~~~~~~~~~~~~~~~~~~~~~~~~~~~~~~~~~~~~~~~~~~~~~~~~~~~~~~~~~~~~~~~~~~~~~~~~~~~~~~~~~~~~~~~~~~~~~~~~~~~~~~~~~~~~~~~~~~~~~~~~~~~~~~~~~~~~~~~~~~~~~~~~~~
 6089 |         }
      |         ~     
 6090 |         _m_matched = true;
      |         ~~~~~~~~~~~~~~~~~~
 6091 |     }
      |     ~         
 6092 | }
      | ~             
 6093 | {
      | ~             
 6094 |     auto&& _m0_tmp = cnt.load(rusty::sync::atomic::Ordering::SeqCst);
      |     ~~~~~~~~~~~~~~~~~~~~~~~~~~~~~~~~~~~~~~~~~~~~~~~~~~~~~~~~~~~~~~~~~
 6095 |     auto _m0 = &_m0_tmp;
      |     ~~~~~~~~~~~~~~~~~~~~
 6096 |     auto&& _m1_tmp = static_cast<int32_t>(1);
      |     ~~~~~~~~~~~~~~~~~~~~~~~~~~~~~~~~~~~~~~~~~
 6097 |     auto _m1 = &_m1_tmp;
      |     ~~~~~~~~~~~~~~~~~~~~
 6098 |     auto _m_tuple = std::make_tuple(_m0, _m1);
      |     ~~~~~~~~~~~~~~~~~~~~~~~~~~~~~~~~~~~~~~~~~~
 6099 |     bool _m_matched = false;
      |     ~~~~~~~~~~~~~~~~~~~~~~~~
 6100 |     if (!_m_matched) {
      |     ~~~~~~~~~~~~~~~~~~
 6101 |         auto&& left_val = std::get<0>(rusty::detail::deref_if_pointer(_m_tuple));
      |         ~~~~~~~~~~~~~~~~~~~~~~~~~~~~~~~~~~~~~~~~~~~~~~~~~~~~~~~~~~~~~~~~~~~~~~~~~
 6102 |         auto&& right_val = std::get<1>(rusty::detail::deref_if_pointer(_m_tuple));
      |         ~~~~~~~~~~~~~~~~~~~~~~~~~~~~~~~~~~~~~~~~~~~~~~~~~~~~~~~~~~~~~~~~~~~~~~~~~~
 6103 |         if (!(rusty::detail::deref_if_pointer_like(left_val) == rusty::detail::deref_if_pointer_like(right_val))) {
      |         ~~~~~~~~~~~~~~~~~~~~~~~~~~~~~~~~~~~~~~~~~~~~~~~~~~~~~~~~~~~~~~~~~~~~~~~~~~~~~~~~~~~~~~~~~~~~~~~~~~~~~~~~~~~
 6104 |             const auto kind = rusty::panicking::AssertKind::Eq;
      |             ~~~~~~~~~~~~~~~~~~~~~~~~~~~~~~~~~~~~~~~~~~~~~~~~~~~
 6105 |             rusty::panicking::assert_failed(std::move(kind), rusty::detail::deref_if_pointer_like(left_val), rusty::detail::deref_if_pointer_like(right_val), rusty::None);
      |             ~~~~~~~~~~~~~~~~~~~~~~~~~~~~~~~~~~~~~~~~~~~~~~~~~~~~~~~~~~~~~~~~~~~~~~~~~~~~~~~~~~~~~~~~~~~~~~~~~~~~~~~~~~~~~~~~~~~~~~~~~~~~~~~~~~~~~~~~~~~~~~~~~~~~~~~~~~~~~~~
 6106 |         }
      |         ~     
 6107 |         _m_matched = true;
      |         ~~~~~~~~~~~~~~~~~~
 6108 |     }
      |     ~         
 6109 | }
      | ~             
 6110 | {
      | ~             
 6111 |     auto&& _m0_tmp = cell.get_or_init([&]() -> std::string_view {
      |     ~~~~~~~~~~~~~~~~~~~~~~~~~~~~~~~~~~~~~~~~~~~~~~~~~~~~~~~~~~~~~
 6112 | cnt.fetch_add(1, rusty::sync::atomic::Ordering::SeqCst);
      | ~~~~~~~~~~~~~~~~~~~~~~~~~~~~~~~~~~~~~~~~~~~~~~~~~~~~~~~~
 6113 | return std::string_view("false");
      | ~~~~~~~~~~~~~~~~~~~~~~~~~~~~~~~~~
 6114 | });
      | ~~~           
 6115 |     auto _m0 = &_m0_tmp;
      |     ~~~~~~~~~~~~~~~~~~~~
 6116 |     auto&& _m1_tmp = std::string_view("false");
      |     ~~~~~~~~~~~~~~~~~~~~~~~~~~~~~~~~~~~~~~~~~~~
 6117 |     auto _m1 = &_m1_tmp;
      |     ~~~~~~~~~~~~~~~~~~~~
 6118 |     auto _m_tuple = std::make_tuple(_m0, _m1);
      |     ~~~~~~~~~~~~~~~~~~~~~~~~~~~~~~~~~~~~~~~~~~
 6119 |     bool _m_matched = false;
      |     ~~~~~~~~~~~~~~~~~~~~~~~~
 6120 |     if (!_m_matched) {
      |     ~~~~~~~~~~~~~~~~~~
 6121 |         auto&& left_val = std::get<0>(rusty::detail::deref_if_pointer(_m_tuple));
      |         ~~~~~~~~~~~~~~~~~~~~~~~~~~~~~~~~~~~~~~~~~~~~~~~~~~~~~~~~~~~~~~~~~~~~~~~~~
 6122 |         auto&& right_val = std::get<1>(rusty::detail::deref_if_pointer(_m_tuple));
      |         ~~~~~~~~~~~~~~~~~~~~~~~~~~~~~~~~~~~~~~~~~~~~~~~~~~~~~~~~~~~~~~~~~~~~~~~~~~
 6123 |         if (!(rusty::detail::deref_if_pointer_like(left_val) == rusty::detail::deref_if_pointer_like(right_val))) {
      |         ~~~~~~~~~~~~~~~~~~~~~~~~~~~~~~~~~~~~~~~~~~~~~~~~~~~~~~~~~~~~~~~~~~~~~~~~~~~~~~~~~~~~~~~~~~~~~~~~~~~~~~~~~~~
 6124 |             const auto kind = rusty::panicking::AssertKind::Eq;
      |             ~~~~~~~~~~~~~~~~~~~~~~~~~~~~~~~~~~~~~~~~~~~~~~~~~~~
 6125 |             rusty::panicking::assert_failed(std::move(kind), rusty::detail::deref_if_pointer_like(left_val), rusty::detail::deref_if_pointer_like(right_val), rusty::None);
      |             ~~~~~~~~~~~~~~~~~~~~~~~~~~~~~~~~~~~~~~~~~~~~~~~~~~~~~~~~~~~~~~~~~~~~~~~~~~~~~~~~~~~~~~~~~~~~~~~~~~~~~~~~~~~~~~~~~~~~~~~~~~~~~~~~~~~~~~~~~~~~~~~~~~~~~~~~~~~~~~~
 6126 |         }
      |         ~     
 6127 |         _m_matched = true;
      |         ~~~~~~~~~~~~~~~~~~
 6128 |     }
      |     ~         
 6129 | }
      | ~             
 6130 | {
      | ~             
 6131 |     auto&& _m0_tmp = cnt.load(rusty::sync::atomic::Ordering::SeqCst);
      |     ~~~~~~~~~~~~~~~~~~~~~~~~~~~~~~~~~~~~~~~~~~~~~~~~~~~~~~~~~~~~~~~~~
 6132 |     auto _m0 = &_m0_tmp;
      |     ~~~~~~~~~~~~~~~~~~~~
 6133 |     auto&& _m1_tmp = static_cast<int32_t>(1);
      |     ~~~~~~~~~~~~~~~~~~~~~~~~~~~~~~~~~~~~~~~~~
 6134 |     auto _m1 = &_m1_tmp;
      |     ~~~~~~~~~~~~~~~~~~~~
 6135 |     auto _m_tuple = std::make_tuple(_m0, _m1);
      |     ~~~~~~~~~~~~~~~~~~~~~~~~~~~~~~~~~~~~~~~~~~
 6136 |     bool _m_matched = false;
      |     ~~~~~~~~~~~~~~~~~~~~~~~~
 6137 |     if (!_m_matched) {
      |     ~~~~~~~~~~~~~~~~~~
 6138 |         auto&& left_val = std::get<0>(rusty::detail::deref_if_pointer(_m_tuple));
      |         ~~~~~~~~~~~~~~~~~~~~~~~~~~~~~~~~~~~~~~~~~~~~~~~~~~~~~~~~~~~~~~~~~~~~~~~~~
 6139 |         auto&& right_val = std::get<1>(rusty::detail::deref_if_pointer(_m_tuple));
      |         ~~~~~~~~~~~~~~~~~~~~~~~~~~~~~~~~~~~~~~~~~~~~~~~~~~~~~~~~~~~~~~~~~~~~~~~~~~
 6140 |         if (!(rusty::detail::deref_if_pointer_like(left_val) == rusty::detail::deref_if_pointer_like(right_val))) {
      |         ~~~~~~~~~~~~~~~~~~~~~~~~~~~~~~~~~~~~~~~~~~~~~~~~~~~~~~~~~~~~~~~~~~~~~~~~~~~~~~~~~~~~~~~~~~~~~~~~~~~~~~~~~~~
 6141 |             const auto kind = rusty::panicking::AssertKind::Eq;
      |             ~~~~~~~~~~~~~~~~~~~~~~~~~~~~~~~~~~~~~~~~~~~~~~~~~~~
 6142 |             rusty::panicking::assert_failed(std::move(kind), rusty::detail::deref_if_pointer_like(left_val), rusty::detail::deref_if_pointer_like(right_val), rusty::None);
      |             ~~~~~~~~~~~~~~~~~~~~~~~~~~~~~~~~~~~~~~~~~~~~~~~~~~~~~~~~~~~~~~~~~~~~~~~~~~~~~~~~~~~~~~~~~~~~~~~~~~~~~~~~~~~~~~~~~~~~~~~~~~~~~~~~~~~~~~~~~~~~~~~~~~~~~~~~~~~~~~~
 6143 |         }
      |         ~     
 6144 |         _m_matched = true;
      |         ~~~~~~~~~~~~~~~~~~
 6145 |     }
      |     ~         
 6146 | }
      | ~             
 6147 | });
      | ~~~           
 6148 | });
      | ~~            
/home/shuai/git/rusty-cpp/.rusty-parity-matrix-current/once_cell/runner.cpp:6103:62: warning: comparison of integer expressions of different signedness: ‘long unsigned int’ and ‘int’ [-Wsign-compare]
 6103 |         if (!(rusty::detail::deref_if_pointer_like(left_val) == rusty::detail::deref_if_pointer_like(right_val))) {
      |              ~~~~~~~~~~~~~~~~~~~~~~~~~~~~~~~~~~~~~~~~~~~~~~~~^~~~~~~~~~~~~~~~~~~~~~~~~~~~~~~~~~~~~~~~~~~~~~~~~~~
/home/shuai/git/rusty-cpp/.rusty-parity-matrix-current/once_cell/runner.cpp:6140:62: warning: comparison of integer expressions of different signedness: ‘long unsigned int’ and ‘int’ [-Wsign-compare]
 6140 |         if (!(rusty::detail::deref_if_pointer_like(left_val) == rusty::detail::deref_if_pointer_like(right_val))) {
      |              ~~~~~~~~~~~~~~~~~~~~~~~~~~~~~~~~~~~~~~~~~~~~~~~~^~~~~~~~~~~~~~~~~~~~~~~~~~~~~~~~~~~~~~~~~~~~~~~~~~~
/home/shuai/git/rusty-cpp/.rusty-parity-matrix-current/once_cell/runner.cpp: In function ‘void race::once_ref_smoke_test()’:
/home/shuai/git/rusty-cpp/.rusty-parity-matrix-current/once_cell/runner.cpp:6176:70: warning: comparison of integer expressions of different signedness: ‘long unsigned int’ and ‘int’ [-Wsign-compare]
 6176 |                 if (!(rusty::detail::deref_if_pointer_like(left_val) == rusty::detail::deref_if_pointer_like(right_val))) {
      |                       ~~~~~~~~~~~~~~~~~~~~~~~~~~~~~~~~~~~~~~~~~~~~~~~^~~~~~~~~~~~~~~~~~~~~~~~~~~~~~~~~~~~~~~~~~~~~~~~~~
/home/shuai/git/rusty-cpp/.rusty-parity-matrix-current/once_cell/runner.cpp: In instantiation of ‘race_once_box::once_box_smoke_test()::<lambda(auto:83&&)> [with auto:83 = rusty::thread::Scope&]’:
/usr/include/c++/14/type_traits:2655:26:   required by substitution of ‘template<class _Fn, class ... _Args> static std::__result_of_success<decltype (declval<_Fn>()((declval<_Args>)()...)), std::__invoke_other> std::__result_of_other_impl::_S_test(int) [with _Fn = race_once_box::once_box_smoke_test()::<lambda(auto:83&&)>; _Args = {rusty::thread::Scope&}]’
 2655 |       std::declval<_Fn>()(std::declval<_Args>()...)
      |       ~~~~~~~~~~~~~~~~~~~^~~~~~~~~~~~~~~~~~~~~~~~~~
/usr/include/c++/14/type_traits:2666:60:   required from ‘struct std::__result_of_impl<false, false, race_once_box::once_box_smoke_test()::<lambda(auto:83&&)>, rusty::thread::Scope&>’
 2666 |       using type = decltype(_S_test<_Functor, _ArgTypes...>(0));
      |                             ~~~~~~~~~~~~~~~~~~~~~~~~~~~~~~~^~~
/usr/include/c++/14/type_traits:3174:12:   recursively required by substitution of ‘template<class _Result, class _Ret> struct std::__is_invocable_impl<_Result, _Ret, true, std::__void_t<typename _CTp::type> > [with _Result = std::__invoke_result<race_once_box::once_box_smoke_test()::<lambda(auto:83&&)>, rusty::thread::Scope&>; _Ret = void]’
 3174 |     struct is_invocable
      |            ^~~~~~~~~~~~
/usr/include/c++/14/type_traits:3174:12:   required from ‘struct std::is_invocable<race_once_box::once_box_smoke_test()::<lambda(auto:83&&)>, rusty::thread::Scope&>’
/usr/include/c++/14/type_traits:3538:71:   required from ‘constexpr const bool std::is_invocable_v<race_once_box::once_box_smoke_test()::<lambda(auto:83&&)>, rusty::thread::Scope&>’
 3538 |   inline constexpr bool is_invocable_v = is_invocable<_Fn, _Args...>::value;
      |                                                                       ^~~~~
/usr/include/c++/14/concepts:360:25:   required by substitution of ‘template<class F>  requires  invocable<F, rusty::thread::Scope&> void rusty::thread::scope(F&&) [with F = race_once_box::once_box_smoke_test()::<lambda(auto:83&&)>]’
  360 |     concept invocable = is_invocable_v<_Fn, _Args...>;
      |                         ^~~~~~~~~~~~~~~~~~~~~~~~~~~~~
/home/shuai/git/rusty-cpp/.rusty-parity-matrix-current/once_cell/runner.cpp:6263:14:   required from here
 6263 |         scope([&](auto&& s) {
      |         ~~~~~^~~~~~~~~~~~~~~~
 6264 | for (auto&& _ : rusty::for_in(rusty::range(0, 128))) {
      | ~~~~~~~~~~~~~~~~~~~~~~~~~~~~~~~~~~~~~~~~~~~~~~~~~~~~~~
 6265 |     s.spawn([&]() {
      |     ~~~~~~~~~~~~~~~
 6266 | const auto local_cnt = AtomicUsize::new_(0);
      | ~~~~~~~~~~~~~~~~~~~~~~~~~~~~~~~~~~~~~~~~~~~~
 6267 | cell.get_or_init([&]() -> rusty::Box<Pebble<std::tuple<>>> {
      | ~~~~~~~~~~~~~~~~~~~~~~~~~~~~~~~~~~~~~~~~~~~~~~~~~~~~~~~~~~~~
 6268 | global_cnt.fetch_add(1, rusty::sync::atomic::Ordering::SeqCst);
      | ~~~~~~~~~~~~~~~~~~~~~~~~~~~~~~~~~~~~~~~~~~~~~~~~~~~~~~~~~~~~~~~
 6269 | local_cnt.fetch_add(1, rusty::sync::atomic::Ordering::SeqCst);
      | ~~~~~~~~~~~~~~~~~~~~~~~~~~~~~~~~~~~~~~~~~~~~~~~~~~~~~~~~~~~~~~
 6270 | b.wait();
      | ~~~~~~~~~     
 6271 | return rusty::Box<Pebble<std::tuple<>>>::new_(heap.new_pebble(std::make_tuple()));
      | ~~~~~~~~~~~~~~~~~~~~~~~~~~~~~~~~~~~~~~~~~~~~~~~~~~~~~~~~~~~~~~~~~~~~~~~~~~~~~~~~~~
 6272 | });
      | ~~~           
 6273 | {
      | ~             
 6274 |     auto&& _m0_tmp = local_cnt.load(rusty::sync::atomic::Ordering::SeqCst);
      |     ~~~~~~~~~~~~~~~~~~~~~~~~~~~~~~~~~~~~~~~~~~~~~~~~~~~~~~~~~~~~~~~~~~~~~~~
 6275 |     auto _m0 = &_m0_tmp;
      |     ~~~~~~~~~~~~~~~~~~~~
 6276 |     auto&& _m1_tmp = static_cast<int32_t>(1);
      |     ~~~~~~~~~~~~~~~~~~~~~~~~~~~~~~~~~~~~~~~~~
 6277 |     auto _m1 = &_m1_tmp;
      |     ~~~~~~~~~~~~~~~~~~~~
 6278 |     auto _m_tuple = std::make_tuple(_m0, _m1);
      |     ~~~~~~~~~~~~~~~~~~~~~~~~~~~~~~~~~~~~~~~~~~
 6279 |     bool _m_matched = false;
      |     ~~~~~~~~~~~~~~~~~~~~~~~~
 6280 |     if (!_m_matched) {
      |     ~~~~~~~~~~~~~~~~~~
 6281 |         auto&& left_val = std::get<0>(rusty::detail::deref_if_pointer(_m_tuple));
      |         ~~~~~~~~~~~~~~~~~~~~~~~~~~~~~~~~~~~~~~~~~~~~~~~~~~~~~~~~~~~~~~~~~~~~~~~~~
 6282 |         auto&& right_val = std::get<1>(rusty::detail::deref_if_pointer(_m_tuple));
      |         ~~~~~~~~~~~~~~~~~~~~~~~~~~~~~~~~~~~~~~~~~~~~~~~~~~~~~~~~~~~~~~~~~~~~~~~~~~
 6283 |         if (!(rusty::detail::deref_if_pointer_like(left_val) == rusty::detail::deref_if_pointer_like(right_val))) {
      |         ~~~~~~~~~~~~~~~~~~~~~~~~~~~~~~~~~~~~~~~~~~~~~~~~~~~~~~~~~~~~~~~~~~~~~~~~~~~~~~~~~~~~~~~~~~~~~~~~~~~~~~~~~~~
 6284 |             const auto kind = rusty::panicking::AssertKind::Eq;
      |             ~~~~~~~~~~~~~~~~~~~~~~~~~~~~~~~~~~~~~~~~~~~~~~~~~~~
 6285 |             rusty::panicking::assert_failed(std::move(kind), rusty::detail::deref_if_pointer_like(left_val), rusty::detail::deref_if_pointer_like(right_val), rusty::None);
      |             ~~~~~~~~~~~~~~~~~~~~~~~~~~~~~~~~~~~~~~~~~~~~~~~~~~~~~~~~~~~~~~~~~~~~~~~~~~~~~~~~~~~~~~~~~~~~~~~~~~~~~~~~~~~~~~~~~~~~~~~~~~~~~~~~~~~~~~~~~~~~~~~~~~~~~~~~~~~~~~~
 6286 |         }
      |         ~     
 6287 |         _m_matched = true;
      |         ~~~~~~~~~~~~~~~~~~
 6288 |     }
      |     ~         
 6289 | }
      | ~             
 6290 | cell.get_or_init([&]() -> rusty::Box<Pebble<std::tuple<>>> {
      | ~~~~~~~~~~~~~~~~~~~~~~~~~~~~~~~~~~~~~~~~~~~~~~~~~~~~~~~~~~~~
 6291 | global_cnt.fetch_add(1, rusty::sync::atomic::Ordering::SeqCst);
      | ~~~~~~~~~~~~~~~~~~~~~~~~~~~~~~~~~~~~~~~~~~~~~~~~~~~~~~~~~~~~~~~
 6292 | local_cnt.fetch_add(1, rusty::sync::atomic::Ordering::SeqCst);
      | ~~~~~~~~~~~~~~~~~~~~~~~~~~~~~~~~~~~~~~~~~~~~~~~~~~~~~~~~~~~~~~
 6293 | return rusty::Box<Pebble<std::tuple<>>>::new_(heap.new_pebble(std::make_tuple()));
      | ~~~~~~~~~~~~~~~~~~~~~~~~~~~~~~~~~~~~~~~~~~~~~~~~~~~~~~~~~~~~~~~~~~~~~~~~~~~~~~~~~~
 6294 | });
      | ~~~           
 6295 | {
      | ~             
 6296 |     auto&& _m0_tmp = local_cnt.load(rusty::sync::atomic::Ordering::SeqCst);
      |     ~~~~~~~~~~~~~~~~~~~~~~~~~~~~~~~~~~~~~~~~~~~~~~~~~~~~~~~~~~~~~~~~~~~~~~~
 6297 |     auto _m0 = &_m0_tmp;
      |     ~~~~~~~~~~~~~~~~~~~~
 6298 |     auto&& _m1_tmp = static_cast<int32_t>(1);
      |     ~~~~~~~~~~~~~~~~~~~~~~~~~~~~~~~~~~~~~~~~~
 6299 |     auto _m1 = &_m1_tmp;
      |     ~~~~~~~~~~~~~~~~~~~~
 6300 |     auto _m_tuple = std::make_tuple(_m0, _m1);
      |     ~~~~~~~~~~~~~~~~~~~~~~~~~~~~~~~~~~~~~~~~~~
 6301 |     bool _m_matched = false;
      |     ~~~~~~~~~~~~~~~~~~~~~~~~
 6302 |     if (!_m_matched) {
      |     ~~~~~~~~~~~~~~~~~~
 6303 |         auto&& left_val = std::get<0>(rusty::detail::deref_if_pointer(_m_tuple));
      |         ~~~~~~~~~~~~~~~~~~~~~~~~~~~~~~~~~~~~~~~~~~~~~~~~~~~~~~~~~~~~~~~~~~~~~~~~~
 6304 |         auto&& right_val = std::get<1>(rusty::detail::deref_if_pointer(_m_tuple));
      |         ~~~~~~~~~~~~~~~~~~~~~~~~~~~~~~~~~~~~~~~~~~~~~~~~~~~~~~~~~~~~~~~~~~~~~~~~~~
 6305 |         if (!(rusty::detail::deref_if_pointer_like(left_val) == rusty::detail::deref_if_pointer_like(right_val))) {
      |         ~~~~~~~~~~~~~~~~~~~~~~~~~~~~~~~~~~~~~~~~~~~~~~~~~~~~~~~~~~~~~~~~~~~~~~~~~~~~~~~~~~~~~~~~~~~~~~~~~~~~~~~~~~~
 6306 |             const auto kind = rusty::panicking::AssertKind::Eq;
      |             ~~~~~~~~~~~~~~~~~~~~~~~~~~~~~~~~~~~~~~~~~~~~~~~~~~~
 6307 |             rusty::panicking::assert_failed(std::move(kind), rusty::detail::deref_if_pointer_like(left_val), rusty::detail::deref_if_pointer_like(right_val), rusty::None);
      |             ~~~~~~~~~~~~~~~~~~~~~~~~~~~~~~~~~~~~~~~~~~~~~~~~~~~~~~~~~~~~~~~~~~~~~~~~~~~~~~~~~~~~~~~~~~~~~~~~~~~~~~~~~~~~~~~~~~~~~~~~~~~~~~~~~~~~~~~~~~~~~~~~~~~~~~~~~~~~~~~
 6308 |         }
      |         ~     
 6309 |         _m_matched = true;
      |         ~~~~~~~~~~~~~~~~~~
 6310 |     }
      |     ~         
 6311 | }
      | ~             
 6312 | });
      | ~~~           
 6313 | }
      | ~             
 6314 | });
      | ~~            
/home/shuai/git/rusty-cpp/.rusty-parity-matrix-current/once_cell/runner.cpp:6283:62: warning: comparison of integer expressions of different signedness: ‘long unsigned int’ and ‘int’ [-Wsign-compare]
 6283 |         if (!(rusty::detail::deref_if_pointer_like(left_val) == rusty::detail::deref_if_pointer_like(right_val))) {
      |              ~~~~~~~~~~~~~~~~~~~~~~~~~~~~~~~~~~~~~~~~~~~~~~~~^~~~~~~~~~~~~~~~~~~~~~~~~~~~~~~~~~~~~~~~~~~~~~~~~~~
/home/shuai/git/rusty-cpp/.rusty-parity-matrix-current/once_cell/runner.cpp:6305:62: warning: comparison of integer expressions of different signedness: ‘long unsigned int’ and ‘int’ [-Wsign-compare]
 6305 |         if (!(rusty::detail::deref_if_pointer_like(left_val) == rusty::detail::deref_if_pointer_like(right_val))) {
      |              ~~~~~~~~~~~~~~~~~~~~~~~~~~~~~~~~~~~~~~~~~~~~~~~~^~~~~~~~~~~~~~~~~~~~~~~~~~~~~~~~~~~~~~~~~~~~~~~~~~~
/home/shuai/git/rusty-cpp/.rusty-parity-matrix-current/once_cell/runner.cpp: In function ‘void race_once_box::once_box_smoke_test()’:
/home/shuai/git/rusty-cpp/.rusty-parity-matrix-current/once_cell/runner.cpp:6331:70: warning: comparison of integer expressions of different signedness: ‘long unsigned int’ and ‘int’ [-Wsign-compare]
 6331 |                 if (!(rusty::detail::deref_if_pointer_like(left_val) == rusty::detail::deref_if_pointer_like(right_val))) {
      |                       ~~~~~~~~~~~~~~~~~~~~~~~~~~~~~~~~~~~~~~~~~~~~~~~^~~~~~~~~~~~~~~~~~~~~~~~~~~~~~~~~~~~~~~~~~~~~~~~~~
/home/shuai/git/rusty-cpp/.rusty-parity-matrix-current/once_cell/runner.cpp:6349:70: warning: comparison of integer expressions of different signedness: ‘long unsigned int’ and ‘int’ [-Wsign-compare]
 6349 |                 if (!(rusty::detail::deref_if_pointer_like(left_val) == rusty::detail::deref_if_pointer_like(right_val))) {
      |                       ~~~~~~~~~~~~~~~~~~~~~~~~~~~~~~~~~~~~~~~~~~~~~~~^~~~~~~~~~~~~~~~~~~~~~~~~~~~~~~~~~~~~~~~~~~~~~~~~~
/home/shuai/git/rusty-cpp/.rusty-parity-matrix-current/once_cell/runner.cpp: In function ‘void race_once_box::once_box_set()’:
/home/shuai/git/rusty-cpp/.rusty-parity-matrix-current/once_cell/runner.cpp:6394:70: warning: comparison of integer expressions of different signedness: ‘long unsigned int’ and ‘int’ [-Wsign-compare]
 6394 |                 if (!(rusty::detail::deref_if_pointer_like(left_val) == rusty::detail::deref_if_pointer_like(right_val))) {
      |                       ~~~~~~~~~~~~~~~~~~~~~~~~~~~~~~~~~~~~~~~~~~~~~~~^~~~~~~~~~~~~~~~~~~~~~~~~~~~~~~~~~~~~~~~~~~~~~~~~~
/home/shuai/git/rusty-cpp/.rusty-parity-matrix-current/once_cell/runner.cpp:6431:70: warning: comparison of integer expressions of different signedness: ‘long unsigned int’ and ‘int’ [-Wsign-compare]
 6431 |                 if (!(rusty::detail::deref_if_pointer_like(left_val) == rusty::detail::deref_if_pointer_like(right_val))) {
      |                       ~~~~~~~~~~~~~~~~~~~~~~~~~~~~~~~~~~~~~~~~~~~~~~~^~~~~~~~~~~~~~~~~~~~~~~~~~~~~~~~~~~~~~~~~~~~~~~~~~
/home/shuai/git/rusty-cpp/.rusty-parity-matrix-current/once_cell/runner.cpp:6449:70: warning: comparison of integer expressions of different signedness: ‘long unsigned int’ and ‘int’ [-Wsign-compare]
 6449 |                 if (!(rusty::detail::deref_if_pointer_like(left_val) == rusty::detail::deref_if_pointer_like(right_val))) {
      |                       ~~~~~~~~~~~~~~~~~~~~~~~~~~~~~~~~~~~~~~~~~~~~~~~^~~~~~~~~~~~~~~~~~~~~~~~~~~~~~~~~~~~~~~~~~~~~~~~~~
