warning: variable does not need to be mutable
    --> transpiler/src/codegen.rs:7311:13
     |
7311 |         let mut flush = |buf: &mut String, out: &mut Vec<String>| {
     |             ----^^^^^
     |             |
     |             help: remove this `mut`
     |
     = note: `#[warn(unused_mut)]` (part of `#[warn(unused)]`) on by default

warning: variable does not need to be mutable
     --> transpiler/src/codegen.rs:23898:13
      |
23898 |         let mut block_profile_mark = |label: &str| {
      |             ----^^^^^^^^^^^^^^^^^^
      |             |
      |             help: remove this `mut`

warning: variable does not need to be mutable
     --> transpiler/src/codegen.rs:28335:21
      |
28335 |                 let mut inner = self.new_inner_for_block();
      |                     ----^^^^^
      |                     |
      |                     help: remove this `mut`

warning: variable does not need to be mutable
     --> transpiler/src/codegen.rs:28350:21
      |
28350 |                 let mut inner = self.new_inner_for_block();
      |                     ----^^^^^
      |                     |
      |                     help: remove this `mut`

warning: unused variable: `scrutinee_expr`
     --> transpiler/src/codegen.rs:31898:9
      |
31898 |         scrutinee_expr: &syn::Expr,
      |         ^^^^^^^^^^^^^^ help: if this is intentional, prefix it with an underscore: `_scrutinee_expr`
      |
      = note: `#[warn(unused_variables)]` (part of `#[warn(unused)]`) on by default

warning: variable does not need to be mutable
     --> transpiler/src/codegen.rs:45244:21
      |
45244 |                 let mut inner = self.new_inner_for_block();
      |                     ----^^^^^
      |                     |
      |                     help: remove this `mut`

warning: unused variable: `expected_ty`
     --> transpiler/src/codegen.rs:47238:9
      |
47238 |         expected_ty: Option<&syn::Type>,
      |         ^^^^^^^^^^^ help: if this is intentional, prefix it with an underscore: `_expected_ty`

warning: value assigned to `joined` is never read
     --> transpiler/src/codegen.rs:58862:26
      |
58862 |         let mut joined = segments.join("::");
      |                          ^^^^^^^^^^^^^^^^^^^
      |
      = help: maybe it is overwritten before being read?
      = note: `#[warn(unused_assignments)]` (part of `#[warn(unused)]`) on by default

warning: value assigned to `joined` is never read
     --> transpiler/src/codegen.rs:58875:9
      |
58875 |         joined = segments.join("::");
      |         ^^^^^^
      |
      = help: maybe it is overwritten before being read?

warning: field `0` is never read
  --> transpiler/src/cmake.rs:86:11
   |
86 |     Table(toml::value::Table),
   |     ----- ^^^^^^^^^^^^^^^^^^
   |     |
   |     field in this variant
   |
   = note: `#[warn(dead_code)]` (part of `#[warn(unused)]`) on by default
help: consider changing the field to be of unit type to suppress this warning while preserving the field numbering, or remove the field
   |
86 -     Table(toml::value::Table),
86 +     Table(()),
   |

warning: struct `OptionSomeNoneExprCollector` is never constructed
   --> transpiler/src/codegen.rs:369:8
    |
369 | struct OptionSomeNoneExprCollector {
    |        ^^^^^^^^^^^^^^^^^^^^^^^^^^^

warning: method `saw_both` is never used
   --> transpiler/src/codegen.rs:375:8
    |
374 | impl OptionSomeNoneExprCollector {
    | -------------------------------- method in this implementation
375 |     fn saw_both(&self) -> bool {
    |        ^^^^^^^^

warning: multiple associated items are never used
     --> transpiler/src/codegen.rs:6130:8
      |
  943 | impl CodeGen {
      | ------------ associated items in this implementation
...
 6130 |     fn module_concrete_type_decl_count_recursive(m: &syn::ItemMod) -> usize {
      |        ^^^^^^^^^^^^^^^^^^^^^^^^^^^^^^^^^^^^^^^^^
...
 7343 |     fn cpp_spelling_mentions_import_alias(&self, spelling: &str) -> bool {
      |        ^^^^^^^^^^^^^^^^^^^^^^^^^^^^^^^^^^
...
 7399 |     fn forward_decl_signature_mentions_unqualified_scope_import_name(
      |        ^^^^^^^^^^^^^^^^^^^^^^^^^^^^^^^^^^^^^^^^^^^^^^^^^^^^^^^^^^^^^
...
 7454 |     fn has_forward_decl_items(items: &[syn::Item]) -> bool {
      |        ^^^^^^^^^^^^^^^^^^^^^^
...
 8361 |     fn resolve_unique_scope_import_binding_path_any_scope(&self, local_name: &str) -> Option<String> {
      |        ^^^^^^^^^^^^^^^^^^^^^^^^^^^^^^^^^^^^^^^^^^^^^^^^^^
...
11979 |     fn escape_cpp_qualified_name(path: &str) -> String {
      |        ^^^^^^^^^^^^^^^^^^^^^^^^^
...
13946 |     fn map_variant_ctor_param_type(&self, ty: &syn::Type, ctor_name: &str) -> String {
      |        ^^^^^^^^^^^^^^^^^^^^^^^^^^^
...
25834 |     fn extract_tuple_struct_bindings(
      |        ^^^^^^^^^^^^^^^^^^^^^^^^^^^^^
...
29584 |     fn tuple_pattern_elem_supports_value_match(&self, pat: &syn::Pat) -> bool {
      |        ^^^^^^^^^^^^^^^^^^^^^^^^^^^^^^^^^^^^^^^
...
32022 |     fn if_let_unwrap_binding_should_preserve_reference(
      |        ^^^^^^^^^^^^^^^^^^^^^^^^^^^^^^^^^^^^^^^^^^^^^^^
...
41047 |     fn receiver_is_hashmap_like_expr(&self, receiver: &syn::Expr) -> bool {
      |        ^^^^^^^^^^^^^^^^^^^^^^^^^^^^^
...
47666 |     fn block_contains_option_some_and_none_exprs(&self, block: &syn::Block) -> bool {
      |        ^^^^^^^^^^^^^^^^^^^^^^^^^^^^^^^^^^^^^^^^^
...
48112 |     fn option_inner_needs_typed_make_optional(&self, inner_ty: &syn::Type) -> bool {
      |        ^^^^^^^^^^^^^^^^^^^^^^^^^^^^^^^^^^^^^^
...
56869 |     fn emit_stmt_to_string_with_expected(
      |        ^^^^^^^^^^^^^^^^^^^^^^^^^^^^^^^^^

warning: field `src_path` is never read
  --> transpiler/src/metadata.rs:10:9
   |
 7 | pub struct CrateTarget {
   |            ----------- field in this struct
...
10 |     pub src_path: PathBuf,
   |         ^^^^^^^^
   |
   = note: `CrateTarget` has derived impls for the traits `Clone` and `Debug`, but these are intentionally ignored during dead code analysis

warning: function `discover_local_path_dependencies` is never used
   --> transpiler/src/metadata.rs:514:8
    |
514 | pub fn discover_local_path_dependencies(
    |        ^^^^^^^^^^^^^^^^^^^^^^^^^^^^^^^^

warning: function `transpile` is never used
   --> transpiler/src/transpile.rs:255:8
    |
255 | pub fn transpile(rust_source: &str, module_name: Option<&str>) -> Result<String, String> {
    |        ^^^^^^^^^

warning: function `transpile_with_type_map` is never used
   --> transpiler/src/transpile.rs:260:8
    |
260 | pub fn transpile_with_type_map(
    |        ^^^^^^^^^^^^^^^^^^^^^^^

warning: function `transpile_with_type_map_and_extension_hints` is never used
   --> transpiler/src/transpile.rs:275:8
    |
275 | pub fn transpile_with_type_map_and_extension_hints(
    |        ^^^^^^^^^^^^^^^^^^^^^^^^^^^^^^^^^^^^^^^^^^^

warning: function `transpile_full` is never used
   --> transpiler/src/transpile.rs:310:8
    |
310 | pub fn transpile_full(
    |        ^^^^^^^^^^^^^^

warning: `rusty-cpp-transpiler` (bin "rusty-cpp-transpiler") generated 19 warnings (run `cargo fix --bin "rusty-cpp-transpiler" -p rusty-cpp-transpiler` to apply 7 suggestions)
    Finished `dev` profile [unoptimized + debuginfo] target(s) in 0.09s
     Running `target/debug/rusty-cpp-transpiler parity-test --manifest-path /home/shuai/git/rusty-cpp/tests/transpile_tests/once_cell/Cargo.toml --stop-after run --work-dir .rusty-parity-matrix-current/once_cell --keep-work-dir`
╔═══════════════════════════════════════════════════╗
║  Parity Test: once_cell
╚═══════════════════════════════════════════════════╝

Stage A: Running cargo test (baseline)...
  Baseline: PASS (saved to /home/shuai/git/rusty-cpp/.rusty-parity-matrix-current/once_cell/baseline.txt)
Discovering targets...
  Skipping target 'bench' (Example): not test-capable
  Skipping target 'bench_acquire' (Example): not test-capable
  Skipping target 'lazy_static' (Example): not test-capable
  Skipping target 'reentrant_init_deadlocks' (Example): not test-capable
  Skipping target 'regex' (Example): not test-capable
  Skipping target 'test_synchronization' (Example): not test-capable
  Package: once_cell
  Target: once_cell (Lib) → module once_cell
  Target: it (Test) → module it

Stage B: Running cargo expand per target...
  once_cell (--lib --tests): 2405 lines → /home/shuai/git/rusty-cpp/.rusty-parity-matrix-current/once_cell/targets/once_cell/expanded.rs
  it (--test it): 4458 lines → /home/shuai/git/rusty-cpp/.rusty-parity-matrix-current/once_cell/targets/it/expanded.rs
Stage C: Transpiling to C++...
  once_cell: 2910 lines → /home/shuai/git/rusty-cpp/.rusty-parity-matrix-current/once_cell/targets/once_cell/once_cell.cppm
  it: 5581 lines → /home/shuai/git/rusty-cpp/.rusty-parity-matrix-current/once_cell/targets/it/it.cppm
Stage D: Building with C++ compiler...
  Generated runner: /home/shuai/git/rusty-cpp/.rusty-parity-matrix-current/once_cell/runner.cpp (75 tests discovered)
  Build: PASS → /home/shuai/git/rusty-cpp/.rusty-parity-matrix-current/once_cell/runner
Stage E: Running transpiled tests...
    imp_tests_poison_bad PASSED
    imp_tests_smoke_once PASSED
    imp_tests_stampede_once PASSED
    imp_tests_test_size PASSED
    imp_tests_wait_for_force_to_finish PASSED
    race_get_unchecked PASSED
    race_once_bool_get_or_try_init PASSED
    race_once_bool_set PASSED
    race_once_bool_smoke_test PASSED
    race_once_box_once_box_default PASSED
    race_once_box_once_box_first_wins PASSED
    race_once_box_once_box_reentrant PASSED
    race_once_box_once_box_set PASSED
    race_once_box_once_box_smoke_test PASSED
    race_once_box_onece_box_clone PASSED
    race_once_box_onece_box_with_value PASSED
    race_once_non_zero_usize_first_wins PASSED
    race_once_non_zero_usize_set PASSED
    race_once_non_zero_usize_smoke_test PASSED
    race_once_ref_set PASSED
    race_once_ref_smoke_test PASSED
    sync_lazy_arrrrrrrrrrrrrrrrrrrrrr PASSED
    sync_lazy_lazy_default PASSED
    sync_lazy_lazy_deref_mut PASSED
    sync_lazy_lazy_force_mut PASSED
    sync_lazy_lazy_get_mut PASSED
    sync_lazy_lazy_into_value PASSED
    sync_lazy_lazy_is_sync_send PASSED
    sync_lazy_lazy_new PASSED
    sync_lazy_lazy_poisoning PASSED
    sync_lazy_static_lazy PASSED
    sync_lazy_static_lazy_via_fn PASSED
    sync_once_cell_arrrrrrrrrrrrrrrrrrrrrr PASSED
    sync_once_cell_clone PASSED
    sync_once_cell_debug_impl PASSED
    sync_once_cell_eval_once_macro PASSED
    sync_once_cell_from_impl PASSED
    sync_once_cell_get_does_not_block PASSED
    sync_once_cell_get_or_init_stress PASSED
    sync_once_cell_get_or_try_init PASSED
    sync_once_cell_into_inner PASSED
    sync_once_cell_once_cell PASSED
    sync_once_cell_once_cell_does_not_leak_partially_constructed_boxes PASSED
    sync_once_cell_once_cell_drop PASSED
    sync_once_cell_once_cell_drop_empty PASSED
    sync_once_cell_once_cell_get_mut PASSED
    sync_once_cell_once_cell_get_unchecked PASSED
    sync_once_cell_once_cell_is_sync_send PASSED
    sync_once_cell_once_cell_with_value PASSED
    sync_once_cell_partialeq_impl PASSED
    sync_once_cell_reentrant_init PASSED
    sync_once_cell_wait PASSED
    sync_once_cell_wait_panic PASSED
    unsync_lazy_arrrrrrrrrrrrrrrrrrrrrr PASSED
    unsync_lazy_lazy_default PASSED
    unsync_lazy_lazy_deref_mut PASSED
    unsync_lazy_lazy_force_mut PASSED
    unsync_lazy_lazy_get_mut PASSED
    unsync_lazy_lazy_into_value PASSED
    unsync_lazy_lazy_new PASSED
    unsync_lazy_lazy_poisoning PASSED
    unsync_once_cell_aliasing_in_get PASSED
    unsync_once_cell_arrrrrrrrrrrrrrrrrrrrrr PASSED
    unsync_once_cell_clone PASSED
    unsync_once_cell_debug_impl PASSED
    unsync_once_cell_from_impl PASSED
    unsync_once_cell_get_or_try_init PASSED
    unsync_once_cell_into_inner PASSED
    unsync_once_cell_once_cell PASSED
    unsync_once_cell_once_cell_drop PASSED
    unsync_once_cell_once_cell_drop_empty PASSED
    unsync_once_cell_once_cell_get_mut PASSED
    unsync_once_cell_once_cell_with_value PASSED
    unsync_once_cell_partialeq_impl PASSED
    unsync_once_cell_reentrant_init PASSED (expected panic)
  
  Results: 75 passed, 0 failed
  panic
  Run: PASS

Parity test pipeline complete for 'once_cell'.
Artifacts saved in: /home/shuai/git/rusty-cpp/.rusty-parity-matrix-current/once_cell
