  imp_tests_poison_bad PASSED
  imp_tests_smoke_once PASSED
  imp_tests_stampede_once PASSED
  imp_tests_test_size PASSED
  imp_tests_wait_for_force_to_finish PASSED
  race_get_unchecked PASSED
  race_once_bool_get_or_try_init PASSED
  race_once_bool_set PASSED
  race_once_bool_smoke_test PASSED
  race_once_box_once_box_default PASSED
  race_once_box_once_box_first_wins PASSED
  race_once_box_once_box_reentrant PASSED
  race_once_box_once_box_set PASSED
  race_once_box_once_box_smoke_test PASSED
  race_once_box_onece_box_clone PASSED
  race_once_box_onece_box_with_value PASSED
  race_once_non_zero_usize_first_wins PASSED
  race_once_non_zero_usize_set PASSED
  race_once_non_zero_usize_smoke_test PASSED
  race_once_ref_set PASSED
  race_once_ref_smoke_test PASSED
  sync_lazy_arrrrrrrrrrrrrrrrrrrrrr PASSED
  sync_lazy_lazy_default PASSED
  sync_lazy_lazy_deref_mut PASSED
  sync_lazy_lazy_force_mut PASSED
  sync_lazy_lazy_get_mut PASSED
  sync_lazy_lazy_into_value PASSED
  sync_lazy_lazy_is_sync_send PASSED
  sync_lazy_lazy_new PASSED
  sync_lazy_lazy_poisoning PASSED
  sync_lazy_static_lazy PASSED
  sync_lazy_static_lazy_via_fn PASSED
  sync_once_cell_arrrrrrrrrrrrrrrrrrrrrr PASSED
  sync_once_cell_clone PASSED
  sync_once_cell_debug_impl PASSED
  sync_once_cell_eval_once_macro PASSED
  sync_once_cell_from_impl PASSED
  sync_once_cell_get_does_not_block PASSED
  sync_once_cell_get_or_init_stress PASSED
  sync_once_cell_get_or_try_init PASSED
  sync_once_cell_into_inner PASSED
  sync_once_cell_once_cell PASSED
  sync_once_cell_once_cell_does_not_leak_partially_constructed_boxes PASSED
  sync_once_cell_once_cell_drop PASSED
  sync_once_cell_once_cell_drop_empty PASSED
  sync_once_cell_once_cell_get_mut PASSED
  sync_once_cell_once_cell_get_unchecked PASSED
  sync_once_cell_once_cell_is_sync_send PASSED
  sync_once_cell_once_cell_with_value PASSED
  sync_once_cell_partialeq_impl PASSED
  sync_once_cell_reentrant_init PASSED
  sync_once_cell_wait PASSED
  sync_once_cell_wait_panic PASSED
  unsync_lazy_arrrrrrrrrrrrrrrrrrrrrr PASSED
  unsync_lazy_lazy_default PASSED
  unsync_lazy_lazy_deref_mut PASSED
  unsync_lazy_lazy_force_mut PASSED
  unsync_lazy_lazy_get_mut PASSED
  unsync_lazy_lazy_into_value PASSED
  unsync_lazy_lazy_new PASSED
  unsync_lazy_lazy_poisoning PASSED
  unsync_once_cell_aliasing_in_get PASSED
  unsync_once_cell_arrrrrrrrrrrrrrrrrrrrrr PASSED
  unsync_once_cell_clone PASSED
  unsync_once_cell_debug_impl PASSED
  unsync_once_cell_from_impl PASSED
  unsync_once_cell_get_or_try_init PASSED
  unsync_once_cell_into_inner PASSED
  unsync_once_cell_once_cell PASSED
  unsync_once_cell_once_cell_drop PASSED
  unsync_once_cell_once_cell_drop_empty PASSED
  unsync_once_cell_once_cell_get_mut PASSED
  unsync_once_cell_once_cell_with_value PASSED
  unsync_once_cell_partialeq_impl PASSED
  unsync_once_cell_reentrant_init PASSED (expected panic)

Results: 75 passed, 0 failed

panic
