/home/shuai/git/rusty-cpp/.rusty-parity-matrix-nontoml-current/semver/runner.cpp:3088:39: warning: integer constant is so large that it is unsigned
 3088 | if ((_m >= 72057594037927936 && _m <= 18446744073709551615)) [&]() -> Identifier { {
      |                                       ^~~~~~~~~~~~~~~~~~~~
In file included from /home/shuai/git/rusty-cpp/.rusty-parity-matrix-nontoml-current/semver/runner.cpp:18:
/home/shuai/git/rusty-cpp/.rusty-parity-matrix-nontoml-current/semver/runner.cpp: In function ‘rusty::Result<std::tuple<Comparator, error::Position, std::basic_string_view<char, std::char_traits<char> > >, parse::Error> parse::comparator(std::string_view)’:
/home/shuai/git/rusty-cpp/.rusty-parity-matrix-nontoml-current/semver/runner.cpp:2886:117: warning: moving a temporary object prevents copy elision [-Wpessimizing-move]
 2886 |         auto _tuple_destructure_1 = rusty::detail::deref_if_pointer_like(RUSTY_TRY_INTO(numeric_identifier(std::move(rusty::to_string_view(text_shadow1)), std::move(pos)), rusty::Result<std::tuple<Comparator, error::Position, std::string_view>, Error>));
      |                                                                                                            ~~~~~~~~~^~~~~~~~~~~~~~~~~~~~~~~~~~~~~~~~~~~~~
/home/shuai/git/rusty-cpp/include/rusty/try.hpp:61:35: note: in definition of macro ‘RUSTY_TRY_INTO’
   61 |         auto _rusty_try_result = (expr); \
      |                                   ^~~~
/home/shuai/git/rusty-cpp/.rusty-parity-matrix-nontoml-current/semver/runner.cpp:2886:117: note: remove ‘std::move’ call
 2886 |         auto _tuple_destructure_1 = rusty::detail::deref_if_pointer_like(RUSTY_TRY_INTO(numeric_identifier(std::move(rusty::to_string_view(text_shadow1)), std::move(pos)), rusty::Result<std::tuple<Comparator, error::Position, std::string_view>, Error>));
      |                                                                                                            ~~~~~~~~~^~~~~~~~~~~~~~~~~~~~~~~~~~~~~~~~~~~~~
/home/shuai/git/rusty-cpp/include/rusty/try.hpp:61:35: note: in definition of macro ‘RUSTY_TRY_INTO’
   61 |         auto _rusty_try_result = (expr); \
      |                                   ^~~~
/home/shuai/git/rusty-cpp/.rusty-parity-matrix-nontoml-current/semver/runner.cpp:2896:55: warning: moving a temporary object prevents copy elision [-Wpessimizing-move]
 2896 |                 { auto&& _iflet_s = wildcard(std::move(rusty::to_string_view(text)));
      |                                              ~~~~~~~~~^~~~~~~~~~~~~~~~~~~~~~~~~~~~~
/home/shuai/git/rusty-cpp/.rusty-parity-matrix-nontoml-current/semver/runner.cpp:2896:55: note: remove ‘std::move’ call
/home/shuai/git/rusty-cpp/.rusty-parity-matrix-nontoml-current/semver/runner.cpp:2906:127: warning: moving a temporary object prevents copy elision [-Wpessimizing-move]
 2906 |                     auto _tuple_destructure = rusty::detail::deref_if_pointer_like(RUSTY_TRY_INTO(numeric_identifier(std::move(rusty::to_string_view(text)), std::move(pos)), rusty::Result<std::tuple<Comparator, error::Position, std::string_view>, Error>));
      |                                                                                                                      ~~~~~~~~~^~~~~~~~~~~~~~~~~~~~~~~~~~~~~
/home/shuai/git/rusty-cpp/include/rusty/try.hpp:61:35: note: in definition of macro ‘RUSTY_TRY_INTO’
   61 |         auto _rusty_try_result = (expr); \
      |                                   ^~~~
/home/shuai/git/rusty-cpp/.rusty-parity-matrix-nontoml-current/semver/runner.cpp:2906:127: note: remove ‘std::move’ call
 2906 |                     auto _tuple_destructure = rusty::detail::deref_if_pointer_like(RUSTY_TRY_INTO(numeric_identifier(std::move(rusty::to_string_view(text)), std::move(pos)), rusty::Result<std::tuple<Comparator, error::Position, std::string_view>, Error>));
      |                                                                                                                      ~~~~~~~~~^~~~~~~~~~~~~~~~~~~~~~~~~~~~~
/home/shuai/git/rusty-cpp/include/rusty/try.hpp:61:35: note: in definition of macro ‘RUSTY_TRY_INTO’
   61 |         auto _rusty_try_result = (expr); \
      |                                   ^~~~
/home/shuai/git/rusty-cpp/.rusty-parity-matrix-nontoml-current/semver/runner.cpp:2920:55: warning: moving a temporary object prevents copy elision [-Wpessimizing-move]
 2920 |                 { auto&& _iflet_s = wildcard(std::move(rusty::to_string_view(text)));
      |                                              ~~~~~~~~~^~~~~~~~~~~~~~~~~~~~~~~~~~~~~
/home/shuai/git/rusty-cpp/.rusty-parity-matrix-nontoml-current/semver/runner.cpp:2920:55: note: remove ‘std::move’ call
/home/shuai/git/rusty-cpp/.rusty-parity-matrix-nontoml-current/semver/runner.cpp:2932:131: warning: moving a temporary object prevents copy elision [-Wpessimizing-move]
 2932 |                         auto _tuple_destructure = rusty::detail::deref_if_pointer_like(RUSTY_TRY_INTO(numeric_identifier(std::move(rusty::to_string_view(text)), std::move(pos)), rusty::Result<std::tuple<Comparator, error::Position, std::string_view>, Error>));
      |                                                                                                                          ~~~~~~~~~^~~~~~~~~~~~~~~~~~~~~~~~~~~~~
/home/shuai/git/rusty-cpp/include/rusty/try.hpp:61:35: note: in definition of macro ‘RUSTY_TRY_INTO’
   61 |         auto _rusty_try_result = (expr); \
      |                                   ^~~~
/home/shuai/git/rusty-cpp/.rusty-parity-matrix-nontoml-current/semver/runner.cpp:2932:131: note: remove ‘std::move’ call
 2932 |                         auto _tuple_destructure = rusty::detail::deref_if_pointer_like(RUSTY_TRY_INTO(numeric_identifier(std::move(rusty::to_string_view(text)), std::move(pos)), rusty::Result<std::tuple<Comparator, error::Position, std::string_view>, Error>));
      |                                                                                                                          ~~~~~~~~~^~~~~~~~~~~~~~~~~~~~~~~~~~~~~
/home/shuai/git/rusty-cpp/include/rusty/try.hpp:61:35: note: in definition of macro ‘RUSTY_TRY_INTO’
   61 |         auto _rusty_try_result = (expr); \
      |                                   ^~~~
/home/shuai/git/rusty-cpp/.rusty-parity-matrix-nontoml-current/semver/runner.cpp:2946:126: warning: moving a temporary object prevents copy elision [-Wpessimizing-move]
 2946 |                 auto _tuple_destructure = rusty::detail::deref_if_pointer_like(RUSTY_TRY_INTO(prerelease_identifier(std::move(rusty::to_string_view(text))), rusty::Result<std::tuple<Comparator, error::Position, std::string_view>, Error>));
      |                                                                                                                     ~~~~~~~~~^~~~~~~~~~~~~~~~~~~~~~~~~~~~~
/home/shuai/git/rusty-cpp/include/rusty/try.hpp:61:35: note: in definition of macro ‘RUSTY_TRY_INTO’
   61 |         auto _rusty_try_result = (expr); \
      |                                   ^~~~
/home/shuai/git/rusty-cpp/.rusty-parity-matrix-nontoml-current/semver/runner.cpp:2946:126: note: remove ‘std::move’ call
 2946 |                 auto _tuple_destructure = rusty::detail::deref_if_pointer_like(RUSTY_TRY_INTO(prerelease_identifier(std::move(rusty::to_string_view(text))), rusty::Result<std::tuple<Comparator, error::Position, std::string_view>, Error>));
      |                                                                                                                     ~~~~~~~~~^~~~~~~~~~~~~~~~~~~~~~~~~~~~~
/home/shuai/git/rusty-cpp/include/rusty/try.hpp:61:35: note: in definition of macro ‘RUSTY_TRY_INTO’
   61 |         auto _rusty_try_result = (expr); \
      |                                   ^~~~
/home/shuai/git/rusty-cpp/.rusty-parity-matrix-nontoml-current/semver/runner.cpp:2961:121: warning: moving a temporary object prevents copy elision [-Wpessimizing-move]
 2961 |                 auto _tuple_destructure = rusty::detail::deref_if_pointer_like(RUSTY_TRY_INTO(build_identifier(std::move(rusty::to_string_view(text))), rusty::Result<std::tuple<Comparator, error::Position, std::string_view>, Error>));
      |                                                                                                                ~~~~~~~~~^~~~~~~~~~~~~~~~~~~~~~~~~~~~~
/home/shuai/git/rusty-cpp/include/rusty/try.hpp:61:35: note: in definition of macro ‘RUSTY_TRY_INTO’
   61 |         auto _rusty_try_result = (expr); \
      |                                   ^~~~
/home/shuai/git/rusty-cpp/.rusty-parity-matrix-nontoml-current/semver/runner.cpp:2961:121: note: remove ‘std::move’ call
 2961 |                 auto _tuple_destructure = rusty::detail::deref_if_pointer_like(RUSTY_TRY_INTO(build_identifier(std::move(rusty::to_string_view(text))), rusty::Result<std::tuple<Comparator, error::Position, std::string_view>, Error>));
      |                                                                                                                ~~~~~~~~~^~~~~~~~~~~~~~~~~~~~~~~~~~~~~
/home/shuai/git/rusty-cpp/include/rusty/try.hpp:61:35: note: in definition of macro ‘RUSTY_TRY_INTO’
   61 |         auto _rusty_try_result = (expr); \
      |                                   ^~~~
/home/shuai/git/rusty-cpp/.rusty-parity-matrix-nontoml-current/semver/runner.cpp: In function ‘rusty::Result<long unsigned int, parse::Error> parse::version_req(std::string_view, rusty::Vec<Comparator>&, size_t)’:
/home/shuai/git/rusty-cpp/.rusty-parity-matrix-nontoml-current/semver/runner.cpp:3015:56: warning: moving a temporary object prevents copy elision [-Wpessimizing-move]
 3015 |         auto len = RUSTY_TRY_INTO(version_req(std::move(rusty::to_string_view(text_shadow1)), out, depth + 1), rusty::Result<size_t, Error>);
      |                                               ~~~~~~~~~^~~~~~~~~~~~~~~~~~~~~~~~~~~~~~~~~~~~~
/home/shuai/git/rusty-cpp/include/rusty/try.hpp:61:35: note: in definition of macro ‘RUSTY_TRY_INTO’
   61 |         auto _rusty_try_result = (expr); \
      |                                   ^~~~
/home/shuai/git/rusty-cpp/.rusty-parity-matrix-nontoml-current/semver/runner.cpp:3015:56: note: remove ‘std::move’ call
 3015 |         auto len = RUSTY_TRY_INTO(version_req(std::move(rusty::to_string_view(text_shadow1)), out, depth + 1), rusty::Result<size_t, Error>);
      |                                               ~~~~~~~~~^~~~~~~~~~~~~~~~~~~~~~~~~~~~~~~~~~~~~
/home/shuai/git/rusty-cpp/include/rusty/try.hpp:61:35: note: in definition of macro ‘RUSTY_TRY_INTO’
   61 |         auto _rusty_try_result = (expr); \
      |                                   ^~~~
/home/shuai/git/rusty-cpp/.rusty-parity-matrix-nontoml-current/semver/runner.cpp: In member function ‘rusty::fmt::Result Comparator::fmt(rusty::fmt::Formatter&) const’:
/home/shuai/git/rusty-cpp/include/rusty/try.hpp:52:29: warning: moving a local object in a return statement prevents copy elision [-Wpessimizing-move]
   52 |             return std::move(_rusty_try_result); \
      |                    ~~~~~~~~~^~~~~~~~~~~~~~~~~~~
/home/shuai/git/rusty-cpp/.rusty-parity-matrix-nontoml-current/semver/runner.cpp:3402:5: note: in expansion of macro ‘RUSTY_TRY’
 3402 |     RUSTY_TRY(formatter.write_str(op_shadow1));
      |     ^~~~~~~~~
/home/shuai/git/rusty-cpp/include/rusty/try.hpp:52:29: note: remove ‘std::move’ call
   52 |             return std::move(_rusty_try_result); \
      |                    ~~~~~~~~~^~~~~~~~~~~~~~~~~~~
/home/shuai/git/rusty-cpp/.rusty-parity-matrix-nontoml-current/semver/runner.cpp:3402:5: note: in expansion of macro ‘RUSTY_TRY’
 3402 |     RUSTY_TRY(formatter.write_str(op_shadow1));
      |     ^~~~~~~~~
/home/shuai/git/rusty-cpp/include/rusty/try.hpp:52:29: warning: moving a local object in a return statement prevents copy elision [-Wpessimizing-move]
   52 |             return std::move(_rusty_try_result); \
      |                    ~~~~~~~~~^~~~~~~~~~~~~~~~~~~
/home/shuai/git/rusty-cpp/.rusty-parity-matrix-nontoml-current/semver/runner.cpp:3403:5: note: in expansion of macro ‘RUSTY_TRY’
 3403 |     RUSTY_TRY(rusty::write_fmt(formatter, std::format("{0}", this->major)));
      |     ^~~~~~~~~
/home/shuai/git/rusty-cpp/include/rusty/try.hpp:52:29: note: remove ‘std::move’ call
   52 |             return std::move(_rusty_try_result); \
      |                    ~~~~~~~~~^~~~~~~~~~~~~~~~~~~
/home/shuai/git/rusty-cpp/.rusty-parity-matrix-nontoml-current/semver/runner.cpp:3403:5: note: in expansion of macro ‘RUSTY_TRY’
 3403 |     RUSTY_TRY(rusty::write_fmt(formatter, std::format("{0}", this->major)));
      |     ^~~~~~~~~
/home/shuai/git/rusty-cpp/include/rusty/try.hpp:52:29: warning: moving a local object in a return statement prevents copy elision [-Wpessimizing-move]
   52 |             return std::move(_rusty_try_result); \
      |                    ~~~~~~~~~^~~~~~~~~~~~~~~~~~~
/home/shuai/git/rusty-cpp/.rusty-parity-matrix-nontoml-current/semver/runner.cpp:3406:9: note: in expansion of macro ‘RUSTY_TRY’
 3406 |         RUSTY_TRY(rusty::write_fmt(formatter, std::format(".{0}", rusty::to_string(minor))));
      |         ^~~~~~~~~
/home/shuai/git/rusty-cpp/include/rusty/try.hpp:52:29: note: remove ‘std::move’ call
   52 |             return std::move(_rusty_try_result); \
      |                    ~~~~~~~~~^~~~~~~~~~~~~~~~~~~
/home/shuai/git/rusty-cpp/.rusty-parity-matrix-nontoml-current/semver/runner.cpp:3406:9: note: in expansion of macro ‘RUSTY_TRY’
 3406 |         RUSTY_TRY(rusty::write_fmt(formatter, std::format(".{0}", rusty::to_string(minor))));
      |         ^~~~~~~~~
/home/shuai/git/rusty-cpp/include/rusty/try.hpp:52:29: warning: moving a local object in a return statement prevents copy elision [-Wpessimizing-move]
   52 |             return std::move(_rusty_try_result); \
      |                    ~~~~~~~~~^~~~~~~~~~~~~~~~~~~
/home/shuai/git/rusty-cpp/.rusty-parity-matrix-nontoml-current/semver/runner.cpp:3409:13: note: in expansion of macro ‘RUSTY_TRY’
 3409 |             RUSTY_TRY(rusty::write_fmt(formatter, std::format(".{0}", rusty::to_string(patch))));
      |             ^~~~~~~~~
/home/shuai/git/rusty-cpp/include/rusty/try.hpp:52:29: note: remove ‘std::move’ call
   52 |             return std::move(_rusty_try_result); \
      |                    ~~~~~~~~~^~~~~~~~~~~~~~~~~~~
/home/shuai/git/rusty-cpp/.rusty-parity-matrix-nontoml-current/semver/runner.cpp:3409:13: note: in expansion of macro ‘RUSTY_TRY’
 3409 |             RUSTY_TRY(rusty::write_fmt(formatter, std::format(".{0}", rusty::to_string(patch))));
      |             ^~~~~~~~~
/home/shuai/git/rusty-cpp/include/rusty/try.hpp:52:29: warning: moving a local object in a return statement prevents copy elision [-Wpessimizing-move]
   52 |             return std::move(_rusty_try_result); \
      |                    ~~~~~~~~~^~~~~~~~~~~~~~~~~~~
/home/shuai/git/rusty-cpp/.rusty-parity-matrix-nontoml-current/semver/runner.cpp:3411:17: note: in expansion of macro ‘RUSTY_TRY’
 3411 |                 RUSTY_TRY(rusty::write_fmt(formatter, std::format("-{0}", rusty::to_string(this->pre))));
      |                 ^~~~~~~~~
/home/shuai/git/rusty-cpp/include/rusty/try.hpp:52:29: note: remove ‘std::move’ call
   52 |             return std::move(_rusty_try_result); \
      |                    ~~~~~~~~~^~~~~~~~~~~~~~~~~~~
/home/shuai/git/rusty-cpp/.rusty-parity-matrix-nontoml-current/semver/runner.cpp:3411:17: note: in expansion of macro ‘RUSTY_TRY’
 3411 |                 RUSTY_TRY(rusty::write_fmt(formatter, std::format("-{0}", rusty::to_string(this->pre))));
      |                 ^~~~~~~~~
/home/shuai/git/rusty-cpp/include/rusty/try.hpp:52:29: warning: moving a local object in a return statement prevents copy elision [-Wpessimizing-move]
   52 |             return std::move(_rusty_try_result); \
      |                    ~~~~~~~~~^~~~~~~~~~~~~~~~~~~
/home/shuai/git/rusty-cpp/.rusty-parity-matrix-nontoml-current/semver/runner.cpp:3414:13: note: in expansion of macro ‘RUSTY_TRY’
 3414 |             RUSTY_TRY(formatter.write_str(".*"));
      |             ^~~~~~~~~
/home/shuai/git/rusty-cpp/include/rusty/try.hpp:52:29: note: remove ‘std::move’ call
   52 |             return std::move(_rusty_try_result); \
      |                    ~~~~~~~~~^~~~~~~~~~~~~~~~~~~
/home/shuai/git/rusty-cpp/.rusty-parity-matrix-nontoml-current/semver/runner.cpp:3414:13: note: in expansion of macro ‘RUSTY_TRY’
 3414 |             RUSTY_TRY(formatter.write_str(".*"));
      |             ^~~~~~~~~
/home/shuai/git/rusty-cpp/include/rusty/try.hpp:52:29: warning: moving a local object in a return statement prevents copy elision [-Wpessimizing-move]
   52 |             return std::move(_rusty_try_result); \
      |                    ~~~~~~~~~^~~~~~~~~~~~~~~~~~~
/home/shuai/git/rusty-cpp/.rusty-parity-matrix-nontoml-current/semver/runner.cpp:3417:9: note: in expansion of macro ‘RUSTY_TRY’
 3417 |         RUSTY_TRY(formatter.write_str(".*"));
      |         ^~~~~~~~~
/home/shuai/git/rusty-cpp/include/rusty/try.hpp:52:29: note: remove ‘std::move’ call
   52 |             return std::move(_rusty_try_result); \
      |                    ~~~~~~~~~^~~~~~~~~~~~~~~~~~~
/home/shuai/git/rusty-cpp/.rusty-parity-matrix-nontoml-current/semver/runner.cpp:3417:9: note: in expansion of macro ‘RUSTY_TRY’
 3417 |         RUSTY_TRY(formatter.write_str(".*"));
      |         ^~~~~~~~~
/home/shuai/git/rusty-cpp/.rusty-parity-matrix-nontoml-current/semver/runner.cpp: In static member function ‘static rusty::Result<Comparator, parse::Error> Comparator::from_str(std::string_view)’:
/home/shuai/git/rusty-cpp/.rusty-parity-matrix-nontoml-current/semver/runner.cpp:3427:116: warning: moving a temporary object prevents copy elision [-Wpessimizing-move]
 3427 |     auto [comparator_shadow1, pos, rest] = rusty::detail::deref_if_pointer_like(RUSTY_TRY_INTO(comparator(std::move(rusty::to_string_view(text_shadow1))), rusty::Result<Comparator, Error>));
      |                                                                                                           ~~~~~~~~~^~~~~~~~~~~~~~~~~~~~~~~~~~~~~~~~~~~~~
/home/shuai/git/rusty-cpp/include/rusty/try.hpp:61:35: note: in definition of macro ‘RUSTY_TRY_INTO’
   61 |         auto _rusty_try_result = (expr); \
      |                                   ^~~~
/home/shuai/git/rusty-cpp/.rusty-parity-matrix-nontoml-current/semver/runner.cpp:3427:116: note: remove ‘std::move’ call
 3427 |     auto [comparator_shadow1, pos, rest] = rusty::detail::deref_if_pointer_like(RUSTY_TRY_INTO(comparator(std::move(rusty::to_string_view(text_shadow1))), rusty::Result<Comparator, Error>));
      |                                                                                                           ~~~~~~~~~^~~~~~~~~~~~~~~~~~~~~~~~~~~~~~~~~~~~~
/home/shuai/git/rusty-cpp/include/rusty/try.hpp:61:35: note: in definition of macro ‘RUSTY_TRY_INTO’
   61 |         auto _rusty_try_result = (expr); \
      |                                   ^~~~
/home/shuai/git/rusty-cpp/.rusty-parity-matrix-nontoml-current/semver/runner.cpp: In member function ‘rusty::fmt::Result VersionReq::fmt(rusty::fmt::Formatter&) const’:
/home/shuai/git/rusty-cpp/include/rusty/try.hpp:52:29: warning: moving a local object in a return statement prevents copy elision [-Wpessimizing-move]
   52 |             return std::move(_rusty_try_result); \
      |                    ~~~~~~~~~^~~~~~~~~~~~~~~~~~~
/home/shuai/git/rusty-cpp/.rusty-parity-matrix-nontoml-current/semver/runner.cpp:3493:13: note: in expansion of macro ‘RUSTY_TRY’
 3493 |             RUSTY_TRY(formatter.write_str(", "));
      |             ^~~~~~~~~
/home/shuai/git/rusty-cpp/include/rusty/try.hpp:52:29: note: remove ‘std::move’ call
   52 |             return std::move(_rusty_try_result); \
      |                    ~~~~~~~~~^~~~~~~~~~~~~~~~~~~
/home/shuai/git/rusty-cpp/.rusty-parity-matrix-nontoml-current/semver/runner.cpp:3493:13: note: in expansion of macro ‘RUSTY_TRY’
 3493 |             RUSTY_TRY(formatter.write_str(", "));
      |             ^~~~~~~~~
/home/shuai/git/rusty-cpp/include/rusty/try.hpp:52:29: warning: moving a local object in a return statement prevents copy elision [-Wpessimizing-move]
   52 |             return std::move(_rusty_try_result); \
      |                    ~~~~~~~~~^~~~~~~~~~~~~~~~~~~
/home/shuai/git/rusty-cpp/.rusty-parity-matrix-nontoml-current/semver/runner.cpp:3495:9: note: in expansion of macro ‘RUSTY_TRY’
 3495 |         RUSTY_TRY(rusty::write_fmt(formatter, std::format("{0}", rusty::to_string(comparator))));
      |         ^~~~~~~~~
/home/shuai/git/rusty-cpp/include/rusty/try.hpp:52:29: note: remove ‘std::move’ call
   52 |             return std::move(_rusty_try_result); \
      |                    ~~~~~~~~~^~~~~~~~~~~~~~~~~~~
/home/shuai/git/rusty-cpp/.rusty-parity-matrix-nontoml-current/semver/runner.cpp:3495:9: note: in expansion of macro ‘RUSTY_TRY’
 3495 |         RUSTY_TRY(rusty::write_fmt(formatter, std::format("{0}", rusty::to_string(comparator))));
      |         ^~~~~~~~~
/home/shuai/git/rusty-cpp/.rusty-parity-matrix-nontoml-current/semver/runner.cpp: In static member function ‘static rusty::Result<VersionReq, parse::Error> VersionReq::from_str(std::string_view)’:
/home/shuai/git/rusty-cpp/.rusty-parity-matrix-nontoml-current/semver/runner.cpp:3516:60: warning: moving a temporary object prevents copy elision [-Wpessimizing-move]
 3516 |     if (auto&& _iflet_scrutinee = parse::wildcard(std::move(rusty::to_string_view(text_shadow1))); _iflet_scrutinee.is_some()) {
      |                                                   ~~~~~~~~~^~~~~~~~~~~~~~~~~~~~~~~~~~~~~~~~~~~~~
/home/shuai/git/rusty-cpp/.rusty-parity-matrix-nontoml-current/semver/runner.cpp:3516:60: note: remove ‘std::move’ call
/home/shuai/git/rusty-cpp/.rusty-parity-matrix-nontoml-current/semver/runner.cpp:3531:65: warning: moving a temporary object prevents copy elision [-Wpessimizing-move]
 3531 |     const auto len = RUSTY_TRY_INTO(parse::version_req(std::move(rusty::to_string_view(text_shadow1)), comparators, std::move(depth)), rusty::Result<VersionReq, Error>);
      |                                                        ~~~~~~~~~^~~~~~~~~~~~~~~~~~~~~~~~~~~~~~~~~~~~~
/home/shuai/git/rusty-cpp/include/rusty/try.hpp:61:35: note: in definition of macro ‘RUSTY_TRY_INTO’
   61 |         auto _rusty_try_result = (expr); \
      |                                   ^~~~
/home/shuai/git/rusty-cpp/.rusty-parity-matrix-nontoml-current/semver/runner.cpp:3531:65: note: remove ‘std::move’ call
 3531 |     const auto len = RUSTY_TRY_INTO(parse::version_req(std::move(rusty::to_string_view(text_shadow1)), comparators, std::move(depth)), rusty::Result<VersionReq, Error>);
      |                                                        ~~~~~~~~~^~~~~~~~~~~~~~~~~~~~~~~~~~~~~~~~~~~~~
/home/shuai/git/rusty-cpp/include/rusty/try.hpp:61:35: note: in definition of macro ‘RUSTY_TRY_INTO’
   61 |         auto _rusty_try_result = (expr); \
      |                                   ^~~~
/home/shuai/git/rusty-cpp/.rusty-parity-matrix-nontoml-current/semver/runner.cpp: In lambda function:
/home/shuai/git/rusty-cpp/include/rusty/try.hpp:52:29: warning: moving a local object in a return statement prevents copy elision [-Wpessimizing-move]
   52 |             return std::move(_rusty_try_result); \
      |                    ~~~~~~~~~^~~~~~~~~~~~~~~~~~~
/home/shuai/git/rusty-cpp/.rusty-parity-matrix-nontoml-current/semver/runner.cpp:3745:1: note: in expansion of macro ‘RUSTY_TRY’
 3745 | RUSTY_TRY(rusty::write_fmt(formatter, std::format("{0}.{1}.{2}", this->major, this->minor, this->patch)));
      | ^~~~~~~~~
/home/shuai/git/rusty-cpp/include/rusty/try.hpp:52:29: note: remove ‘std::move’ call
   52 |             return std::move(_rusty_try_result); \
      |                    ~~~~~~~~~^~~~~~~~~~~~~~~~~~~
/home/shuai/git/rusty-cpp/.rusty-parity-matrix-nontoml-current/semver/runner.cpp:3745:1: note: in expansion of macro ‘RUSTY_TRY’
 3745 | RUSTY_TRY(rusty::write_fmt(formatter, std::format("{0}.{1}.{2}", this->major, this->minor, this->patch)));
      | ^~~~~~~~~
/home/shuai/git/rusty-cpp/include/rusty/try.hpp:52:29: warning: moving a local object in a return statement prevents copy elision [-Wpessimizing-move]
   52 |             return std::move(_rusty_try_result); \
      |                    ~~~~~~~~~^~~~~~~~~~~~~~~~~~~
/home/shuai/git/rusty-cpp/.rusty-parity-matrix-nontoml-current/semver/runner.cpp:3747:5: note: in expansion of macro ‘RUSTY_TRY’
 3747 |     RUSTY_TRY(rusty::write_fmt(formatter, std::format("-{0}", rusty::to_string(this->pre))));
      |     ^~~~~~~~~
/home/shuai/git/rusty-cpp/include/rusty/try.hpp:52:29: note: remove ‘std::move’ call
   52 |             return std::move(_rusty_try_result); \
      |                    ~~~~~~~~~^~~~~~~~~~~~~~~~~~~
/home/shuai/git/rusty-cpp/.rusty-parity-matrix-nontoml-current/semver/runner.cpp:3747:5: note: in expansion of macro ‘RUSTY_TRY’
 3747 |     RUSTY_TRY(rusty::write_fmt(formatter, std::format("-{0}", rusty::to_string(this->pre))));
      |     ^~~~~~~~~
/home/shuai/git/rusty-cpp/include/rusty/try.hpp:52:29: warning: moving a local object in a return statement prevents copy elision [-Wpessimizing-move]
   52 |             return std::move(_rusty_try_result); \
      |                    ~~~~~~~~~^~~~~~~~~~~~~~~~~~~
/home/shuai/git/rusty-cpp/.rusty-parity-matrix-nontoml-current/semver/runner.cpp:3750:5: note: in expansion of macro ‘RUSTY_TRY’
 3750 |     RUSTY_TRY(rusty::write_fmt(formatter, std::format("+{0}", rusty::to_string(this->build))));
      |     ^~~~~~~~~
/home/shuai/git/rusty-cpp/include/rusty/try.hpp:52:29: note: remove ‘std::move’ call
   52 |             return std::move(_rusty_try_result); \
      |                    ~~~~~~~~~^~~~~~~~~~~~~~~~~~~
/home/shuai/git/rusty-cpp/.rusty-parity-matrix-nontoml-current/semver/runner.cpp:3750:5: note: in expansion of macro ‘RUSTY_TRY’
 3750 |     RUSTY_TRY(rusty::write_fmt(formatter, std::format("+{0}", rusty::to_string(this->build))));
      |     ^~~~~~~~~
/home/shuai/git/rusty-cpp/.rusty-parity-matrix-nontoml-current/semver/runner.cpp: In static member function ‘static rusty::Result<Version, parse::Error> Version::from_str(std::string_view)’:
/home/shuai/git/rusty-cpp/.rusty-parity-matrix-nontoml-current/semver/runner.cpp:3768:121: warning: moving a temporary object prevents copy elision [-Wpessimizing-move]
 3768 |     auto [major, text_shadow1] = rusty::detail::deref_if_pointer_like(RUSTY_TRY_INTO(parse::numeric_identifier(std::move(rusty::to_string_view(text)), std::move(pos)), rusty::Result<Version, Error>));
      |                                                                                                                ~~~~~~~~~^~~~~~~~~~~~~~~~~~~~~~~~~~~~~
/home/shuai/git/rusty-cpp/include/rusty/try.hpp:61:35: note: in definition of macro ‘RUSTY_TRY_INTO’
   61 |         auto _rusty_try_result = (expr); \
      |                                   ^~~~
/home/shuai/git/rusty-cpp/.rusty-parity-matrix-nontoml-current/semver/runner.cpp:3768:121: note: remove ‘std::move’ call
 3768 |     auto [major, text_shadow1] = rusty::detail::deref_if_pointer_like(RUSTY_TRY_INTO(parse::numeric_identifier(std::move(rusty::to_string_view(text)), std::move(pos)), rusty::Result<Version, Error>));
      |                                                                                                                ~~~~~~~~~^~~~~~~~~~~~~~~~~~~~~~~~~~~~~
/home/shuai/git/rusty-cpp/include/rusty/try.hpp:61:35: note: in definition of macro ‘RUSTY_TRY_INTO’
   61 |         auto _rusty_try_result = (expr); \
      |                                   ^~~~
/home/shuai/git/rusty-cpp/.rusty-parity-matrix-nontoml-current/semver/runner.cpp:3769:60: warning: moving a temporary object prevents copy elision [-Wpessimizing-move]
 3769 |     auto text_shadow2 = RUSTY_TRY_INTO(parse::dot(std::move(rusty::to_string_view(text_shadow1)), std::move(pos)), rusty::Result<Version, Error>);
      |                                                   ~~~~~~~~~^~~~~~~~~~~~~~~~~~~~~~~~~~~~~~~~~~~~~
/home/shuai/git/rusty-cpp/include/rusty/try.hpp:61:35: note: in definition of macro ‘RUSTY_TRY_INTO’
   61 |         auto _rusty_try_result = (expr); \
      |                                   ^~~~
/home/shuai/git/rusty-cpp/.rusty-parity-matrix-nontoml-current/semver/runner.cpp:3769:60: note: remove ‘std::move’ call
 3769 |     auto text_shadow2 = RUSTY_TRY_INTO(parse::dot(std::move(rusty::to_string_view(text_shadow1)), std::move(pos)), rusty::Result<Version, Error>);
      |                                                   ~~~~~~~~~^~~~~~~~~~~~~~~~~~~~~~~~~~~~~~~~~~~~~
/home/shuai/git/rusty-cpp/include/rusty/try.hpp:61:35: note: in definition of macro ‘RUSTY_TRY_INTO’
   61 |         auto _rusty_try_result = (expr); \
      |                                   ^~~~
/home/shuai/git/rusty-cpp/.rusty-parity-matrix-nontoml-current/semver/runner.cpp:3771:121: warning: moving a temporary object prevents copy elision [-Wpessimizing-move]
 3771 |     auto [minor, text_shadow3] = rusty::detail::deref_if_pointer_like(RUSTY_TRY_INTO(parse::numeric_identifier(std::move(rusty::to_string_view(text_shadow2)), std::move(pos)), rusty::Result<Version, Error>));
      |                                                                                                                ~~~~~~~~~^~~~~~~~~~~~~~~~~~~~~~~~~~~~~~~~~~~~~
/home/shuai/git/rusty-cpp/include/rusty/try.hpp:61:35: note: in definition of macro ‘RUSTY_TRY_INTO’
   61 |         auto _rusty_try_result = (expr); \
      |                                   ^~~~
/home/shuai/git/rusty-cpp/.rusty-parity-matrix-nontoml-current/semver/runner.cpp:3771:121: note: remove ‘std::move’ call
 3771 |     auto [minor, text_shadow3] = rusty::detail::deref_if_pointer_like(RUSTY_TRY_INTO(parse::numeric_identifier(std::move(rusty::to_string_view(text_shadow2)), std::move(pos)), rusty::Result<Version, Error>));
      |                                                                                                                ~~~~~~~~~^~~~~~~~~~~~~~~~~~~~~~~~~~~~~~~~~~~~~
/home/shuai/git/rusty-cpp/include/rusty/try.hpp:61:35: note: in definition of macro ‘RUSTY_TRY_INTO’
   61 |         auto _rusty_try_result = (expr); \
      |                                   ^~~~
/home/shuai/git/rusty-cpp/.rusty-parity-matrix-nontoml-current/semver/runner.cpp:3772:60: warning: moving a temporary object prevents copy elision [-Wpessimizing-move]
 3772 |     auto text_shadow4 = RUSTY_TRY_INTO(parse::dot(std::move(rusty::to_string_view(text_shadow3)), std::move(pos)), rusty::Result<Version, Error>);
      |                                                   ~~~~~~~~~^~~~~~~~~~~~~~~~~~~~~~~~~~~~~~~~~~~~~
/home/shuai/git/rusty-cpp/include/rusty/try.hpp:61:35: note: in definition of macro ‘RUSTY_TRY_INTO’
   61 |         auto _rusty_try_result = (expr); \
      |                                   ^~~~
/home/shuai/git/rusty-cpp/.rusty-parity-matrix-nontoml-current/semver/runner.cpp:3772:60: note: remove ‘std::move’ call
 3772 |     auto text_shadow4 = RUSTY_TRY_INTO(parse::dot(std::move(rusty::to_string_view(text_shadow3)), std::move(pos)), rusty::Result<Version, Error>);
      |                                                   ~~~~~~~~~^~~~~~~~~~~~~~~~~~~~~~~~~~~~~~~~~~~~~
/home/shuai/git/rusty-cpp/include/rusty/try.hpp:61:35: note: in definition of macro ‘RUSTY_TRY_INTO’
   61 |         auto _rusty_try_result = (expr); \
      |                                   ^~~~
/home/shuai/git/rusty-cpp/.rusty-parity-matrix-nontoml-current/semver/runner.cpp:3774:121: warning: moving a temporary object prevents copy elision [-Wpessimizing-move]
 3774 |     auto [patch, text_shadow5] = rusty::detail::deref_if_pointer_like(RUSTY_TRY_INTO(parse::numeric_identifier(std::move(rusty::to_string_view(text_shadow4)), std::move(pos)), rusty::Result<Version, Error>));
      |                                                                                                                ~~~~~~~~~^~~~~~~~~~~~~~~~~~~~~~~~~~~~~~~~~~~~~
/home/shuai/git/rusty-cpp/include/rusty/try.hpp:61:35: note: in definition of macro ‘RUSTY_TRY_INTO’
   61 |         auto _rusty_try_result = (expr); \
      |                                   ^~~~
/home/shuai/git/rusty-cpp/.rusty-parity-matrix-nontoml-current/semver/runner.cpp:3774:121: note: remove ‘std::move’ call
 3774 |     auto [patch, text_shadow5] = rusty::detail::deref_if_pointer_like(RUSTY_TRY_INTO(parse::numeric_identifier(std::move(rusty::to_string_view(text_shadow4)), std::move(pos)), rusty::Result<Version, Error>));
      |                                                                                                                ~~~~~~~~~^~~~~~~~~~~~~~~~~~~~~~~~~~~~~~~~~~~~~
/home/shuai/git/rusty-cpp/include/rusty/try.hpp:61:35: note: in definition of macro ‘RUSTY_TRY_INTO’
   61 |         auto _rusty_try_result = (expr); \
      |                                   ^~~~
/home/shuai/git/rusty-cpp/.rusty-parity-matrix-nontoml-current/semver/runner.cpp:3784:130: warning: moving a temporary object prevents copy elision [-Wpessimizing-move]
 3784 |             auto [pre, text_shadow2] = rusty::detail::deref_if_pointer_like(RUSTY_TRY_INTO(parse::prerelease_identifier(std::move(rusty::to_string_view(text_shadow1))), rusty::Result<Version, Error>));
      |                                                                                                                         ~~~~~~~~~^~~~~~~~~~~~~~~~~~~~~~~~~~~~~~~~~~~~~
/home/shuai/git/rusty-cpp/include/rusty/try.hpp:61:35: note: in definition of macro ‘RUSTY_TRY_INTO’
   61 |         auto _rusty_try_result = (expr); \
      |                                   ^~~~
/home/shuai/git/rusty-cpp/.rusty-parity-matrix-nontoml-current/semver/runner.cpp:3784:130: note: remove ‘std::move’ call
 3784 |             auto [pre, text_shadow2] = rusty::detail::deref_if_pointer_like(RUSTY_TRY_INTO(parse::prerelease_identifier(std::move(rusty::to_string_view(text_shadow1))), rusty::Result<Version, Error>));
      |                                                                                                                         ~~~~~~~~~^~~~~~~~~~~~~~~~~~~~~~~~~~~~~~~~~~~~~
/home/shuai/git/rusty-cpp/include/rusty/try.hpp:61:35: note: in definition of macro ‘RUSTY_TRY_INTO’
   61 |         auto _rusty_try_result = (expr); \
      |                                   ^~~~
/home/shuai/git/rusty-cpp/.rusty-parity-matrix-nontoml-current/semver/runner.cpp:3798:127: warning: moving a temporary object prevents copy elision [-Wpessimizing-move]
 3798 |             auto [build, text_shadow2] = rusty::detail::deref_if_pointer_like(RUSTY_TRY_INTO(parse::build_identifier(std::move(rusty::to_string_view(text_shadow1))), rusty::Result<Version, Error>));
      |                                                                                                                      ~~~~~~~~~^~~~~~~~~~~~~~~~~~~~~~~~~~~~~~~~~~~~~
/home/shuai/git/rusty-cpp/include/rusty/try.hpp:61:35: note: in definition of macro ‘RUSTY_TRY_INTO’
   61 |         auto _rusty_try_result = (expr); \
      |                                   ^~~~
/home/shuai/git/rusty-cpp/.rusty-parity-matrix-nontoml-current/semver/runner.cpp:3798:127: note: remove ‘std::move’ call
 3798 |             auto [build, text_shadow2] = rusty::detail::deref_if_pointer_like(RUSTY_TRY_INTO(parse::build_identifier(std::move(rusty::to_string_view(text_shadow1))), rusty::Result<Version, Error>));
      |                                                                                                                      ~~~~~~~~~^~~~~~~~~~~~~~~~~~~~~~~~~~~~~~~~~~~~~
/home/shuai/git/rusty-cpp/include/rusty/try.hpp:61:35: note: in definition of macro ‘RUSTY_TRY_INTO’
   61 |         auto _rusty_try_result = (expr); \
      |                                   ^~~~
/home/shuai/git/rusty-cpp/.rusty-parity-matrix-nontoml-current/semver/runner.cpp: In function ‘void test_new()’:
/home/shuai/git/rusty-cpp/.rusty-parity-matrix-nontoml-current/semver/runner.cpp:4120:40: warning: moving a temporary object prevents copy elision [-Wpessimizing-move]
 4120 |         test(util::prerelease(std::move(rusty::to_string_view(string))), std::move(rusty::to_string_view(string)));
      |                               ~~~~~~~~~^~~~~~~~~~~~~~~~~~~~~~~~~~~~~~~
/home/shuai/git/rusty-cpp/.rusty-parity-matrix-nontoml-current/semver/runner.cpp:4120:40: note: remove ‘std::move’ call
/home/shuai/git/rusty-cpp/.rusty-parity-matrix-nontoml-current/semver/runner.cpp:4120:83: warning: moving a temporary object prevents copy elision [-Wpessimizing-move]
 4120 |         test(util::prerelease(std::move(rusty::to_string_view(string))), std::move(rusty::to_string_view(string)));
      |                                                                          ~~~~~~~~~^~~~~~~~~~~~~~~~~~~~~~~~~~~~~~~
/home/shuai/git/rusty-cpp/.rusty-parity-matrix-nontoml-current/semver/runner.cpp:4120:83: note: remove ‘std::move’ call
/home/shuai/git/rusty-cpp/.rusty-parity-matrix-nontoml-current/semver/runner.cpp: In function ‘void test_spec_order()’:
/home/shuai/git/rusty-cpp/.rusty-parity-matrix-nontoml-current/semver/runner.cpp:4710:14: warning: comparison of integer expressions of different signedness: ‘int’ and ‘size_t’ {aka ‘long unsigned int’} [-Wsign-compare]
 4710 |     while (i < rusty::len(vs)) {
      |            ~~^~~~~~~~~~~~~~~~
/home/shuai/git/rusty-cpp/.rusty-parity-matrix-nontoml-current/semver/runner.cpp: In instantiation of ‘rusty::fmt::Result display::pad(rusty::fmt::Formatter&, const auto:53&, const auto:54&) [with auto:53 = Version::fmt(rusty::fmt::Formatter&) const::<lambda(rusty::fmt::Formatter&)>; auto:54 = Version::fmt(rusty::fmt::Formatter&) const::<lambda()>; rusty::fmt::Result = rusty::Result<std::tuple<>, rusty::fmt::Error>]’:
/home/shuai/git/rusty-cpp/.rusty-parity-matrix-nontoml-current/semver/runner.cpp:3757:24:   required from here
 3757 |     return display::pad(formatter, std::move(do_display), std::move(do_len));
      |            ~~~~~~~~~~~~^~~~~~~~~~~~~~~~~~~~~~~~~~~~~~~~~~~~~~~~~~~~~~~~~~~~~
/home/shuai/git/rusty-cpp/include/rusty/try.hpp:52:47: warning: moving a local object in a return statement prevents copy elision [-Wpessimizing-move]
   52 |             return std::move(_rusty_try_result); \
      |                                               ^
/home/shuai/git/rusty-cpp/.rusty-parity-matrix-nontoml-current/semver/runner.cpp:1814:13: note: in expansion of macro ‘RUSTY_TRY’
 1814 |             RUSTY_TRY(formatter.write_char(std::move(fill)));
      |             ^~~~~~~~~
/home/shuai/git/rusty-cpp/include/rusty/try.hpp:52:47: note: remove ‘std::move’ call
   52 |             return std::move(_rusty_try_result); \
      |                                               ^
/home/shuai/git/rusty-cpp/.rusty-parity-matrix-nontoml-current/semver/runner.cpp:1814:13: note: in expansion of macro ‘RUSTY_TRY’
 1814 |             RUSTY_TRY(formatter.write_char(std::move(fill)));
      |             ^~~~~~~~~
/home/shuai/git/rusty-cpp/include/rusty/try.hpp:52:47: warning: moving a local object in a return statement prevents copy elision [-Wpessimizing-move]
   52 |             return std::move(_rusty_try_result); \
      |                                               ^
/home/shuai/git/rusty-cpp/.rusty-parity-matrix-nontoml-current/semver/runner.cpp:1818:13: note: in expansion of macro ‘RUSTY_TRY’
 1818 |             RUSTY_TRY(formatter.write_char(std::move(fill)));
      |             ^~~~~~~~~
/home/shuai/git/rusty-cpp/include/rusty/try.hpp:52:47: note: remove ‘std::move’ call
   52 |             return std::move(_rusty_try_result); \
      |                                               ^
/home/shuai/git/rusty-cpp/.rusty-parity-matrix-nontoml-current/semver/runner.cpp:1818:13: note: in expansion of macro ‘RUSTY_TRY’
 1818 |             RUSTY_TRY(formatter.write_char(std::move(fill)));
      |             ^~~~~~~~~
/home/shuai/git/rusty-cpp/.rusty-parity-matrix-nontoml-current/semver/runner.cpp: In lambda function:
/home/shuai/git/rusty-cpp/.rusty-parity-matrix-nontoml-current/semver/runner.cpp:2449:54: warning: control reaches end of non-void function [-Wreturn-type]
 2449 | if (_m == Op::Caret) return matches_caret(cmp, ver); }();
      |                                                      ^
/home/shuai/git/rusty-cpp/.rusty-parity-matrix-nontoml-current/semver/runner.cpp: In lambda function:
/home/shuai/git/rusty-cpp/.rusty-parity-matrix-nontoml-current/semver/runner.cpp:3090:8: warning: control reaches end of non-void function [-Wreturn-type]
 3090 | } }(); }();
      |        ^
/home/shuai/git/rusty-cpp/.rusty-parity-matrix-nontoml-current/semver/runner.cpp: In lambda function:
/home/shuai/git/rusty-cpp/.rusty-parity-matrix-nontoml-current/semver/runner.cpp:1887:53: warning: control reaches end of non-void function [-Wreturn-type]
 1887 | if (_m == Position::Build) return "build metadata"; }());
      |                                                     ^
/home/shuai/git/rusty-cpp/.rusty-parity-matrix-nontoml-current/semver/runner.cpp: In lambda function:
/home/shuai/git/rusty-cpp/.rusty-parity-matrix-nontoml-current/semver/runner.cpp:3401:54: warning: control reaches end of non-void function [-Wreturn-type]
 3401 | if (_m == Op::Wildcard) return std::string_view(""); }();
      |                                                      ^
/home/shuai/git/rusty-cpp/.rusty-parity-matrix-nontoml-current/semver/runner.cpp: In lambda function:
/home/shuai/git/rusty-cpp/.rusty-parity-matrix-nontoml-current/semver/runner.cpp:1809:73: warning: control reaches end of non-void function [-Wreturn-type]
 1809 |         auto [pre_pad, post_pad] = rusty::detail::deref_if_pointer_like([&]() { auto&& _m = align; if (_m == Alignment::Left) return std::make_tuple(static_cast<std::remove_cvref_t<decltype((padding / 2))>>(0), std::move(padding));
      |                                                                         ^~~~~~~~~~~~~~~~~~~~~~~~~~~~~~~~~~~~~~~~~~~~~~~~~~~~~~~~~~~~~~~~~~~~~~~~~~~~~~~~~~~~~~~~~~~~~~~~~~~~~~~~~~~~~~~~~~~~~~~~~~~~~~~~~~~~~~~~~~~~~~~~~~~~~~~~~~~~~~~
 1810 | if (_m == Alignment::Right) return std::make_tuple(std::move(padding), static_cast<std::remove_cvref_t<decltype((((padding + 1)) / 2))>>(0));
      | ~~~~~~~~~~~~~~~~~~~~~~~~~~~~~~~~~~~~~~~~~~~~~~~~~~~~~~~~~~~~~~~~~~~~~~~~~~~~~~~~~~~~~~~~~~~~~~~~~~~~~~~~~~~~~~~~~~~~~~~~~~~~~~~~~~~~~~~~~~~~~
 1811 | if (_m == Alignment::Center) return std::make_tuple(padding / 2, ((padding + 1)) / 2); }());
      | ~~~~~~~~~~~~~~~~~~~~~~~~~~~~~~~~~~~~~~~~~~~~~~~~~~~~~~~~~~~~~~~~~~~~~~~~~~~~~~~~~~~~~~~~
